#
# There is insufficient memory for the Java Runtime Environment to continue.
# Native memory allocation (mmap) failed to map 100663296 bytes for G1 virtual space
# Possible reasons:
#   The system is out of physical RAM or swap space
#   The process is running with CompressedOops enabled, and the Java Heap may be blocking the growth of the native heap
# Possible solutions:
#   Reduce memory load on the system
#   Increase physical memory or swap space
#   Check if swap backing store is full
#   Decrease Java heap size (-Xmx/-Xms)
#   Decrease number of Java threads
#   Decrease Java thread stack sizes (-Xss)
#   Set larger code cache with -XX:ReservedCodeCacheSize=
#   JVM is running with Zero Based Compressed Oops mode in which the Java heap is
#     placed in the first 32GB address space. The Java Heap base address is the
#     maximum limit for the native heap growth. Please use -XX:HeapBaseMinAddress
#     to set the Java Heap base and to place the Java Heap above 32GB virtual address.
# This output file may be truncated or incomplete.
#
#  Out of Memory Error (os_windows.cpp:3600), pid=28616, tid=12856
#
# JRE version: Java(TM) SE Runtime Environment (21.0.5+9) (build 21.0.5+9-LTS-239)
# Java VM: Java HotSpot(TM) 64-Bit Server VM (21.0.5+9-LTS-239, mixed mode, emulated-client, sharing, tiered, compressed oops, compressed class ptrs, g1 gc, windows-amd64)
# No core dump will be written. Minidumps are not enabled by default on client versions of Windows
#

---------------  S U M M A R Y ------------

Command Line: -XX:TieredStopAtLevel=1 -Dspring.output.ansi.enabled=always -Dcom.sun.management.jmxremote -Dspring.jmx.enabled=true -Dspring.liveBeansView.mbeanDomain -Dspring.application.admin.enabled=true -Dmanagement.endpoints.jmx.exposure.include=* -javaagent:F:\IntelliJ IDEA 2023.2.4\lib\idea_rt.jar=55197:F:\IntelliJ IDEA 2023.2.4\bin -Dfile.encoding=UTF-8 -Dsun.stdout.encoding=UTF-8 -Dsun.stderr.encoding=UTF-8 com.tyc.xiaohongshu.user.relation.biz.XiaohashuUserRelationBizApplication

Host: 11th Gen Intel(R) Core(TM) i7-11800H @ 2.30GHz, 16 cores, 15G,  Windows 11 , 64 bit Build 26100 (10.0.26100.3037)
Time: Tue Feb 25 21:38:39 2025  Windows 11 , 64 bit Build 26100 (10.0.26100.3037) elapsed time: 3.394188 seconds (0d 0h 0m 3s)

---------------  T H R E A D  ---------------

Current thread (0x000001faeb651dd0):  VMThread "VM Thread"          [id=12856, stack(0x0000007c44000000,0x0000007c44100000) (1024K)]

Stack: [0x0000007c44000000,0x0000007c44100000]
Native frames: (J=compiled Java code, j=interpreted, Vv=VM code, C=native code)
V  [jvm.dll+0x6ca289]
V  [jvm.dll+0x854a51]
V  [jvm.dll+0x856f7e]
V  [jvm.dll+0x857653]
V  [jvm.dll+0x27dd26]
V  [jvm.dll+0x6c6a25]
V  [jvm.dll+0x6bb5aa]
V  [jvm.dll+0x35359a]
V  [jvm.dll+0x35b1f6]
V  [jvm.dll+0x3adade]
V  [jvm.dll+0x3add88]
V  [jvm.dll+0x3278fc]
V  [jvm.dll+0x327987]
V  [jvm.dll+0x36c26c]
V  [jvm.dll+0x36aabe]
V  [jvm.dll+0x3270c1]
V  [jvm.dll+0x36a1da]
V  [jvm.dll+0x85d420]
V  [jvm.dll+0x85e7a4]
V  [jvm.dll+0x85ece0]
V  [jvm.dll+0x85ef83]
V  [jvm.dll+0x7fee9b]
V  [jvm.dll+0x6c896d]
C  [ucrtbase.dll+0x37b0]
C  [KERNEL32.DLL+0x2e8d7]
C  [ntdll.dll+0xbbf2c]

VM_Operation (0x0000007c439fd180): G1CollectForAllocation, mode: safepoint, requested by thread 0x000001fad660b180


---------------  P R O C E S S  ---------------

Threads class SMR info:
_java_thread_list=0x000001faf263eaa0, length=41, elements={
0x000001fad660b180, 0x000001faeb667680, 0x000001faeb6682c0, 0x000001faec2c9980,
0x000001faec2ca870, 0x000001faec2ce3d0, 0x000001faec2d0f20, 0x000001faec2d1b90,
0x000001faeb643e30, 0x000001faec458c50, 0x000001faeca28eb0, 0x000001faeca31560,
0x000001faecbaa4d0, 0x000001faecbb2ac0, 0x000001faecd87440, 0x000001faf18ae4e0,
0x000001faf18d4680, 0x000001faf1d78580, 0x000001faf1d79fc0, 0x000001faf1d78c10,
0x000001faf1d792a0, 0x000001faf1d79930, 0x000001faf1d7ba00, 0x000001faf1d7b370,
0x000001faf1d7a650, 0x000001faf238a6a0, 0x000001faf2387f40, 0x000001faf23885d0,
0x000001faf2388c60, 0x000001faf23892f0, 0x000001faf23878b0, 0x000001faf2387220,
0x000001faf2389980, 0x000001faf25595f0, 0x000001faf2559c80, 0x000001faf2557bb0,
0x000001faf2558f60, 0x000001faf255a9a0, 0x000001faf2558240, 0x000001faf255a310,
0x000001faf2557520
}

Java Threads: ( => current thread )
  0x000001fad660b180 JavaThread "main"                              [_thread_blocked, id=13848, stack(0x0000007c43900000,0x0000007c43a00000) (1024K)]
  0x000001faeb667680 JavaThread "Reference Handler"          daemon [_thread_blocked, id=28480, stack(0x0000007c44100000,0x0000007c44200000) (1024K)]
  0x000001faeb6682c0 JavaThread "Finalizer"                  daemon [_thread_blocked, id=23036, stack(0x0000007c44200000,0x0000007c44300000) (1024K)]
  0x000001faec2c9980 JavaThread "Signal Dispatcher"          daemon [_thread_blocked, id=15500, stack(0x0000007c44300000,0x0000007c44400000) (1024K)]
  0x000001faec2ca870 JavaThread "Attach Listener"            daemon [_thread_blocked, id=22480, stack(0x0000007c44400000,0x0000007c44500000) (1024K)]
  0x000001faec2ce3d0 JavaThread "Service Thread"             daemon [_thread_blocked, id=25732, stack(0x0000007c44500000,0x0000007c44600000) (1024K)]
  0x000001faec2d0f20 JavaThread "Monitor Deflation Thread"   daemon [_thread_blocked, id=14640, stack(0x0000007c44600000,0x0000007c44700000) (1024K)]
  0x000001faec2d1b90 JavaThread "C1 CompilerThread0"         daemon [_thread_blocked, id=3308, stack(0x0000007c44700000,0x0000007c44800000) (1024K)]
  0x000001faeb643e30 JavaThread "C1 CompilerThread1"         daemon [_thread_blocked, id=3260, stack(0x0000007c44800000,0x0000007c44900000) (1024K)]
  0x000001faec458c50 JavaThread "Common-Cleaner"             daemon [_thread_blocked, id=26584, stack(0x0000007c44900000,0x0000007c44a00000) (1024K)]
  0x000001faeca28eb0 JavaThread "C1 CompilerThread2"         daemon [_thread_blocked, id=27464, stack(0x0000007c44a00000,0x0000007c44b00000) (1024K)]
  0x000001faeca31560 JavaThread "C1 CompilerThread3"         daemon [_thread_blocked, id=10484, stack(0x0000007c44b00000,0x0000007c44c00000) (1024K)]
  0x000001faecbaa4d0 JavaThread "Monitor Ctrl-Break"         daemon [_thread_in_native, id=18652, stack(0x0000007c44c00000,0x0000007c44d00000) (1024K)]
  0x000001faecbb2ac0 JavaThread "Notification Thread"        daemon [_thread_blocked, id=21344, stack(0x0000007c44d00000,0x0000007c44e00000) (1024K)]
  0x000001faecd87440 JavaThread "RMI TCP Accept-0"           daemon [_thread_in_native, id=25140, stack(0x0000007c44e00000,0x0000007c44f00000) (1024K)]
  0x000001faf18ae4e0 JavaThread "RMI TCP Connection(1)-10.131.12.242" daemon [_thread_in_native, id=24248, stack(0x0000007c45800000,0x0000007c45900000) (1024K)]
  0x000001faf18d4680 JavaThread "RMI Scheduler(0)"           daemon [_thread_blocked, id=6744, stack(0x0000007c45a00000,0x0000007c45b00000) (1024K)]
  0x000001faf1d78580 JavaThread "com.alibaba.nacos.client.auth.ram.identify.watcher.0" daemon [_thread_blocked, id=25380, stack(0x0000007c45900000,0x0000007c45a00000) (1024K)]
  0x000001faf1d79fc0 JavaThread "com.alibaba.nacos.client.Worker" daemon [_thread_blocked, id=11812, stack(0x0000007c46100000,0x0000007c46200000) (1024K)]
  0x000001faf1d78c10 JavaThread "com.alibaba.nacos.client.Worker" daemon [_thread_blocked, id=25592, stack(0x0000007c46200000,0x0000007c46300000) (1024K)]
  0x000001faf1d792a0 JavaThread "com.alibaba.nacos.client.Worker" daemon [_thread_blocked, id=22564, stack(0x0000007c46300000,0x0000007c46400000) (1024K)]
  0x000001faf1d79930 JavaThread "nacos.publisher-com.alibaba.nacos.common.notify.SlowEvent" daemon [_thread_blocked, id=25092, stack(0x0000007c46400000,0x0000007c46500000) (1024K)]
  0x000001faf1d7ba00 JavaThread "com.alibaba.nacos.client.remote.worker" daemon [_thread_blocked, id=19124, stack(0x0000007c46500000,0x0000007c46600000) (1024K)]
  0x000001faf1d7b370 JavaThread "com.alibaba.nacos.client.remote.worker" daemon [_thread_blocked, id=5068, stack(0x0000007c46600000,0x0000007c46700000) (1024K)]
  0x000001faf1d7a650 JavaThread "grpc-nio-worker-ELG-1-1"    daemon [_thread_in_native, id=24592, stack(0x0000007c46700000,0x0000007c46800000) (1024K)]
  0x000001faf238a6a0 JavaThread "grpc-default-executor-0"    daemon [_thread_blocked, id=9408, stack(0x0000007c46800000,0x0000007c46900000) (1024K)]
  0x000001faf2387f40 JavaThread "nacos-grpc-client-executor-127.0.0.1-0" daemon [_thread_blocked, id=11588, stack(0x0000007c46900000,0x0000007c46a00000) (1024K)]
  0x000001faf23885d0 JavaThread "nacos-grpc-client-executor-127.0.0.1-1" daemon [_thread_blocked, id=23460, stack(0x0000007c46a00000,0x0000007c46b00000) (1024K)]
  0x000001faf2388c60 JavaThread "grpc-nio-worker-ELG-1-2"    daemon [_thread_in_native, id=20452, stack(0x0000007c46b00000,0x0000007c46c00000) (1024K)]
  0x000001faf23892f0 JavaThread "nacos-grpc-client-executor-127.0.0.1-2" daemon [_thread_blocked, id=20132, stack(0x0000007c46d00000,0x0000007c46e00000) (1024K)]
  0x000001faf23878b0 JavaThread "nacos-grpc-client-executor-127.0.0.1-3" daemon [_thread_blocked, id=29884, stack(0x0000007c46e00000,0x0000007c46f00000) (1024K)]
  0x000001faf2387220 JavaThread "nacos-grpc-client-executor-127.0.0.1-4" daemon [_thread_blocked, id=23536, stack(0x0000007c46f00000,0x0000007c47000000) (1024K)]
  0x000001faf2389980 JavaThread "nacos-grpc-client-executor-127.0.0.1-5" daemon [_thread_blocked, id=25272, stack(0x0000007c47000000,0x0000007c47100000) (1024K)]
  0x000001faf25595f0 JavaThread "nacos-grpc-client-executor-127.0.0.1-6" daemon [_thread_blocked, id=23668, stack(0x0000007c47100000,0x0000007c47200000) (1024K)]
  0x000001faf2559c80 JavaThread "nacos-grpc-client-executor-127.0.0.1-7" daemon [_thread_blocked, id=12712, stack(0x0000007c47200000,0x0000007c47300000) (1024K)]
  0x000001faf2557bb0 JavaThread "nacos-grpc-client-executor-127.0.0.1-8" daemon [_thread_blocked, id=17480, stack(0x0000007c47300000,0x0000007c47400000) (1024K)]
  0x000001faf2558f60 JavaThread "nacos-grpc-client-executor-127.0.0.1-9" daemon [_thread_blocked, id=11648, stack(0x0000007c47400000,0x0000007c47500000) (1024K)]
  0x000001faf255a9a0 JavaThread "nacos-grpc-client-executor-127.0.0.1-10" daemon [_thread_blocked, id=25652, stack(0x0000007c47500000,0x0000007c47600000) (1024K)]
  0x000001faf2558240 JavaThread "nacos-grpc-client-executor-127.0.0.1-11" daemon [_thread_blocked, id=7128, stack(0x0000007c47600000,0x0000007c47700000) (1024K)]
  0x000001faf255a310 JavaThread "nacos-grpc-client-executor-127.0.0.1-12" daemon [_thread_blocked, id=23936, stack(0x0000007c47700000,0x0000007c47800000) (1024K)]
  0x000001faf2557520 JavaThread "AsyncAppender-Worker-ASYNC_FILE" daemon [_thread_blocked, id=22496, stack(0x0000007c45700000,0x0000007c45800000) (1024K)]
Total: 41

Other Threads:
=>0x000001faeb651dd0 VMThread "VM Thread"                           [id=12856, stack(0x0000007c44000000,0x0000007c44100000) (1024K)]
  0x000001faeb642ba0 WatcherThread "VM Periodic Task Thread"        [id=30012, stack(0x0000007c43f00000,0x0000007c44000000) (1024K)]
  0x000001fad812f6d0 WorkerThread "GC Thread#0"                     [id=18084, stack(0x0000007c43a00000,0x0000007c43b00000) (1024K)]
  0x000001faecdc1bf0 WorkerThread "GC Thread#1"                     [id=17520, stack(0x0000007c44f00000,0x0000007c45000000) (1024K)]
  0x000001faecde22d0 WorkerThread "GC Thread#2"                     [id=12316, stack(0x0000007c45000000,0x0000007c45100000) (1024K)]
  0x000001faecde2a80 WorkerThread "GC Thread#3"                     [id=4620, stack(0x0000007c45100000,0x0000007c45200000) (1024K)]
  0x000001faecde3230 WorkerThread "GC Thread#4"                     [id=10552, stack(0x0000007c45200000,0x0000007c45300000) (1024K)]
  0x000001faecde6270 WorkerThread "GC Thread#5"                     [id=21280, stack(0x0000007c45300000,0x0000007c45400000) (1024K)]
  0x000001faf16e6240 WorkerThread "GC Thread#6"                     [id=6580, stack(0x0000007c45400000,0x0000007c45500000) (1024K)]
  0x000001faf16e65e0 WorkerThread "GC Thread#7"                     [id=700, stack(0x0000007c45500000,0x0000007c45600000) (1024K)]
  0x000001faf16e7190 WorkerThread "GC Thread#8"                     [id=29832, stack(0x0000007c45600000,0x0000007c45700000) (1024K)]
  0x000001faf17ad6a0 WorkerThread "GC Thread#9"                     [id=21856, stack(0x0000007c45b00000,0x0000007c45c00000) (1024K)]
  0x000001faf17ada40 WorkerThread "GC Thread#10"                    [id=26440, stack(0x0000007c45c00000,0x0000007c45d00000) (1024K)]
  0x000001faf17ac480 WorkerThread "GC Thread#11"                    [id=28232, stack(0x0000007c45d00000,0x0000007c45e00000) (1024K)]
  0x000001faf17ac820 WorkerThread "GC Thread#12"                    [id=20860, stack(0x0000007c45e00000,0x0000007c45f00000) (1024K)]
  0x000001fad8141f90 ConcurrentGCThread "G1 Main Marker"            [id=26608, stack(0x0000007c43b00000,0x0000007c43c00000) (1024K)]
  0x000001fad8142a90 WorkerThread "G1 Conc#0"                       [id=26520, stack(0x0000007c43c00000,0x0000007c43d00000) (1024K)]
  0x000001faf17acbc0 WorkerThread "G1 Conc#1"                       [id=27484, stack(0x0000007c45f00000,0x0000007c46000000) (1024K)]
  0x000001faf1cdbc80 WorkerThread "G1 Conc#2"                       [id=28776, stack(0x0000007c46000000,0x0000007c46100000) (1024K)]
  0x000001fad816e000 ConcurrentGCThread "G1 Refine#0"               [id=16536, stack(0x0000007c43d00000,0x0000007c43e00000) (1024K)]
  0x000001fad816ea10 ConcurrentGCThread "G1 Service"                [id=28184, stack(0x0000007c43e00000,0x0000007c43f00000) (1024K)]
Total: 21

Threads with active compile tasks:
C1 CompilerThread2     3419 4151       1       org.springframework.boot.autoconfigure.AutoConfigurationMetadataLoader$PropertiesAutoConfigurationMetadata::get (8 bytes)
Total: 1

VM state: at safepoint (normal execution)

VM Mutex/Monitor currently owned by a thread:  ([mutex/lock_event])
[0x00007ffdb1abbe98] Threads_lock - owner thread: 0x000001faeb651dd0
[0x00007ffdb1abbf98] Heap_lock - owner thread: 0x000001fad660b180

Heap address: 0x0000000705a00000, size: 4006 MB, Compressed Oops mode: Zero based, Oop shift amount: 3

CDS archive(s) mapped at: [0x000001fa80000000-0x000001fa80c90000-0x000001fa80c90000), size 13172736, SharedBaseAddress: 0x000001fa80000000, ArchiveRelocationMode: 1.
Compressed class space mapped at: 0x000001fa81000000-0x000001fac1000000, reserved size: 1073741824
Narrow klass base: 0x000001fa80000000, Narrow klass shift: 0, Narrow klass range: 0x100000000

GC Precious Log:
 CardTable entry size: 512
 Card Set container configuration: InlinePtr #cards 4 size 8 Array Of Cards #cards 16 size 48 Howl #buckets 8 coarsen threshold 3686 Howl Bitmap #cards 512 size 80 coarsen threshold 460 Card regions per heap region 1 cards per card region 4096
 CPUs: 16 total, 16 available
 Memory: 16021M
 Large Page Support: Disabled
 NUMA Support: Disabled
 Compressed Oops: Enabled (Zero based)
 Heap Region Size: 2M
 Heap Min Capacity: 8M
 Heap Initial Capacity: 252M
 Heap Max Capacity: 4006M
 Pre-touch: Disabled
 Parallel Workers: 13
 Concurrent Workers: 3
 Concurrent Refinement Workers: 13
 Periodic GC: Disabled

Heap:
 garbage-first heap   total 61440K, used 21580K [0x0000000705a00000, 0x0000000800000000)
  region size 2048K, 2 young (4096K), 2 survivors (4096K)
 Metaspace       used 38462K, committed 38912K, reserved 1114112K
  class space    used 5063K, committed 5248K, reserved 1048576K

Heap Regions: E=young(eden), S=young(survivor), O=old, HS=humongous(starts), HC=humongous(continues), CS=collection set, F=free, TAMS=top-at-mark-start, PB=parsable bottom
|   0|0x0000000705a00000, 0x0000000705c00000, 0x0000000705c00000|100%| O|Cm|TAMS 0x0000000705a00000| PB 0x0000000705a00000| Complete 
|   1|0x0000000705c00000, 0x0000000705e00000, 0x0000000705e00000|100%| O|  |TAMS 0x0000000705c00000| PB 0x0000000705c00000| Untracked 
|   2|0x0000000705e00000, 0x0000000706000000, 0x0000000706000000|100%| O|  |TAMS 0x0000000705e00000| PB 0x0000000705e00000| Untracked 
|   3|0x0000000706000000, 0x0000000706200000, 0x0000000706200000|100%| O|  |TAMS 0x0000000706000000| PB 0x0000000706000000| Untracked 
|   4|0x0000000706200000, 0x0000000706313080, 0x0000000706400000| 53%| O|  |TAMS 0x0000000706200000| PB 0x0000000706200000| Untracked 
|   5|0x0000000706400000, 0x0000000706600000, 0x0000000706600000|100%| O|  |TAMS 0x0000000706400000| PB 0x0000000706400000| Untracked 
|   6|0x0000000706600000, 0x0000000706800000, 0x0000000706800000|100%| O|  |TAMS 0x0000000706600000| PB 0x0000000706600000| Untracked 
|   7|0x0000000706800000, 0x0000000706a00000, 0x0000000706a00000|100%| O|  |TAMS 0x0000000706800000| PB 0x0000000706800000| Untracked 
|   8|0x0000000706a00000, 0x0000000706c00000, 0x0000000706c00000|100%| O|  |TAMS 0x0000000706a00000| PB 0x0000000706a00000| Untracked 
|   9|0x0000000706c00000, 0x0000000706c00000, 0x0000000706e00000|  0%| F|  |TAMS 0x0000000706c00000| PB 0x0000000706c00000| Untracked 
|  10|0x0000000706e00000, 0x0000000706e00000, 0x0000000707000000|  0%| F|  |TAMS 0x0000000706e00000| PB 0x0000000706e00000| Untracked 
|  11|0x0000000707000000, 0x0000000707000000, 0x0000000707200000|  0%| F|  |TAMS 0x0000000707000000| PB 0x0000000707000000| Untracked 
|  12|0x0000000707200000, 0x0000000707400000, 0x0000000707400000|100%| S|CS|TAMS 0x0000000707200000| PB 0x0000000707200000| Complete 
|  13|0x0000000707400000, 0x0000000707600000, 0x0000000707600000|100%| S|CS|TAMS 0x0000000707400000| PB 0x0000000707400000| Complete 
|  14|0x0000000707600000, 0x0000000707600000, 0x0000000707800000|  0%| F|  |TAMS 0x0000000707600000| PB 0x0000000707600000| Untracked 
|  15|0x0000000707800000, 0x0000000707800000, 0x0000000707a00000|  0%| F|  |TAMS 0x0000000707800000| PB 0x0000000707800000| Untracked 
|  16|0x0000000707a00000, 0x0000000707a00000, 0x0000000707c00000|  0%| F|  |TAMS 0x0000000707a00000| PB 0x0000000707a00000| Untracked 
|  17|0x0000000707c00000, 0x0000000707c00000, 0x0000000707e00000|  0%| F|  |TAMS 0x0000000707c00000| PB 0x0000000707c00000| Untracked 
|  18|0x0000000707e00000, 0x0000000707e00000, 0x0000000708000000|  0%| F|  |TAMS 0x0000000707e00000| PB 0x0000000707e00000| Untracked 
|  19|0x0000000708000000, 0x0000000708000000, 0x0000000708200000|  0%| F|  |TAMS 0x0000000708000000| PB 0x0000000708000000| Untracked 
|  20|0x0000000708200000, 0x0000000708200000, 0x0000000708400000|  0%| F|  |TAMS 0x0000000708200000| PB 0x0000000708200000| Untracked 
|  21|0x0000000708400000, 0x0000000708400000, 0x0000000708600000|  0%| F|  |TAMS 0x0000000708400000| PB 0x0000000708400000| Untracked 
|  22|0x0000000708600000, 0x0000000708600000, 0x0000000708800000|  0%| F|  |TAMS 0x0000000708600000| PB 0x0000000708600000| Untracked 
|  23|0x0000000708800000, 0x0000000708800000, 0x0000000708a00000|  0%| F|  |TAMS 0x0000000708800000| PB 0x0000000708800000| Untracked 
|  24|0x0000000708a00000, 0x0000000708a00000, 0x0000000708c00000|  0%| F|  |TAMS 0x0000000708a00000| PB 0x0000000708a00000| Untracked 
|  25|0x0000000708c00000, 0x0000000708c00000, 0x0000000708e00000|  0%| F|  |TAMS 0x0000000708c00000| PB 0x0000000708c00000| Untracked 
|  96|0x0000000711a00000, 0x0000000711a00000, 0x0000000711c00000|  0%| F|  |TAMS 0x0000000711a00000| PB 0x0000000711a00000| Untracked 
|  97|0x0000000711c00000, 0x0000000711c00000, 0x0000000711e00000|  0%| F|  |TAMS 0x0000000711c00000| PB 0x0000000711c00000| Untracked 
|  98|0x0000000711e00000, 0x0000000711e00000, 0x0000000712000000|  0%| F|  |TAMS 0x0000000711e00000| PB 0x0000000711e00000| Untracked 
| 125|0x0000000715400000, 0x0000000715400000, 0x0000000715600000|  0%| F|  |TAMS 0x0000000715400000| PB 0x0000000715400000| Untracked 

Card table byte_map: [0x000001fae4b10000,0x000001fae52f0000] _byte_map_base: 0x000001fae12e3000

Marking Bits: (CMBitMap*) 0x000001fad812fdd0
 Bits: [0x000001fae52f0000, 0x000001fae9188000)

Polling page: 0x000001fad6840000

Metaspace:

Usage:
  Non-class:     32.62 MB used.
      Class:      4.94 MB used.
       Both:     37.56 MB used.

Virtual space:
  Non-class space:       64.00 MB reserved,      32.88 MB ( 51%) committed,  1 nodes.
      Class space:        1.00 GB reserved,       5.12 MB ( <1%) committed,  1 nodes.
             Both:        1.06 GB reserved,      38.00 MB (  3%) committed. 

Chunk freelists:
   Non-Class:  14.70 MB
       Class:  10.75 MB
        Both:  25.45 MB

MaxMetaspaceSize: unlimited
CompressedClassSpaceSize: 1.00 GB
Initial GC threshold: 21.00 MB
Current GC threshold: 56.50 MB
CDS: on
 - commit_granule_bytes: 65536.
 - commit_granule_words: 8192.
 - virtual_space_node_default_size: 8388608.
 - enlarge_chunks_in_place: 1.
 - use_allocation_guard: 0.


Internal statistics:

num_allocs_failed_limit: 3.
num_arena_births: 512.
num_arena_deaths: 0.
num_vsnodes_births: 2.
num_vsnodes_deaths: 0.
num_space_committed: 608.
num_space_uncommitted: 0.
num_chunks_returned_to_freelist: 3.
num_chunks_taken_from_freelist: 1727.
num_chunk_merges: 3.
num_chunk_splits: 1265.
num_chunks_enlarged: 993.
num_inconsistent_stats: 0.

CodeCache: size=49152Kb used=9531Kb max_used=9531Kb free=39620Kb
 bounds [0x000001fae0550000, 0x000001fae0ea0000, 0x000001fae3550000]
 total_blobs=4730 nmethods=4101 adapters=549
 compilation: enabled
              stopped_count=0, restarted_count=0
 full_count=0

Compilation events (20 events):
Event: 3.350 Thread 0x000001faec2d1b90 4143       1       java.lang.Exception::<init> (7 bytes)
Event: 3.350 Thread 0x000001faeca31560 4144       1       java.lang.Throwable::<init> (39 bytes)
Event: 3.350 Thread 0x000001faec2d1b90 nmethod 4143 0x000001fae0e9b090 code [0x000001fae0e9b220, 0x000001fae0e9b300]
Event: 3.350 Thread 0x000001faeca31560 nmethod 4144 0x000001fae0e9b390 code [0x000001fae0e9b540, 0x000001fae0e9b868]
Event: 3.356 Thread 0x000001faeca31560 4145       1       java.lang.ClassNotFoundException::<init> (7 bytes)
Event: 3.356 Thread 0x000001faec2d1b90 4146       1       java.lang.ReflectiveOperationException::<init> (7 bytes)
Event: 3.356 Thread 0x000001faeca31560 nmethod 4145 0x000001fae0e9b910 code [0x000001fae0e9baa0, 0x000001fae0e9bb88]
Event: 3.356 Thread 0x000001faec2d1b90 nmethod 4146 0x000001fae0e9bc10 code [0x000001fae0e9bda0, 0x000001fae0e9be80]
Event: 3.379 Thread 0x000001faec2d1b90 4147       1       java.io.ByteArrayOutputStream::<init> (7 bytes)
Event: 3.379 Thread 0x000001faec2d1b90 nmethod 4147 0x000001fae0e9bf10 code [0x000001fae0e9c0a0, 0x000001fae0e9c188]
Event: 3.382 Thread 0x000001faeca28eb0 4148       1       java.security.BasicPermission::init (132 bytes)
Event: 3.383 Thread 0x000001faeca31560 4149       1       java.util.TreeMap::rotateLeft (96 bytes)
Event: 3.383 Thread 0x000001faec2d1b90 4150       1       org.springframework.boot.autoconfigure.condition.ConditionOutcome::isMatch (5 bytes)
Event: 3.383 Thread 0x000001faec2d1b90 nmethod 4150 0x000001fae0e9c210 code [0x000001fae0e9c3a0, 0x000001fae0e9c470]
Event: 3.383 Thread 0x000001faeca31560 nmethod 4149 0x000001fae0e9c510 code [0x000001fae0e9c6c0, 0x000001fae0e9cb10]
Event: 3.383 Thread 0x000001faeca28eb0 nmethod 4148 0x000001fae0e9cc10 code [0x000001fae0e9ce40, 0x000001fae0e9d580]
Event: 3.384 Thread 0x000001faeca28eb0 4151       1       org.springframework.boot.autoconfigure.AutoConfigurationMetadataLoader$PropertiesAutoConfigurationMetadata::get (8 bytes)
Event: 3.384 Thread 0x000001faeb643e30 4152       1       org.springframework.boot.autoconfigure.AutoConfigurationMetadataLoader$PropertiesAutoConfigurationMetadata::get (28 bytes)
Event: 3.385 Thread 0x000001faeb643e30 nmethod 4152 0x000001fae0e9d890 code [0x000001fae0e9dac0, 0x000001fae0e9dee0]
Event: 3.385 Thread 0x000001faeca28eb0 nmethod 4151 0x000001fae0e9e310 code [0x000001fae0e9e540, 0x000001fae0e9e958]

GC Heap History (13 events):
Event: 0.599 GC heap before
{Heap before GC invocations=0 (full 0):
 garbage-first heap   total 258048K, used 22528K [0x0000000705a00000, 0x0000000800000000)
  region size 2048K, 11 young (22528K), 0 survivors (0K)
 Metaspace       used 5092K, committed 5312K, reserved 1114112K
  class space    used 595K, committed 704K, reserved 1048576K
}
Event: 0.603 GC heap after
{Heap after GC invocations=1 (full 0):
 garbage-first heap   total 258048K, used 8908K [0x0000000705a00000, 0x0000000800000000)
  region size 2048K, 2 young (4096K), 2 survivors (4096K)
 Metaspace       used 5092K, committed 5312K, reserved 1114112K
  class space    used 595K, committed 704K, reserved 1048576K
}
Event: 0.984 GC heap before
{Heap before GC invocations=1 (full 0):
 garbage-first heap   total 258048K, used 29388K [0x0000000705a00000, 0x0000000800000000)
  region size 2048K, 12 young (24576K), 2 survivors (4096K)
 Metaspace       used 9548K, committed 9728K, reserved 1114112K
  class space    used 1196K, committed 1280K, reserved 1048576K
}
Event: 0.988 GC heap after
{Heap after GC invocations=2 (full 0):
 garbage-first heap   total 258048K, used 11156K [0x0000000705a00000, 0x0000000800000000)
  region size 2048K, 1 young (2048K), 1 survivors (2048K)
 Metaspace       used 9548K, committed 9728K, reserved 1114112K
  class space    used 1196K, committed 1280K, reserved 1048576K
}
Event: 1.743 GC heap before
{Heap before GC invocations=2 (full 0):
 garbage-first heap   total 258048K, used 62356K [0x0000000705a00000, 0x0000000800000000)
  region size 2048K, 27 young (55296K), 1 survivors (2048K)
 Metaspace       used 20212K, committed 20608K, reserved 1114112K
  class space    used 2748K, committed 2944K, reserved 1048576K
}
Event: 1.749 GC heap after
{Heap after GC invocations=3 (full 0):
 garbage-first heap   total 258048K, used 15102K [0x0000000705a00000, 0x0000000800000000)
  region size 2048K, 3 young (6144K), 3 survivors (6144K)
 Metaspace       used 20212K, committed 20608K, reserved 1114112K
  class space    used 2748K, committed 2944K, reserved 1048576K
}
Event: 2.051 GC heap before
{Heap before GC invocations=4 (full 0):
 garbage-first heap   total 61440K, used 45822K [0x0000000705a00000, 0x0000000800000000)
  region size 2048K, 18 young (36864K), 3 survivors (6144K)
 Metaspace       used 24682K, committed 25088K, reserved 1114112K
  class space    used 3349K, committed 3520K, reserved 1048576K
}
Event: 2.057 GC heap after
{Heap after GC invocations=5 (full 0):
 garbage-first heap   total 61440K, used 17008K [0x0000000705a00000, 0x0000000800000000)
  region size 2048K, 2 young (4096K), 2 survivors (4096K)
 Metaspace       used 24682K, committed 25088K, reserved 1114112K
  class space    used 3349K, committed 3520K, reserved 1048576K
}
Event: 2.576 GC heap before
{Heap before GC invocations=5 (full 0):
 garbage-first heap   total 61440K, used 43632K [0x0000000705a00000, 0x0000000800000000)
  region size 2048K, 15 young (30720K), 2 survivors (4096K)
 Metaspace       used 31604K, committed 32000K, reserved 1114112K
  class space    used 4192K, committed 4352K, reserved 1048576K
}
Event: 2.582 GC heap after
{Heap after GC invocations=6 (full 0):
 garbage-first heap   total 61440K, used 18649K [0x0000000705a00000, 0x0000000800000000)
  region size 2048K, 2 young (4096K), 2 survivors (4096K)
 Metaspace       used 31604K, committed 32000K, reserved 1114112K
  class space    used 4192K, committed 4352K, reserved 1048576K
}
Event: 2.726 GC heap before
{Heap before GC invocations=6 (full 0):
 garbage-first heap   total 61440K, used 24793K [0x0000000705a00000, 0x0000000800000000)
  region size 2048K, 7 young (14336K), 2 survivors (4096K)
 Metaspace       used 34196K, committed 34560K, reserved 1114112K
  class space    used 4501K, committed 4672K, reserved 1048576K
}
Event: 2.731 GC heap after
{Heap after GC invocations=7 (full 0):
 garbage-first heap   total 61440K, used 19200K [0x0000000705a00000, 0x0000000800000000)
  region size 2048K, 2 young (4096K), 2 survivors (4096K)
 Metaspace       used 34196K, committed 34560K, reserved 1114112K
  class space    used 4501K, committed 4672K, reserved 1048576K
}
Event: 3.385 GC heap before
{Heap before GC invocations=8 (full 0):
 garbage-first heap   total 61440K, used 47872K [0x0000000705a00000, 0x0000000800000000)
  region size 2048K, 16 young (32768K), 2 survivors (4096K)
 Metaspace       used 38462K, committed 38912K, reserved 1114112K
  class space    used 5063K, committed 5248K, reserved 1048576K
}

Dll operation events (12 events):
Event: 0.008 Loaded shared library F:\develop\jdk-21\bin\java.dll
Event: 0.251 Loaded shared library F:\develop\jdk-21\bin\zip.dll
Event: 0.255 Loaded shared library F:\develop\jdk-21\bin\instrument.dll
Event: 0.259 Loaded shared library F:\develop\jdk-21\bin\net.dll
Event: 0.260 Loaded shared library F:\develop\jdk-21\bin\nio.dll
Event: 0.264 Loaded shared library F:\develop\jdk-21\bin\zip.dll
Event: 0.361 Loaded shared library F:\IntelliJ IDEA 2023.2.4\bin\breakgen64.dll
Event: 0.365 Loaded shared library F:\develop\jdk-21\bin\jimage.dll
Event: 0.370 Loaded shared library F:\develop\jdk-21\bin\extnet.dll
Event: 0.382 Loaded shared library F:\develop\jdk-21\bin\management.dll
Event: 0.390 Loaded shared library F:\develop\jdk-21\bin\management_ext.dll
Event: 2.355 Loaded shared library F:\develop\jdk-21\bin\sunmscapi.dll

Deoptimization events (12 events):
Event: 1.510 Thread 0x000001fad660b180 DEOPT PACKING pc=0x000001fae078d04c sp=0x0000007c439fe6a0
Event: 1.510 Thread 0x000001fad660b180 DEOPT UNPACKING pc=0x000001fae05a88e2 sp=0x0000007c439fdad8 mode 3
Event: 1.594 Thread 0x000001fad660b180 DEOPT PACKING pc=0x000001fae078d40b sp=0x0000007c439fe640
Event: 1.594 Thread 0x000001fad660b180 DEOPT UNPACKING pc=0x000001fae05a88e2 sp=0x0000007c439fdad0 mode 3
Event: 1.870 Thread 0x000001fad660b180 DEOPT PACKING pc=0x000001fae0c53dcc sp=0x0000007c439fc530
Event: 1.870 Thread 0x000001fad660b180 DEOPT UNPACKING pc=0x000001fae05a88e2 sp=0x0000007c439fb968 mode 3
Event: 2.062 Thread 0x000001fad660b180 DEOPT PACKING pc=0x000001fae0cdeacc sp=0x0000007c439fefa0
Event: 2.062 Thread 0x000001fad660b180 DEOPT UNPACKING pc=0x000001fae05a88e2 sp=0x0000007c439fe3d8 mode 3
Event: 3.160 Thread 0x000001fad660b180 DEOPT PACKING pc=0x000001fae0dd0e4c sp=0x0000007c439fef90
Event: 3.160 Thread 0x000001fad660b180 DEOPT UNPACKING pc=0x000001fae05a88e2 sp=0x0000007c439fe3c8 mode 3
Event: 3.220 Thread 0x000001fad660b180 DEOPT PACKING pc=0x000001fae0da5b74 sp=0x0000007c439fd730
Event: 3.220 Thread 0x000001fad660b180 DEOPT UNPACKING pc=0x000001fae05a88e2 sp=0x0000007c439fcc60 mode 0

Classes loaded (20 events):
Event: 3.216 Loading class java/nio/file/FileTreeWalker$DirectoryNode
Event: 3.216 Loading class java/nio/file/FileTreeWalker$DirectoryNode done
Event: 3.216 Loading class java/nio/file/FileTreeWalker$Event
Event: 3.216 Loading class java/nio/file/FileTreeWalker$Event done
Event: 3.216 Loading class java/nio/file/FileTreeWalker$EventType
Event: 3.217 Loading class java/nio/file/FileTreeWalker$EventType done
Event: 3.217 Loading class java/util/stream/SortedOps
Event: 3.217 Loading class java/util/stream/SortedOps done
Event: 3.217 Loading class java/util/stream/SortedOps$OfRef
Event: 3.217 Loading class java/util/stream/SortedOps$OfRef done
Event: 3.218 Loading class java/util/stream/SortedOps$RefSortingSink
Event: 3.218 Loading class java/util/stream/SortedOps$AbstractRefSortingSink
Event: 3.218 Loading class java/util/stream/SortedOps$AbstractRefSortingSink done
Event: 3.218 Loading class java/util/stream/SortedOps$RefSortingSink done
Event: 3.219 Loading class java/util/regex/Pattern$LazyLoop
Event: 3.219 Loading class java/util/regex/Pattern$LazyLoop done
Event: 3.347 Loading class javax/naming/ldap/LdapContext
Event: 3.347 Loading class javax/naming/directory/DirContext
Event: 3.348 Loading class javax/naming/directory/DirContext done
Event: 3.348 Loading class javax/naming/ldap/LdapContext done

Classes unloaded (0 events):
No events

Classes redefined (0 events):
No events

Internal exceptions (20 events):
Event: 1.848 Thread 0x000001fad660b180 Exception <a 'java/lang/NoSuchMethodError'{0x00000007084df5d0}: 'void java.lang.invoke.Invokers$Holder.invokeExact_MT(java.lang.Object, java.lang.Object, java.lang.Object, java.lang.Object)'> (0x00000007084df5d0) 
thrown [s\open\src\hotspot\share\interpreter\linkResolver.cpp, line 773]
Event: 1.864 Thread 0x000001fad660b180 Exception <a 'java/lang/NoSuchMethodError'{0x00000007080a2918}: 'void java.lang.invoke.DirectMethodHandle$Holder.invokeVirtual(java.lang.Object, java.lang.Object)'> (0x00000007080a2918) 
thrown [s\open\src\hotspot\share\interpreter\linkResolver.cpp, line 773]
Event: 1.887 Thread 0x000001fad660b180 Exception <a 'java/lang/NoSuchMethodError'{0x0000000707fb1698}: 'void java.lang.invoke.DirectMethodHandle$Holder.invokeStaticInit(java.lang.Object)'> (0x0000000707fb1698) 
thrown [s\open\src\hotspot\share\interpreter\linkResolver.cpp, line 773]
Event: 1.898 Thread 0x000001faf18bf680 Exception <a 'java/lang/NoSuchMethodError'{0x0000000707c635a0}: 'long java.lang.invoke.DirectMethodHandle$Holder.invokeStatic(java.lang.Object, java.lang.Object)'> (0x0000000707c635a0) 
thrown [s\open\src\hotspot\share\interpreter\linkResolver.cpp, line 773]
Event: 1.898 Thread 0x000001faf18bf680 Exception <a 'java/lang/NoSuchMethodError'{0x0000000707c66918}: 'long java.lang.invoke.DirectMethodHandle$Holder.invokeStaticInit(java.lang.Object, java.lang.Object)'> (0x0000000707c66918) 
thrown [s\open\src\hotspot\share\interpreter\linkResolver.cpp, line 773]
Event: 1.899 Thread 0x000001faf18bf680 Exception <a 'java/lang/NoSuchMethodError'{0x0000000707c72ab0}: 'long java.lang.invoke.DirectMethodHandle$Holder.invokeInterface(java.lang.Object, java.lang.Object)'> (0x0000000707c72ab0) 
thrown [s\open\src\hotspot\share\interpreter\linkResolver.cpp, line 773]
Event: 1.900 Thread 0x000001faf18bf680 Exception <a 'java/lang/IncompatibleClassChangeError'{0x0000000707c75d70}: Found class java.lang.Object, but interface was expected> (0x0000000707c75d70) 
thrown [s\open\src\hotspot\share\interpreter\linkResolver.cpp, line 840]
Event: 1.908 Thread 0x000001faf18bf680 Exception <a 'java/lang/NoSuchMethodError'{0x0000000707de5b98}: 'java.lang.Object java.lang.invoke.DirectMethodHandle$Holder.invokeVirtual(java.lang.Object, java.lang.Object, java.lang.Object, java.lang.Object)'> (0x0000000707de5b98) 
thrown [s\open\src\hotspot\share\interpreter\linkResolver.cpp, line 773]
Event: 1.912 Thread 0x000001fad660b180 Exception <a 'java/io/FileNotFoundException'{0x0000000707d3f5e8}> (0x0000000707d3f5e8) 
thrown [s\open\src\hotspot\share\prims\jni.cpp, line 520]
Event: 1.912 Thread 0x000001fad660b180 Exception <a 'java/io/FileNotFoundException'{0x0000000707d3ff80}> (0x0000000707d3ff80) 
thrown [s\open\src\hotspot\share\prims\jni.cpp, line 520]
Event: 1.946 Thread 0x000001fad660b180 Exception <a 'java/lang/NoSuchMethodError'{0x00000007078de848}: 'java.lang.Object java.lang.invoke.DirectMethodHandle$Holder.newInvokeSpecial(java.lang.Object, java.lang.Object, int, java.lang.Object, java.lang.Object)'> (0x00000007078de848) 
thrown [s\open\src\hotspot\share\interpreter\linkResolver.cpp, line 773]
Event: 1.948 Thread 0x000001fad660b180 Exception <a 'java/lang/NoSuchMethodError'{0x000000070792cc50}: 'java.lang.Object java.lang.invoke.DirectMethodHandle$Holder.invokeSpecial(java.lang.Object, java.lang.Object, int, java.lang.Object, int, java.lang.Object)'> (0x000000070792cc50) 
thrown [s\open\src\hotspot\share\interpreter\linkResolver.cpp, line 773]
Event: 1.948 Thread 0x000001fad660b180 Exception <a 'java/lang/NoSuchMethodError'{0x00000007079340d0}: 'java.lang.Object java.lang.invoke.DirectMethodHandle$Holder.newInvokeSpecial(java.lang.Object, java.lang.Object, int, java.lang.Object, int)'> (0x00000007079340d0) 
thrown [s\open\src\hotspot\share\interpreter\linkResolver.cpp, line 773]
Event: 1.948 Thread 0x000001fad660b180 Exception <a 'java/lang/NoSuchMethodError'{0x0000000707937f50}: 'java.lang.Object java.lang.invoke.DirectMethodHandle$Holder.invokeSpecial(java.lang.Object, java.lang.Object, java.lang.Object, int, java.lang.Object, int)'> (0x0000000707937f50) 
thrown [s\open\src\hotspot\share\interpreter\linkResolver.cpp, line 773]
Event: 2.064 Thread 0x000001fad660b180 Exception <a 'java/lang/IncompatibleClassChangeError'{0x0000000715446498}: Found class java.lang.Object, but interface was expected> (0x0000000715446498) 
thrown [s\open\src\hotspot\share\interpreter\linkResolver.cpp, line 840]
Event: 2.603 Thread 0x000001faf2387f40 Exception <a 'java/lang/NoSuchMethodError'{0x0000000715595b18}: 'void java.lang.invoke.DirectMethodHandle$Holder.invokeVirtual(java.lang.Object, java.lang.Object, long)'> (0x0000000715595b18) 
thrown [s\open\src\hotspot\share\interpreter\linkResolver.cpp, line 773]
Event: 2.604 Thread 0x000001faf2387f40 Exception <a 'java/lang/NoSuchMethodError'{0x0000000715599260}: 'long java.lang.invoke.DirectMethodHandle$Holder.invokeStatic(java.lang.Object, java.lang.Object, int)'> (0x0000000715599260) 
thrown [s\open\src\hotspot\share\interpreter\linkResolver.cpp, line 773]
Event: 2.604 Thread 0x000001faf2387f40 Exception <a 'java/lang/NoSuchMethodError'{0x00000007155bd210}: 'void java.lang.invoke.DelegatingMethodHandle$Holder.reinvoke_L(java.lang.Object, java.lang.Object, long)'> (0x00000007155bd210) 
thrown [s\open\src\hotspot\share\interpreter\linkResolver.cpp, line 773]
Event: 2.751 Thread 0x000001faf238a6a0 Exception <a 'java/lang/NoSuchMethodError'{0x00000007155bb960}: 'long java.lang.invoke.DelegatingMethodHandle$Holder.reinvoke_L(java.lang.Object, java.lang.Object)'> (0x00000007155bb960) 
thrown [s\open\src\hotspot\share\interpreter\linkResolver.cpp, line 773]
Event: 3.215 Thread 0x000001fad660b180 Exception <a 'java/lang/NoSuchMethodError'{0x0000000708170560}: 'int java.lang.invoke.DirectMethodHandle$Holder.invokeSpecial(java.lang.Object, java.lang.Object, java.lang.Object, java.lang.Object, java.lang.Object)'> (0x0000000708170560) 
thrown [s\open\src\hotspot\share\interpreter\linkResolver.cpp, line 773]

ZGC Phase Switch (0 events):
No events

VM Operations (20 events):
Event: 2.576 Executing VM operation: G1CollectForAllocation (G1 Evacuation Pause) done
Event: 2.576 Executing VM operation: G1CollectForAllocation (GCLocker Initiated GC)
Event: 2.582 Executing VM operation: G1CollectForAllocation (GCLocker Initiated GC) done
Event: 2.655 Executing VM operation: HandshakeAllThreads (Deoptimize)
Event: 2.655 Executing VM operation: HandshakeAllThreads (Deoptimize) done
Event: 2.725 Executing VM operation: HandshakeAllThreads (Deoptimize)
Event: 2.725 Executing VM operation: HandshakeAllThreads (Deoptimize) done
Event: 2.726 Executing VM operation: CollectForMetadataAllocation (Metadata GC Threshold)
Event: 2.732 Executing VM operation: CollectForMetadataAllocation (Metadata GC Threshold) done
Event: 2.739 Executing VM operation: G1PauseRemark
Event: 2.742 Executing VM operation: G1PauseRemark done
Event: 2.745 Executing VM operation: G1PauseCleanup
Event: 2.745 Executing VM operation: G1PauseCleanup done
Event: 2.861 Executing VM operation: HandshakeAllThreads (Deoptimize)
Event: 2.861 Executing VM operation: HandshakeAllThreads (Deoptimize) done
Event: 2.881 Executing VM operation: HandshakeAllThreads (Deoptimize)
Event: 2.881 Executing VM operation: HandshakeAllThreads (Deoptimize) done
Event: 3.220 Executing VM operation: HandshakeAllThreads (Deoptimize)
Event: 3.220 Executing VM operation: HandshakeAllThreads (Deoptimize) done
Event: 3.385 Executing VM operation: G1CollectForAllocation (G1 Evacuation Pause)

Events (20 events):
Event: 2.742 Thread 0x000001faeb651dd0 flushing nmethod 0x000001fae0b93110
Event: 2.742 Thread 0x000001faeb651dd0 flushing nmethod 0x000001fae0b95310
Event: 2.796 Thread 0x000001faf2388c60 Thread added: 0x000001faf2388c60
Event: 2.841 Thread 0x000001faf23892f0 Thread added: 0x000001faf23892f0
Event: 2.872 Thread 0x000001faf23878b0 Thread added: 0x000001faf23878b0
Event: 2.876 Thread 0x000001faf2387220 Thread added: 0x000001faf2387220
Event: 2.878 Thread 0x000001faf2389980 Thread added: 0x000001faf2389980
Event: 2.916 Thread 0x000001faf25595f0 Thread added: 0x000001faf25595f0
Event: 3.049 Thread 0x000001faf25588d0 Thread added: 0x000001faf25588d0
Event: 3.052 Thread 0x000001faf25588d0 Thread exited: 0x000001faf25588d0
Event: 3.095 Thread 0x000001faf2559c80 Thread added: 0x000001faf2559c80
Event: 3.096 Thread 0x000001faf2557bb0 Thread added: 0x000001faf2557bb0
Event: 3.111 Thread 0x000001faf2558f60 Thread added: 0x000001faf2558f60
Event: 3.111 Thread 0x000001faf255a9a0 Thread added: 0x000001faf255a9a0
Event: 3.119 Thread 0x000001faf2558240 Thread added: 0x000001faf2558240
Event: 3.120 Thread 0x000001faf255a310 Thread added: 0x000001faf255a310
Event: 3.132 Thread 0x000001faf1d7ace0 Thread exited: 0x000001faf1d7ace0
Event: 3.152 Thread 0x000001faf2557520 Thread added: 0x000001faf2557520
Event: 3.339 Thread 0x000001faf255bd50 Thread added: 0x000001faf255bd50
Event: 3.366 Thread 0x000001faf255bd50 Thread exited: 0x000001faf255bd50


Dynamic libraries:
0x00007ff78b720000 - 0x00007ff78b730000 	F:\develop\jdk-21\bin\java.exe
0x00007ffe6f7a0000 - 0x00007ffe6fa03000 	C:\Windows\SYSTEM32\ntdll.dll
0x00007ffe6e420000 - 0x00007ffe6e4e7000 	C:\Windows\System32\KERNEL32.DLL
0x00007ffe6cb40000 - 0x00007ffe6cf07000 	C:\Windows\System32\KERNELBASE.dll
0x00007ffe6d2f0000 - 0x00007ffe6d43c000 	C:\Windows\System32\ucrtbase.dll
0x00007ffe3e650000 - 0x00007ffe3e669000 	F:\develop\jdk-21\bin\jli.dll
0x00007ffe6e740000 - 0x00007ffe6e7f4000 	C:\Windows\System32\ADVAPI32.dll
0x00007ffe3df70000 - 0x00007ffe3df8b000 	F:\develop\jdk-21\bin\VCRUNTIME140.dll
0x00007ffe6e4f0000 - 0x00007ffe6e599000 	C:\Windows\System32\msvcrt.dll
0x00007ffe6dd70000 - 0x00007ffe6de16000 	C:\Windows\System32\sechost.dll
0x00007ffe6d7c0000 - 0x00007ffe6d8d6000 	C:\Windows\System32\RPCRT4.dll
0x00007ffe6e890000 - 0x00007ffe6ea59000 	C:\Windows\System32\USER32.dll
0x00007ffe6d5b0000 - 0x00007ffe6d5d7000 	C:\Windows\System32\win32u.dll
0x00007ffe4dd20000 - 0x00007ffe4dfb0000 	C:\Windows\WinSxS\amd64_microsoft.windows.common-controls_6595b64144ccf1df_6.0.26100.3037_none_3e09262ce333c378\COMCTL32.dll
0x00007ffe6f730000 - 0x00007ffe6f75a000 	C:\Windows\System32\GDI32.dll
0x00007ffe6cf10000 - 0x00007ffe6d03b000 	C:\Windows\System32\gdi32full.dll
0x00007ffe6d440000 - 0x00007ffe6d4e3000 	C:\Windows\System32\msvcp_win.dll
0x00007ffe63750000 - 0x00007ffe6375b000 	C:\Windows\SYSTEM32\VERSION.dll
0x00007ffe6ee90000 - 0x00007ffe6eebf000 	C:\Windows\System32\IMM32.DLL
0x00007ffe43280000 - 0x00007ffe4328c000 	F:\develop\jdk-21\bin\vcruntime140_1.dll
0x00007ffe16560000 - 0x00007ffe165ee000 	F:\develop\jdk-21\bin\msvcp140.dll
0x00007ffdb0e80000 - 0x00007ffdb1b98000 	F:\develop\jdk-21\bin\server\jvm.dll
0x00007ffe6e3a0000 - 0x00007ffe6e414000 	C:\Windows\System32\WS2_32.dll
0x00007ffe6bf40000 - 0x00007ffe6bf8e000 	C:\Windows\SYSTEM32\POWRPROF.dll
0x00007ffe5cf90000 - 0x00007ffe5cfc6000 	C:\Windows\SYSTEM32\WINMM.dll
0x00007ffe6beb0000 - 0x00007ffe6bec4000 	C:\Windows\SYSTEM32\UMPDC.dll
0x00007ffe6b930000 - 0x00007ffe6b94a000 	C:\Windows\SYSTEM32\kernel.appcore.dll
0x00007ffe42b60000 - 0x00007ffe42b6a000 	F:\develop\jdk-21\bin\jimage.dll
0x00007ffe6a1b0000 - 0x00007ffe6a3f1000 	C:\Windows\SYSTEM32\DBGHELP.DLL
0x00007ffe6e010000 - 0x00007ffe6e38e000 	C:\Windows\System32\combase.dll
0x00007ffe6f5e0000 - 0x00007ffe6f6b6000 	C:\Windows\System32\OLEAUT32.dll
0x00007ffe23720000 - 0x00007ffe23759000 	C:\Windows\SYSTEM32\dbgcore.DLL
0x00007ffe6d040000 - 0x00007ffe6d0d9000 	C:\Windows\System32\bcryptPrimitives.dll
0x00007ffe63280000 - 0x00007ffe6328f000 	F:\develop\jdk-21\bin\instrument.dll
0x00007ffe3dc50000 - 0x00007ffe3dc6f000 	F:\develop\jdk-21\bin\java.dll
0x00007ffe6eed0000 - 0x00007ffe6f5d4000 	C:\Windows\System32\SHELL32.dll
0x00007ffe6a820000 - 0x00007ffe6b057000 	C:\Windows\SYSTEM32\windows.storage.dll
0x00007ffe6d610000 - 0x00007ffe6d6f9000 	C:\Windows\System32\SHCORE.dll
0x00007ffe6ec30000 - 0x00007ffe6ec8d000 	C:\Windows\System32\shlwapi.dll
0x00007ffe6ca50000 - 0x00007ffe6ca7e000 	C:\Windows\SYSTEM32\profapi.dll
0x00007ffe3a710000 - 0x00007ffe3a728000 	F:\develop\jdk-21\bin\zip.dll
0x00007ffe3e8c0000 - 0x00007ffe3e8d0000 	F:\develop\jdk-21\bin\net.dll
0x00007ffe63a20000 - 0x00007ffe63b3e000 	C:\Windows\SYSTEM32\WINHTTP.dll
0x00007ffe6bed0000 - 0x00007ffe6bf3a000 	C:\Windows\system32\mswsock.dll
0x00007ffe3ab90000 - 0x00007ffe3aba6000 	F:\develop\jdk-21\bin\nio.dll
0x00007ffe61260000 - 0x00007ffe6127a000 	F:\IntelliJ IDEA 2023.2.4\bin\breakgen64.dll
0x00007ffe3e810000 - 0x00007ffe3e819000 	F:\develop\jdk-21\bin\extnet.dll
0x00007ffe6b3e0000 - 0x00007ffe6b505000 	C:\Windows\SYSTEM32\DNSAPI.dll
0x00007ffe6b350000 - 0x00007ffe6b382000 	C:\Windows\SYSTEM32\IPHLPAPI.DLL
0x00007ffe6ee00000 - 0x00007ffe6ee0a000 	C:\Windows\System32\NSI.dll
0x00007ffe64550000 - 0x00007ffe6455b000 	C:\Windows\System32\rasadhlp.dll
0x00007ffe60eb0000 - 0x00007ffe60f35000 	C:\Windows\System32\fwpuclnt.dll
0x00007ffe64c20000 - 0x00007ffe64c2a000 	F:\develop\jdk-21\bin\management.dll
0x00007ffe63290000 - 0x00007ffe6329b000 	F:\develop\jdk-21\bin\management_ext.dll
0x00007ffe6d700000 - 0x00007ffe6d708000 	C:\Windows\System32\PSAPI.DLL
0x00007ffe6c2e0000 - 0x00007ffe6c2fc000 	C:\Windows\SYSTEM32\CRYPTSP.dll
0x00007ffe6b890000 - 0x00007ffe6b8c8000 	C:\Windows\system32\rsaenh.dll
0x00007ffe6bfd0000 - 0x00007ffe6bffb000 	C:\Windows\SYSTEM32\USERENV.dll
0x00007ffe6c470000 - 0x00007ffe6c496000 	C:\Windows\SYSTEM32\bcrypt.dll
0x00007ffe6c160000 - 0x00007ffe6c16c000 	C:\Windows\SYSTEM32\CRYPTBASE.dll
0x00007ffe2fda0000 - 0x00007ffe2fdb8000 	C:\Windows\system32\napinsp.dll
0x00007ffe2fd80000 - 0x00007ffe2fd92000 	C:\Windows\System32\winrnr.dll
0x00007ffe2fd50000 - 0x00007ffe2fd72000 	C:\Windows\system32\nlansp_c.dll
0x00007ffe64560000 - 0x00007ffe64576000 	C:\Windows\system32\wshbth.dll
0x00007ffe63260000 - 0x00007ffe6326e000 	F:\develop\jdk-21\bin\sunmscapi.dll
0x00007ffe6d0e0000 - 0x00007ffe6d256000 	C:\Windows\System32\CRYPT32.dll
0x00007ffe6c430000 - 0x00007ffe6c460000 	C:\Windows\SYSTEM32\ncrypt.dll
0x00007ffe6c3e0000 - 0x00007ffe6c41f000 	C:\Windows\SYSTEM32\NTASN1.dll
0x00007ffe64fe0000 - 0x00007ffe64fe8000 	C:\Windows\system32\wshunix.dll

dbghelp: loaded successfully - version: 4.0.5 - missing functions: none
symbol engine: initialized successfully - sym options: 0x614 - pdb path: .;F:\develop\jdk-21\bin;C:\Windows\SYSTEM32;C:\Windows\WinSxS\amd64_microsoft.windows.common-controls_6595b64144ccf1df_6.0.26100.3037_none_3e09262ce333c378;F:\develop\jdk-21\bin\server;F:\IntelliJ IDEA 2023.2.4\bin

VM Arguments:
jvm_args: -XX:TieredStopAtLevel=1 -Dspring.output.ansi.enabled=always -Dcom.sun.management.jmxremote -Dspring.jmx.enabled=true -Dspring.liveBeansView.mbeanDomain -Dspring.application.admin.enabled=true -Dmanagement.endpoints.jmx.exposure.include=* -javaagent:F:\IntelliJ IDEA 2023.2.4\lib\idea_rt.jar=55197:F:\IntelliJ IDEA 2023.2.4\bin -Dfile.encoding=UTF-8 -Dsun.stdout.encoding=UTF-8 -Dsun.stderr.encoding=UTF-8 
java_command: com.tyc.xiaohongshu.user.relation.biz.XiaohashuUserRelationBizApplication
java_class_path (initial): F:\Data\javaCode\Xiaohongshu_Change\xiaohongshu-user-relation\xiaohongshu-user-relation-biz\target\classes;F:\Data\javaCode\Xiaohongshu_Change\xiaohongshu-framework\xiaohongshu-common\target\classes;C:\Users\Administrator\.m2\repository\org\projectlombok\lombok\1.18.30\lombok-1.18.30.jar;C:\Users\Administrator\.m2\repository\com\fasterxml\jackson\core\jackson-databind\2.16.1\jackson-databind-2.16.1.jar;C:\Users\Administrator\.m2\repository\com\fasterxml\jackson\core\jackson-annotations\2.14.1\jackson-annotations-2.14.1.jar;C:\Users\Administrator\.m2\repository\com\fasterxml\jackson\core\jackson-core\2.16.1\jackson-core-2.16.1.jar;C:\Users\Administrator\.m2\repository\jakarta\validation\jakarta.validation-api\3.0.2\jakarta.validation-api-3.0.2.jar;C:\Users\Administrator\.m2\repository\org\hibernate\validator\hibernate-validator\8.0.0.Final\hibernate-validator-8.0.0.Final.jar;C:\Users\Administrator\.m2\repository\org\jboss\logging\jboss-logging\3.5.0.Final\jboss-logging-3.5.0.Final.jar;C:\Users\Administrator\.m2\repository\com\fasterxml\classmate\1.5.1\classmate-1.5.1.jar;C:\Users\Administrator\.m2\repository\com\fasterxml\jackson\datatype\jackson-datatype-jsr310\2.14.1\jackson-datatype-jsr310-2.14.1.jar;C:\Users\Administrator\.m2\repository\com\aliyun\tea\1.3.2\tea-1.3.2.jar;C:\Users\Administrator\.m2\repository\com\squareup\okhttp3\okhttp\4.10.0\okhttp-4.10.0.jar;C:\Users\Administrator\.m2\repository\com\squareup\okio\okio-jvm\3.0.0\okio-jvm-3.0.0.jar;C:\Users\Administrator\.m2\repository\com\google\code\gson\gson\2.9.1\gson-2.9.1.jar;C:\Users\Administrator\.m2\repository\org\apache\commons\commons-lang3\3.12.0\commons-lang3-3.12.0.jar;C:\Users\Administrator\.m2\repository\com\alibaba\cloud\spring-cloud-starter-alibaba-nacos-config\2022.0.0.0\spring-cloud-starter-alibaba-nacos-config-2022.0.0.0.jar;C:\Users\Administrator\.m2\repository\com\alibaba\cloud\spring-cloud-alibaba-commons\2022.0.0.0\spring-cloud-alibaba-commons-2022.0.0.0.jar;C:\Users\Administrator\.m2\repository\com\alibaba\spring\spring-context-support\1.0.11\spring-context-support-1.0.11.jar;C:\Users\Administrator\.m2\repository\com\alibaba\nacos\nacos-client\2.2.1\nacos-client-2.2.1.jar;C:\Users\Administrator\.m2\repository\com\alibaba\nacos\nacos-auth-plugin\2.2.1\nacos-auth-plugin-2.2.1.jar;C:\Users\Administrator\.m2\repository\com\alibaba\nacos\nacos-encryption-plugin\2.2.1\nacos-encryption-plugin-2.2.1.jar;C:\Users\Administrator\.m2\repository\commons-codec\commons-codec\1.15\commons-codec-1.15.jar;C:\Users\Administrator\.m2\repository\org\apache\httpcomponents\httpasyncclient\4.1.5\httpasyncclient-4.1.5.jar;C:\Users\Administrator\.m2\repository\org\apache\httpcomponents\httpcore\4.4.16\httpcore-4.4.16.jar;C:\Users\Administrator\.m2\repository\org\apache\httpcomponents\httpcore-nio\4.4.16\httpcore-nio-4.4.16.jar;C:\Users\Administrator\.m2\repository\org\apache\httpcomponents\httpclient\4.5.14\httpclient-4.5.14.jar;C:\Users\Administrator\.m2\repository\io\prometheus\simpleclient\0.16.0\simpleclient-0.16.0.jar;C:\Users\Administrator\.m2\repository\io\prometheus\simpleclient_tracer_otel\0.16.0\simpleclient_tracer_otel-0.16.0.jar;C:\Users\Administrator\.m2\repository\io\prometheus\simpleclient_tracer_common\0.16.0\simpleclient_tracer_common-0.16.0.jar;C:\Users\Administrator\.m2\repository\io\prometheus\simpleclient_tracer_otel_agent\0.16.0\simpleclient_tracer_otel_agent-0.16.0.jar;C:\Users\Administrator\.m2\repository\org\yaml\snakeyaml\1.33\snakeyaml-1.33.jar;C:\Users\Administrator\.m2\repository\org\springframework\cloud\spring-cloud-commons\4.0.0\spring-cloud-commons-4.0.0.jar;C:\Users\Administrator\.m2\repository\org\springframework\security\spring-security-crypto\6.0.1\spring-security-crypto-6.0.1.jar;C:\Users\Administrator\.m2\repository\org\springframework\cloud\spring-cloud-context\4.0.0\spring-cloud-context-4.0.0.jar;C:\Users\Administrator\.m2\repository\org\slf4j\slf4j-api\2.0.6\slf4j-api-2.0.6.jar;C:\Users\Administrator\.m2\repository\jakarta\annotation\jakarta.annotation-api\2.1.1\jakarta.annotation-api-2.1.1.jar;F:\Data\javaCode\Xiaohongshu_Change\xiaohongshu-framework\xiaohongshu-spring-boot-biz-operationlog\target\classes;C:\Users\Administrator\.m2\repository\org\springframework\boot\spring-boot-starter-aop\3.0.2\spring-boot-starter-aop-3.0.2.jar;C:\Users\Administrator\.m2\repository\org\springframework\spring-aop\6.0.4\spring-aop-6.0.4.jar;C:\Users\Administrator\.m2\repository\org\aspectj\aspectjweaver\1.9.19\aspectjweaver-1.9.19.jar;F:\Data\javaCode\Xiaohongshu_Change\xiaohongshu-framework\xiaohongshu-context\target\classes;C:\Users\Administrator\.m2\repository\org\springframework\boot\spring-boot-starter\3.0.2\spring-boot-starter-3.0.2.jar;C:\Users\Administrator\.m2\repository\org\springframework\boot\spring-boot\3.0.2\spring-boot-3.0.2.jar;C:\Users\Administrator\.m2\repository\org\springframework\boot\spring-boot-starter-logging\3.0.2\spring-boot-starter-logging-3.0.2.jar;C:\Users\Administrator\.m2\repository\ch\qos\logback\logback-classic\1.4.5\logback-classic-1.4.5.jar;C:\Users\Administrator\.m2\repository\ch\qos\logback\logback-core\1.4.5\logback-core-1.4.5.jar;C:\Users\Administrator\.m2\repository\org\apache\logging\log4j\log4j-to-slf4j\2.19.0\log4j-to-slf4j-2.19.0.jar;C:\Users\Administrator\.m2\repository\org\apache\logging\log4j\log4j-api\2.19.0\log4j-api-2.19.0.jar;C:\Users\Administrator\.m2\repository\org\slf4j\jul-to-slf4j\2.0.6\jul-to-slf4j-2.0.6.jar;C:\Users\Administrator\.m2\repository\io\github\openfeign\feign-core\12.1\feign-core-12.1.jar;C:\Users\Administrator\.m2\repository\org\springframework\spring-web\6.0.4\spring-web-6.0.4.jar;C:\Users\Administrator\.m2\repository\org\springframework\spring-beans\6.0.4\spring-beans-6.0.4.jar;C:\Users\Administrator\.m2\repository\io\micrometer\micrometer-observation\1.10.3\micrometer-observation-1.10.3.jar;C:\Users\Administrator\.m2\repository\io\micrometer\micrometer-commons\1.10.3\micrometer-commons-1.10.3.jar;C:\Users\Administrator\.m2\repository\jakarta\servlet\jakarta.servlet-api\6.0.0\jakarta.servlet-api-6.0.0.jar;C:\Users\Administrator\.m2\repository\com\alibaba\transmittable-thread-local\2.14.2\transmittable-thread-local-2.14.2.jar;F:\Data\javaCode\Xiaohongshu_Change\xiaohongshu-framework\xiaohongshu-spring-boot-jackson\target\classes;C:\Users\Administrator\.m2\repository\org\springframework\boot\spring-boot-autoconfigure\3.0.2\spring-boot-autoconfigure-3.0.2.jar;C:\Users\Administrator\.m2\repository\org\springframework\boot\spring-boot-starter-web\3.0.2\spring-boot-starter-web-3.0.2.jar;C:\Users\Administrator\.m2\repository\org\springframework\boot\spring-boot-starter-json\3.0.2\spring-boot-starter-json-3.0.2.jar;C:\Users\Administrator\.m2\repository\com\fasterxml\jackson\datatype\jackson-datatype-jdk8\2.14.1\jackson-datatype-jdk8-2.14.1.jar;C:\Users\Administrator\.m2\repository\com\fasterxml\jackson\module\jackson-module-parameter-names\2.14.1\jackson-module-parameter-names-2.14.1.jar;C:\Users\Administrator\.m2\repository\org\springframework\boot\spring-boot-starter-tomcat\3.0.2\spring-boot-starter-tomcat-3.0.2.jar;C:\Users\Administrator\.m2\repository\org\apache\tomcat\embed\tomcat-embed-core\10.1.5\tomcat-embed-core-10.1.5.jar;C:\Users\Administrator\.m2\repository\org\apache\tomcat\embed\tomcat-embed-el\10.1.5\tomcat-embed-el-10.1.5.jar;C:\Users\Administrator\.m2\repository\org\apache\tomcat\embed\tomcat-embed-websocket\10.1.5\tomcat-embed-websocket-10.1.5.jar;C:\Users\Administrator\.m2\repository\org\springframework\spring-webmvc\6.0.4\spring-webmvc-6.0.4.jar;C:\Users\Administrator\.m2\repository\org\springframework\spring-context\6.0.4\spring-context-6.0.4.jar;C:\Users\Administrator\.m2\repository\org\springframework\spring-expression\6.0.4\spring-expression-6.0.4.jar;C:\Users\Administrator\.m2\repository\org\springframework\spring-core\6.0.4\spring-core-6.0.4.jar;C:\Users\Administrator\.m2\repository\org\springframework\spring-jcl\6.0.4\spring-jcl-6.0.4.jar;C:\Users\Administrator\.m2\repository\org\springframework\cloud\spring-cloud-starter-bootstrap\4.0.0\spring-cloud-starter-bootstrap-4.0.0.jar;C:\Users\Administrator\.m2\repository\org\springframework\cloud\spring-cloud-starter\4.0.0\spring-cloud-starter-4.0.0.jar;C:\Users\Administrator\.m2\repository\org\springframework\security\spring-security-rsa\1.0.11.RELEASE\spring-security-rsa-1.0.11.RELEASE.jar;C:\Users\Administrator\.m2\repository\org\bouncycastle\bcpkix-jdk15on\1.69\bcpkix-jdk15on-1.69.jar;C:\Users\Administrator\.m2\repository\org\bouncycastle\bcprov-jdk15on\1.69\bcprov-jdk15on-1.69.jar;C:\Users\Administrator\.m2\repository\org\bouncycastle\bcutil-jdk15on\1.69\bcutil-jdk15on-1.69.jar;C:\Users\Administrator\.m2\repository\com\alibaba\cloud\spring-cloud-starter-alibaba-nacos-discovery\2022.0.0.0\spring-cloud-starter-alibaba-nacos-discovery-2022.0.0.0.jar;C:\Users\Administrator\.m2\repository\org\mybatis\spring\boot\mybatis-spring-boot-starter\3.0.2\mybatis-spring-boot-starter-3.0.2.jar;C:\Users\Administrator\.m2\repository\org\springframework\boot\spring-boot-starter-jdbc\3.0.2\spring-boot-starter-jdbc-3.0.2.jar;C:\Users\Administrator\.m2\repository\com\zaxxer\HikariCP\5.0.1\HikariCP-5.0.1.jar;C:\Users\Administrator\.m2\repository\org\springframework\spring-jdbc\6.0.4\spring-jdbc-6.0.4.jar;C:\Users\Administrator\.m2\repository\org\mybatis\spring\boot\mybatis-spring-boot-autoconfigure\3.0.2\mybatis-spring-boot-autoconfigure-3.0.2.jar;C:\Users\Administrator\.m2\repository\org\mybatis\mybatis\3.5.13\mybatis-3.5.13.jar;C:\Users\Administrator\.m2\repository\org\mybatis\mybatis-spring\3.0.2\mybatis-spring-3.0.2.jar;C:\Users\Administrator\.m2\repository\mysql\mysql-connector-java\8.0.29\mysql-connector-java-8.0.29.jar;C:\Users\Administrator\.m2\repository\com\google\protobuf\protobuf-java\3.19.4\protobuf-java-3.19.4.jar;C:\Users\Administrator\.m2\repository\org\apache\rocketmq\rocketmq-spring-boot-starter\2.2.3\rocketmq-spring-boot-starter-2.2.3.jar;C:\Users\Administrator\.m2\repository\org\apache\rocketmq\rocketmq-spring-boot\2.2.3\rocketmq-spring-boot-2.2.3.jar;C:\Users\Administrator\.m2\repository\org\apache\rocketmq\rocketmq-client\4.9.4\rocketmq-client-4.9.4.jar;C:\Users\Administrator\.m2\repository\org\apache\rocketmq\rocketmq-common\4.9.4\rocketmq-common-4.9.4.jar;C:\Users\Administrator\.m2\repository\com\github\luben\zstd-jni\1.5.2-2\zstd-jni-1.5.2-2.jar;C:\Users\Administrator\.m2\repository\org\lz4\lz4-java\1.8.0\lz4-java-1.8.0.jar;C:\Users\Administrator\.m2\repository\org\apache\rocketmq\rocketmq-acl\4.9.4\rocketmq-acl-4.9.4.jar;C:\Users\Administrator\.m2\repository\org\apache\rocketmq\rocketmq-remoting\4.9.4\rocketmq-remoting-4.9.4.jar;C:\Users\Administrator\.m2\repository\com\alibaba\fastjson\1.2.69_noneautotype\fastjson-1.2.69_noneautotype.jar;C:\Users\Administrator\.m2\repository\io\netty\netty-all\4.1.87.Final\netty-all-4.1.87.Final.jar;C:\Users\Administrator\.m2\repository\io\netty\netty-codec-dns\4.1.87.Final\netty-codec-dns-4.1.87.Final.jar;C:\Users\Administrator\.m2\repository\io\netty\netty-codec-haproxy\4.1.87.Final\netty-codec-haproxy-4.1.87.Final.jar;C:\Users\Administrator\.m2\repository\io\netty\netty-codec-http\4.1.87.Final\netty-codec-http-4.1.87.Final.jar;C:\Users\Administrator\.m2\repository\io\netty\netty-codec-http2\4.1.87.Final\netty-codec-http2-4.1.87.Final.jar;C:\Users\Administrator\.m2\repository\io\netty\netty-codec-memcache\4.1.87.Final\netty-codec-memcache-4.1.87.Final.jar;C:\Users\Administrator\.m2\repository\io\netty\netty-codec-mqtt\4.1.87.Final\netty-codec-mqtt-4.1.87.Final.jar;C:\Users\Administrator\.m2\repository\io\netty\netty-codec-redis\4.1.87.Final\netty-codec-redis-4.1.87.Final.jar;C:\Users\Administrator\.m2\repository\io\netty\netty-codec-smtp\4.1.87.Final\netty-codec-smtp-4.1.87.Final.jar;C:\Users\Administrator\.m2\repository\io\netty\netty-codec-socks\4.1.87.Final\netty-codec-socks-4.1.87.Final.jar;C:\Users\Administrator\.m2\repository\io\netty\netty-codec-stomp\4.1.87.Final\netty-codec-stomp-4.1.87.Final.jar;C:\Users\Administrator\.m2\repository\io\netty\netty-codec-xml\4.1.87.Final\netty-codec-xml-4.1.87.Final.jar;C:\Users\Administrator\.m2\repository\io\netty\netty-handler-proxy\4.1.87.Final\netty-handler-proxy-4.1.87.Final.jar;C:\Users\Administrator\.m2\repository\io\netty\netty-handler-ssl-ocsp\4.1.87.Final\netty-handler-ssl-ocsp-4.1.87.Final.jar;C:\Users\Administrator\.m2\repository\io\netty\netty-resolver-dns\4.1.87.Final\netty-resolver-dns-4.1.87.Final.jar;C:\Users\Administrator\.m2\repository\io\netty\netty-transport-rxtx\4.1.87.Final\netty-transport-rxtx-4.1.87.Final.jar;C:\Users\Administrator\.m2\repository\io\netty\netty-transport-sctp\4.1.87.Final\netty-transport-sctp-4.1.87.Final.jar;C:\Users\Administrator\.m2\repository\io\netty\netty-transport-udt\4.1.87.Final\netty-transport-udt-4.1.87.Final.jar;C:\Users\Administrator\.m2\repository\io\netty\netty-transport-classes-epoll\4.1.87.Final\netty-transport-classes-epoll-4.1.87.Final.jar;C:\Users\Administrator\.m2\repository\io\netty\netty-transport-classes-kqueue\4.1.87.Final\netty-transport-classes-kqueue-4.1.87.Final.jar;C:\Users\Administrator\.m2\repository\io\netty\netty-resolver-dns-classes-macos\4.1.87.Final\netty-resolver-dns-classes-macos-4.1.87.Final.jar;C:\Users\Administrator\.m2\repository\io\netty\netty-transport-native-epoll\4.1.87.Final\netty-transport-native-epoll-4.1.87.Final-linux-x86_64.jar;C:\Users\Administrator\.m2\repository\io\netty\netty-transport-native-epoll\4.1.87.Final\netty-transport-native-epoll-4.1.87.Final-linux-aarch_64.jar;C:\Users\Administrator\.m2\repository\io\netty\netty-transport-native-kqueue\4.1.87.Final\netty-transport-native-kqueue-4.1.87.Final-osx-x86_64.jar;C:\Users\Administrator\.m2\repository\io\netty\netty-transport-native-kqueue\4.1.87.Final\netty-transport-native-kqueue-4.1.87.Final-osx-aarch_64.jar;C:\Users\Administrator\.m2\repository\io\netty\netty-resolver-dns-native-macos\4.1.87.Final\netty-resolver-dns-native-macos-4.1.87.Final-osx-x86_64.jar;C:\Users\Administrator\.m2\repository\io\netty\netty-resolver-dns-native-macos\4.1.87.Final\netty-resolver-dns-native-macos-4.1.87.Final-osx-aarch_64.jar;C:\Users\Administrator\.m2\repository\org\apache\rocketmq\rocketmq-logging\4.9.4\rocketmq-logging-4.9.4.jar;C:\Users\Administrator\.m2\repository\org\apache\rocketmq\rocketmq-srvutil\4.9.4\rocketmq-srvutil-4.9.4.jar;C:\Users\Administrator\.m2\repository\commons-cli\commons-cli\1.2\commons-cli-1.2.jar;C:\Users\Administrator\.m2\repository\commons-validator\commons-validator\1.7\commons-validator-1.7.jar;C:\Users\Administrator\.m2\repository\commons-beanutils\commons-beanutils\1.9.4\commons-beanutils-1.9.4.jar;C:\Users\Administrator\.m2\repository\commons-digester\commons-digester\2.1\commons-digester-2.1.jar;C:\Users\Administrator\.m2\repository\commons-logging\commons-logging\1.2\commons-logging-1.2.jar;C:\Users\Administrator\.m2\repository\commons-collections\commons-collections\3.2.2\commons-collections-3.2.2.jar;C:\Users\Administrator\.m2\repository\org\springframework\spring-messaging\6.0.4\spring-messaging-6.0.4.jar;C:\Users\Administrator\.m2\repository\org\springframework\boot\spring-boot-starter-validation\3.0.2\spring-boot-starter-validation-3.0.2.jar;C:\Users\Administrator\.m2\repository\com\alibaba\druid-spring-boot-3-starter\1.2.23\druid-spring-boot-3-starter-1.2.23.jar;C:\Users\Administrator\.m2\repository\com\alibaba\druid\1.2.23\druid-1.2.23.jar;C:\Users\Administrator\.m2\repository\org\apache\commons\commons-pool2\2.11.1\commons-pool2-2.11.1.jar;C:\Users\Administrator\.m2\repository\org\springframework\boot\spring-boot-starter-data-redis\3.0.2\spring-boot-starter-data-redis-3.0.2.jar;C:\Users\Administrator\.m2\repository\org\springframework\data\spring-data-redis\3.0.1\spring-data-redis-3.0.1.jar;C:\Users\Administrator\.m2\repository\org\springframework\data\spring-data-keyvalue\3.0.1\spring-data-keyvalue-3.0.1.jar;C:\Users\Administrator\.m2\repository\org\springframework\data\spring-data-commons\3.0.1\spring-data-commons-3.0.1.jar;C:\Users\Administrator\.m2\repository\org\springframework\spring-tx\6.0.4\spring-tx-6.0.4.jar;C:\Users\Administrator\.m2\repository\org\springframework\spring-oxm\6.0.4\spring-oxm-6.0.4.jar;C:\Users\Administrator\.m2\repository\org\springframework\spring-context-support\6.0.4\spring-context-support-6.0.4.jar;C:\Users\Administrator\.m2\repository\io\lettuce\lettuce-core\6.2.2.RELEASE\lettuce-core-6.2.2.RELEASE.jar;C:\Users\Administrator\.m2\repository\io\netty\netty-common\4.1.87.Final\netty-common-4.1.87.Final.jar;C:\Users\Administrator\.m2\repository\io\netty\netty-handler\4.1.87.Final\netty-handler-4.1.87.Final.jar;C:\Users\Administrator\.m2\repository\io\netty\netty-resolver\4.1.87.Final\netty-resolver-4.1.87.Final.jar;C:\Users\Administrator\.m2\repository\io\netty\netty-buffer\4.1.87.Final\netty-buffer-4.1.87.Final.jar;C:\Users\Administrator\.m2\repository\io\netty\netty-transport-native-unix-common\4.1.87.Final\netty-transport-native-unix-common-4.1.87.Final.jar;C:\Users\Administrator\.m2\repository\io\netty\netty-codec\4.1.87.Final\netty-codec-4.1.87.Final.jar;C:\Users\Administrator\.m2\repository\io\netty\netty-transport\4.1.87.Final\netty-transport-4.1.87.Final.jar;C:\Users\Administrator\.m2\repository\io\projectreactor\reactor-core\3.5.2\reactor-core-3.5.2.jar;C:\Users\Administrator\.m2\repository\org\reactivestreams\reactive-streams\1.0.4\reactive-streams-1.0.4.jar;F:\Data\javaCode\Xiaohongshu_Change\xiaohongshu-user\xiaohongshu-user-api\target\classes;C:\Users\Administrator\.m2\repository\org\springframework\cloud\spring-cloud-starter-openfeign\4.0.0\spring-cloud-starter-openfeign-4.0.0.jar;C:\Users\Administrator\.m2\repository\io\github\openfeign\feign-slf4j\12.1\feign-slf4j-12.1.jar;C:\Users\Administrator\.m2\repository\org\springframework\cloud\spring-cloud-starter-loadbalancer\4.0.0\spring-cloud-starter-loadbalancer-4.0.0.jar;C:\Users\Administrator\.m2\repository\org\springframework\cloud\spring-cloud-loadbalancer\4.0.0\spring-cloud-loadbalancer-4.0.0.jar;C:\Users\Administrator\.m2\repository\io\projectreactor\addons\reactor-extra\3.5.0\reactor-extra-3.5.0.jar;C:\Users\Administrator\.m2\repository\org\springframework\boot\spring-boot-starter-cache\3.0.2\spring-boot-starter-cache-3.0.2.jar;C:\Users\Administrator\.m2\repository\com\stoyanr\evictor\1.0.0\evictor-1.0.0.jar;C:\Users\Administrator\.m2\repository\org\springframework\cloud\spring-cloud-openfeign-core\4.0.0\spring-cloud-openfeign-core-4.0.0.jar;C:\Users\Administrator\.m2\repository\io\github\openfeign\form\feign-form-spring\3.8.0\feign-form-spring-3.8.0.jar;C:\Users\Administrator\.m2\repository\io\github\openfeign\form\feign-form\3.8.0\feign-form-3.8.0.jar;C:\Users\Administrator\.m2\repository\commons-fileupload\commons-fileupload\1.4\commons-fileupload-1.4.jar;C:\Users\Administrator\.m2\repository\cn\hutool\hutool-all\5.8.26\hutool-all-5.8.26.jar;C:\Users\Administrator\.m2\repository\org\jetbrains\kotlin\kotlin-stdlib-jdk8\1.9.0\kotlin-stdlib-jdk8-1.9.0.jar;C:\Users\Administrator\.m2\repository\org\jetbrains\kotlin\kotlin-stdlib\1.7.22\kotlin-stdlib-1.7.22.jar;C:\Users\Administrator\.m2\repository\org\jetbrains\kotlin\kotlin-stdlib-common\1.7.22\kotlin-stdlib-common-1.7.22.jar;C:\Users\Administrator\.m2\repository\org\jetbrains\annotations\13.0\annotations-13.0.jar;C:\Users\Administrator\.m2\repository\org\jetbrains\kotlin\kotlin-stdlib-jdk7\1.7.22\kotlin-stdlib-jdk7-1.7.22.jar
Launcher Type: SUN_STANDARD

[Global flags]
     intx CICompilerCount                          = 12                                        {product} {ergonomic}
     uint ConcGCThreads                            = 3                                         {product} {ergonomic}
     uint G1ConcRefinementThreads                  = 13                                        {product} {ergonomic}
   size_t G1HeapRegionSize                         = 2097152                                   {product} {ergonomic}
    uintx GCDrainStackTargetSize                   = 64                                        {product} {ergonomic}
   size_t InitialHeapSize                          = 264241152                                 {product} {ergonomic}
     bool ManagementServer                         = true                                      {product} {command line}
   size_t MarkStackSize                            = 4194304                                   {product} {ergonomic}
   size_t MaxHeapSize                              = 4200595456                                {product} {ergonomic}
   size_t MaxNewSize                               = 2518679552                                {product} {ergonomic}
   size_t MinHeapDeltaBytes                        = 2097152                                   {product} {ergonomic}
   size_t MinHeapSize                              = 8388608                                   {product} {ergonomic}
    uintx NonNMethodCodeHeapSize                   = 4096                                   {pd product} {ergonomic}
    uintx NonProfiledCodeHeapSize                  = 0                                      {pd product} {ergonomic}
     bool ProfileInterpreter                       = false                                  {pd product} {command line}
    uintx ProfiledCodeHeapSize                     = 0                                      {pd product} {ergonomic}
   size_t SoftMaxHeapSize                          = 4200595456                             {manageable} {ergonomic}
     intx TieredStopAtLevel                        = 1                                         {product} {command line}
     bool UseCompressedOops                        = true                           {product lp64_product} {ergonomic}
     bool UseG1GC                                  = true                                      {product} {ergonomic}
     bool UseLargePagesIndividualAllocation        = false                                  {pd product} {ergonomic}

Logging:
Log output configuration:
 #0: stdout all=warning uptime,level,tags foldmultilines=false
 #1: stderr all=off uptime,level,tags foldmultilines=false

Environment Variables:
JAVA_HOME=F:\develop\jdk8u442-b06
PATH=C:\Windows\system32;C:\Windows;C:\Windows\System32\Wbem;C:\Windows\System32\WindowsPowerShell\v1.0\;C:\Windows\System32\OpenSSH\;C:\Program Files\NVIDIA Corporation\NVIDIA app\NvDLISR;C:\Program Files (x86)\NVIDIA Corporation\PhysX\Common;F:\develop\jdk8u442-b06\bin;C:\Program Files\Docker\Docker\resources\bin;F:\Git\cmd;C:\Users\Administrator\AppData\Local\Microsoft\WindowsApps;F:\develop\jdk8u442-b06\bin;F:\Microsoft VS Code\bin;F:\develop\mingw64\bin;E:\apache-maven-3.9.6\bin;
USERNAME=Administrator
OS=Windows_NT
PROCESSOR_IDENTIFIER=Intel64 Family 6 Model 141 Stepping 1, GenuineIntel
TMP=C:\Users\Administrator\AppData\Local\Temp
TEMP=C:\Users\Administrator\AppData\Local\Temp




Periodic native trim disabled

---------------  S Y S T E M  ---------------

OS:
 Windows 11 , 64 bit Build 26100 (10.0.26100.3037)
OS uptime: 3 days 4:55 hours
Hyper-V role detected

CPU: total 16 (initial active 16) (8 cores per cpu, 2 threads per core) family 6 model 141 stepping 1 microcode 0x40, cx8, cmov, fxsr, ht, mmx, 3dnowpref, sse, sse2, sse3, ssse3, sse4.1, sse4.2, popcnt, lzcnt, tsc, tscinvbit, avx, avx2, aes, erms, clmul, bmi1, bmi2, adx, avx512f, avx512dq, avx512cd, avx512bw, avx512vl, sha, fma, vzeroupper, avx512_vpopcntdq, avx512_vpclmulqdq, avx512_vaes, avx512_vnni, clflush, clflushopt, clwb, avx512_vbmi2, avx512_vbmi, hv, rdtscp, rdpid, fsrm, gfni, avx512_bitalg, f16c, cet_ibt, cet_ss, avx512_ifma
Processor Information for all 16 processors :
  Max Mhz: 2304, Current Mhz: 2304, Mhz Limit: 2304

Memory: 4k page, system-wide physical 16021M (596M free)
TotalPageFile size 32795M (AvailPageFile size 34M)
current process WorkingSet (physical memory assigned to process): 174M, peak: 174M
current process commit charge ("private bytes"): 229M, peak: 387M

vm_info: Java HotSpot(TM) 64-Bit Server VM (21.0.5+9-LTS-239) for windows-amd64 JRE (21.0.5+9-LTS-239), built on 2024-09-30T05:17:38Z by "mach5one" with MS VC++ 17.6 (VS2022)

END.
