#
# There is insufficient memory for the Java Runtime Environment to continue.
# Native memory allocation (malloc) failed to allocate 32744 bytes for Chunk::new
# Possible reasons:
#   The system is out of physical RAM or swap space
#   The process is running with CompressedOops enabled, and the Java Heap may be blocking the growth of the native heap
# Possible solutions:
#   Reduce memory load on the system
#   Increase physical memory or swap space
#   Check if swap backing store is full
#   Decrease Java heap size (-Xmx/-Xms)
#   Decrease number of Java threads
#   Decrease Java thread stack sizes (-Xss)
#   Set larger code cache with -XX:ReservedCodeCacheSize=
#   JVM is running with Zero Based Compressed Oops mode in which the Java heap is
#     placed in the first 32GB address space. The Java Heap base address is the
#     maximum limit for the native heap growth. Please use -XX:HeapBaseMinAddress
#     to set the Java Heap base and to place the Java Heap above 32GB virtual address.
# This output file may be truncated or incomplete.
#
#  Out of Memory Error (arena.cpp:168), pid=24552, tid=29468
#
# JRE version: Java(TM) SE Runtime Environment (21.0.5+9) (build 21.0.5+9-LTS-239)
# Java VM: Java HotSpot(TM) 64-Bit Server VM (21.0.5+9-LTS-239, mixed mode, emulated-client, sharing, tiered, compressed oops, compressed class ptrs, g1 gc, windows-amd64)
# No core dump will be written. Minidumps are not enabled by default on client versions of Windows
#

---------------  S U M M A R Y ------------

Command Line: -XX:TieredStopAtLevel=1 -Dspring.output.ansi.enabled=always -Dcom.sun.management.jmxremote -Dspring.jmx.enabled=true -Dspring.liveBeansView.mbeanDomain -Dspring.application.admin.enabled=true -Dmanagement.endpoints.jmx.exposure.include=* -javaagent:F:\IntelliJ IDEA 2023.2.4\lib\idea_rt.jar=49822:F:\IntelliJ IDEA 2023.2.4\bin -Dfile.encoding=UTF-8 -Dsun.stdout.encoding=UTF-8 -Dsun.stderr.encoding=UTF-8 com.tyc.xiaohongshu.auth.XiaohongshuAuthApplication

Host: 11th Gen Intel(R) Core(TM) i7-11800H @ 2.30GHz, 16 cores, 15G,  Windows 11 , 64 bit Build 26100 (10.0.26100.3037)
Time: Wed Feb 19 14:26:54 2025  Windows 11 , 64 bit Build 26100 (10.0.26100.3037) elapsed time: 10.088165 seconds (0d 0h 0m 10s)

---------------  T H R E A D  ---------------

Current thread (0x00000170704b1530):  JavaThread "C1 CompilerThread3" daemon [_thread_in_vm, id=29468, stack(0x000000517da00000,0x000000517db00000) (1024K)]


Current CompileTask:
C1:  10088 5359       1       org.aspectj.apache.bcel.util.ClassLoaderRepository$SoftHashMap::<init> (11 bytes)

Stack: [0x000000517da00000,0x000000517db00000]
Native frames: (J=compiled Java code, j=interpreted, Vv=VM code, C=native code)
V  [jvm.dll+0x6ca289]
V  [jvm.dll+0x854a51]
V  [jvm.dll+0x856f7e]
V  [jvm.dll+0x857653]
V  [jvm.dll+0x27dd26]
V  [jvm.dll+0xc4c2d]
V  [jvm.dll+0xc5163]
V  [jvm.dll+0x1f9c7b]
V  [jvm.dll+0x1e5573]
V  [jvm.dll+0x255366]
V  [jvm.dll+0x253a6a]
V  [jvm.dll+0x3ee136]
V  [jvm.dll+0x7fee9b]
V  [jvm.dll+0x6c896d]
C  [ucrtbase.dll+0x37b0]
C  [KERNEL32.DLL+0x2e8d7]
C  [ntdll.dll+0xbbf2c]


---------------  P R O C E S S  ---------------

Threads class SMR info:
_java_thread_list=0x0000017071c017c0, length=45, elements={
0x0000017055be7920, 0x000001706b574190, 0x000001706b576cf0, 0x000001706b579fc0,
0x000001706b57ada0, 0x000001706b57f6c0, 0x000001706b58cef0, 0x000001706b9e60b0,
0x000001706ba723b0, 0x000001706b58c860, 0x0000017070315c20, 0x000001706b58c1d0,
0x000001706b58b4b0, 0x000001706b58dc10, 0x000001706b58ae20, 0x000001706b58bb40,
0x00000170716d38e0, 0x00000170716d2bc0, 0x00000170716d3f70, 0x00000170716d4600,
0x00000170716d3250, 0x00000170716d2530, 0x00000170716d4c90, 0x00000170716d1ea0,
0x00000170716d8110, 0x00000170716d59b0, 0x00000170716d73f0, 0x00000170716d7a80,
0x00000170716d6d60, 0x00000170716d87a0, 0x00000170716d94c0, 0x000001706b58d580,
0x000001706b58a790, 0x0000017071e02e20, 0x0000017071e01a70, 0x0000017071e02100,
0x0000017071e02790, 0x0000017071e034b0, 0x0000017071e041d0, 0x0000017071e00d50,
0x0000017071e04860, 0x0000017071e05c10, 0x0000017071e013e0, 0x0000017071e06930,
0x00000170704b1530
}

Java Threads: ( => current thread )
  0x0000017055be7920 JavaThread "main"                              [_thread_blocked, id=26396, stack(0x0000005179800000,0x0000005179900000) (1024K)]
  0x000001706b574190 JavaThread "Reference Handler"          daemon [_thread_blocked, id=14904, stack(0x000000517a000000,0x000000517a100000) (1024K)]
  0x000001706b576cf0 JavaThread "Finalizer"                  daemon [_thread_blocked, id=13476, stack(0x000000517a100000,0x000000517a200000) (1024K)]
  0x000001706b579fc0 JavaThread "Signal Dispatcher"          daemon [_thread_blocked, id=22324, stack(0x000000517a200000,0x000000517a300000) (1024K)]
  0x000001706b57ada0 JavaThread "Attach Listener"            daemon [_thread_blocked, id=29428, stack(0x000000517a300000,0x000000517a400000) (1024K)]
  0x000001706b57f6c0 JavaThread "Service Thread"             daemon [_thread_blocked, id=29964, stack(0x000000517a400000,0x000000517a500000) (1024K)]
  0x000001706b58cef0 JavaThread "Monitor Deflation Thread"   daemon [_thread_blocked, id=28524, stack(0x000000517a500000,0x000000517a600000) (1024K)]
  0x000001706b9e60b0 JavaThread "C1 CompilerThread0"         daemon [_thread_blocked, id=6216, stack(0x000000517a600000,0x000000517a700000) (1024K)]
  0x000001706ba723b0 JavaThread "C1 CompilerThread1"         daemon [_thread_blocked, id=12732, stack(0x000000517a700000,0x000000517a800000) (1024K)]
  0x000001706b58c860 JavaThread "Common-Cleaner"             daemon [_thread_blocked, id=14308, stack(0x000000517a800000,0x000000517a900000) (1024K)]
  0x0000017070315c20 JavaThread "C1 CompilerThread2"         daemon [_thread_blocked, id=29360, stack(0x000000517a900000,0x000000517aa00000) (1024K)]
  0x000001706b58c1d0 JavaThread "Monitor Ctrl-Break"         daemon [_thread_in_native, id=22212, stack(0x000000517ab00000,0x000000517ac00000) (1024K)]
  0x000001706b58b4b0 JavaThread "Notification Thread"        daemon [_thread_blocked, id=24440, stack(0x000000517ac00000,0x000000517ad00000) (1024K)]
  0x000001706b58dc10 JavaThread "RMI TCP Accept-0"           daemon [_thread_in_native, id=1752, stack(0x000000517b200000,0x000000517b300000) (1024K)]
  0x000001706b58ae20 JavaThread "RMI TCP Connection(1)-10.131.117.118" daemon [_thread_in_native, id=3240, stack(0x000000517bf00000,0x000000517c000000) (1024K)]
  0x000001706b58bb40 JavaThread "RMI Scheduler(0)"           daemon [_thread_blocked, id=9380, stack(0x000000517c000000,0x000000517c100000) (1024K)]
  0x00000170716d38e0 JavaThread "com.alibaba.nacos.client.auth.ram.identify.watcher.0" daemon [_thread_blocked, id=29852, stack(0x000000517c100000,0x000000517c200000) (1024K)]
  0x00000170716d2bc0 JavaThread "com.alibaba.nacos.client.Worker" daemon [_thread_blocked, id=29724, stack(0x000000517c200000,0x000000517c300000) (1024K)]
  0x00000170716d3f70 JavaThread "com.alibaba.nacos.client.Worker" daemon [_thread_blocked, id=31892, stack(0x000000517c300000,0x000000517c400000) (1024K)]
  0x00000170716d4600 JavaThread "com.alibaba.nacos.client.Worker" daemon [_thread_blocked, id=24324, stack(0x000000517c400000,0x000000517c500000) (1024K)]
  0x00000170716d3250 JavaThread "nacos.publisher-com.alibaba.nacos.common.notify.SlowEvent" daemon [_thread_blocked, id=13408, stack(0x000000517be00000,0x000000517bf00000) (1024K)]
  0x00000170716d2530 JavaThread "com.alibaba.nacos.client.remote.worker" daemon [_thread_blocked, id=6272, stack(0x000000517c500000,0x000000517c600000) (1024K)]
  0x00000170716d4c90 JavaThread "com.alibaba.nacos.client.remote.worker" daemon [_thread_blocked, id=28904, stack(0x000000517c600000,0x000000517c700000) (1024K)]
  0x00000170716d1ea0 JavaThread "grpc-nio-worker-ELG-1-1"    daemon [_thread_in_native, id=30736, stack(0x000000517c700000,0x000000517c800000) (1024K)]
  0x00000170716d8110 JavaThread "grpc-default-executor-0"    daemon [_thread_blocked, id=23480, stack(0x000000517c800000,0x000000517c900000) (1024K)]
  0x00000170716d59b0 JavaThread "nacos-grpc-client-executor-127.0.0.1-0" daemon [_thread_blocked, id=32112, stack(0x000000517c900000,0x000000517ca00000) (1024K)]
  0x00000170716d73f0 JavaThread "nacos-grpc-client-executor-127.0.0.1-1" daemon [_thread_blocked, id=28300, stack(0x000000517ca00000,0x000000517cb00000) (1024K)]
  0x00000170716d7a80 JavaThread "grpc-nio-worker-ELG-1-2"    daemon [_thread_in_native, id=1888, stack(0x000000517cb00000,0x000000517cc00000) (1024K)]
  0x00000170716d6d60 JavaThread "nacos-grpc-client-executor-127.0.0.1-2" daemon [_thread_blocked, id=23184, stack(0x000000517cd00000,0x000000517ce00000) (1024K)]
  0x00000170716d87a0 JavaThread "nacos-grpc-client-executor-127.0.0.1-3" daemon [_thread_blocked, id=19348, stack(0x000000517ce00000,0x000000517cf00000) (1024K)]
  0x00000170716d94c0 JavaThread "nacos-grpc-client-executor-127.0.0.1-4" daemon [_thread_blocked, id=29344, stack(0x000000517cf00000,0x000000517d000000) (1024K)]
  0x000001706b58d580 JavaThread "nacos-grpc-client-executor-127.0.0.1-5" daemon [_thread_blocked, id=10432, stack(0x000000517d000000,0x000000517d100000) (1024K)]
  0x000001706b58a790 JavaThread "nacos-grpc-client-executor-127.0.0.1-6" daemon [_thread_blocked, id=31076, stack(0x000000517d100000,0x000000517d200000) (1024K)]
  0x0000017071e02e20 JavaThread "nacos-grpc-client-executor-127.0.0.1-7" daemon [_thread_blocked, id=23624, stack(0x000000517d200000,0x000000517d300000) (1024K)]
  0x0000017071e01a70 JavaThread "nacos-grpc-client-executor-127.0.0.1-8" daemon [_thread_blocked, id=31860, stack(0x000000517d300000,0x000000517d400000) (1024K)]
  0x0000017071e02100 JavaThread "nacos-grpc-client-executor-127.0.0.1-9" daemon [_thread_blocked, id=13984, stack(0x000000517d400000,0x000000517d500000) (1024K)]
  0x0000017071e02790 JavaThread "nacos-grpc-client-executor-127.0.0.1-10" daemon [_thread_blocked, id=10944, stack(0x000000517d500000,0x000000517d600000) (1024K)]
  0x0000017071e034b0 JavaThread "AsyncAppender-Worker-ASYNC_FILE" daemon [_thread_blocked, id=24904, stack(0x000000517bd00000,0x000000517be00000) (1024K)]
  0x0000017071e041d0 JavaThread "Catalina-utility-1"                [_thread_blocked, id=25464, stack(0x000000517d600000,0x000000517d700000) (1024K)]
  0x0000017071e00d50 JavaThread "Catalina-utility-2"                [_thread_blocked, id=11836, stack(0x000000517d700000,0x000000517d800000) (1024K)]
  0x0000017071e04860 JavaThread "container-0"                       [_thread_blocked, id=12412, stack(0x000000517d800000,0x000000517d900000) (1024K)]
  0x0000017071e05c10 JavaThread "com.alibaba.nacos.client.Worker" daemon [_thread_blocked, id=31244, stack(0x000000517d900000,0x000000517da00000) (1024K)]
  0x0000017071e013e0 JavaThread "RMI TCP Connection(2)-10.131.117.118" daemon [_thread_blocked, id=25248, stack(0x000000517aa00000,0x000000517ab00000) (1024K)]
  0x0000017071e06930 JavaThread "lettuce-timer-3-1"          daemon [_thread_blocked, id=2100, stack(0x000000517b600000,0x000000517b700000) (1024K)]
=>0x00000170704b1530 JavaThread "C1 CompilerThread3"         daemon [_thread_in_vm, id=29468, stack(0x000000517da00000,0x000000517db00000) (1024K)]
Total: 45

Other Threads:
  0x000001706b559a90 VMThread "VM Thread"                           [id=9592, stack(0x0000005179f00000,0x000000517a000000) (1024K)] _threads_hazard_ptr=0x0000017071c017c0
  0x000001706b54a890 WatcherThread "VM Periodic Task Thread"        [id=29676, stack(0x0000005179e00000,0x0000005179f00000) (1024K)]
  0x000001705812db50 WorkerThread "GC Thread#0"                     [id=4544, stack(0x0000005179900000,0x0000005179a00000) (1024K)]
  0x00000170705e03f0 WorkerThread "GC Thread#1"                     [id=9524, stack(0x000000517ad00000,0x000000517ae00000) (1024K)]
  0x00000170705e0790 WorkerThread "GC Thread#2"                     [id=22912, stack(0x000000517ae00000,0x000000517af00000) (1024K)]
  0x00000170705e0b30 WorkerThread "GC Thread#3"                     [id=12508, stack(0x000000517af00000,0x000000517b000000) (1024K)]
  0x00000170705e0ed0 WorkerThread "GC Thread#4"                     [id=5852, stack(0x000000517b000000,0x000000517b100000) (1024K)]
  0x00000170705e1270 WorkerThread "GC Thread#5"                     [id=25096, stack(0x000000517b100000,0x000000517b200000) (1024K)]
  0x0000017070ebc8f0 WorkerThread "GC Thread#6"                     [id=31700, stack(0x000000517b300000,0x000000517b400000) (1024K)]
  0x0000017070ee6a10 WorkerThread "GC Thread#7"                     [id=27636, stack(0x000000517b400000,0x000000517b500000) (1024K)]
  0x0000017070ee73d0 WorkerThread "GC Thread#8"                     [id=9416, stack(0x000000517b500000,0x000000517b600000) (1024K)]
  0x0000017070f7c400 WorkerThread "GC Thread#9"                     [id=18256, stack(0x000000517b700000,0x000000517b800000) (1024K)]
  0x0000017070f7c7a0 WorkerThread "GC Thread#10"                    [id=30428, stack(0x000000517b800000,0x000000517b900000) (1024K)]
  0x0000017070f7cee0 WorkerThread "GC Thread#11"                    [id=20956, stack(0x000000517b900000,0x000000517ba00000) (1024K)]
  0x0000017070f7d280 WorkerThread "GC Thread#12"                    [id=10732, stack(0x000000517ba00000,0x000000517bb00000) (1024K)]
  0x0000017055c9d5a0 ConcurrentGCThread "G1 Main Marker"            [id=25652, stack(0x0000005179a00000,0x0000005179b00000) (1024K)]
  0x0000017055c9dd50 WorkerThread "G1 Conc#0"                       [id=30732, stack(0x0000005179b00000,0x0000005179c00000) (1024K)]
  0x0000017070f7d620 WorkerThread "G1 Conc#1"                       [id=11692, stack(0x000000517bb00000,0x000000517bc00000) (1024K)]
  0x0000017070f7d9c0 WorkerThread "G1 Conc#2"                       [id=26636, stack(0x000000517bc00000,0x000000517bd00000) (1024K)]
  0x000001706b41b4b0 ConcurrentGCThread "G1 Refine#0"               [id=7716, stack(0x0000005179c00000,0x0000005179d00000) (1024K)]
  0x000001706b41cde0 ConcurrentGCThread "G1 Service"                [id=5004, stack(0x0000005179d00000,0x0000005179e00000) (1024K)]
Total: 21

Threads with active compile tasks:
C1 CompilerThread0    10099 5351       1       org.aspectj.weaver.UnresolvedType::signatureToName (682 bytes)
C1 CompilerThread1    10099 5356       1       org.aspectj.weaver.reflect.Java15AnnotationFinder::setClassLoader (136 bytes)
C1 CompilerThread2    10099 5358       1       org.aspectj.apache.bcel.util.ClassLoaderRepository::<init> (75 bytes)
C1 CompilerThread3    10099 5359       1       org.aspectj.apache.bcel.util.ClassLoaderRepository$SoftHashMap::<init> (11 bytes)
Total: 4

VM state: synchronizing (normal execution)

VM Mutex/Monitor currently owned by a thread:  ([mutex/lock_event])
[0x00007ffc2dd7be98] Threads_lock - owner thread: 0x000001706b559a90

Heap address: 0x0000000705a00000, size: 4006 MB, Compressed Oops mode: Zero based, Oop shift amount: 3

CDS archive(s) mapped at: [0x0000017000000000-0x0000017000c90000-0x0000017000c90000), size 13172736, SharedBaseAddress: 0x0000017000000000, ArchiveRelocationMode: 1.
Compressed class space mapped at: 0x0000017001000000-0x0000017041000000, reserved size: 1073741824
Narrow klass base: 0x0000017000000000, Narrow klass shift: 0, Narrow klass range: 0x100000000

GC Precious Log:
 CardTable entry size: 512
 Card Set container configuration: InlinePtr #cards 4 size 8 Array Of Cards #cards 16 size 48 Howl #buckets 8 coarsen threshold 3686 Howl Bitmap #cards 512 size 80 coarsen threshold 460 Card regions per heap region 1 cards per card region 4096
 CPUs: 16 total, 16 available
 Memory: 16021M
 Large Page Support: Disabled
 NUMA Support: Disabled
 Compressed Oops: Enabled (Zero based)
 Heap Region Size: 2M
 Heap Min Capacity: 8M
 Heap Initial Capacity: 252M
 Heap Max Capacity: 4006M
 Pre-touch: Disabled
 Parallel Workers: 13
 Concurrent Workers: 3
 Concurrent Refinement Workers: 13
 Periodic GC: Disabled

Heap:
 garbage-first heap   total 73728K, used 40334K [0x0000000705a00000, 0x0000000800000000)
  region size 2048K, 10 young (20480K), 3 survivors (6144K)
 Metaspace       used 52223K, committed 52800K, reserved 1114112K
  class space    used 7016K, committed 7232K, reserved 1048576K

Heap Regions: E=young(eden), S=young(survivor), O=old, HS=humongous(starts), HC=humongous(continues), CS=collection set, F=free, TAMS=top-at-mark-start, PB=parsable bottom
|   0|0x0000000705a00000, 0x0000000705c00000, 0x0000000705c00000|100%| O|  |TAMS 0x0000000705a00000| PB 0x0000000705a00000| Untracked 
|   1|0x0000000705c00000, 0x0000000705e00000, 0x0000000705e00000|100%| O|  |TAMS 0x0000000705c00000| PB 0x0000000705c00000| Untracked 
|   2|0x0000000705e00000, 0x0000000706000000, 0x0000000706000000|100%| O|  |TAMS 0x0000000705e00000| PB 0x0000000705e00000| Untracked 
|   3|0x0000000706000000, 0x0000000706200000, 0x0000000706200000|100%| O|  |TAMS 0x0000000706000000| PB 0x0000000706000000| Untracked 
|   4|0x0000000706200000, 0x0000000706200000, 0x0000000706400000|  0%| F|  |TAMS 0x0000000706200000| PB 0x0000000706200000| Untracked 
|   5|0x0000000706400000, 0x0000000706600000, 0x0000000706600000|100%| O|  |TAMS 0x0000000706400000| PB 0x0000000706400000| Untracked 
|   6|0x0000000706600000, 0x0000000706800000, 0x0000000706800000|100%| O|  |TAMS 0x0000000706600000| PB 0x0000000706600000| Untracked 
|   7|0x0000000706800000, 0x0000000706a00000, 0x0000000706a00000|100%| O|  |TAMS 0x0000000706800000| PB 0x0000000706800000| Untracked 
|   8|0x0000000706a00000, 0x0000000706c00000, 0x0000000706c00000|100%| O|  |TAMS 0x0000000706a00000| PB 0x0000000706a00000| Untracked 
|   9|0x0000000706c00000, 0x0000000706e00000, 0x0000000706e00000|100%| O|  |TAMS 0x0000000706c00000| PB 0x0000000706c00000| Untracked 
|  10|0x0000000706e00000, 0x0000000707000000, 0x0000000707000000|100%| O|  |TAMS 0x0000000706e00000| PB 0x0000000706e00000| Untracked 
|  11|0x0000000707000000, 0x0000000707200000, 0x0000000707200000|100%| O|  |TAMS 0x0000000707000000| PB 0x0000000707000000| Untracked 
|  12|0x0000000707200000, 0x0000000707200000, 0x0000000707400000|  0%| F|  |TAMS 0x0000000707200000| PB 0x0000000707200000| Untracked 
|  13|0x0000000707400000, 0x0000000707563b18, 0x0000000707600000| 69%| S|CS|TAMS 0x0000000707400000| PB 0x0000000707400000| Complete 
|  14|0x0000000707600000, 0x0000000707800000, 0x0000000707800000|100%| S|CS|TAMS 0x0000000707600000| PB 0x0000000707600000| Complete 
|  15|0x0000000707800000, 0x0000000707800000, 0x0000000707a00000|  0%| F|  |TAMS 0x0000000707800000| PB 0x0000000707800000| Untracked 
|  16|0x0000000707a00000, 0x0000000707a00000, 0x0000000707c00000|  0%| F|  |TAMS 0x0000000707a00000| PB 0x0000000707a00000| Untracked 
|  17|0x0000000707c00000, 0x0000000707e00000, 0x0000000707e00000|100%| S|CS|TAMS 0x0000000707c00000| PB 0x0000000707c00000| Complete 
|  18|0x0000000707e00000, 0x0000000707e00000, 0x0000000708000000|  0%| F|  |TAMS 0x0000000707e00000| PB 0x0000000707e00000| Untracked 
|  19|0x0000000708000000, 0x0000000708000000, 0x0000000708200000|  0%| F|  |TAMS 0x0000000708000000| PB 0x0000000708000000| Untracked 
|  20|0x0000000708200000, 0x0000000708200000, 0x0000000708400000|  0%| F|  |TAMS 0x0000000708200000| PB 0x0000000708200000| Untracked 
|  21|0x0000000708400000, 0x0000000708400000, 0x0000000708600000|  0%| F|  |TAMS 0x0000000708400000| PB 0x0000000708400000| Untracked 
|  22|0x0000000708600000, 0x0000000708600000, 0x0000000708800000|  0%| F|  |TAMS 0x0000000708600000| PB 0x0000000708600000| Untracked 
|  23|0x0000000708800000, 0x0000000708800000, 0x0000000708a00000|  0%| F|  |TAMS 0x0000000708800000| PB 0x0000000708800000| Untracked 
|  24|0x0000000708a00000, 0x0000000708a00000, 0x0000000708c00000|  0%| F|  |TAMS 0x0000000708a00000| PB 0x0000000708a00000| Untracked 
|  25|0x0000000708c00000, 0x0000000708c00000, 0x0000000708e00000|  0%| F|  |TAMS 0x0000000708c00000| PB 0x0000000708c00000| Untracked 
|  26|0x0000000708e00000, 0x0000000708e00000, 0x0000000709000000|  0%| F|  |TAMS 0x0000000708e00000| PB 0x0000000708e00000| Untracked 
|  27|0x0000000709000000, 0x0000000709000000, 0x0000000709200000|  0%| F|  |TAMS 0x0000000709000000| PB 0x0000000709000000| Untracked 
|  28|0x0000000709200000, 0x0000000709200000, 0x0000000709400000|  0%| F|  |TAMS 0x0000000709200000| PB 0x0000000709200000| Untracked 
|  29|0x0000000709400000, 0x00000007094dcce0, 0x0000000709600000| 43%| E|  |TAMS 0x0000000709400000| PB 0x0000000709400000| Complete 
|  30|0x0000000709600000, 0x0000000709800000, 0x0000000709800000|100%| E|CS|TAMS 0x0000000709600000| PB 0x0000000709600000| Complete 
|  31|0x0000000709800000, 0x0000000709a00000, 0x0000000709a00000|100%| E|CS|TAMS 0x0000000709800000| PB 0x0000000709800000| Complete 
|  32|0x0000000709a00000, 0x0000000709c00000, 0x0000000709c00000|100%| E|CS|TAMS 0x0000000709a00000| PB 0x0000000709a00000| Complete 
|  33|0x0000000709c00000, 0x0000000709e00000, 0x0000000709e00000|100%| E|CS|TAMS 0x0000000709c00000| PB 0x0000000709c00000| Complete 
| 116|0x0000000714200000, 0x0000000714400000, 0x0000000714400000|100%| E|CS|TAMS 0x0000000714200000| PB 0x0000000714200000| Complete 
| 125|0x0000000715400000, 0x0000000715600000, 0x0000000715600000|100%| E|CS|TAMS 0x0000000715400000| PB 0x0000000715400000| Complete 

Card table byte_map: [0x0000017064370000,0x0000017064b50000] _byte_map_base: 0x0000017060b43000

Marking Bits: (CMBitMap*) 0x0000017055c9c180
 Bits: [0x0000017064b50000, 0x00000170689e8000)

Polling page: 0x0000017055f10000

Metaspace:

Usage:
  Non-class:     44.15 MB used.
      Class:      6.85 MB used.
       Both:     51.00 MB used.

Virtual space:
  Non-class space:       64.00 MB reserved,      44.50 MB ( 70%) committed,  1 nodes.
      Class space:        1.00 GB reserved,       7.06 MB ( <1%) committed,  1 nodes.
             Both:        1.06 GB reserved,      51.56 MB (  5%) committed. 

Chunk freelists:
   Non-Class:  3.30 MB
       Class:  8.75 MB
        Both:  12.05 MB

MaxMetaspaceSize: unlimited
CompressedClassSpaceSize: 1.00 GB
Initial GC threshold: 21.00 MB
Current GC threshold: 65.00 MB
CDS: on
 - commit_granule_bytes: 65536.
 - commit_granule_words: 8192.
 - virtual_space_node_default_size: 8388608.
 - enlarge_chunks_in_place: 1.
 - use_allocation_guard: 0.


Internal statistics:

num_allocs_failed_limit: 9.
num_arena_births: 746.
num_arena_deaths: 0.
num_vsnodes_births: 2.
num_vsnodes_deaths: 0.
num_space_committed: 825.
num_space_uncommitted: 0.
num_chunks_returned_to_freelist: 9.
num_chunks_taken_from_freelist: 2496.
num_chunk_merges: 9.
num_chunk_splits: 1846.
num_chunks_enlarged: 1449.
num_inconsistent_stats: 0.

CodeCache: size=49152Kb used=11623Kb max_used=12143Kb free=37528Kb
 bounds [0x0000017060530000, 0x0000017061110000, 0x0000017063530000]
 total_blobs=5952 nmethods=5294 adapters=578
 compilation: enabled
              stopped_count=0, restarted_count=0
 full_count=0

Compilation events (20 events):
Event: 7.066 Thread 0x000001706b9e60b0 nmethod 5347 0x0000017060c61810 code [0x0000017060c619a0, 0x0000017060c61a68]
Event: 7.066 Thread 0x000001706ba723b0 nmethod 5348 0x0000017060c61510 code [0x0000017060c616a0, 0x0000017060c61768]
Event: 7.071 Thread 0x000001706ba723b0 5349   !   1       org.springframework.util.ReflectionUtils::doWithLocalFields (63 bytes)
Event: 7.071 Thread 0x000001706ba723b0 nmethod 5349 0x0000017060c60f10 code [0x0000017060c610e0, 0x0000017060c61348]
Event: 7.071 Thread 0x000001706ba723b0 5350       1       org.aspectj.weaver.UnresolvedType::getName (8 bytes)
Event: 7.071 Thread 0x000001706b9e60b0 5351       1       org.aspectj.weaver.UnresolvedType::signatureToName (682 bytes)
Event: 7.071 Thread 0x000001706ba723b0 nmethod 5350 0x0000017060c60c10 code [0x0000017060c60da0, 0x0000017060c60e88]
Event: 7.071 Thread 0x000001706ba723b0 5353   !   1       java.util.Collections$SynchronizedMap::remove (25 bytes)
Event: 7.071 Thread 0x0000017070315c20 5352       1       org.aspectj.lang.reflect.AjTypeSystem::getAjType (89 bytes)
Event: 7.071 Thread 0x000001706ba723b0 nmethod 5353 0x0000017060c60790 code [0x0000017060c60940, 0x0000017060c60b30]
Event: 7.071 Thread 0x000001706ba723b0 5354       1       org.aspectj.apache.bcel.util.ClassLoaderRepository$SoftHashMap::<init> (26 bytes)
Event: 7.071 Thread 0x000001706ba723b0 nmethod 5354 0x0000017060c5ff90 code [0x0000017060c60140, 0x0000017060c605f8]
Event: 7.071 Thread 0x0000017070315c20 nmethod 5352 0x0000017060c5f510 code [0x0000017060c5f720, 0x0000017060c5fdb0]
Event: 7.071 Thread 0x0000017070315c20 5355       1       org.aspectj.weaver.reflect.Java15AnnotationFinder::<init> (5 bytes)
Event: 7.071 Thread 0x000001706ba723b0 5356       1       org.aspectj.weaver.reflect.Java15AnnotationFinder::setClassLoader (136 bytes)
Event: 7.071 Thread 0x0000017070315c20 nmethod 5355 0x0000017060c5f210 code [0x0000017060c5f3a0, 0x0000017060c5f468]
Event: 7.071 Thread 0x0000017070315c20 5357       1       org.aspectj.weaver.bcel.BcelWeakClassLoaderReference::<init> (6 bytes)
Event: 7.071 Thread 0x0000017070315c20 nmethod 5357 0x0000017060c5ef10 code [0x0000017060c5f0a0, 0x0000017060c5f180]
Event: 7.071 Thread 0x0000017070315c20 5358       1       org.aspectj.apache.bcel.util.ClassLoaderRepository::<init> (75 bytes)
Event: 7.071 Thread 0x00000170704b1530 5359       1       org.aspectj.apache.bcel.util.ClassLoaderRepository$SoftHashMap::<init> (11 bytes)

GC Heap History (20 events):
Event: 0.917 GC heap before
{Heap before GC invocations=1 (full 0):
 garbage-first heap   total 258048K, used 29595K [0x0000000705a00000, 0x0000000800000000)
  region size 2048K, 12 young (24576K), 2 survivors (4096K)
 Metaspace       used 9660K, committed 9920K, reserved 1114112K
  class space    used 1222K, committed 1344K, reserved 1048576K
}
Event: 0.920 GC heap after
{Heap after GC invocations=2 (full 0):
 garbage-first heap   total 258048K, used 11325K [0x0000000705a00000, 0x0000000800000000)
  region size 2048K, 2 young (4096K), 2 survivors (4096K)
 Metaspace       used 9660K, committed 9920K, reserved 1114112K
  class space    used 1222K, committed 1344K, reserved 1048576K
}
Event: 1.208 GC heap before
{Heap before GC invocations=2 (full 0):
 garbage-first heap   total 258048K, used 27709K [0x0000000705a00000, 0x0000000800000000)
  region size 2048K, 11 young (22528K), 2 survivors (4096K)
 Metaspace       used 13739K, committed 14016K, reserved 1114112K
  class space    used 1831K, committed 1920K, reserved 1048576K
}
Event: 1.212 GC heap after
{Heap after GC invocations=3 (full 0):
 garbage-first heap   total 258048K, used 13205K [0x0000000705a00000, 0x0000000800000000)
  region size 2048K, 2 young (4096K), 2 survivors (4096K)
 Metaspace       used 13739K, committed 14016K, reserved 1114112K
  class space    used 1831K, committed 1920K, reserved 1048576K
}
Event: 1.541 GC heap before
{Heap before GC invocations=4 (full 0):
 garbage-first heap   total 55296K, used 52117K [0x0000000705a00000, 0x0000000800000000)
  region size 2048K, 22 young (45056K), 2 survivors (4096K)
 Metaspace       used 22028K, committed 22400K, reserved 1114112K
  class space    used 2955K, committed 3136K, reserved 1048576K
}
Event: 1.548 GC heap after
{Heap after GC invocations=5 (full 0):
 garbage-first heap   total 63488K, used 16304K [0x0000000705a00000, 0x0000000800000000)
  region size 2048K, 4 young (8192K), 4 survivors (8192K)
 Metaspace       used 22028K, committed 22400K, reserved 1114112K
  class space    used 2955K, committed 3136K, reserved 1048576K
}
Event: 1.588 GC heap before
{Heap before GC invocations=5 (full 0):
 garbage-first heap   total 63488K, used 20400K [0x0000000705a00000, 0x0000000800000000)
  region size 2048K, 7 young (14336K), 4 survivors (8192K)
 Metaspace       used 22955K, committed 23360K, reserved 1114112K
  class space    used 3077K, committed 3264K, reserved 1048576K
}
Event: 1.593 GC heap after
{Heap after GC invocations=6 (full 0):
 garbage-first heap   total 63488K, used 17198K [0x0000000705a00000, 0x0000000800000000)
  region size 2048K, 2 young (4096K), 2 survivors (4096K)
 Metaspace       used 22955K, committed 23360K, reserved 1114112K
  class space    used 3077K, committed 3264K, reserved 1048576K
}
Event: 1.602 GC heap before
{Heap before GC invocations=6 (full 0):
 garbage-first heap   total 63488K, used 17198K [0x0000000705a00000, 0x0000000800000000)
  region size 2048K, 3 young (6144K), 2 survivors (4096K)
 Metaspace       used 23247K, committed 23680K, reserved 1114112K
  class space    used 3111K, committed 3328K, reserved 1048576K
}
Event: 1.605 GC heap after
{Heap after GC invocations=7 (full 0):
 garbage-first heap   total 161792K, used 16939K [0x0000000705a00000, 0x0000000800000000)
  region size 2048K, 1 young (2048K), 1 survivors (2048K)
 Metaspace       used 23247K, committed 23680K, reserved 1114112K
  class space    used 3111K, committed 3328K, reserved 1048576K
}
Event: 2.440 GC heap before
{Heap before GC invocations=8 (full 0):
 garbage-first heap   total 69632K, used 66091K [0x0000000705a00000, 0x0000000800000000)
  region size 2048K, 26 young (53248K), 1 survivors (2048K)
 Metaspace       used 32704K, committed 33152K, reserved 1114112K
  class space    used 4328K, committed 4544K, reserved 1048576K
}
Event: 2.446 GC heap after
{Heap after GC invocations=9 (full 0):
 garbage-first heap   total 73728K, used 19648K [0x0000000705a00000, 0x0000000800000000)
  region size 2048K, 2 young (4096K), 2 survivors (4096K)
 Metaspace       used 32704K, committed 33152K, reserved 1114112K
  class space    used 4328K, committed 4544K, reserved 1048576K
}
Event: 3.186 GC heap before
{Heap before GC invocations=9 (full 0):
 garbage-first heap   total 73728K, used 58560K [0x0000000705a00000, 0x0000000800000000)
  region size 2048K, 21 young (43008K), 2 survivors (4096K)
 Metaspace       used 38737K, committed 39168K, reserved 1114112K
  class space    used 5104K, committed 5312K, reserved 1048576K
}
Event: 3.196 GC heap after
{Heap after GC invocations=10 (full 0):
 garbage-first heap   total 73728K, used 22188K [0x0000000705a00000, 0x0000000800000000)
  region size 2048K, 3 young (6144K), 3 survivors (6144K)
 Metaspace       used 38737K, committed 39168K, reserved 1114112K
  class space    used 5104K, committed 5312K, reserved 1048576K
}
Event: 3.305 GC heap before
{Heap before GC invocations=10 (full 0):
 garbage-first heap   total 73728K, used 28332K [0x0000000705a00000, 0x0000000800000000)
  region size 2048K, 7 young (14336K), 3 survivors (6144K)
 Metaspace       used 39381K, committed 39808K, reserved 1114112K
  class space    used 5167K, committed 5376K, reserved 1048576K
}
Event: 3.312 GC heap after
{Heap after GC invocations=11 (full 0):
 garbage-first heap   total 73728K, used 23587K [0x0000000705a00000, 0x0000000800000000)
  region size 2048K, 1 young (2048K), 1 survivors (2048K)
 Metaspace       used 39381K, committed 39808K, reserved 1114112K
  class space    used 5167K, committed 5376K, reserved 1048576K
}
Event: 3.974 GC heap before
{Heap before GC invocations=12 (full 0):
 garbage-first heap   total 73728K, used 60451K [0x0000000705a00000, 0x0000000800000000)
  region size 2048K, 19 young (38912K), 1 survivors (2048K)
 Metaspace       used 43619K, committed 44160K, reserved 1114112K
  class space    used 5771K, committed 6016K, reserved 1048576K
}
Event: 3.981 GC heap after
{Heap after GC invocations=13 (full 0):
 garbage-first heap   total 73728K, used 25635K [0x0000000705a00000, 0x0000000800000000)
  region size 2048K, 2 young (4096K), 2 survivors (4096K)
 Metaspace       used 43619K, committed 44160K, reserved 1114112K
  class space    used 5771K, committed 6016K, reserved 1048576K
}
Event: 4.624 GC heap before
{Heap before GC invocations=13 (full 0):
 garbage-first heap   total 73728K, used 60451K [0x0000000705a00000, 0x0000000800000000)
  region size 2048K, 20 young (40960K), 2 survivors (4096K)
 Metaspace       used 49418K, committed 50048K, reserved 1114112K
  class space    used 6524K, committed 6784K, reserved 1048576K
}
Event: 4.635 GC heap after
{Heap after GC invocations=14 (full 0):
 garbage-first heap   total 73728K, used 28046K [0x0000000705a00000, 0x0000000800000000)
  region size 2048K, 3 young (6144K), 3 survivors (6144K)
 Metaspace       used 49418K, committed 50048K, reserved 1114112K
  class space    used 6524K, committed 6784K, reserved 1048576K
}

Dll operation events (13 events):
Event: 0.008 Loaded shared library F:\develop\jdk-21\bin\java.dll
Event: 0.145 Loaded shared library F:\develop\jdk-21\bin\zip.dll
Event: 0.149 Loaded shared library F:\develop\jdk-21\bin\instrument.dll
Event: 0.154 Loaded shared library F:\develop\jdk-21\bin\net.dll
Event: 0.155 Loaded shared library F:\develop\jdk-21\bin\nio.dll
Event: 0.157 Loaded shared library F:\develop\jdk-21\bin\zip.dll
Event: 0.295 Loaded shared library F:\IntelliJ IDEA 2023.2.4\bin\breakgen64.dll
Event: 0.299 Loaded shared library F:\develop\jdk-21\bin\jimage.dll
Event: 0.302 Loaded shared library F:\develop\jdk-21\bin\extnet.dll
Event: 0.315 Loaded shared library F:\develop\jdk-21\bin\management.dll
Event: 0.323 Loaded shared library F:\develop\jdk-21\bin\management_ext.dll
Event: 2.136 Loaded shared library F:\develop\jdk-21\bin\sunmscapi.dll
Event: 4.305 Loaded shared library F:\develop\jdk-21\bin\verify.dll

Deoptimization events (10 events):
Event: 1.269 Thread 0x0000017055be7920 DEOPT PACKING pc=0x0000017060774bcc sp=0x00000051798fe550
Event: 1.269 Thread 0x0000017055be7920 DEOPT UNPACKING pc=0x00000170605888e2 sp=0x00000051798fd988 mode 3
Event: 1.335 Thread 0x0000017055be7920 DEOPT PACKING pc=0x000001706077450b sp=0x00000051798fe4f0
Event: 1.335 Thread 0x0000017055be7920 DEOPT UNPACKING pc=0x00000170605888e2 sp=0x00000051798fd980 mode 3
Event: 1.568 Thread 0x0000017055be7920 DEOPT PACKING pc=0x0000017060cb4acc sp=0x00000051798fc3e0
Event: 1.568 Thread 0x0000017055be7920 DEOPT UNPACKING pc=0x00000170605888e2 sp=0x00000051798fb818 mode 3
Event: 1.766 Thread 0x0000017055be7920 DEOPT PACKING pc=0x00000170608bcb4c sp=0x00000051798fee50
Event: 1.766 Thread 0x0000017055be7920 DEOPT UNPACKING pc=0x00000170605888e2 sp=0x00000051798fe288 mode 3
Event: 2.999 Thread 0x0000017055be7920 DEOPT PACKING pc=0x0000017060e0fccc sp=0x00000051798fee40
Event: 2.999 Thread 0x0000017055be7920 DEOPT UNPACKING pc=0x00000170605888e2 sp=0x00000051798fe278 mode 3

Classes loaded (20 events):
Event: 4.485 Loading class java/lang/instrument/IllegalClassFormatException
Event: 4.485 Loading class java/lang/instrument/IllegalClassFormatException done
Event: 4.485 Loading class java/lang/reflect/InaccessibleObjectException
Event: 4.485 Loading class java/lang/reflect/InaccessibleObjectException done
Event: 4.486 Loading class java/lang/UnsupportedClassVersionError
Event: 4.486 Loading class java/lang/UnsupportedClassVersionError done
Event: 4.504 Loading class java/util/logging/LogRecord
Event: 4.505 Loading class java/util/logging/LogRecord done
Event: 4.547 Loading class java/security/NoSuchProviderException
Event: 4.547 Loading class java/security/NoSuchProviderException done
Event: 4.722 Loading class java/nio/channels/CompletionHandler
Event: 4.722 Loading class java/nio/channels/CompletionHandler done
Event: 4.848 Loading class java/time/DurationEditor
Event: 4.848 Loading class java/time/DurationEditor done
Event: 4.852 Loading class java/time/Duration$1
Event: 4.852 Loading class java/time/Duration$1 done
Event: 5.925 Loading class sun/misc/VM
Event: 5.925 Loading class sun/misc/VM done
Event: 5.945 Loading class java/util/concurrent/Executors$DelegatedScheduledExecutorService
Event: 5.945 Loading class java/util/concurrent/Executors$DelegatedScheduledExecutorService done

Classes unloaded (0 events):
No events

Classes redefined (0 events):
No events

Internal exceptions (20 events):
Event: 3.946 Thread 0x0000017055be7920 Exception <a 'java/lang/NoClassDefFoundError'{0x0000000707c8fba0}: org/flywaydb/core/Flyway> (0x0000000707c8fba0) 
thrown [s\open\src\hotspot\share\classfile\systemDictionary.cpp, line 301]
Event: 3.947 Thread 0x0000017055be7920 Exception <a 'java/lang/NoClassDefFoundError'{0x0000000707c92f90}: liquibase/integration/spring/SpringLiquibase> (0x0000000707c92f90) 
thrown [s\open\src\hotspot\share\classfile\systemDictionary.cpp, line 301]
Event: 4.050 Thread 0x0000017055be7920 Exception <a 'java/lang/NoSuchMethodError'{0x0000000709c28a90}: 'java.lang.Object java.lang.invoke.DirectMethodHandle$Holder.invokeSpecialIFC(java.lang.Object, java.lang.Object, java.lang.Object)'> (0x0000000709c28a90) 
thrown [s\open\src\hotspot\share\interpreter\linkResolver.cpp, line 773]
Event: 4.150 Thread 0x0000017055be7920 Exception <a 'java/lang/ArrayIndexOutOfBoundsException'{0x0000000709858c20}: Index 3 out of bounds for length 3> (0x0000000709858c20) 
thrown [s\open\src\hotspot\share\interpreter\interpreterRuntime.cpp, line 439]
Event: 4.150 Thread 0x0000017055be7920 Exception <a 'java/lang/ArrayIndexOutOfBoundsException'{0x0000000709859248}: Index 3 out of bounds for length 3> (0x0000000709859248) 
thrown [s\open\src\hotspot\share\interpreter\interpreterRuntime.cpp, line 439]
Event: 4.169 Thread 0x0000017055be7920 Exception <a 'java/lang/ArrayIndexOutOfBoundsException'{0x0000000709921850}: Index 17 out of bounds for length 17> (0x0000000709921850) 
thrown [s\open\src\hotspot\share\interpreter\interpreterRuntime.cpp, line 439]
Event: 4.169 Thread 0x0000017055be7920 Exception <a 'java/lang/ArrayIndexOutOfBoundsException'{0x0000000709921e28}: Index 17 out of bounds for length 17> (0x0000000709921e28) 
thrown [s\open\src\hotspot\share\interpreter\interpreterRuntime.cpp, line 439]
Event: 4.254 Thread 0x0000017055be7920 Exception <a 'java/lang/NoSuchMethodError'{0x00000007097c0c40}: 'java.lang.Object java.lang.invoke.DirectMethodHandle$Holder.invokeVirtual(java.lang.Object, java.lang.Object, java.lang.Object, java.lang.Object, java.lang.Object)'> (0x00000007097c0c40) 
thrown [s\open\src\hotspot\share\interpreter\linkResolver.cpp, line 773]
Event: 4.334 Thread 0x0000017055be7920 Exception <a 'java/lang/NoSuchMethodError'{0x0000000709055158}: 'void java.lang.invoke.DirectMethodHandle$Holder.invokeInterface(java.lang.Object, java.lang.Object, int)'> (0x0000000709055158) 
thrown [s\open\src\hotspot\share\interpreter\linkResolver.cpp, line 773]
Event: 4.337 Thread 0x0000017055be7920 Exception <a 'java/lang/IncompatibleClassChangeError'{0x0000000709097440}: Found class java.lang.Object, but interface was expected> (0x0000000709097440) 
thrown [s\open\src\hotspot\share\interpreter\linkResolver.cpp, line 840]
Event: 4.337 Thread 0x0000017055be7920 Exception <a 'java/lang/NoSuchMethodError'{0x000000070909b540}: 'void java.lang.invoke.DirectMethodHandle$Holder.invokeStatic(java.lang.Object, int, java.lang.Object)'> (0x000000070909b540) 
thrown [s\open\src\hotspot\share\interpreter\linkResolver.cpp, line 773]
Event: 4.449 Thread 0x0000017055be7920 Exception <a 'java/lang/NoSuchMethodError'{0x00000007088a2bc0}: 'int java.lang.invoke.DelegatingMethodHandle$Holder.reinvoke_L(java.lang.Object, java.lang.Object, java.lang.Object, java.lang.Object)'> (0x00000007088a2bc0) 
thrown [s\open\src\hotspot\share\interpreter\linkResolver.cpp, line 773]
Event: 4.557 Thread 0x0000017055be7920 Exception <a 'java/io/FileNotFoundException'{0x00000007085bf4a8}> (0x00000007085bf4a8) 
thrown [s\open\src\hotspot\share\prims\jni.cpp, line 520]
Event: 4.562 Thread 0x0000017055be7920 Exception <a 'java/io/FileNotFoundException'{0x00000007085ffc08}> (0x00000007085ffc08) 
thrown [s\open\src\hotspot\share\prims\jni.cpp, line 520]
Event: 4.572 Thread 0x0000017055be7920 Exception <a 'java/io/FileNotFoundException'{0x000000070824d3c0}> (0x000000070824d3c0) 
thrown [s\open\src\hotspot\share\prims\jni.cpp, line 520]
Event: 4.574 Thread 0x0000017055be7920 Exception <a 'java/io/FileNotFoundException'{0x000000070827dc70}> (0x000000070827dc70) 
thrown [s\open\src\hotspot\share\prims\jni.cpp, line 520]
Event: 4.601 Thread 0x0000017055be7920 Exception <a 'java/lang/NoSuchMethodError'{0x0000000707ec6130}: 'int java.lang.invoke.DirectMethodHandle$Holder.invokeInterface(java.lang.Object, java.lang.Object, java.lang.Object, java.lang.Object)'> (0x0000000707ec6130) 
thrown [s\open\src\hotspot\share\interpreter\linkResolver.cpp, line 773]
Event: 4.722 Thread 0x0000017055be7920 Exception <a 'java/lang/NoSuchMethodError'{0x0000000715513340}: 'long java.lang.invoke.DirectMethodHandle$Holder.invokeVirtual(java.lang.Object, java.lang.Object)'> (0x0000000715513340) 
thrown [s\open\src\hotspot\share\interpreter\linkResolver.cpp, line 773]
Event: 7.066 Thread 0x0000017055be7920 Exception <a 'java/lang/NoSuchMethodError'{0x00000007097993d0}: 'int java.lang.invoke.DirectMethodHandle$Holder.invokeStatic(java.lang.Object)'> (0x00000007097993d0) 
thrown [s\open\src\hotspot\share\interpreter\linkResolver.cpp, line 773]
Event: 7.066 Thread 0x0000017055be7920 Exception <a 'java/lang/NoSuchMethodError'{0x000000070979cd48}: 'int java.lang.invoke.DirectMethodHandle$Holder.invokeStaticInit(java.lang.Object)'> (0x000000070979cd48) 
thrown [s\open\src\hotspot\share\interpreter\linkResolver.cpp, line 773]

ZGC Phase Switch (0 events):
No events

VM Operations (20 events):
Event: 4.145 Executing VM operation: HandshakeAllThreads (Deoptimize) done
Event: 4.154 Executing VM operation: HandshakeAllThreads (Deoptimize)
Event: 4.154 Executing VM operation: HandshakeAllThreads (Deoptimize) done
Event: 4.487 Executing VM operation: HandshakeAllThreads (Deoptimize)
Event: 4.487 Executing VM operation: HandshakeAllThreads (Deoptimize) done
Event: 4.524 Executing VM operation: HandshakeAllThreads (Deoptimize)
Event: 4.524 Executing VM operation: HandshakeAllThreads (Deoptimize) done
Event: 4.616 Executing VM operation: HandshakeAllThreads (Deoptimize)
Event: 4.616 Executing VM operation: HandshakeAllThreads (Deoptimize) done
Event: 4.617 Executing VM operation: HandshakeAllThreads (Deoptimize)
Event: 4.617 Executing VM operation: HandshakeAllThreads (Deoptimize) done
Event: 4.624 Executing VM operation: G1CollectForAllocation (G1 Evacuation Pause)
Event: 4.635 Executing VM operation: G1CollectForAllocation (G1 Evacuation Pause) done
Event: 4.748 Executing VM operation: HandshakeAllThreads (Deoptimize)
Event: 4.748 Executing VM operation: HandshakeAllThreads (Deoptimize) done
Event: 5.761 Executing VM operation: Cleanup
Event: 5.917 Executing VM operation: Cleanup done
Event: 6.919 Executing VM operation: Cleanup
Event: 7.060 Executing VM operation: Cleanup done
Event: 8.067 Executing VM operation: Cleanup

Events (20 events):
Event: 3.324 Thread 0x000001706b559a90 flushing nmethod 0x0000017060d0b910
Event: 3.398 Thread 0x0000017071e00d50 Thread added: 0x0000017071e00d50
Event: 3.402 Thread 0x0000017071e00d50 Thread exited: 0x0000017071e00d50
Event: 3.904 Thread 0x0000017071e041d0 Thread added: 0x0000017071e041d0
Event: 3.908 Thread 0x0000017071e041d0 Thread exited: 0x0000017071e041d0
Event: 4.410 Thread 0x0000017071e041d0 Thread added: 0x0000017071e041d0
Event: 4.415 Thread 0x0000017071e041d0 Thread exited: 0x0000017071e041d0
Event: 4.762 Thread 0x0000017071e041d0 Thread added: 0x0000017071e041d0
Event: 4.771 Thread 0x0000017071e00d50 Thread added: 0x0000017071e00d50
Event: 4.820 Thread 0x0000017071e04860 Thread added: 0x0000017071e04860
Event: 5.917 Thread 0x0000017071e013e0 Thread added: 0x0000017071e013e0
Event: 5.918 Thread 0x000001707103cf00 Thread exited: 0x000001707103cf00
Event: 5.921 Thread 0x0000017071e013e0 Thread exited: 0x0000017071e013e0
Event: 6.422 Thread 0x0000017071e013e0 Thread added: 0x0000017071e013e0
Event: 6.636 Thread 0x0000017071e05c10 Thread added: 0x0000017071e05c10
Event: 7.060 Thread 0x00000170703235f0 Thread exited: 0x00000170703235f0
Event: 7.062 Thread 0x0000017071e013e0 Thread exited: 0x0000017071e013e0
Event: 7.065 Thread 0x0000017071e013e0 Thread added: 0x0000017071e013e0
Event: 7.070 Thread 0x0000017071e06930 Thread added: 0x0000017071e06930
Event: 7.071 Thread 0x00000170704b1530 Thread added: 0x00000170704b1530


Dynamic libraries:
0x00007ff76e880000 - 0x00007ff76e890000 	F:\develop\jdk-21\bin\java.exe
0x00007ffcfe4a0000 - 0x00007ffcfe703000 	C:\Windows\SYSTEM32\ntdll.dll
0x00007ffcfd2e0000 - 0x00007ffcfd3a7000 	C:\Windows\System32\KERNEL32.DLL
0x00007ffcfbbd0000 - 0x00007ffcfbf97000 	C:\Windows\System32\KERNELBASE.dll
0x00007ffcfc100000 - 0x00007ffcfc24c000 	C:\Windows\System32\ucrtbase.dll
0x00007ffc2df30000 - 0x00007ffc2df4b000 	F:\develop\jdk-21\bin\VCRUNTIME140.dll
0x00007ffc2df10000 - 0x00007ffc2df29000 	F:\develop\jdk-21\bin\jli.dll
0x00007ffcfd170000 - 0x00007ffcfd224000 	C:\Windows\System32\ADVAPI32.dll
0x00007ffcfc450000 - 0x00007ffcfc4f9000 	C:\Windows\System32\msvcrt.dll
0x00007ffcfd230000 - 0x00007ffcfd2d6000 	C:\Windows\System32\sechost.dll
0x00007ffcfdbe0000 - 0x00007ffcfdcf6000 	C:\Windows\System32\RPCRT4.dll
0x00007ffcfd420000 - 0x00007ffcfd5e9000 	C:\Windows\System32\USER32.dll
0x00007ffcdc350000 - 0x00007ffcdc5e0000 	C:\Windows\WinSxS\amd64_microsoft.windows.common-controls_6595b64144ccf1df_6.0.26100.3037_none_3e09262ce333c378\COMCTL32.dll
0x00007ffcfb840000 - 0x00007ffcfb867000 	C:\Windows\System32\win32u.dll
0x00007ffcfd3f0000 - 0x00007ffcfd41a000 	C:\Windows\System32\GDI32.dll
0x00007ffcfb9f0000 - 0x00007ffcfbb1b000 	C:\Windows\System32\gdi32full.dll
0x00007ffcfbb20000 - 0x00007ffcfbbc3000 	C:\Windows\System32\msvcp_win.dll
0x00007ffcf2d90000 - 0x00007ffcf2d9b000 	C:\Windows\SYSTEM32\VERSION.dll
0x00007ffcfd0b0000 - 0x00007ffcfd0df000 	C:\Windows\System32\IMM32.DLL
0x00007ffcb8180000 - 0x00007ffcb818c000 	F:\develop\jdk-21\bin\vcruntime140_1.dll
0x00007ffc2e0d0000 - 0x00007ffc2e15e000 	F:\develop\jdk-21\bin\msvcp140.dll
0x00007ffc2d140000 - 0x00007ffc2de58000 	F:\develop\jdk-21\bin\server\jvm.dll
0x00007ffcfd0f0000 - 0x00007ffcfd164000 	C:\Windows\System32\WS2_32.dll
0x00007ffcfaca0000 - 0x00007ffcfacee000 	C:\Windows\SYSTEM32\POWRPROF.dll
0x00007ffce4cf0000 - 0x00007ffce4d26000 	C:\Windows\SYSTEM32\WINMM.dll
0x00007ffcfac80000 - 0x00007ffcfac94000 	C:\Windows\SYSTEM32\UMPDC.dll
0x00007ffcfa630000 - 0x00007ffcfa64a000 	C:\Windows\SYSTEM32\kernel.appcore.dll
0x00007ffcb75e0000 - 0x00007ffcb75ea000 	F:\develop\jdk-21\bin\jimage.dll
0x00007ffcf91f0000 - 0x00007ffcf9431000 	C:\Windows\SYSTEM32\DBGHELP.DLL
0x00007ffcfe020000 - 0x00007ffcfe39e000 	C:\Windows\System32\combase.dll
0x00007ffcfda60000 - 0x00007ffcfdb36000 	C:\Windows\System32\OLEAUT32.dll
0x00007ffc8eca0000 - 0x00007ffc8ecd9000 	C:\Windows\SYSTEM32\dbgcore.DLL
0x00007ffcfc060000 - 0x00007ffcfc0f9000 	C:\Windows\System32\bcryptPrimitives.dll
0x00007ffcf4500000 - 0x00007ffcf450f000 	F:\develop\jdk-21\bin\instrument.dll
0x00007ffc433e0000 - 0x00007ffc433ff000 	F:\develop\jdk-21\bin\java.dll
0x00007ffcfc500000 - 0x00007ffcfcc04000 	C:\Windows\System32\SHELL32.dll
0x00007ffcf9520000 - 0x00007ffcf9d57000 	C:\Windows\SYSTEM32\windows.storage.dll
0x00007ffcfdf30000 - 0x00007ffcfe019000 	C:\Windows\System32\SHCORE.dll
0x00007ffcfd960000 - 0x00007ffcfd9bd000 	C:\Windows\System32\shlwapi.dll
0x00007ffcfb750000 - 0x00007ffcfb77e000 	C:\Windows\SYSTEM32\profapi.dll
0x00007ffc2dfd0000 - 0x00007ffc2dfe8000 	F:\develop\jdk-21\bin\zip.dll
0x00007ffcb7180000 - 0x00007ffcb7190000 	F:\develop\jdk-21\bin\net.dll
0x00007ffcf2f30000 - 0x00007ffcf304e000 	C:\Windows\SYSTEM32\WINHTTP.dll
0x00007ffcfab90000 - 0x00007ffcfabfa000 	C:\Windows\system32\mswsock.dll
0x00007ffc42880000 - 0x00007ffc42896000 	F:\develop\jdk-21\bin\nio.dll
0x00007ffcd6390000 - 0x00007ffcd63aa000 	F:\IntelliJ IDEA 2023.2.4\bin\breakgen64.dll
0x00007ffcb6e30000 - 0x00007ffcb6e39000 	F:\develop\jdk-21\bin\extnet.dll
0x00007ffcfa090000 - 0x00007ffcfa1b5000 	C:\Windows\SYSTEM32\DNSAPI.dll
0x00007ffcfa050000 - 0x00007ffcfa082000 	C:\Windows\SYSTEM32\IPHLPAPI.DLL
0x00007ffcfd3e0000 - 0x00007ffcfd3ea000 	C:\Windows\System32\NSI.dll
0x00007ffcf2e80000 - 0x00007ffcf2e8b000 	C:\Windows\System32\rasadhlp.dll
0x00007ffcf0830000 - 0x00007ffcf08b5000 	C:\Windows\System32\fwpuclnt.dll
0x00007ffcf44f0000 - 0x00007ffcf44fa000 	F:\develop\jdk-21\bin\management.dll
0x00007ffcf3df0000 - 0x00007ffcf3dfb000 	F:\develop\jdk-21\bin\management_ext.dll
0x00007ffcfdb40000 - 0x00007ffcfdb48000 	C:\Windows\System32\PSAPI.DLL
0x00007ffcfafe0000 - 0x00007ffcfaffc000 	C:\Windows\SYSTEM32\CRYPTSP.dll
0x00007ffcfa590000 - 0x00007ffcfa5c8000 	C:\Windows\system32\rsaenh.dll
0x00007ffcfac50000 - 0x00007ffcfac7b000 	C:\Windows\SYSTEM32\USERENV.dll
0x00007ffcfb170000 - 0x00007ffcfb196000 	C:\Windows\SYSTEM32\bcrypt.dll
0x00007ffcfae60000 - 0x00007ffcfae6c000 	C:\Windows\SYSTEM32\CRYPTBASE.dll
0x00007ffcc4e60000 - 0x00007ffcc4e78000 	C:\Windows\system32\napinsp.dll
0x00007ffcc2270000 - 0x00007ffcc2282000 	C:\Windows\System32\winrnr.dll
0x00007ffcb86e0000 - 0x00007ffcb8702000 	C:\Windows\system32\nlansp_c.dll
0x00007ffcf3a80000 - 0x00007ffcf3a96000 	C:\Windows\system32\wshbth.dll
0x00007ffcf0c40000 - 0x00007ffcf0c4e000 	F:\develop\jdk-21\bin\sunmscapi.dll
0x00007ffcfb870000 - 0x00007ffcfb9e6000 	C:\Windows\System32\CRYPT32.dll
0x00007ffcfb130000 - 0x00007ffcfb160000 	C:\Windows\SYSTEM32\ncrypt.dll
0x00007ffcfb0e0000 - 0x00007ffcfb11f000 	C:\Windows\SYSTEM32\NTASN1.dll
0x00007ffcf4540000 - 0x00007ffcf4548000 	C:\Windows\system32\wshunix.dll
0x00007ffcaf050000 - 0x00007ffcaf060000 	F:\develop\jdk-21\bin\verify.dll

dbghelp: loaded successfully - version: 4.0.5 - missing functions: none
symbol engine: initialized successfully - sym options: 0x614 - pdb path: .;F:\develop\jdk-21\bin;C:\Windows\SYSTEM32;C:\Windows\WinSxS\amd64_microsoft.windows.common-controls_6595b64144ccf1df_6.0.26100.3037_none_3e09262ce333c378;F:\develop\jdk-21\bin\server;F:\IntelliJ IDEA 2023.2.4\bin

VM Arguments:
jvm_args: -XX:TieredStopAtLevel=1 -Dspring.output.ansi.enabled=always -Dcom.sun.management.jmxremote -Dspring.jmx.enabled=true -Dspring.liveBeansView.mbeanDomain -Dspring.application.admin.enabled=true -Dmanagement.endpoints.jmx.exposure.include=* -javaagent:F:\IntelliJ IDEA 2023.2.4\lib\idea_rt.jar=49822:F:\IntelliJ IDEA 2023.2.4\bin -Dfile.encoding=UTF-8 -Dsun.stdout.encoding=UTF-8 -Dsun.stderr.encoding=UTF-8 
java_command: com.tyc.xiaohongshu.auth.XiaohongshuAuthApplication
java_class_path (initial): F:\Data\javaCode\Xiaohongshu_Change\xiaohongshu-auth\target\classes;C:\Users\Administrator\.m2\repository\org\springframework\boot\spring-boot-starter-web\3.0.2\spring-boot-starter-web-3.0.2.jar;C:\Users\Administrator\.m2\repository\org\springframework\boot\spring-boot-starter\3.0.2\spring-boot-starter-3.0.2.jar;C:\Users\Administrator\.m2\repository\org\springframework\boot\spring-boot-autoconfigure\3.0.2\spring-boot-autoconfigure-3.0.2.jar;C:\Users\Administrator\.m2\repository\org\springframework\boot\spring-boot-starter-logging\3.0.2\spring-boot-starter-logging-3.0.2.jar;C:\Users\Administrator\.m2\repository\ch\qos\logback\logback-classic\1.4.5\logback-classic-1.4.5.jar;C:\Users\Administrator\.m2\repository\ch\qos\logback\logback-core\1.4.5\logback-core-1.4.5.jar;C:\Users\Administrator\.m2\repository\org\apache\logging\log4j\log4j-to-slf4j\2.19.0\log4j-to-slf4j-2.19.0.jar;C:\Users\Administrator\.m2\repository\org\apache\logging\log4j\log4j-api\2.19.0\log4j-api-2.19.0.jar;C:\Users\Administrator\.m2\repository\org\slf4j\jul-to-slf4j\2.0.6\jul-to-slf4j-2.0.6.jar;C:\Users\Administrator\.m2\repository\org\yaml\snakeyaml\1.33\snakeyaml-1.33.jar;C:\Users\Administrator\.m2\repository\org\springframework\boot\spring-boot-starter-json\3.0.2\spring-boot-starter-json-3.0.2.jar;C:\Users\Administrator\.m2\repository\com\fasterxml\jackson\datatype\jackson-datatype-jdk8\2.14.1\jackson-datatype-jdk8-2.14.1.jar;C:\Users\Administrator\.m2\repository\com\fasterxml\jackson\module\jackson-module-parameter-names\2.14.1\jackson-module-parameter-names-2.14.1.jar;C:\Users\Administrator\.m2\repository\org\springframework\boot\spring-boot-starter-tomcat\3.0.2\spring-boot-starter-tomcat-3.0.2.jar;C:\Users\Administrator\.m2\repository\org\apache\tomcat\embed\tomcat-embed-core\10.1.5\tomcat-embed-core-10.1.5.jar;C:\Users\Administrator\.m2\repository\org\apache\tomcat\embed\tomcat-embed-websocket\10.1.5\tomcat-embed-websocket-10.1.5.jar;C:\Users\Administrator\.m2\repository\org\springframework\spring-web\6.0.4\spring-web-6.0.4.jar;C:\Users\Administrator\.m2\repository\org\springframework\spring-beans\6.0.4\spring-beans-6.0.4.jar;C:\Users\Administrator\.m2\repository\io\micrometer\micrometer-observation\1.10.3\micrometer-observation-1.10.3.jar;C:\Users\Administrator\.m2\repository\io\micrometer\micrometer-commons\1.10.3\micrometer-commons-1.10.3.jar;C:\Users\Administrator\.m2\repository\org\springframework\spring-webmvc\6.0.4\spring-webmvc-6.0.4.jar;C:\Users\Administrator\.m2\repository\org\springframework\spring-aop\6.0.4\spring-aop-6.0.4.jar;C:\Users\Administrator\.m2\repository\org\springframework\spring-context\6.0.4\spring-context-6.0.4.jar;C:\Users\Administrator\.m2\repository\org\springframework\spring-expression\6.0.4\spring-expression-6.0.4.jar;F:\Data\javaCode\Xiaohongshu_Change\xiaohongshu-user\xiaohongshu-user-api\target\classes;C:\Users\Administrator\.m2\repository\org\springframework\cloud\spring-cloud-starter-openfeign\4.0.0\spring-cloud-starter-openfeign-4.0.0.jar;C:\Users\Administrator\.m2\repository\org\springframework\cloud\spring-cloud-openfeign-core\4.0.0\spring-cloud-openfeign-core-4.0.0.jar;C:\Users\Administrator\.m2\repository\io\github\openfeign\form\feign-form-spring\3.8.0\feign-form-spring-3.8.0.jar;C:\Users\Administrator\.m2\repository\io\github\openfeign\form\feign-form\3.8.0\feign-form-3.8.0.jar;C:\Users\Administrator\.m2\repository\commons-fileupload\commons-fileupload\1.4\commons-fileupload-1.4.jar;C:\Users\Administrator\.m2\repository\io\github\openfeign\feign-core\12.1\feign-core-12.1.jar;C:\Users\Administrator\.m2\repository\io\github\openfeign\feign-slf4j\12.1\feign-slf4j-12.1.jar;C:\Users\Administrator\.m2\repository\org\springframework\cloud\spring-cloud-starter-loadbalancer\4.0.0\spring-cloud-starter-loadbalancer-4.0.0.jar;C:\Users\Administrator\.m2\repository\org\springframework\cloud\spring-cloud-loadbalancer\4.0.0\spring-cloud-loadbalancer-4.0.0.jar;C:\Users\Administrator\.m2\repository\io\projectreactor\addons\reactor-extra\3.5.0\reactor-extra-3.5.0.jar;C:\Users\Administrator\.m2\repository\org\springframework\boot\spring-boot-starter-cache\3.0.2\spring-boot-starter-cache-3.0.2.jar;C:\Users\Administrator\.m2\repository\com\stoyanr\evictor\1.0.0\evictor-1.0.0.jar;C:\Users\Administrator\.m2\repository\org\springframework\boot\spring-boot-starter-validation\3.0.2\spring-boot-starter-validation-3.0.2.jar;C:\Users\Administrator\.m2\repository\org\apache\tomcat\embed\tomcat-embed-el\10.1.5\tomcat-embed-el-10.1.5.jar;C:\Users\Administrator\.m2\repository\org\hibernate\validator\hibernate-validator\8.0.0.Final\hibernate-validator-8.0.0.Final.jar;C:\Users\Administrator\.m2\repository\org\jboss\logging\jboss-logging\3.5.0.Final\jboss-logging-3.5.0.Final.jar;C:\Users\Administrator\.m2\repository\com\fasterxml\classmate\1.5.1\classmate-1.5.1.jar;C:\Users\Administrator\.m2\repository\org\springframework\boot\spring-boot-starter-data-redis\3.0.2\spring-boot-starter-data-redis-3.0.2.jar;C:\Users\Administrator\.m2\repository\org\springframework\data\spring-data-redis\3.0.1\spring-data-redis-3.0.1.jar;C:\Users\Administrator\.m2\repository\org\springframework\data\spring-data-keyvalue\3.0.1\spring-data-keyvalue-3.0.1.jar;C:\Users\Administrator\.m2\repository\org\springframework\data\spring-data-commons\3.0.1\spring-data-commons-3.0.1.jar;C:\Users\Administrator\.m2\repository\org\springframework\spring-tx\6.0.4\spring-tx-6.0.4.jar;C:\Users\Administrator\.m2\repository\org\springframework\spring-oxm\6.0.4\spring-oxm-6.0.4.jar;C:\Users\Administrator\.m2\repository\org\springframework\spring-context-support\6.0.4\spring-context-support-6.0.4.jar;C:\Users\Administrator\.m2\repository\io\lettuce\lettuce-core\6.2.2.RELEASE\lettuce-core-6.2.2.RELEASE.jar;C:\Users\Administrator\.m2\repository\io\netty\netty-common\4.1.87.Final\netty-common-4.1.87.Final.jar;C:\Users\Administrator\.m2\repository\io\netty\netty-handler\4.1.87.Final\netty-handler-4.1.87.Final.jar;C:\Users\Administrator\.m2\repository\io\netty\netty-resolver\4.1.87.Final\netty-resolver-4.1.87.Final.jar;C:\Users\Administrator\.m2\repository\io\netty\netty-buffer\4.1.87.Final\netty-buffer-4.1.87.Final.jar;C:\Users\Administrator\.m2\repository\io\netty\netty-transport-native-unix-common\4.1.87.Final\netty-transport-native-unix-common-4.1.87.Final.jar;C:\Users\Administrator\.m2\repository\io\netty\netty-codec\4.1.87.Final\netty-codec-4.1.87.Final.jar;C:\Users\Administrator\.m2\repository\io\netty\netty-transport\4.1.87.Final\netty-transport-4.1.87.Final.jar;C:\Users\Administrator\.m2\repository\io\projectreactor\reactor-core\3.5.2\reactor-core-3.5.2.jar;C:\Users\Administrator\.m2\repository\org\reactivestreams\reactive-streams\1.0.4\reactive-streams-1.0.4.jar;C:\Users\Administrator\.m2\repository\com\alibaba\transmittable-thread-local\2.14.2\transmittable-thread-local-2.14.2.jar;C:\Users\Administrator\.m2\repository\org\springframework\security\spring-security-crypto\6.0.1\spring-security-crypto-6.0.1.jar;C:\Users\Administrator\.m2\repository\org\apache\commons\commons-pool2\2.11.1\commons-pool2-2.11.1.jar;C:\Users\Administrator\.m2\repository\cn\dev33\sa-token-redis-jackson\1.38.0\sa-token-redis-jackson-1.38.0.jar;C:\Users\Administrator\.m2\repository\cn\dev33\sa-token-core\1.38.0\sa-token-core-1.38.0.jar;C:\Users\Administrator\.m2\repository\cn\dev33\sa-token-spring-boot3-starter\1.38.0\sa-token-spring-boot3-starter-1.38.0.jar;C:\Users\Administrator\.m2\repository\cn\dev33\sa-token-jakarta-servlet\1.38.0\sa-token-jakarta-servlet-1.38.0.jar;C:\Users\Administrator\.m2\repository\jakarta\servlet\jakarta.servlet-api\6.0.0\jakarta.servlet-api-6.0.0.jar;C:\Users\Administrator\.m2\repository\cn\dev33\sa-token-spring-boot-autoconfig\1.38.0\sa-token-spring-boot-autoconfig-1.38.0.jar;C:\Users\Administrator\.m2\repository\com\google\guava\guava\33.0.0-jre\guava-33.0.0-jre.jar;C:\Users\Administrator\.m2\repository\com\google\guava\failureaccess\1.0.2\failureaccess-1.0.2.jar;C:\Users\Administrator\.m2\repository\com\google\guava\listenablefuture\9999.0-empty-to-avoid-conflict-with-guava\listenablefuture-9999.0-empty-to-avoid-conflict-with-guava.jar;C:\Users\Administrator\.m2\repository\com\google\code\findbugs\jsr305\3.0.2\jsr305-3.0.2.jar;C:\Users\Administrator\.m2\repository\org\checkerframework\checker-qual\3.41.0\checker-qual-3.41.0.jar;C:\Users\Administrator\.m2\repository\com\google\errorprone\error_prone_annotations\2.23.0\error_prone_annotations-2.23.0.jar;C:\Users\Administrator\.m2\repository\com\google\j2objc\j2objc-annotations\2.8\j2objc-annotations-2.8.jar;C:\Users\Administrator\.m2\repository\cn\hutool\hutool-all\5.8.26\hutool-all-5.8.26.jar;C:\Users\Administrator\.m2\repository\org\apache\commons\commons-lang3\3.12.0\commons-lang3-3.12.0.jar;C:\Users\Administrator\.m2\repository\jakarta\xml\bind\jakarta.xml.bind-api\4.0.0\jakarta.xml.bind-api-4.0.0.jar;C:\Users\Administrator\.m2\repository\jakarta\activation\jakarta.activation-api\2.1.1\jakarta.activation-api-2.1.1.jar;C:\Users\Administrator\.m2\repository\org\hamcrest\hamcrest\2.2\hamcrest-2.2.jar;C:\Users\Administrator\.m2\repository\org\springframework\spring-core\6.0.4\spring-core-6.0.4.jar;C:\Users\Administrator\.m2\repository\org\springframework\spring-jcl\6.0.4\spring-jcl-6.0.4.jar;F:\Data\javaCode\Xiaohongshu_Change\xiaohongshu-framework\xiaohongshu-common\target\classes;C:\Users\Administrator\.m2\repository\org\projectlombok\lombok\1.18.30\lombok-1.18.30.jar;C:\Users\Administrator\.m2\repository\com\fasterxml\jackson\core\jackson-databind\2.16.1\jackson-databind-2.16.1.jar;C:\Users\Administrator\.m2\repository\com\fasterxml\jackson\core\jackson-annotations\2.14.1\jackson-annotations-2.14.1.jar;C:\Users\Administrator\.m2\repository\com\fasterxml\jackson\core\jackson-core\2.16.1\jackson-core-2.16.1.jar;C:\Users\Administrator\.m2\repository\jakarta\validation\jakarta.validation-api\3.0.2\jakarta.validation-api-3.0.2.jar;C:\Users\Administrator\.m2\repository\com\fasterxml\jackson\datatype\jackson-datatype-jsr310\2.14.1\jackson-datatype-jsr310-2.14.1.jar;C:\Users\Administrator\.m2\repository\com\aliyun\tea\1.3.2\tea-1.3.2.jar;C:\Users\Administrator\.m2\repository\com\squareup\okhttp3\okhttp\4.10.0\okhttp-4.10.0.jar;C:\Users\Administrator\.m2\repository\com\squareup\okio\okio-jvm\3.0.0\okio-jvm-3.0.0.jar;C:\Users\Administrator\.m2\repository\com\google\code\gson\gson\2.9.1\gson-2.9.1.jar;F:\Data\javaCode\Xiaohongshu_Change\xiaohongshu-framework\xiaohongshu-spring-boot-biz-operationlog\target\classes;C:\Users\Administrator\.m2\repository\org\springframework\boot\spring-boot-starter-aop\3.0.2\spring-boot-starter-aop-3.0.2.jar;C:\Users\Administrator\.m2\repository\org\aspectj\aspectjweaver\1.9.19\aspectjweaver-1.9.19.jar;C:\Users\Administrator\.m2\repository\com\alibaba\cloud\spring-cloud-starter-alibaba-nacos-config\2022.0.0.0\spring-cloud-starter-alibaba-nacos-config-2022.0.0.0.jar;C:\Users\Administrator\.m2\repository\com\alibaba\cloud\spring-cloud-alibaba-commons\2022.0.0.0\spring-cloud-alibaba-commons-2022.0.0.0.jar;C:\Users\Administrator\.m2\repository\com\alibaba\spring\spring-context-support\1.0.11\spring-context-support-1.0.11.jar;C:\Users\Administrator\.m2\repository\com\alibaba\nacos\nacos-client\2.2.1\nacos-client-2.2.1.jar;C:\Users\Administrator\.m2\repository\com\alibaba\nacos\nacos-auth-plugin\2.2.1\nacos-auth-plugin-2.2.1.jar;C:\Users\Administrator\.m2\repository\com\alibaba\nacos\nacos-encryption-plugin\2.2.1\nacos-encryption-plugin-2.2.1.jar;C:\Users\Administrator\.m2\repository\commons-codec\commons-codec\1.15\commons-codec-1.15.jar;C:\Users\Administrator\.m2\repository\org\apache\httpcomponents\httpasyncclient\4.1.5\httpasyncclient-4.1.5.jar;C:\Users\Administrator\.m2\repository\org\apache\httpcomponents\httpcore\4.4.16\httpcore-4.4.16.jar;C:\Users\Administrator\.m2\repository\org\apache\httpcomponents\httpcore-nio\4.4.16\httpcore-nio-4.4.16.jar;C:\Users\Administrator\.m2\repository\org\apache\httpcomponents\httpclient\4.5.14\httpclient-4.5.14.jar;C:\Users\Administrator\.m2\repository\io\prometheus\simpleclient\0.16.0\simpleclient-0.16.0.jar;C:\Users\Administrator\.m2\repository\io\prometheus\simpleclient_tracer_otel\0.16.0\simpleclient_tracer_otel-0.16.0.jar;C:\Users\Administrator\.m2\repository\io\prometheus\simpleclient_tracer_common\0.16.0\simpleclient_tracer_common-0.16.0.jar;C:\Users\Administrator\.m2\repository\io\prometheus\simpleclient_tracer_otel_agent\0.16.0\simpleclient_tracer_otel_agent-0.16.0.jar;C:\Users\Administrator\.m2\repository\org\springframework\cloud\spring-cloud-commons\4.0.0\spring-cloud-commons-4.0.0.jar;C:\Users\Administrator\.m2\repository\org\springframework\cloud\spring-cloud-context\4.0.0\spring-cloud-context-4.0.0.jar;C:\Users\Administrator\.m2\repository\org\slf4j\slf4j-api\2.0.6\slf4j-api-2.0.6.jar;C:\Users\Administrator\.m2\repository\jakarta\annotation\jakarta.annotation-api\2.1.1\jakarta.annotation-api-2.1.1.jar;C:\Users\Administrator\.m2\repository\org\springframework\cloud\spring-cloud-starter-bootstrap\4.0.0\spring-cloud-starter-bootstrap-4.0.0.jar;C:\Users\Administrator\.m2\repository\org\springframework\cloud\spring-cloud-starter\4.0.0\spring-cloud-starter-4.0.0.jar;C:\Users\Administrator\.m2\repository\org\springframework\security\spring-security-rsa\1.0.11.RELEASE\spring-security-rsa-1.0.11.RELEASE.jar;C:\Users\Administrator\.m2\repository\org\bouncycastle\bcpkix-jdk15on\1.69\bcpkix-jdk15on-1.69.jar;C:\Users\Administrator\.m2\repository\org\bouncycastle\bcprov-jdk15on\1.69\bcprov-jdk15on-1.69.jar;C:\Users\Administrator\.m2\repository\org\bouncycastle\bcutil-jdk15on\1.69\bcutil-jdk15on-1.69.jar;C:\Users\Administrator\.m2\repository\com\alibaba\cloud\spring-cloud-starter-alibaba-nacos-discovery\2022.0.0.0\spring-cloud-starter-alibaba-nacos-discovery-2022.0.0.0.jar;C:\Users\Administrator\.m2\repository\org\springframework\boot\spring-boot-test\3.0.2\spring-boot-test-3.0.2.jar;C:\Users\Administrator\.m2\repository\org\springframework\boot\spring-boot\3.0.2\spring-boot-3.0.2.jar;C:\Users\Administrator\.m2\repository\junit\junit\4.13.2\junit-4.13.2.jar;C:\Users\Administrator\.m2\repository\org\hamcrest\hamcrest-core\2.2\hamcrest-core-2.2.jar;C:\Users\Administrator\.m2\repository\org\springframework\spring-test\6.0.4\spring-test-6.0.4.jar;C:\Users\Administrator\.m2\repository\com\aliyun\dysmsapi20170525\3.1.1\dysmsapi20170525-3.1.1.jar;C:\Users\Administrator\.m2\repository\com\aliyun\tea-util\0.2.23\tea-util-0.2.23.jar;C:\Users\Administrator\.m2\repository\com\aliyun\endpoint-util\0.0.7\endpoint-util-0.0.7.jar;C:\Users\Administrator\.m2\repository\com\aliyun\tea-openapi\0.3.6\tea-openapi-0.3.6.jar;C:\Users\Administrator\.m2\repository\com\aliyun\credentials-java\0.3.10\credentials-java-0.3.10.jar;C:\Users\Administrator\.m2\repository\org\ini4j\ini4j\0.5.4\ini4j-0.5.4.jar;C:\Users\Administrator\.m2\repository\javax\xml\bind\jaxb-api\2.3.1\jaxb-api-2.3.1.jar;C:\Users\Administrator\.m2\repository\javax\activation\javax.activation-api\1.2.0\javax.activation-api-1.2.0.jar;C:\Users\Administrator\.m2\repository\com\sun\xml\bind\jaxb-core\4.0.1\jaxb-core-4.0.1.jar;C:\Users\Administrator\.m2\repository\org\eclipse\angus\angus-activation\1.0.0\angus-activation-1.0.0.jar;C:\Users\Administrator\.m2\repository\com\sun\xml\bind\jaxb-impl\4.0.1\jaxb-impl-4.0.1.jar;C:\Users\Administrator\.m2\repository\com\aliyun\alibabacloud-gateway-spi\0.0.2\alibabacloud-gateway-spi-0.0.2.jar;C:\Users\Administrator\.m2\repository\com\aliyun\tea-xml\0.1.6\tea-xml-0.1.6.jar;C:\Users\Administrator\.m2\repository\org\dom4j\dom4j\2.0.3\dom4j-2.0.3.jar;C:\Users\Administrator\.m2\repository\org\jacoco\org.jacoco.agent\0.8.4\org.jacoco.agent-0.8.4-runtime.jar;C:\Users\Administrator\.m2\repository\com\aliyun\openapiutil\0.2.2\openapiutil-0.2.2.jar;C:\Users\Administrator\.m2\repository\org\bouncycastle\bcprov-jdk18on\1.78.1\bcprov-jdk18on-1.78.1.jar;C:\Users\Administrator\.m2\repository\org\xmlunit\xmlunit-core\2.9.1\xmlunit-core-2.9.1.jar;C:\Users\Administrator\.m2\repository\org\junit\jupiter\junit-jupiter-engine\5.9.2\junit-jupiter-engine-5.9.2.jar;C:\Users\Administrator\.m2\repository\org\junit\platform\junit-platform-engine\1.9.2\junit-platform-engine-1.9.2.jar;C:\Users\Administrator\.m2\repository\org\opentest4j\opentest4j\1.2.0\opentest4j-1.2.0.jar;C:\Users\Administrator\.m2\repository\org\junit\platform\junit-platform-commons\1.9.2\junit-platform-commons-1.9.2.jar;C:\Users\Administrator\.m2\repository\org\junit\jupiter\junit-jupiter-api\5.9.2\junit-jupiter-api-5.9.2.jar;C:\Users\Administrator\.m2\repository\org\apiguardian\apiguardian-api\1.1.2\apiguardian-api-1.1.2.jar;C:\Users\Administrator\.m2\repository\org\jetbrains\kotlin\kotlin-stdlib-jdk8\1.9.0\kotlin-stdlib-jdk8-1.9.0.jar;C:\Users\Administrator\.m2\repository\org\jetbrains\kotlin\kotlin-stdlib\1.7.22\kotlin-stdlib-1.7.22.jar;C:\Users\Administrator\.m2\repository\org\jetbrains\kotlin\kotlin-stdlib-common\1.7.22\kotlin-stdlib-common-1.7.22.jar;C:\Users\Administrator\.m2\repository\org\jetbrains\annotations\13.0\annotations-13.0.jar;C:\Users\Administrator\.m2\repository\org\jetbrains\kotlin\kotlin-stdlib-jdk7\1.7.22\kotlin-stdlib-jdk7-1.7.22.jar
Launcher Type: SUN_STANDARD

[Global flags]
     intx CICompilerCount                          = 12                                        {product} {ergonomic}
     uint ConcGCThreads                            = 3                                         {product} {ergonomic}
     uint G1ConcRefinementThreads                  = 13                                        {product} {ergonomic}
   size_t G1HeapRegionSize                         = 2097152                                   {product} {ergonomic}
    uintx GCDrainStackTargetSize                   = 64                                        {product} {ergonomic}
   size_t InitialHeapSize                          = 264241152                                 {product} {ergonomic}
     bool ManagementServer                         = true                                      {product} {command line}
   size_t MarkStackSize                            = 4194304                                   {product} {ergonomic}
   size_t MaxHeapSize                              = 4200595456                                {product} {ergonomic}
   size_t MaxNewSize                               = 2518679552                                {product} {ergonomic}
   size_t MinHeapDeltaBytes                        = 2097152                                   {product} {ergonomic}
   size_t MinHeapSize                              = 8388608                                   {product} {ergonomic}
    uintx NonNMethodCodeHeapSize                   = 4096                                   {pd product} {ergonomic}
    uintx NonProfiledCodeHeapSize                  = 0                                      {pd product} {ergonomic}
     bool ProfileInterpreter                       = false                                  {pd product} {command line}
    uintx ProfiledCodeHeapSize                     = 0                                      {pd product} {ergonomic}
   size_t SoftMaxHeapSize                          = 4200595456                             {manageable} {ergonomic}
     intx TieredStopAtLevel                        = 1                                         {product} {command line}
     bool UseCompressedOops                        = true                           {product lp64_product} {ergonomic}
     bool UseG1GC                                  = true                                      {product} {ergonomic}
     bool UseLargePagesIndividualAllocation        = false                                  {pd product} {ergonomic}

Logging:
Log output configuration:
 #0: stdout all=warning uptime,level,tags foldmultilines=false
 #1: stderr all=off uptime,level,tags foldmultilines=false

Environment Variables:
JAVA_HOME=F:\develop\jdk8u442-b06
PATH=C:\Windows\system32;C:\Windows;C:\Windows\System32\Wbem;C:\Windows\System32\WindowsPowerShell\v1.0\;C:\Windows\System32\OpenSSH\;C:\Program Files\NVIDIA Corporation\NVIDIA app\NvDLISR;C:\Program Files (x86)\NVIDIA Corporation\PhysX\Common;F:\develop\jdk8u442-b06\bin;C:\Program Files\Docker\Docker\resources\bin;F:\Git\cmd;C:\Users\Administrator\AppData\Local\Microsoft\WindowsApps;F:\Microsoft VS Code\bin;F:\develop\mingw64\bin;E:\apache-maven-3.9.6\bin
USERNAME=Administrator
OS=Windows_NT
PROCESSOR_IDENTIFIER=Intel64 Family 6 Model 141 Stepping 1, GenuineIntel
TMP=C:\Users\Administrator\AppData\Local\Temp
TEMP=C:\Users\Administrator\AppData\Local\Temp




Periodic native trim disabled

---------------  S Y S T E M  ---------------

OS:
 Windows 11 , 64 bit Build 26100 (10.0.26100.3037)
OS uptime: 0 days 5:44 hours
Hyper-V role detected

CPU: total 16 (initial active 16) (8 cores per cpu, 2 threads per core) family 6 model 141 stepping 1 microcode 0x40, cx8, cmov, fxsr, ht, mmx, 3dnowpref, sse, sse2, sse3, ssse3, sse4.1, sse4.2, popcnt, lzcnt, tsc, tscinvbit, avx, avx2, aes, erms, clmul, bmi1, bmi2, adx, avx512f, avx512dq, avx512cd, avx512bw, avx512vl, sha, fma, vzeroupper, avx512_vpopcntdq, avx512_vpclmulqdq, avx512_vaes, avx512_vnni, clflush, clflushopt, clwb, avx512_vbmi2, avx512_vbmi, hv, rdtscp, rdpid, fsrm, gfni, avx512_bitalg, f16c, cet_ibt, cet_ss, avx512_ifma
Processor Information for all 16 processors :
  Max Mhz: 2304, Current Mhz: 2304, Mhz Limit: 2304

Memory: 4k page, system-wide physical 16021M (909M free)
TotalPageFile size 32795M (AvailPageFile size 5M)
current process WorkingSet (physical memory assigned to process): 213M, peak: 213M
current process commit charge ("private bytes"): 264M, peak: 376M

vm_info: Java HotSpot(TM) 64-Bit Server VM (21.0.5+9-LTS-239) for windows-amd64 JRE (21.0.5+9-LTS-239), built on 2024-09-30T05:17:38Z by "mach5one" with MS VC++ 17.6 (VS2022)

END.
