2025-02-02 15:05:27.381 [main] INFO  c.tyc.xiaohongshu.auth.XiaohongshuAuthApplication - Starting XiaohongshuAuthApplication using Java 17.0.12 with PID 7264 (F:\Data\javaCode\Xiaohongshu_Change\xiaohongshu-auth\target\classes started by Administrator in F:\Data\javaCode\Xiaohongshu_Change)
2025-02-02 15:05:27.381 [main] INFO  c.tyc.xiaohongshu.auth.XiaohongshuAuthApplication - Starting XiaohongshuAuthApplication using Java 17.0.12 with PID 7264 (F:\Data\javaCode\Xiaohongshu_Change\xiaohongshu-auth\target\classes started by Administrator in F:\Data\javaCode\Xiaohongshu_Change)
2025-02-02 15:05:27.383 [main] INFO  c.tyc.xiaohongshu.auth.XiaohongshuAuthApplication - The following 1 profile is active: "dev"
2025-02-02 15:05:27.383 [main] INFO  c.tyc.xiaohongshu.auth.XiaohongshuAuthApplication - The following 1 profile is active: "dev"
2025-02-02 15:05:28.164 [main] INFO  o.s.boot.web.embedded.tomcat.TomcatWebServer - Tomcat initialized with port(s): 8080 (http)
2025-02-02 15:05:28.164 [main] INFO  o.s.boot.web.embedded.tomcat.TomcatWebServer - Tomcat initialized with port(s): 8080 (http)
2025-02-02 15:05:28.175 [main] INFO  org.apache.catalina.core.StandardService - Starting service [Tomcat]
2025-02-02 15:05:28.175 [main] INFO  org.apache.catalina.core.StandardService - Starting service [Tomcat]
2025-02-02 15:05:28.176 [main] INFO  org.apache.catalina.core.StandardEngine - Starting Servlet engine: [Apache Tomcat/10.1.5]
2025-02-02 15:05:28.176 [main] INFO  org.apache.catalina.core.StandardEngine - Starting Servlet engine: [Apache Tomcat/10.1.5]
2025-02-02 15:05:28.234 [main] INFO  o.a.c.core.ContainerBase.[Tomcat].[localhost].[/] - Initializing Spring embedded WebApplicationContext
2025-02-02 15:05:28.234 [main] INFO  o.a.c.core.ContainerBase.[Tomcat].[localhost].[/] - Initializing Spring embedded WebApplicationContext
2025-02-02 15:05:28.234 [main] INFO  o.s.b.w.s.c.ServletWebServerApplicationContext - Root WebApplicationContext: initialization completed in 811 ms
2025-02-02 15:05:28.234 [main] INFO  o.s.b.w.s.c.ServletWebServerApplicationContext - Root WebApplicationContext: initialization completed in 811 ms
2025-02-02 15:05:28.506 [main] INFO  c.a.d.s.b.a.DruidDataSourceAutoConfigure - Init DruidDataSource
2025-02-02 15:05:28.506 [main] INFO  c.a.d.s.b.a.DruidDataSourceAutoConfigure - Init DruidDataSource
2025-02-02 15:05:28.742 [main] INFO  com.alibaba.druid.pool.DruidDataSource - {dataSource-1} inited
2025-02-02 15:05:28.742 [main] INFO  com.alibaba.druid.pool.DruidDataSource - {dataSource-1} inited
2025-02-02 15:05:28.963 [main] INFO  o.s.boot.web.embedded.tomcat.TomcatWebServer - Tomcat started on port(s): 8080 (http) with context path ''
2025-02-02 15:05:28.963 [main] INFO  o.s.boot.web.embedded.tomcat.TomcatWebServer - Tomcat started on port(s): 8080 (http) with context path ''
2025-02-02 15:05:28.970 [main] INFO  c.tyc.xiaohongshu.auth.XiaohongshuAuthApplication - Started XiaohongshuAuthApplication in 2.008 seconds (process running for 2.436)
2025-02-02 15:05:28.970 [main] INFO  c.tyc.xiaohongshu.auth.XiaohongshuAuthApplication - Started XiaohongshuAuthApplication in 2.008 seconds (process running for 2.436)
2025-02-02 15:05:56.607 [SpringApplicationShutdownHook] INFO  com.alibaba.druid.pool.DruidDataSource - {dataSource-1} closing ...
2025-02-02 15:05:56.607 [SpringApplicationShutdownHook] INFO  com.alibaba.druid.pool.DruidDataSource - {dataSource-1} closing ...
2025-02-02 15:05:56.613 [SpringApplicationShutdownHook] INFO  com.alibaba.druid.pool.DruidDataSource - {dataSource-1} closed
2025-02-02 15:05:56.613 [SpringApplicationShutdownHook] INFO  com.alibaba.druid.pool.DruidDataSource - {dataSource-1} closed
