2025-04-08 18:06:38.606 [main] WARN  com.alibaba.nacos.client.logging.NacosLogging - Load Logback Configuration of Nacos fail, message: Could not initialize Logback Nacos logging from classpath:nacos-logback.xml
2025-04-08 18:06:38.606 [main] WARN  com.alibaba.nacos.client.logging.NacosLogging - Load Logback Configuration of Nacos fail, message: Could not initialize Logback Nacos logging from classpath:nacos-logback.xml
2025-04-08 18:06:38.686 [main] WARN  com.alibaba.nacos.client.logging.NacosLogging - Load Logback Configuration of Nacos fail, message: Could not initialize Logback Nacos logging from classpath:nacos-logback.xml
2025-04-08 18:06:38.686 [main] WARN  com.alibaba.nacos.client.logging.NacosLogging - Load Logback Configuration of Nacos fail, message: Could not initialize Logback Nacos logging from classpath:nacos-logback.xml
2025-04-08 18:06:39.093 [main] WARN  com.alibaba.nacos.client.logging.NacosLogging - Load Logback Configuration of Nacos fail, message: Could not initialize Logback Nacos logging from classpath:nacos-logback.xml
2025-04-08 18:06:39.093 [main] WARN  com.alibaba.nacos.client.logging.NacosLogging - Load Logback Configuration of Nacos fail, message: Could not initialize Logback Nacos logging from classpath:nacos-logback.xml
2025-04-08 18:06:39.108 [main] WARN  com.alibaba.nacos.client.logging.NacosLogging - Load Logback Configuration of Nacos fail, message: Could not initialize Logback Nacos logging from classpath:nacos-logback.xml
2025-04-08 18:06:39.108 [main] WARN  com.alibaba.nacos.client.logging.NacosLogging - Load Logback Configuration of Nacos fail, message: Could not initialize Logback Nacos logging from classpath:nacos-logback.xml
2025-04-08 18:06:39.109 [main] INFO  c.t.x.d.i.g.b.XiaohashuDistributedIdGeneratorBizApplication - The following 1 profile is active: "dev"
2025-04-08 18:06:39.109 [main] INFO  c.t.x.d.i.g.b.XiaohashuDistributedIdGeneratorBizApplication - The following 1 profile is active: "dev"
2025-04-08 18:06:39.657 [main] INFO  o.springframework.cloud.context.scope.GenericScope - BeanFactory id=16aa25d5-c589-3111-abb9-ab844ede990f
2025-04-08 18:06:39.657 [main] INFO  o.springframework.cloud.context.scope.GenericScope - BeanFactory id=16aa25d5-c589-3111-abb9-ab844ede990f
2025-04-08 18:06:39.909 [main] INFO  o.s.boot.web.embedded.tomcat.TomcatWebServer - Tomcat initialized with port(s): 8085 (http)
2025-04-08 18:06:39.909 [main] INFO  o.s.boot.web.embedded.tomcat.TomcatWebServer - Tomcat initialized with port(s): 8085 (http)
2025-04-08 18:06:39.910 [main] INFO  org.apache.catalina.core.AprLifecycleListener - An older version [1.3.1] of the Apache Tomcat Native library is installed, while Tomcat recommends a minimum version of [2.0.1]
2025-04-08 18:06:39.910 [main] INFO  org.apache.catalina.core.AprLifecycleListener - An older version [1.3.1] of the Apache Tomcat Native library is installed, while Tomcat recommends a minimum version of [2.0.1]
2025-04-08 18:06:39.910 [main] INFO  org.apache.catalina.core.AprLifecycleListener - Loaded Apache Tomcat Native library [1.3.1] using APR version [1.7.4].
2025-04-08 18:06:39.910 [main] INFO  org.apache.catalina.core.AprLifecycleListener - Loaded Apache Tomcat Native library [1.3.1] using APR version [1.7.4].
2025-04-08 18:06:39.928 [main] INFO  org.apache.catalina.core.AprLifecycleListener - OpenSSL successfully initialized [OpenSSL 3.0.14 4 Jun 2024]
2025-04-08 18:06:39.928 [main] INFO  org.apache.catalina.core.AprLifecycleListener - OpenSSL successfully initialized [OpenSSL 3.0.14 4 Jun 2024]
2025-04-08 18:06:39.941 [main] INFO  org.apache.catalina.core.StandardService - Starting service [Tomcat]
2025-04-08 18:06:39.941 [main] INFO  org.apache.catalina.core.StandardService - Starting service [Tomcat]
2025-04-08 18:06:39.941 [main] INFO  org.apache.catalina.core.StandardEngine - Starting Servlet engine: [Apache Tomcat/10.1.5]
2025-04-08 18:06:39.941 [main] INFO  org.apache.catalina.core.StandardEngine - Starting Servlet engine: [Apache Tomcat/10.1.5]
2025-04-08 18:06:40.030 [main] INFO  o.a.c.core.ContainerBase.[Tomcat].[localhost].[/] - Initializing Spring embedded WebApplicationContext
2025-04-08 18:06:40.030 [main] INFO  o.a.c.core.ContainerBase.[Tomcat].[localhost].[/] - Initializing Spring embedded WebApplicationContext
2025-04-08 18:06:40.030 [main] INFO  o.s.b.w.s.c.ServletWebServerApplicationContext - Root WebApplicationContext: initialization completed in 909 ms
2025-04-08 18:06:40.030 [main] INFO  o.s.b.w.s.c.ServletWebServerApplicationContext - Root WebApplicationContext: initialization completed in 909 ms
2025-04-08 18:06:40.203 [main] INFO  c.t.x.d.i.g.biz.core.segment.SegmentIDGenImpl - Init ...
2025-04-08 18:06:40.203 [main] INFO  c.t.x.d.i.g.biz.core.segment.SegmentIDGenImpl - Init ...
2025-04-08 18:06:40.203 [main] INFO  c.t.x.d.i.g.biz.core.segment.SegmentIDGenImpl - update cache from db
2025-04-08 18:06:40.203 [main] INFO  c.t.x.d.i.g.biz.core.segment.SegmentIDGenImpl - update cache from db
2025-04-08 18:10:17.270 [main] WARN  com.alibaba.nacos.client.logging.NacosLogging - Load Logback Configuration of Nacos fail, message: Could not initialize Logback Nacos logging from classpath:nacos-logback.xml
2025-04-08 18:10:17.270 [main] WARN  com.alibaba.nacos.client.logging.NacosLogging - Load Logback Configuration of Nacos fail, message: Could not initialize Logback Nacos logging from classpath:nacos-logback.xml
2025-04-08 18:10:17.350 [main] WARN  com.alibaba.nacos.client.logging.NacosLogging - Load Logback Configuration of Nacos fail, message: Could not initialize Logback Nacos logging from classpath:nacos-logback.xml
2025-04-08 18:10:17.350 [main] WARN  com.alibaba.nacos.client.logging.NacosLogging - Load Logback Configuration of Nacos fail, message: Could not initialize Logback Nacos logging from classpath:nacos-logback.xml
2025-04-08 18:10:17.792 [main] WARN  com.alibaba.nacos.client.logging.NacosLogging - Load Logback Configuration of Nacos fail, message: Could not initialize Logback Nacos logging from classpath:nacos-logback.xml
2025-04-08 18:10:17.792 [main] WARN  com.alibaba.nacos.client.logging.NacosLogging - Load Logback Configuration of Nacos fail, message: Could not initialize Logback Nacos logging from classpath:nacos-logback.xml
2025-04-08 18:10:17.811 [main] WARN  com.alibaba.nacos.client.logging.NacosLogging - Load Logback Configuration of Nacos fail, message: Could not initialize Logback Nacos logging from classpath:nacos-logback.xml
2025-04-08 18:10:17.811 [main] WARN  com.alibaba.nacos.client.logging.NacosLogging - Load Logback Configuration of Nacos fail, message: Could not initialize Logback Nacos logging from classpath:nacos-logback.xml
2025-04-08 18:10:17.812 [main] INFO  c.t.x.d.i.g.b.XiaohashuDistributedIdGeneratorBizApplication - The following 1 profile is active: "dev"
2025-04-08 18:10:17.812 [main] INFO  c.t.x.d.i.g.b.XiaohashuDistributedIdGeneratorBizApplication - The following 1 profile is active: "dev"
2025-04-08 18:10:18.473 [main] INFO  o.springframework.cloud.context.scope.GenericScope - BeanFactory id=16aa25d5-c589-3111-abb9-ab844ede990f
2025-04-08 18:10:18.473 [main] INFO  o.springframework.cloud.context.scope.GenericScope - BeanFactory id=16aa25d5-c589-3111-abb9-ab844ede990f
2025-04-08 18:10:18.802 [main] INFO  o.s.boot.web.embedded.tomcat.TomcatWebServer - Tomcat initialized with port(s): 8085 (http)
2025-04-08 18:10:18.802 [main] INFO  o.s.boot.web.embedded.tomcat.TomcatWebServer - Tomcat initialized with port(s): 8085 (http)
2025-04-08 18:10:18.803 [main] INFO  org.apache.catalina.core.AprLifecycleListener - An older version [1.3.1] of the Apache Tomcat Native library is installed, while Tomcat recommends a minimum version of [2.0.1]
2025-04-08 18:10:18.803 [main] INFO  org.apache.catalina.core.AprLifecycleListener - An older version [1.3.1] of the Apache Tomcat Native library is installed, while Tomcat recommends a minimum version of [2.0.1]
2025-04-08 18:10:18.803 [main] INFO  org.apache.catalina.core.AprLifecycleListener - Loaded Apache Tomcat Native library [1.3.1] using APR version [1.7.4].
2025-04-08 18:10:18.803 [main] INFO  org.apache.catalina.core.AprLifecycleListener - Loaded Apache Tomcat Native library [1.3.1] using APR version [1.7.4].
2025-04-08 18:10:18.820 [main] INFO  org.apache.catalina.core.AprLifecycleListener - OpenSSL successfully initialized [OpenSSL 3.0.14 4 Jun 2024]
2025-04-08 18:10:18.820 [main] INFO  org.apache.catalina.core.AprLifecycleListener - OpenSSL successfully initialized [OpenSSL 3.0.14 4 Jun 2024]
2025-04-08 18:10:18.832 [main] INFO  org.apache.catalina.core.StandardService - Starting service [Tomcat]
2025-04-08 18:10:18.832 [main] INFO  org.apache.catalina.core.StandardService - Starting service [Tomcat]
2025-04-08 18:10:18.833 [main] INFO  org.apache.catalina.core.StandardEngine - Starting Servlet engine: [Apache Tomcat/10.1.5]
2025-04-08 18:10:18.833 [main] INFO  org.apache.catalina.core.StandardEngine - Starting Servlet engine: [Apache Tomcat/10.1.5]
2025-04-08 18:10:18.948 [main] INFO  o.a.c.core.ContainerBase.[Tomcat].[localhost].[/] - Initializing Spring embedded WebApplicationContext
2025-04-08 18:10:18.948 [main] INFO  o.a.c.core.ContainerBase.[Tomcat].[localhost].[/] - Initializing Spring embedded WebApplicationContext
2025-04-08 18:10:18.949 [main] INFO  o.s.b.w.s.c.ServletWebServerApplicationContext - Root WebApplicationContext: initialization completed in 1121 ms
2025-04-08 18:10:18.949 [main] INFO  o.s.b.w.s.c.ServletWebServerApplicationContext - Root WebApplicationContext: initialization completed in 1121 ms
2025-04-08 18:10:19.151 [main] INFO  c.t.x.d.i.g.biz.core.segment.SegmentIDGenImpl - Init ...
2025-04-08 18:10:19.151 [main] INFO  c.t.x.d.i.g.biz.core.segment.SegmentIDGenImpl - Init ...
2025-04-08 18:10:19.151 [main] INFO  c.t.x.d.i.g.biz.core.segment.SegmentIDGenImpl - update cache from db
2025-04-08 18:10:19.151 [main] INFO  c.t.x.d.i.g.biz.core.segment.SegmentIDGenImpl - update cache from db
2025-04-08 18:11:27.437 [main] WARN  com.alibaba.nacos.client.logging.NacosLogging - Load Logback Configuration of Nacos fail, message: Could not initialize Logback Nacos logging from classpath:nacos-logback.xml
2025-04-08 18:11:27.437 [main] WARN  com.alibaba.nacos.client.logging.NacosLogging - Load Logback Configuration of Nacos fail, message: Could not initialize Logback Nacos logging from classpath:nacos-logback.xml
2025-04-08 18:11:27.548 [main] WARN  com.alibaba.nacos.client.logging.NacosLogging - Load Logback Configuration of Nacos fail, message: Could not initialize Logback Nacos logging from classpath:nacos-logback.xml
2025-04-08 18:11:27.548 [main] WARN  com.alibaba.nacos.client.logging.NacosLogging - Load Logback Configuration of Nacos fail, message: Could not initialize Logback Nacos logging from classpath:nacos-logback.xml
2025-04-08 18:11:28.100 [main] WARN  com.alibaba.nacos.client.logging.NacosLogging - Load Logback Configuration of Nacos fail, message: Could not initialize Logback Nacos logging from classpath:nacos-logback.xml
2025-04-08 18:11:28.100 [main] WARN  com.alibaba.nacos.client.logging.NacosLogging - Load Logback Configuration of Nacos fail, message: Could not initialize Logback Nacos logging from classpath:nacos-logback.xml
2025-04-08 18:11:28.118 [main] WARN  com.alibaba.nacos.client.logging.NacosLogging - Load Logback Configuration of Nacos fail, message: Could not initialize Logback Nacos logging from classpath:nacos-logback.xml
2025-04-08 18:11:28.118 [main] WARN  com.alibaba.nacos.client.logging.NacosLogging - Load Logback Configuration of Nacos fail, message: Could not initialize Logback Nacos logging from classpath:nacos-logback.xml
2025-04-08 18:11:28.119 [main] INFO  c.t.x.d.i.g.b.XiaohashuDistributedIdGeneratorBizApplication - The following 1 profile is active: "dev"
2025-04-08 18:11:28.119 [main] INFO  c.t.x.d.i.g.b.XiaohashuDistributedIdGeneratorBizApplication - The following 1 profile is active: "dev"
2025-04-08 18:11:28.909 [main] INFO  o.springframework.cloud.context.scope.GenericScope - BeanFactory id=16aa25d5-c589-3111-abb9-ab844ede990f
2025-04-08 18:11:28.909 [main] INFO  o.springframework.cloud.context.scope.GenericScope - BeanFactory id=16aa25d5-c589-3111-abb9-ab844ede990f
2025-04-08 18:11:29.261 [main] INFO  o.s.boot.web.embedded.tomcat.TomcatWebServer - Tomcat initialized with port(s): 8085 (http)
2025-04-08 18:11:29.261 [main] INFO  o.s.boot.web.embedded.tomcat.TomcatWebServer - Tomcat initialized with port(s): 8085 (http)
2025-04-08 18:11:29.263 [main] INFO  org.apache.catalina.core.AprLifecycleListener - An older version [1.3.1] of the Apache Tomcat Native library is installed, while Tomcat recommends a minimum version of [2.0.1]
2025-04-08 18:11:29.263 [main] INFO  org.apache.catalina.core.AprLifecycleListener - An older version [1.3.1] of the Apache Tomcat Native library is installed, while Tomcat recommends a minimum version of [2.0.1]
2025-04-08 18:11:29.263 [main] INFO  org.apache.catalina.core.AprLifecycleListener - Loaded Apache Tomcat Native library [1.3.1] using APR version [1.7.4].
2025-04-08 18:11:29.263 [main] INFO  org.apache.catalina.core.AprLifecycleListener - Loaded Apache Tomcat Native library [1.3.1] using APR version [1.7.4].
2025-04-08 18:11:29.270 [main] INFO  org.apache.catalina.core.AprLifecycleListener - OpenSSL successfully initialized [OpenSSL 3.0.14 4 Jun 2024]
2025-04-08 18:11:29.270 [main] INFO  org.apache.catalina.core.AprLifecycleListener - OpenSSL successfully initialized [OpenSSL 3.0.14 4 Jun 2024]
2025-04-08 18:11:29.287 [main] INFO  org.apache.catalina.core.StandardService - Starting service [Tomcat]
2025-04-08 18:11:29.287 [main] INFO  org.apache.catalina.core.StandardService - Starting service [Tomcat]
2025-04-08 18:11:29.287 [main] INFO  org.apache.catalina.core.StandardEngine - Starting Servlet engine: [Apache Tomcat/10.1.5]
2025-04-08 18:11:29.287 [main] INFO  org.apache.catalina.core.StandardEngine - Starting Servlet engine: [Apache Tomcat/10.1.5]
2025-04-08 18:11:29.438 [main] INFO  o.a.c.core.ContainerBase.[Tomcat].[localhost].[/] - Initializing Spring embedded WebApplicationContext
2025-04-08 18:11:29.438 [main] INFO  o.a.c.core.ContainerBase.[Tomcat].[localhost].[/] - Initializing Spring embedded WebApplicationContext
2025-04-08 18:11:29.439 [main] INFO  o.s.b.w.s.c.ServletWebServerApplicationContext - Root WebApplicationContext: initialization completed in 1300 ms
2025-04-08 18:11:29.439 [main] INFO  o.s.b.w.s.c.ServletWebServerApplicationContext - Root WebApplicationContext: initialization completed in 1300 ms
2025-04-08 18:11:29.724 [main] INFO  c.t.x.d.i.g.biz.core.segment.SegmentIDGenImpl - Init ...
2025-04-08 18:11:29.724 [main] INFO  c.t.x.d.i.g.biz.core.segment.SegmentIDGenImpl - Init ...
2025-04-08 18:11:29.725 [main] INFO  c.t.x.d.i.g.biz.core.segment.SegmentIDGenImpl - update cache from db
2025-04-08 18:11:29.725 [main] INFO  c.t.x.d.i.g.biz.core.segment.SegmentIDGenImpl - update cache from db
