2025-02-13 14:43:53.974 [Thread-2] WARN  c.alibaba.nacos.common.http.HttpClientBeanHolder - [HttpClientBeanHolder] Start destroying common HttpClient
2025-02-13 14:43:53.974 [Thread-2] WARN  c.alibaba.nacos.common.http.HttpClientBeanHolder - [HttpClientBeanHolder] Start destroying common HttpClient
2025-02-13 14:43:53.974 [Thread-9] WARN  com.alibaba.nacos.common.notify.NotifyCenter - [NotifyCenter] Start destroying Publisher
2025-02-13 14:43:53.974 [Thread-9] WARN  com.alibaba.nacos.common.notify.NotifyCenter - [NotifyCenter] Start destroying Publisher
2025-02-13 14:43:54.005 [Thread-9] WARN  com.alibaba.nacos.common.notify.NotifyCenter - [NotifyCenter] Destruction of the end
2025-02-13 14:43:54.005 [Thread-9] WARN  com.alibaba.nacos.common.notify.NotifyCenter - [NotifyCenter] Destruction of the end
2025-02-13 14:43:54.008 [Thread-2] WARN  c.alibaba.nacos.common.http.HttpClientBeanHolder - [HttpClientBeanHolder] Destruction of the end
2025-02-13 14:43:54.008 [Thread-2] WARN  c.alibaba.nacos.common.http.HttpClientBeanHolder - [HttpClientBeanHolder] Destruction of the end
2025-02-13 14:43:54.121 [SpringApplicationShutdownHook] INFO  c.a.cloud.nacos.registry.NacosServiceRegistry - De-registering from Nacos Server now...
2025-02-13 14:43:54.121 [SpringApplicationShutdownHook] INFO  c.a.cloud.nacos.registry.NacosServiceRegistry - De-registering from Nacos Server now...
2025-02-13 14:43:54.122 [SpringApplicationShutdownHook] INFO  com.alibaba.nacos.client.naming - [DEREGISTER-SERVICE] xiaohashu deregistering service xiaohongshu-user with instance: Instance{instanceId='null', ip='192.168.0.101', port=8082, weight=1.0, healthy=true, enabled=true, ephemeral=true, clusterName='DEFAULT', serviceName='null', metadata={}}
2025-02-13 14:43:54.122 [SpringApplicationShutdownHook] INFO  com.alibaba.nacos.client.naming - [DEREGISTER-SERVICE] xiaohashu deregistering service xiaohongshu-user with instance: Instance{instanceId='null', ip='192.168.0.101', port=8082, weight=1.0, healthy=true, enabled=true, ephemeral=true, clusterName='DEFAULT', serviceName='null', metadata={}}
2025-02-13 14:43:54.138 [SpringApplicationShutdownHook] INFO  c.a.cloud.nacos.registry.NacosServiceRegistry - De-registration finished.
2025-02-13 14:43:54.138 [SpringApplicationShutdownHook] INFO  c.a.cloud.nacos.registry.NacosServiceRegistry - De-registration finished.
2025-02-13 14:43:54.138 [SpringApplicationShutdownHook] INFO  com.alibaba.nacos.client.naming - com.alibaba.nacos.client.naming.cache.ServiceInfoHolder do shutdown begin
2025-02-13 14:43:54.138 [SpringApplicationShutdownHook] INFO  com.alibaba.nacos.client.naming - com.alibaba.nacos.client.naming.cache.ServiceInfoHolder do shutdown begin
2025-02-13 14:43:54.139 [SpringApplicationShutdownHook] INFO  com.alibaba.nacos.client.naming - com.alibaba.nacos.client.naming.backups.FailoverReactor do shutdown begin
2025-02-13 14:43:54.139 [SpringApplicationShutdownHook] INFO  com.alibaba.nacos.client.naming - com.alibaba.nacos.client.naming.backups.FailoverReactor do shutdown begin
2025-02-13 14:43:54.139 [SpringApplicationShutdownHook] INFO  com.alibaba.nacos.client.naming - com.alibaba.nacos.client.naming.backups.FailoverReactor do shutdown stop
2025-02-13 14:43:54.139 [SpringApplicationShutdownHook] INFO  com.alibaba.nacos.client.naming - com.alibaba.nacos.client.naming.backups.FailoverReactor do shutdown stop
2025-02-13 14:43:54.139 [SpringApplicationShutdownHook] INFO  com.alibaba.nacos.client.naming - com.alibaba.nacos.client.naming.cache.ServiceInfoHolder do shutdown stop
2025-02-13 14:43:54.139 [SpringApplicationShutdownHook] INFO  com.alibaba.nacos.client.naming - com.alibaba.nacos.client.naming.cache.ServiceInfoHolder do shutdown stop
2025-02-13 14:43:54.141 [SpringApplicationShutdownHook] INFO  com.alibaba.nacos.client.naming - com.alibaba.nacos.client.naming.remote.NamingClientProxyDelegate do shutdown begin
2025-02-13 14:43:54.141 [SpringApplicationShutdownHook] INFO  com.alibaba.nacos.client.naming - com.alibaba.nacos.client.naming.remote.NamingClientProxyDelegate do shutdown begin
2025-02-13 14:43:54.141 [SpringApplicationShutdownHook] INFO  com.alibaba.nacos.client.naming - com.alibaba.nacos.client.naming.core.ServiceInfoUpdateService do shutdown begin
2025-02-13 14:43:54.141 [SpringApplicationShutdownHook] INFO  com.alibaba.nacos.client.naming - com.alibaba.nacos.client.naming.core.ServiceInfoUpdateService do shutdown begin
2025-02-13 14:43:54.141 [SpringApplicationShutdownHook] INFO  com.alibaba.nacos.client.naming - com.alibaba.nacos.client.naming.core.ServiceInfoUpdateService do shutdown stop
2025-02-13 14:43:54.141 [SpringApplicationShutdownHook] INFO  com.alibaba.nacos.client.naming - com.alibaba.nacos.client.naming.core.ServiceInfoUpdateService do shutdown stop
2025-02-13 14:43:54.141 [SpringApplicationShutdownHook] INFO  com.alibaba.nacos.client.naming - com.alibaba.nacos.client.naming.core.ServerListManager do shutdown begin
2025-02-13 14:43:54.141 [SpringApplicationShutdownHook] INFO  com.alibaba.nacos.client.naming - com.alibaba.nacos.client.naming.core.ServerListManager do shutdown begin
2025-02-13 14:43:54.141 [SpringApplicationShutdownHook] WARN  com.alibaba.nacos.client.naming - [NamingHttpClientManager] Start destroying NacosRestTemplate
2025-02-13 14:43:54.141 [SpringApplicationShutdownHook] WARN  com.alibaba.nacos.client.naming - [NamingHttpClientManager] Start destroying NacosRestTemplate
2025-02-13 14:43:54.141 [SpringApplicationShutdownHook] WARN  com.alibaba.nacos.client.naming - [NamingHttpClientManager] Destruction of the end
2025-02-13 14:43:54.141 [SpringApplicationShutdownHook] WARN  com.alibaba.nacos.client.naming - [NamingHttpClientManager] Destruction of the end
2025-02-13 14:43:54.141 [SpringApplicationShutdownHook] INFO  com.alibaba.nacos.client.naming - com.alibaba.nacos.client.naming.core.ServerListManager do shutdown stop
2025-02-13 14:43:54.141 [SpringApplicationShutdownHook] INFO  com.alibaba.nacos.client.naming - com.alibaba.nacos.client.naming.core.ServerListManager do shutdown stop
2025-02-13 14:43:54.142 [SpringApplicationShutdownHook] INFO  com.alibaba.nacos.client.naming - com.alibaba.nacos.client.naming.remote.http.NamingHttpClientProxy do shutdown begin
2025-02-13 14:43:54.142 [SpringApplicationShutdownHook] INFO  com.alibaba.nacos.client.naming - com.alibaba.nacos.client.naming.remote.http.NamingHttpClientProxy do shutdown begin
2025-02-13 14:43:54.142 [SpringApplicationShutdownHook] WARN  com.alibaba.nacos.client.naming - [NamingHttpClientManager] Start destroying NacosRestTemplate
2025-02-13 14:43:54.142 [SpringApplicationShutdownHook] WARN  com.alibaba.nacos.client.naming - [NamingHttpClientManager] Start destroying NacosRestTemplate
2025-02-13 14:43:54.142 [SpringApplicationShutdownHook] WARN  com.alibaba.nacos.client.naming - [NamingHttpClientManager] Destruction of the end
2025-02-13 14:43:54.142 [SpringApplicationShutdownHook] WARN  com.alibaba.nacos.client.naming - [NamingHttpClientManager] Destruction of the end
2025-02-13 14:43:54.142 [SpringApplicationShutdownHook] INFO  com.alibaba.nacos.client.naming - com.alibaba.nacos.client.naming.remote.http.NamingHttpClientProxy do shutdown stop
2025-02-13 14:43:54.142 [SpringApplicationShutdownHook] INFO  com.alibaba.nacos.client.naming - com.alibaba.nacos.client.naming.remote.http.NamingHttpClientProxy do shutdown stop
2025-02-13 14:43:54.142 [SpringApplicationShutdownHook] INFO  com.alibaba.nacos.common.remote.client - Shutdown rpc client, set status to shutdown
2025-02-13 14:43:54.142 [SpringApplicationShutdownHook] INFO  com.alibaba.nacos.common.remote.client - Shutdown rpc client, set status to shutdown
2025-02-13 14:43:54.142 [SpringApplicationShutdownHook] INFO  com.alibaba.nacos.common.remote.client - Shutdown client event executor java.util.concurrent.ScheduledThreadPoolExecutor@31383298[Running, pool size = 2, active threads = 2, queued tasks = 0, completed tasks = 0]
2025-02-13 14:43:54.142 [SpringApplicationShutdownHook] INFO  com.alibaba.nacos.common.remote.client - Close current connection 1739353256939_127.0.0.1_59625
2025-02-13 14:43:54.142 [SpringApplicationShutdownHook] INFO  com.alibaba.nacos.common.remote.client - Shutdown client event executor java.util.concurrent.ScheduledThreadPoolExecutor@31383298[Running, pool size = 2, active threads = 2, queued tasks = 0, completed tasks = 0]
2025-02-13 14:43:54.142 [SpringApplicationShutdownHook] INFO  com.alibaba.nacos.common.remote.client - Close current connection 1739353256939_127.0.0.1_59625
2025-02-13 14:43:54.149 [nacos-grpc-client-executor-127.0.0.1-4295] INFO  c.a.nacos.common.remote.client.grpc.GrpcClient - [1739353256939_127.0.0.1_59625]Ignore complete event,isRunning:false,isAbandon=false
2025-02-13 14:43:54.149 [nacos-grpc-client-executor-127.0.0.1-4295] INFO  c.a.nacos.common.remote.client.grpc.GrpcClient - [1739353256939_127.0.0.1_59625]Ignore complete event,isRunning:false,isAbandon=false
2025-02-13 14:43:54.157 [SpringApplicationShutdownHook] INFO  c.a.nacos.common.remote.client.grpc.GrpcClient - Shutdown grpc executor java.util.concurrent.ThreadPoolExecutor@538fc8f2[Running, pool size = 4, active threads = 0, queued tasks = 0, completed tasks = 4296]
2025-02-13 14:43:54.157 [SpringApplicationShutdownHook] INFO  c.a.nacos.common.remote.client.grpc.GrpcClient - Shutdown grpc executor java.util.concurrent.ThreadPoolExecutor@538fc8f2[Running, pool size = 4, active threads = 0, queued tasks = 0, completed tasks = 4296]
2025-02-13 14:43:54.158 [SpringApplicationShutdownHook] INFO  com.alibaba.nacos.client.naming - Shutdown grpc redo service executor java.util.concurrent.ScheduledThreadPoolExecutor@342f5d7b[Running, pool size = 1, active threads = 0, queued tasks = 1, completed tasks = 7115]
2025-02-13 14:43:54.158 [SpringApplicationShutdownHook] INFO  com.alibaba.nacos.client.naming - Shutdown grpc redo service executor java.util.concurrent.ScheduledThreadPoolExecutor@342f5d7b[Running, pool size = 1, active threads = 0, queued tasks = 1, completed tasks = 7115]
2025-02-13 14:43:54.158 [SpringApplicationShutdownHook] INFO  c.a.n.client.auth.ram.identify.CredentialWatcher - [null] CredentialWatcher is stopped
2025-02-13 14:43:54.158 [SpringApplicationShutdownHook] INFO  c.a.n.client.auth.ram.identify.CredentialWatcher - [null] CredentialWatcher is stopped
2025-02-13 14:43:54.158 [SpringApplicationShutdownHook] INFO  c.a.n.client.auth.ram.identify.CredentialService - [null] CredentialService is freed
2025-02-13 14:43:54.158 [SpringApplicationShutdownHook] INFO  c.a.n.client.auth.ram.identify.CredentialService - [null] CredentialService is freed
2025-02-13 14:43:54.158 [SpringApplicationShutdownHook] INFO  com.alibaba.nacos.client.naming - com.alibaba.nacos.client.naming.remote.NamingClientProxyDelegate do shutdown stop
2025-02-13 14:43:54.158 [SpringApplicationShutdownHook] INFO  com.alibaba.nacos.client.naming - com.alibaba.nacos.client.naming.remote.NamingClientProxyDelegate do shutdown stop
2025-02-13 14:43:54.340 [SpringApplicationShutdownHook] INFO  com.alibaba.druid.pool.DruidDataSource - {dataSource-1} closing ...
2025-02-13 14:43:54.340 [SpringApplicationShutdownHook] INFO  com.alibaba.druid.pool.DruidDataSource - {dataSource-1} closing ...
2025-02-13 14:43:54.344 [SpringApplicationShutdownHook] INFO  com.alibaba.druid.pool.DruidDataSource - {dataSource-1} closed
2025-02-13 14:43:54.344 [SpringApplicationShutdownHook] INFO  com.alibaba.druid.pool.DruidDataSource - {dataSource-1} closed
2025-02-13 21:56:03.771 [main] WARN  com.alibaba.nacos.client.logging.NacosLogging - Load Logback Configuration of Nacos fail, message: Could not initialize Logback Nacos logging from classpath:nacos-logback.xml
2025-02-13 21:56:03.771 [main] WARN  com.alibaba.nacos.client.logging.NacosLogging - Load Logback Configuration of Nacos fail, message: Could not initialize Logback Nacos logging from classpath:nacos-logback.xml
2025-02-13 21:56:03.850 [main] WARN  com.alibaba.nacos.client.logging.NacosLogging - Load Logback Configuration of Nacos fail, message: Could not initialize Logback Nacos logging from classpath:nacos-logback.xml
2025-02-13 21:56:03.850 [main] WARN  com.alibaba.nacos.client.logging.NacosLogging - Load Logback Configuration of Nacos fail, message: Could not initialize Logback Nacos logging from classpath:nacos-logback.xml
2025-02-13 21:56:04.097 [main] WARN  com.alibaba.nacos.client.logging.NacosLogging - Load Logback Configuration of Nacos fail, message: Could not initialize Logback Nacos logging from classpath:nacos-logback.xml
2025-02-13 21:56:04.097 [main] WARN  com.alibaba.nacos.client.logging.NacosLogging - Load Logback Configuration of Nacos fail, message: Could not initialize Logback Nacos logging from classpath:nacos-logback.xml
2025-02-13 21:56:04.099 [main] INFO  com.alibaba.nacos.client.utils.ParamUtil - [settings] [req-serv] nacos-server port:8848
2025-02-13 21:56:04.099 [main] INFO  com.alibaba.nacos.client.utils.ParamUtil - [settings] [req-serv] nacos-server port:8848
2025-02-13 21:56:04.099 [main] INFO  com.alibaba.nacos.client.utils.ParamUtil - [settings] [http-client] connect timeout:1000
2025-02-13 21:56:04.099 [main] INFO  com.alibaba.nacos.client.utils.ParamUtil - [settings] [http-client] connect timeout:1000
2025-02-13 21:56:04.100 [main] INFO  com.alibaba.nacos.client.utils.ParamUtil - PER_TASK_CONFIG_SIZE: 3000.0
2025-02-13 21:56:04.100 [main] INFO  com.alibaba.nacos.client.utils.ParamUtil - PER_TASK_CONFIG_SIZE: 3000.0
2025-02-13 21:56:04.137 [main] INFO  c.a.n.p.auth.spi.client.ClientAuthPluginManager - [ClientAuthPluginManager] Load ClientAuthService com.alibaba.nacos.client.auth.impl.NacosClientAuthServiceImpl success.
2025-02-13 21:56:04.137 [main] INFO  c.a.n.p.auth.spi.client.ClientAuthPluginManager - [ClientAuthPluginManager] Load ClientAuthService com.alibaba.nacos.client.auth.impl.NacosClientAuthServiceImpl success.
2025-02-13 21:56:04.138 [main] INFO  c.a.n.p.auth.spi.client.ClientAuthPluginManager - [ClientAuthPluginManager] Load ClientAuthService com.alibaba.nacos.client.auth.ram.RamClientAuthServiceImpl success.
2025-02-13 21:56:04.138 [main] INFO  c.a.n.p.auth.spi.client.ClientAuthPluginManager - [ClientAuthPluginManager] Load ClientAuthService com.alibaba.nacos.client.auth.ram.RamClientAuthServiceImpl success.
2025-02-13 21:56:04.141 [main] INFO  c.a.n.client.auth.ram.identify.CredentialWatcher - null No credential found
2025-02-13 21:56:04.141 [main] INFO  c.a.n.client.auth.ram.identify.CredentialWatcher - null No credential found
2025-02-13 21:56:04.391 [main] WARN  com.alibaba.nacos.client.logging.NacosLogging - Load Logback Configuration of Nacos fail, message: Could not initialize Logback Nacos logging from classpath:nacos-logback.xml
2025-02-13 21:56:04.391 [main] WARN  com.alibaba.nacos.client.logging.NacosLogging - Load Logback Configuration of Nacos fail, message: Could not initialize Logback Nacos logging from classpath:nacos-logback.xml
2025-02-13 21:56:04.412 [main] INFO  c.a.n.client.config.impl.LocalConfigInfoProcessor - LOCAL_SNAPSHOT_PATH:C:\Users\Administrator\nacos\config
2025-02-13 21:56:04.412 [main] INFO  c.a.n.client.config.impl.LocalConfigInfoProcessor - LOCAL_SNAPSHOT_PATH:C:\Users\Administrator\nacos\config
2025-02-13 21:56:04.418 [main] INFO  com.alibaba.nacos.common.remote.client - [RpcClientFactory] create a new rpc client of f7fc2231-56d0-4d39-a35b-c487aebc495d_config-0
2025-02-13 21:56:04.418 [main] INFO  com.alibaba.nacos.common.remote.client - [RpcClientFactory] create a new rpc client of f7fc2231-56d0-4d39-a35b-c487aebc495d_config-0
2025-02-13 21:56:04.449 [main] INFO  com.alibaba.nacos.common.remote.client - [f7fc2231-56d0-4d39-a35b-c487aebc495d_config-0] Register server push request handler:com.alibaba.nacos.client.config.impl.ClientWorker$ConfigRpcTransportClient$$Lambda$591/0x000001e402370d28
2025-02-13 21:56:04.449 [main] INFO  com.alibaba.nacos.common.remote.client - [f7fc2231-56d0-4d39-a35b-c487aebc495d_config-0] Register server push request handler:com.alibaba.nacos.client.config.impl.ClientWorker$ConfigRpcTransportClient$$Lambda$591/0x000001e402370d28
2025-02-13 21:56:04.450 [main] INFO  com.alibaba.nacos.common.remote.client - [f7fc2231-56d0-4d39-a35b-c487aebc495d_config-0] Register server push request handler:com.alibaba.nacos.client.config.impl.ClientWorker$ConfigRpcTransportClient$$Lambda$592/0x000001e402371148
2025-02-13 21:56:04.450 [main] INFO  com.alibaba.nacos.common.remote.client - [f7fc2231-56d0-4d39-a35b-c487aebc495d_config-0] Register server push request handler:com.alibaba.nacos.client.config.impl.ClientWorker$ConfigRpcTransportClient$$Lambda$592/0x000001e402371148
2025-02-13 21:56:04.451 [main] INFO  com.alibaba.nacos.common.remote.client - [f7fc2231-56d0-4d39-a35b-c487aebc495d_config-0] Registry connection listener to current client:com.alibaba.nacos.client.config.impl.ClientWorker$ConfigRpcTransportClient$1
2025-02-13 21:56:04.451 [main] INFO  com.alibaba.nacos.common.remote.client - [f7fc2231-56d0-4d39-a35b-c487aebc495d_config-0] RpcClient init, ServerListFactory = com.alibaba.nacos.client.config.impl.ClientWorker$ConfigRpcTransportClient$2
2025-02-13 21:56:04.451 [main] INFO  com.alibaba.nacos.common.remote.client - [f7fc2231-56d0-4d39-a35b-c487aebc495d_config-0] Registry connection listener to current client:com.alibaba.nacos.client.config.impl.ClientWorker$ConfigRpcTransportClient$1
2025-02-13 21:56:04.451 [main] INFO  com.alibaba.nacos.common.remote.client - [f7fc2231-56d0-4d39-a35b-c487aebc495d_config-0] RpcClient init, ServerListFactory = com.alibaba.nacos.client.config.impl.ClientWorker$ConfigRpcTransportClient$2
2025-02-13 21:56:04.463 [main] INFO  com.alibaba.nacos.common.remote.client - [f7fc2231-56d0-4d39-a35b-c487aebc495d_config-0] Try to connect to server on start up, server: {serverIp = '127.0.0.1', server main port = 8848}
2025-02-13 21:56:04.463 [main] INFO  com.alibaba.nacos.common.remote.client - [f7fc2231-56d0-4d39-a35b-c487aebc495d_config-0] Try to connect to server on start up, server: {serverIp = '127.0.0.1', server main port = 8848}
2025-02-13 21:56:04.519 [main] INFO  c.a.nacos.common.remote.client.grpc.GrpcClient - grpc client connection server:127.0.0.1 ip,serverPort:9848,grpcTslConfig:{"sslProvider":"OPENSSL","enableTls":false,"mutualAuthEnable":false,"trustAll":false}
2025-02-13 21:56:04.519 [main] INFO  c.a.nacos.common.remote.client.grpc.GrpcClient - grpc client connection server:127.0.0.1 ip,serverPort:9848,grpcTslConfig:{"sslProvider":"OPENSSL","enableTls":false,"mutualAuthEnable":false,"trustAll":false}
2025-02-13 21:56:05.360 [main] INFO  com.alibaba.nacos.common.remote.client - [f7fc2231-56d0-4d39-a35b-c487aebc495d_config-0] Success to connect to server [127.0.0.1:8848] on start up, connectionId = 1739454965161_127.0.0.1_52382
2025-02-13 21:56:05.360 [main] INFO  com.alibaba.nacos.common.remote.client - [f7fc2231-56d0-4d39-a35b-c487aebc495d_config-0] Success to connect to server [127.0.0.1:8848] on start up, connectionId = 1739454965161_127.0.0.1_52382
2025-02-13 21:56:05.361 [com.alibaba.nacos.client.remote.worker] INFO  com.alibaba.nacos.common.remote.client - [f7fc2231-56d0-4d39-a35b-c487aebc495d_config-0] Notify connected event to listeners.
2025-02-13 21:56:05.361 [com.alibaba.nacos.client.remote.worker] INFO  com.alibaba.nacos.common.remote.client - [f7fc2231-56d0-4d39-a35b-c487aebc495d_config-0] Notify connected event to listeners.
2025-02-13 21:56:05.361 [com.alibaba.nacos.client.remote.worker] INFO  com.alibaba.nacos.client.config.impl.ClientWorker - [f7fc2231-56d0-4d39-a35b-c487aebc495d_config-0] Connected,notify listen context...
2025-02-13 21:56:05.361 [com.alibaba.nacos.client.remote.worker] INFO  com.alibaba.nacos.client.config.impl.ClientWorker - [f7fc2231-56d0-4d39-a35b-c487aebc495d_config-0] Connected,notify listen context...
2025-02-13 21:56:05.361 [main] INFO  com.alibaba.nacos.common.remote.client - [f7fc2231-56d0-4d39-a35b-c487aebc495d_config-0] Register server push request handler:com.alibaba.nacos.common.remote.client.RpcClient$ConnectResetRequestHandler
2025-02-13 21:56:05.361 [main] INFO  com.alibaba.nacos.common.remote.client - [f7fc2231-56d0-4d39-a35b-c487aebc495d_config-0] Register server push request handler:com.alibaba.nacos.common.remote.client.RpcClient$ConnectResetRequestHandler
2025-02-13 21:56:05.362 [main] INFO  com.alibaba.nacos.common.remote.client - [f7fc2231-56d0-4d39-a35b-c487aebc495d_config-0] Register server push request handler:com.alibaba.nacos.common.remote.client.RpcClient$$Lambda$612/0x000001e4024f9ad0
2025-02-13 21:56:05.362 [main] INFO  com.alibaba.nacos.common.remote.client - [f7fc2231-56d0-4d39-a35b-c487aebc495d_config-0] Register server push request handler:com.alibaba.nacos.common.remote.client.RpcClient$$Lambda$612/0x000001e4024f9ad0
2025-02-13 21:56:05.416 [main] INFO  com.alibaba.nacos.client.config.impl.Limiter - limitTime:5.0
2025-02-13 21:56:05.416 [main] INFO  com.alibaba.nacos.client.config.impl.Limiter - limitTime:5.0
2025-02-13 21:56:05.439 [main] WARN  c.a.cloud.nacos.client.NacosPropertySourceBuilder - Ignore the empty nacos configuration and get it based on dataId[xiaohongshu-user] & group[DEFAULT_GROUP]
2025-02-13 21:56:05.439 [main] WARN  c.a.cloud.nacos.client.NacosPropertySourceBuilder - Ignore the empty nacos configuration and get it based on dataId[xiaohongshu-user] & group[DEFAULT_GROUP]
2025-02-13 21:56:05.447 [main] WARN  c.a.cloud.nacos.client.NacosPropertySourceBuilder - Ignore the empty nacos configuration and get it based on dataId[xiaohongshu-user.properties] & group[DEFAULT_GROUP]
2025-02-13 21:56:05.447 [main] WARN  c.a.cloud.nacos.client.NacosPropertySourceBuilder - Ignore the empty nacos configuration and get it based on dataId[xiaohongshu-user.properties] & group[DEFAULT_GROUP]
2025-02-13 21:56:05.452 [main] WARN  c.a.cloud.nacos.client.NacosPropertySourceBuilder - Ignore the empty nacos configuration and get it based on dataId[xiaohongshu-user-dev.properties] & group[DEFAULT_GROUP]
2025-02-13 21:56:05.452 [main] WARN  c.a.cloud.nacos.client.NacosPropertySourceBuilder - Ignore the empty nacos configuration and get it based on dataId[xiaohongshu-user-dev.properties] & group[DEFAULT_GROUP]
2025-02-13 21:56:05.454 [main] INFO  o.s.c.b.c.PropertySourceBootstrapConfiguration - Located property source: [BootstrapPropertySource {name='bootstrapProperties-xiaohongshu-user-dev.properties,DEFAULT_GROUP'}, BootstrapPropertySource {name='bootstrapProperties-xiaohongshu-user.properties,DEFAULT_GROUP'}, BootstrapPropertySource {name='bootstrapProperties-xiaohongshu-user,DEFAULT_GROUP'}]
2025-02-13 21:56:05.454 [main] INFO  o.s.c.b.c.PropertySourceBootstrapConfiguration - Located property source: [BootstrapPropertySource {name='bootstrapProperties-xiaohongshu-user-dev.properties,DEFAULT_GROUP'}, BootstrapPropertySource {name='bootstrapProperties-xiaohongshu-user.properties,DEFAULT_GROUP'}, BootstrapPropertySource {name='bootstrapProperties-xiaohongshu-user,DEFAULT_GROUP'}]
2025-02-13 21:56:05.481 [main] WARN  com.alibaba.nacos.client.logging.NacosLogging - Load Logback Configuration of Nacos fail, message: Could not initialize Logback Nacos logging from classpath:nacos-logback.xml
2025-02-13 21:56:05.481 [main] WARN  com.alibaba.nacos.client.logging.NacosLogging - Load Logback Configuration of Nacos fail, message: Could not initialize Logback Nacos logging from classpath:nacos-logback.xml
2025-02-13 21:56:05.483 [main] INFO  c.t.x.user.biz.XiaohongshuUserBizApplication - The following 1 profile is active: "dev"
2025-02-13 21:56:05.483 [main] INFO  c.t.x.user.biz.XiaohongshuUserBizApplication - The following 1 profile is active: "dev"
2025-02-13 21:56:06.369 [main] INFO  o.s.d.r.config.RepositoryConfigurationDelegate - Multiple Spring Data modules found, entering strict repository configuration mode
2025-02-13 21:56:06.369 [main] INFO  o.s.d.r.config.RepositoryConfigurationDelegate - Multiple Spring Data modules found, entering strict repository configuration mode
2025-02-13 21:56:06.374 [main] INFO  o.s.d.r.config.RepositoryConfigurationDelegate - Bootstrapping Spring Data Redis repositories in DEFAULT mode.
2025-02-13 21:56:06.374 [main] INFO  o.s.d.r.config.RepositoryConfigurationDelegate - Bootstrapping Spring Data Redis repositories in DEFAULT mode.
2025-02-13 21:56:06.410 [main] INFO  o.s.d.r.config.RepositoryConfigurationDelegate - Finished Spring Data repository scanning in 15 ms. Found 0 Redis repository interfaces.
2025-02-13 21:56:06.410 [main] INFO  o.s.d.r.config.RepositoryConfigurationDelegate - Finished Spring Data repository scanning in 15 ms. Found 0 Redis repository interfaces.
2025-02-13 21:56:06.696 [main] INFO  o.springframework.cloud.context.scope.GenericScope - BeanFactory id=b94fde32-e4ec-3906-a950-efd8ebaa9e3a
2025-02-13 21:56:06.696 [main] INFO  o.springframework.cloud.context.scope.GenericScope - BeanFactory id=b94fde32-e4ec-3906-a950-efd8ebaa9e3a
2025-02-13 21:56:06.746 [main] INFO  o.s.c.s.PostProcessorRegistrationDelegate$BeanPostProcessorChecker - Bean 'api.xiaohongshu.com.tyc.xiaohongshu.distributed.id.generator.biz.UserFeignApi' of type [org.springframework.cloud.openfeign.FeignClientFactoryBean] is not eligible for getting processed by all BeanPostProcessors (for example: not eligible for auto-proxying)
2025-02-13 21:56:06.746 [main] INFO  o.s.c.s.PostProcessorRegistrationDelegate$BeanPostProcessorChecker - Bean 'api.xiaohongshu.com.tyc.xiaohongshu.distributed.id.generator.biz.UserFeignApi' of type [org.springframework.cloud.openfeign.FeignClientFactoryBean] is not eligible for getting processed by all BeanPostProcessors (for example: not eligible for auto-proxying)
2025-02-13 21:56:06.749 [main] INFO  o.s.c.s.PostProcessorRegistrationDelegate$BeanPostProcessorChecker - Bean 'api.oss.xiaohongshu.com.tyc.xiaohongshu.distributed.id.generator.biz.FileFeignApi' of type [org.springframework.cloud.openfeign.FeignClientFactoryBean] is not eligible for getting processed by all BeanPostProcessors (for example: not eligible for auto-proxying)
2025-02-13 21:56:06.749 [main] INFO  o.s.c.s.PostProcessorRegistrationDelegate$BeanPostProcessorChecker - Bean 'api.oss.xiaohongshu.com.tyc.xiaohongshu.distributed.id.generator.biz.FileFeignApi' of type [org.springframework.cloud.openfeign.FeignClientFactoryBean] is not eligible for getting processed by all BeanPostProcessors (for example: not eligible for auto-proxying)
2025-02-13 21:56:07.611 [main] INFO  o.s.boot.web.embedded.tomcat.TomcatWebServer - Tomcat initialized with port(s): 8082 (http)
2025-02-13 21:56:07.611 [main] INFO  o.s.boot.web.embedded.tomcat.TomcatWebServer - Tomcat initialized with port(s): 8082 (http)
2025-02-13 21:56:07.625 [main] INFO  org.apache.catalina.core.StandardService - Starting service [Tomcat]
2025-02-13 21:56:07.625 [main] INFO  org.apache.catalina.core.StandardService - Starting service [Tomcat]
2025-02-13 21:56:07.626 [main] INFO  org.apache.catalina.core.StandardEngine - Starting Servlet engine: [Apache Tomcat/10.1.5]
2025-02-13 21:56:07.626 [main] INFO  org.apache.catalina.core.StandardEngine - Starting Servlet engine: [Apache Tomcat/10.1.5]
2025-02-13 21:56:07.765 [main] INFO  o.a.c.core.ContainerBase.[Tomcat].[localhost].[/] - Initializing Spring embedded WebApplicationContext
2025-02-13 21:56:07.765 [main] INFO  o.a.c.core.ContainerBase.[Tomcat].[localhost].[/] - Initializing Spring embedded WebApplicationContext
2025-02-13 21:56:07.767 [main] INFO  o.s.b.w.s.c.ServletWebServerApplicationContext - Root WebApplicationContext: initialization completed in 2259 ms
2025-02-13 21:56:07.767 [main] INFO  o.s.b.w.s.c.ServletWebServerApplicationContext - Root WebApplicationContext: initialization completed in 2259 ms
2025-02-13 21:56:07.940 [main] INFO  c.a.d.s.b.a.DruidDataSourceAutoConfigure - Init DruidDataSource
2025-02-13 21:56:07.940 [main] INFO  c.a.d.s.b.a.DruidDataSourceAutoConfigure - Init DruidDataSource
2025-02-13 21:56:08.501 [main] INFO  com.alibaba.druid.pool.DruidDataSource - {dataSource-1} inited
2025-02-13 21:56:08.501 [main] INFO  com.alibaba.druid.pool.DruidDataSource - {dataSource-1} inited
2025-02-13 21:56:09.083 [main] INFO  o.s.cloud.openfeign.FeignClientFactoryBean - For 'xiaohongshu-oss' URL not provided. Will try picking an instance via load-balancing.
2025-02-13 21:56:09.083 [main] INFO  o.s.cloud.openfeign.FeignClientFactoryBean - For 'xiaohongshu-oss' URL not provided. Will try picking an instance via load-balancing.
2025-02-13 21:56:10.652 [main] WARN  o.s.c.l.c.LoadBalancerCacheAutoConfiguration$LoadBalancerCaffeineWarnLogger - Spring Cloud LoadBalancer is currently working with the default cache. While this cache implementation is useful for development and tests, it's recommended to use Caffeine cache in production.You can switch to using Caffeine cache, by adding it and org.springframework.cache.caffeine.CaffeineCacheManager to the classpath.
2025-02-13 21:56:10.652 [main] WARN  o.s.c.l.c.LoadBalancerCacheAutoConfiguration$LoadBalancerCaffeineWarnLogger - Spring Cloud LoadBalancer is currently working with the default cache. While this cache implementation is useful for development and tests, it's recommended to use Caffeine cache in production.You can switch to using Caffeine cache, by adding it and org.springframework.cache.caffeine.CaffeineCacheManager to the classpath.
2025-02-13 21:56:10.778 [main] INFO  o.s.boot.web.embedded.tomcat.TomcatWebServer - Tomcat started on port(s): 8082 (http) with context path ''
2025-02-13 21:56:10.778 [main] INFO  o.s.boot.web.embedded.tomcat.TomcatWebServer - Tomcat started on port(s): 8082 (http) with context path ''
2025-02-13 21:56:10.785 [main] INFO  com.alibaba.nacos.client.naming - initializer namespace from ans.namespace attribute : null
2025-02-13 21:56:10.785 [main] INFO  com.alibaba.nacos.client.naming - initializer namespace from ans.namespace attribute : null
2025-02-13 21:56:10.786 [main] INFO  com.alibaba.nacos.client.naming - initializer namespace from ALIBABA_ALIWARE_NAMESPACE attribute :null
2025-02-13 21:56:10.786 [main] INFO  com.alibaba.nacos.client.naming - initializer namespace from ALIBABA_ALIWARE_NAMESPACE attribute :null
2025-02-13 21:56:10.787 [main] INFO  com.alibaba.nacos.client.naming - initializer namespace from namespace attribute :null
2025-02-13 21:56:10.787 [main] INFO  com.alibaba.nacos.client.naming - initializer namespace from namespace attribute :null
2025-02-13 21:56:10.796 [main] INFO  c.a.n.p.auth.spi.client.ClientAuthPluginManager - [ClientAuthPluginManager] Load ClientAuthService com.alibaba.nacos.client.auth.impl.NacosClientAuthServiceImpl success.
2025-02-13 21:56:10.796 [main] INFO  c.a.n.p.auth.spi.client.ClientAuthPluginManager - [ClientAuthPluginManager] Load ClientAuthService com.alibaba.nacos.client.auth.impl.NacosClientAuthServiceImpl success.
2025-02-13 21:56:10.797 [main] INFO  c.a.n.p.auth.spi.client.ClientAuthPluginManager - [ClientAuthPluginManager] Load ClientAuthService com.alibaba.nacos.client.auth.ram.RamClientAuthServiceImpl success.
2025-02-13 21:56:10.797 [main] INFO  c.a.n.p.auth.spi.client.ClientAuthPluginManager - [ClientAuthPluginManager] Load ClientAuthService com.alibaba.nacos.client.auth.ram.RamClientAuthServiceImpl success.
2025-02-13 21:56:10.804 [main] INFO  com.alibaba.nacos.common.remote.client - [RpcClientFactory] create a new rpc client of 9d11e1f0-a369-420d-932c-231e242df2a8
2025-02-13 21:56:10.804 [main] INFO  com.alibaba.nacos.common.remote.client - [RpcClientFactory] create a new rpc client of 9d11e1f0-a369-420d-932c-231e242df2a8
2025-02-13 21:56:10.807 [main] INFO  com.alibaba.nacos.common.remote.client - [9d11e1f0-a369-420d-932c-231e242df2a8] RpcClient init, ServerListFactory = com.alibaba.nacos.client.naming.core.ServerListManager
2025-02-13 21:56:10.807 [main] INFO  com.alibaba.nacos.common.remote.client - [9d11e1f0-a369-420d-932c-231e242df2a8] Registry connection listener to current client:com.alibaba.nacos.client.naming.remote.gprc.redo.NamingGrpcRedoService
2025-02-13 21:56:10.807 [main] INFO  com.alibaba.nacos.common.remote.client - [9d11e1f0-a369-420d-932c-231e242df2a8] RpcClient init, ServerListFactory = com.alibaba.nacos.client.naming.core.ServerListManager
2025-02-13 21:56:10.807 [main] INFO  com.alibaba.nacos.common.remote.client - [9d11e1f0-a369-420d-932c-231e242df2a8] Registry connection listener to current client:com.alibaba.nacos.client.naming.remote.gprc.redo.NamingGrpcRedoService
2025-02-13 21:56:10.808 [main] INFO  com.alibaba.nacos.common.remote.client - [9d11e1f0-a369-420d-932c-231e242df2a8] Register server push request handler:com.alibaba.nacos.client.naming.remote.gprc.NamingPushRequestHandler
2025-02-13 21:56:10.808 [main] INFO  com.alibaba.nacos.common.remote.client - [9d11e1f0-a369-420d-932c-231e242df2a8] Register server push request handler:com.alibaba.nacos.client.naming.remote.gprc.NamingPushRequestHandler
2025-02-13 21:56:10.809 [main] INFO  com.alibaba.nacos.common.remote.client - [9d11e1f0-a369-420d-932c-231e242df2a8] Try to connect to server on start up, server: {serverIp = '127.0.0.1', server main port = 8848}
2025-02-13 21:56:10.809 [main] INFO  com.alibaba.nacos.common.remote.client - [9d11e1f0-a369-420d-932c-231e242df2a8] Try to connect to server on start up, server: {serverIp = '127.0.0.1', server main port = 8848}
2025-02-13 21:56:10.809 [main] INFO  c.a.nacos.common.remote.client.grpc.GrpcClient - grpc client connection server:127.0.0.1 ip,serverPort:9848,grpcTslConfig:{"sslProvider":"OPENSSL","enableTls":false,"mutualAuthEnable":false,"trustAll":false}
2025-02-13 21:56:10.809 [main] INFO  c.a.nacos.common.remote.client.grpc.GrpcClient - grpc client connection server:127.0.0.1 ip,serverPort:9848,grpcTslConfig:{"sslProvider":"OPENSSL","enableTls":false,"mutualAuthEnable":false,"trustAll":false}
2025-02-13 21:56:10.946 [main] INFO  com.alibaba.nacos.common.remote.client - [9d11e1f0-a369-420d-932c-231e242df2a8] Success to connect to server [127.0.0.1:8848] on start up, connectionId = 1739454970821_127.0.0.1_52411
2025-02-13 21:56:10.949 [main] INFO  com.alibaba.nacos.common.remote.client - [9d11e1f0-a369-420d-932c-231e242df2a8] Register server push request handler:com.alibaba.nacos.common.remote.client.RpcClient$ConnectResetRequestHandler
2025-02-13 21:56:10.949 [main] INFO  com.alibaba.nacos.common.remote.client - [9d11e1f0-a369-420d-932c-231e242df2a8] Register server push request handler:com.alibaba.nacos.common.remote.client.RpcClient$$Lambda$612/0x000001e4024f9ad0
2025-02-13 21:56:10.949 [com.alibaba.nacos.client.remote.worker] INFO  com.alibaba.nacos.common.remote.client - [9d11e1f0-a369-420d-932c-231e242df2a8] Notify connected event to listeners.
2025-02-13 21:56:10.949 [com.alibaba.nacos.client.remote.worker] INFO  com.alibaba.nacos.client.naming - Grpc connection connect
2025-02-13 21:56:10.946 [main] INFO  com.alibaba.nacos.common.remote.client - [9d11e1f0-a369-420d-932c-231e242df2a8] Success to connect to server [127.0.0.1:8848] on start up, connectionId = 1739454970821_127.0.0.1_52411
2025-02-13 21:56:10.949 [main] INFO  com.alibaba.nacos.common.remote.client - [9d11e1f0-a369-420d-932c-231e242df2a8] Register server push request handler:com.alibaba.nacos.common.remote.client.RpcClient$ConnectResetRequestHandler
2025-02-13 21:56:10.949 [main] INFO  com.alibaba.nacos.common.remote.client - [9d11e1f0-a369-420d-932c-231e242df2a8] Register server push request handler:com.alibaba.nacos.common.remote.client.RpcClient$$Lambda$612/0x000001e4024f9ad0
2025-02-13 21:56:10.949 [com.alibaba.nacos.client.remote.worker] INFO  com.alibaba.nacos.common.remote.client - [9d11e1f0-a369-420d-932c-231e242df2a8] Notify connected event to listeners.
2025-02-13 21:56:10.949 [com.alibaba.nacos.client.remote.worker] INFO  com.alibaba.nacos.client.naming - Grpc connection connect
2025-02-13 21:56:10.950 [main] INFO  com.alibaba.nacos.client.naming - [REGISTER-SERVICE] xiaohashu registering service xiaohongshu-user with instance Instance{instanceId='null', ip='192.168.0.101', port=8082, weight=1.0, healthy=true, enabled=true, ephemeral=true, clusterName='DEFAULT', serviceName='null', metadata={IPv6=null, preserved.register.source=SPRING_CLOUD}}
2025-02-13 21:56:10.950 [main] INFO  com.alibaba.nacos.client.naming - [REGISTER-SERVICE] xiaohashu registering service xiaohongshu-user with instance Instance{instanceId='null', ip='192.168.0.101', port=8082, weight=1.0, healthy=true, enabled=true, ephemeral=true, clusterName='DEFAULT', serviceName='null', metadata={IPv6=null, preserved.register.source=SPRING_CLOUD}}
2025-02-13 21:56:10.986 [main] INFO  c.a.cloud.nacos.registry.NacosServiceRegistry - nacos registry, DEFAULT_GROUP xiaohongshu-user 192.168.0.101:8082 register finished
2025-02-13 21:56:10.986 [main] INFO  c.a.cloud.nacos.registry.NacosServiceRegistry - nacos registry, DEFAULT_GROUP xiaohongshu-user 192.168.0.101:8082 register finished
2025-02-13 21:56:11.089 [main] INFO  c.t.x.user.biz.XiaohongshuUserBizApplication - Started XiaohongshuUserBizApplication in 8.004 seconds (process running for 8.683)
2025-02-13 21:56:11.089 [main] INFO  c.t.x.user.biz.XiaohongshuUserBizApplication - Started XiaohongshuUserBizApplication in 8.004 seconds (process running for 8.683)
2025-02-13 21:56:11.091 [main] INFO  c.t.x.u.biz.runner.PushRolePermissions2RedisRunner - ==> 服务启动，开始同步角色权限数据到 Redis 中...
2025-02-13 21:56:11.091 [main] INFO  c.t.x.u.biz.runner.PushRolePermissions2RedisRunner - ==> 服务启动，开始同步角色权限数据到 Redis 中...
2025-02-13 21:56:11.793 [main] DEBUG c.t.x.u.b.d.mapper.RoleDOMapper.selectEnabledList - ==>  Preparing: select id, role_key, role_name from t_role where status = 0 and is_deleted = 0
2025-02-13 21:56:11.793 [main] DEBUG c.t.x.u.b.d.mapper.RoleDOMapper.selectEnabledList - ==>  Preparing: select id, role_key, role_name from t_role where status = 0 and is_deleted = 0
2025-02-13 21:56:12.095 [main] DEBUG c.t.x.u.b.d.mapper.RoleDOMapper.selectEnabledList - ==> Parameters: 
2025-02-13 21:56:12.095 [main] DEBUG c.t.x.u.b.d.mapper.RoleDOMapper.selectEnabledList - ==> Parameters: 
2025-02-13 21:56:12.186 [main] DEBUG c.t.x.u.b.d.mapper.RoleDOMapper.selectEnabledList - <==      Total: 1
2025-02-13 21:56:12.186 [main] DEBUG c.t.x.u.b.d.mapper.RoleDOMapper.selectEnabledList - <==      Total: 1
2025-02-13 21:56:12.227 [main] DEBUG c.t.x.u.b.d.m.R.selectByRoleIds - ==>  Preparing: select role_id, permission_id from t_role_permission_rel where role_id in ( ? )
2025-02-13 21:56:12.227 [main] DEBUG c.t.x.u.b.d.m.R.selectByRoleIds - ==>  Preparing: select role_id, permission_id from t_role_permission_rel where role_id in ( ? )
2025-02-13 21:56:12.235 [main] DEBUG c.t.x.u.b.d.m.R.selectByRoleIds - ==> Parameters: 1(Long)
2025-02-13 21:56:12.235 [main] DEBUG c.t.x.u.b.d.m.R.selectByRoleIds - ==> Parameters: 1(Long)
2025-02-13 21:56:12.243 [main] DEBUG c.t.x.u.b.d.m.R.selectByRoleIds - <==      Total: 2
2025-02-13 21:56:12.243 [main] DEBUG c.t.x.u.b.d.m.R.selectByRoleIds - <==      Total: 2
2025-02-13 21:56:12.245 [main] DEBUG c.t.x.u.b.d.m.P.selectAppEnabledList - ==>  Preparing: select id, name, permission_key from t_permission where status = 0 and type = 3 and is_deleted = 0
2025-02-13 21:56:12.245 [main] DEBUG c.t.x.u.b.d.m.P.selectAppEnabledList - ==>  Preparing: select id, name, permission_key from t_permission where status = 0 and type = 3 and is_deleted = 0
2025-02-13 21:56:12.248 [main] DEBUG c.t.x.u.b.d.m.P.selectAppEnabledList - ==> Parameters: 
2025-02-13 21:56:12.248 [main] DEBUG c.t.x.u.b.d.m.P.selectAppEnabledList - ==> Parameters: 
2025-02-13 21:56:12.257 [main] DEBUG c.t.x.u.b.d.m.P.selectAppEnabledList - <==      Total: 2
2025-02-13 21:56:12.257 [main] DEBUG c.t.x.u.b.d.m.P.selectAppEnabledList - <==      Total: 2
2025-02-13 21:56:12.285 [main] INFO  c.t.x.u.biz.runner.PushRolePermissions2RedisRunner - ==> 服务启动，成功同步角色权限数据到 Redis 中...
2025-02-13 21:56:12.285 [main] INFO  c.t.x.u.biz.runner.PushRolePermissions2RedisRunner - ==> 服务启动，成功同步角色权限数据到 Redis 中...
2025-02-13 21:56:12.289 [main] INFO  com.alibaba.nacos.client.config.impl.CacheData - nacos.cache.data.init.snapshot = true 
2025-02-13 21:56:12.289 [main] INFO  com.alibaba.nacos.client.config.impl.CacheData - nacos.cache.data.init.snapshot = true 
2025-02-13 21:56:12.290 [main] INFO  com.alibaba.nacos.client.config.impl.ClientWorker - [fixed-127.0.0.1_8848] [subscribe] xiaohongshu-user+DEFAULT_GROUP
2025-02-13 21:56:12.290 [main] INFO  com.alibaba.nacos.client.config.impl.ClientWorker - [fixed-127.0.0.1_8848] [subscribe] xiaohongshu-user+DEFAULT_GROUP
2025-02-13 21:56:12.299 [main] INFO  com.alibaba.nacos.client.config.impl.CacheData - [fixed-127.0.0.1_8848] [add-listener] ok, tenant=, dataId=xiaohongshu-user, group=DEFAULT_GROUP, cnt=1
2025-02-13 21:56:12.299 [main] INFO  com.alibaba.nacos.client.config.impl.CacheData - [fixed-127.0.0.1_8848] [add-listener] ok, tenant=, dataId=xiaohongshu-user, group=DEFAULT_GROUP, cnt=1
2025-02-13 21:56:12.300 [main] INFO  c.a.cloud.nacos.refresh.NacosContextRefresher - [Nacos Config] Listening config: dataId=xiaohongshu-user, group=DEFAULT_GROUP
2025-02-13 21:56:12.300 [main] INFO  c.a.cloud.nacos.refresh.NacosContextRefresher - [Nacos Config] Listening config: dataId=xiaohongshu-user, group=DEFAULT_GROUP
2025-02-13 21:56:12.300 [main] INFO  com.alibaba.nacos.client.config.impl.ClientWorker - [fixed-127.0.0.1_8848] [subscribe] xiaohongshu-user-dev.properties+DEFAULT_GROUP
2025-02-13 21:56:12.300 [main] INFO  com.alibaba.nacos.client.config.impl.ClientWorker - [fixed-127.0.0.1_8848] [subscribe] xiaohongshu-user-dev.properties+DEFAULT_GROUP
2025-02-13 21:56:12.300 [main] INFO  com.alibaba.nacos.client.config.impl.CacheData - [fixed-127.0.0.1_8848] [add-listener] ok, tenant=, dataId=xiaohongshu-user-dev.properties, group=DEFAULT_GROUP, cnt=1
2025-02-13 21:56:12.300 [main] INFO  com.alibaba.nacos.client.config.impl.CacheData - [fixed-127.0.0.1_8848] [add-listener] ok, tenant=, dataId=xiaohongshu-user-dev.properties, group=DEFAULT_GROUP, cnt=1
2025-02-13 21:56:12.300 [main] INFO  c.a.cloud.nacos.refresh.NacosContextRefresher - [Nacos Config] Listening config: dataId=xiaohongshu-user-dev.properties, group=DEFAULT_GROUP
2025-02-13 21:56:12.300 [main] INFO  c.a.cloud.nacos.refresh.NacosContextRefresher - [Nacos Config] Listening config: dataId=xiaohongshu-user-dev.properties, group=DEFAULT_GROUP
2025-02-13 21:56:12.301 [main] INFO  com.alibaba.nacos.client.config.impl.ClientWorker - [fixed-127.0.0.1_8848] [subscribe] xiaohongshu-user.properties+DEFAULT_GROUP
2025-02-13 21:56:12.301 [main] INFO  com.alibaba.nacos.client.config.impl.ClientWorker - [fixed-127.0.0.1_8848] [subscribe] xiaohongshu-user.properties+DEFAULT_GROUP
2025-02-13 21:56:12.301 [main] INFO  com.alibaba.nacos.client.config.impl.CacheData - [fixed-127.0.0.1_8848] [add-listener] ok, tenant=, dataId=xiaohongshu-user.properties, group=DEFAULT_GROUP, cnt=1
2025-02-13 21:56:12.301 [main] INFO  com.alibaba.nacos.client.config.impl.CacheData - [fixed-127.0.0.1_8848] [add-listener] ok, tenant=, dataId=xiaohongshu-user.properties, group=DEFAULT_GROUP, cnt=1
2025-02-13 21:56:12.301 [main] INFO  c.a.cloud.nacos.refresh.NacosContextRefresher - [Nacos Config] Listening config: dataId=xiaohongshu-user.properties, group=DEFAULT_GROUP
2025-02-13 21:56:12.301 [main] INFO  c.a.cloud.nacos.refresh.NacosContextRefresher - [Nacos Config] Listening config: dataId=xiaohongshu-user.properties, group=DEFAULT_GROUP
