2025-02-26 09:29:42.112 [main] WARN  com.alibaba.nacos.client.logging.NacosLogging - Load Logback Configuration of Nacos fail, message: Could not initialize Logback Nacos logging from classpath:nacos-logback.xml
2025-02-26 09:29:42.112 [main] WARN  com.alibaba.nacos.client.logging.NacosLogging - Load Logback Configuration of Nacos fail, message: Could not initialize Logback Nacos logging from classpath:nacos-logback.xml
2025-02-26 09:29:42.191 [main] WARN  com.alibaba.nacos.client.logging.NacosLogging - Load Logback Configuration of Nacos fail, message: Could not initialize Logback Nacos logging from classpath:nacos-logback.xml
2025-02-26 09:29:42.191 [main] WARN  com.alibaba.nacos.client.logging.NacosLogging - Load Logback Configuration of Nacos fail, message: Could not initialize Logback Nacos logging from classpath:nacos-logback.xml
2025-02-26 09:29:42.454 [main] WARN  com.alibaba.nacos.client.logging.NacosLogging - Load Logback Configuration of Nacos fail, message: Could not initialize Logback Nacos logging from classpath:nacos-logback.xml
2025-02-26 09:29:42.454 [main] WARN  com.alibaba.nacos.client.logging.NacosLogging - Load Logback Configuration of Nacos fail, message: Could not initialize Logback Nacos logging from classpath:nacos-logback.xml
2025-02-26 09:29:42.457 [main] INFO  com.alibaba.nacos.client.utils.ParamUtil - [settings] [req-serv] nacos-server port:8848
2025-02-26 09:29:42.457 [main] INFO  com.alibaba.nacos.client.utils.ParamUtil - [settings] [req-serv] nacos-server port:8848
2025-02-26 09:29:42.457 [main] INFO  com.alibaba.nacos.client.utils.ParamUtil - [settings] [http-client] connect timeout:1000
2025-02-26 09:29:42.457 [main] INFO  com.alibaba.nacos.client.utils.ParamUtil - [settings] [http-client] connect timeout:1000
2025-02-26 09:29:42.457 [main] INFO  com.alibaba.nacos.client.utils.ParamUtil - PER_TASK_CONFIG_SIZE: 3000.0
2025-02-26 09:29:42.457 [main] INFO  com.alibaba.nacos.client.utils.ParamUtil - PER_TASK_CONFIG_SIZE: 3000.0
2025-02-26 09:29:42.502 [main] INFO  c.a.n.p.auth.spi.client.ClientAuthPluginManager - [ClientAuthPluginManager] Load ClientAuthService com.alibaba.nacos.client.auth.impl.NacosClientAuthServiceImpl success.
2025-02-26 09:29:42.502 [main] INFO  c.a.n.p.auth.spi.client.ClientAuthPluginManager - [ClientAuthPluginManager] Load ClientAuthService com.alibaba.nacos.client.auth.impl.NacosClientAuthServiceImpl success.
2025-02-26 09:29:42.502 [main] INFO  c.a.n.p.auth.spi.client.ClientAuthPluginManager - [ClientAuthPluginManager] Load ClientAuthService com.alibaba.nacos.client.auth.ram.RamClientAuthServiceImpl success.
2025-02-26 09:29:42.502 [main] INFO  c.a.n.p.auth.spi.client.ClientAuthPluginManager - [ClientAuthPluginManager] Load ClientAuthService com.alibaba.nacos.client.auth.ram.RamClientAuthServiceImpl success.
2025-02-26 09:29:42.508 [main] INFO  c.a.n.client.auth.ram.identify.CredentialWatcher - null No credential found
2025-02-26 09:29:42.508 [main] INFO  c.a.n.client.auth.ram.identify.CredentialWatcher - null No credential found
2025-02-26 09:29:42.703 [main] WARN  com.alibaba.nacos.client.logging.NacosLogging - Load Logback Configuration of Nacos fail, message: Could not initialize Logback Nacos logging from classpath:nacos-logback.xml
2025-02-26 09:29:42.703 [main] WARN  com.alibaba.nacos.client.logging.NacosLogging - Load Logback Configuration of Nacos fail, message: Could not initialize Logback Nacos logging from classpath:nacos-logback.xml
2025-02-26 09:29:42.725 [main] INFO  c.a.n.client.config.impl.LocalConfigInfoProcessor - LOCAL_SNAPSHOT_PATH:C:\Users\Administrator\nacos\config
2025-02-26 09:29:42.725 [main] INFO  c.a.n.client.config.impl.LocalConfigInfoProcessor - LOCAL_SNAPSHOT_PATH:C:\Users\Administrator\nacos\config
2025-02-26 09:29:42.730 [main] INFO  com.alibaba.nacos.common.remote.client - [RpcClientFactory] create a new rpc client of 41b6e14f-c9f3-4a7f-bbe0-ca927bf9fd8a_config-0
2025-02-26 09:29:42.730 [main] INFO  com.alibaba.nacos.common.remote.client - [RpcClientFactory] create a new rpc client of 41b6e14f-c9f3-4a7f-bbe0-ca927bf9fd8a_config-0
2025-02-26 09:29:42.752 [main] INFO  com.alibaba.nacos.common.remote.client - [41b6e14f-c9f3-4a7f-bbe0-ca927bf9fd8a_config-0] Register server push request handler:com.alibaba.nacos.client.config.impl.ClientWorker$ConfigRpcTransportClient$$Lambda/0x0000024a3438b5d0
2025-02-26 09:29:42.752 [main] INFO  com.alibaba.nacos.common.remote.client - [41b6e14f-c9f3-4a7f-bbe0-ca927bf9fd8a_config-0] Register server push request handler:com.alibaba.nacos.client.config.impl.ClientWorker$ConfigRpcTransportClient$$Lambda/0x0000024a3438b5d0
2025-02-26 09:29:42.753 [main] INFO  com.alibaba.nacos.common.remote.client - [41b6e14f-c9f3-4a7f-bbe0-ca927bf9fd8a_config-0] Register server push request handler:com.alibaba.nacos.client.config.impl.ClientWorker$ConfigRpcTransportClient$$Lambda/0x0000024a3438b9e0
2025-02-26 09:29:42.753 [main] INFO  com.alibaba.nacos.common.remote.client - [41b6e14f-c9f3-4a7f-bbe0-ca927bf9fd8a_config-0] Register server push request handler:com.alibaba.nacos.client.config.impl.ClientWorker$ConfigRpcTransportClient$$Lambda/0x0000024a3438b9e0
2025-02-26 09:29:42.754 [main] INFO  com.alibaba.nacos.common.remote.client - [41b6e14f-c9f3-4a7f-bbe0-ca927bf9fd8a_config-0] Registry connection listener to current client:com.alibaba.nacos.client.config.impl.ClientWorker$ConfigRpcTransportClient$1
2025-02-26 09:29:42.754 [main] INFO  com.alibaba.nacos.common.remote.client - [41b6e14f-c9f3-4a7f-bbe0-ca927bf9fd8a_config-0] Registry connection listener to current client:com.alibaba.nacos.client.config.impl.ClientWorker$ConfigRpcTransportClient$1
2025-02-26 09:29:42.754 [main] INFO  com.alibaba.nacos.common.remote.client - [41b6e14f-c9f3-4a7f-bbe0-ca927bf9fd8a_config-0] RpcClient init, ServerListFactory = com.alibaba.nacos.client.config.impl.ClientWorker$ConfigRpcTransportClient$2
2025-02-26 09:29:42.754 [main] INFO  com.alibaba.nacos.common.remote.client - [41b6e14f-c9f3-4a7f-bbe0-ca927bf9fd8a_config-0] RpcClient init, ServerListFactory = com.alibaba.nacos.client.config.impl.ClientWorker$ConfigRpcTransportClient$2
2025-02-26 09:29:42.762 [main] INFO  com.alibaba.nacos.common.remote.client - [41b6e14f-c9f3-4a7f-bbe0-ca927bf9fd8a_config-0] Try to connect to server on start up, server: {serverIp = '127.0.0.1', server main port = 8848}
2025-02-26 09:29:42.762 [main] INFO  com.alibaba.nacos.common.remote.client - [41b6e14f-c9f3-4a7f-bbe0-ca927bf9fd8a_config-0] Try to connect to server on start up, server: {serverIp = '127.0.0.1', server main port = 8848}
2025-02-26 09:29:42.806 [main] INFO  c.a.nacos.common.remote.client.grpc.GrpcClient - grpc client connection server:127.0.0.1 ip,serverPort:9848,grpcTslConfig:{"sslProvider":"OPENSSL","enableTls":false,"mutualAuthEnable":false,"trustAll":false}
2025-02-26 09:29:42.806 [main] INFO  c.a.nacos.common.remote.client.grpc.GrpcClient - grpc client connection server:127.0.0.1 ip,serverPort:9848,grpcTslConfig:{"sslProvider":"OPENSSL","enableTls":false,"mutualAuthEnable":false,"trustAll":false}
2025-02-26 09:29:43.623 [main] INFO  com.alibaba.nacos.common.remote.client - [41b6e14f-c9f3-4a7f-bbe0-ca927bf9fd8a_config-0] Success to connect to server [127.0.0.1:8848] on start up, connectionId = 1740533383402_127.0.0.1_51538
2025-02-26 09:29:43.623 [main] INFO  com.alibaba.nacos.common.remote.client - [41b6e14f-c9f3-4a7f-bbe0-ca927bf9fd8a_config-0] Success to connect to server [127.0.0.1:8848] on start up, connectionId = 1740533383402_127.0.0.1_51538
2025-02-26 09:29:43.624 [com.alibaba.nacos.client.remote.worker] INFO  com.alibaba.nacos.common.remote.client - [41b6e14f-c9f3-4a7f-bbe0-ca927bf9fd8a_config-0] Notify connected event to listeners.
2025-02-26 09:29:43.624 [com.alibaba.nacos.client.remote.worker] INFO  com.alibaba.nacos.common.remote.client - [41b6e14f-c9f3-4a7f-bbe0-ca927bf9fd8a_config-0] Notify connected event to listeners.
2025-02-26 09:29:43.624 [com.alibaba.nacos.client.remote.worker] INFO  com.alibaba.nacos.client.config.impl.ClientWorker - [41b6e14f-c9f3-4a7f-bbe0-ca927bf9fd8a_config-0] Connected,notify listen context...
2025-02-26 09:29:43.624 [com.alibaba.nacos.client.remote.worker] INFO  com.alibaba.nacos.client.config.impl.ClientWorker - [41b6e14f-c9f3-4a7f-bbe0-ca927bf9fd8a_config-0] Connected,notify listen context...
2025-02-26 09:29:43.624 [main] INFO  com.alibaba.nacos.common.remote.client - [41b6e14f-c9f3-4a7f-bbe0-ca927bf9fd8a_config-0] Register server push request handler:com.alibaba.nacos.common.remote.client.RpcClient$ConnectResetRequestHandler
2025-02-26 09:29:43.624 [main] INFO  com.alibaba.nacos.common.remote.client - [41b6e14f-c9f3-4a7f-bbe0-ca927bf9fd8a_config-0] Register server push request handler:com.alibaba.nacos.common.remote.client.RpcClient$ConnectResetRequestHandler
2025-02-26 09:29:43.626 [main] INFO  com.alibaba.nacos.common.remote.client - [41b6e14f-c9f3-4a7f-bbe0-ca927bf9fd8a_config-0] Register server push request handler:com.alibaba.nacos.common.remote.client.RpcClient$$Lambda/0x0000024a344dc9d0
2025-02-26 09:29:43.626 [main] INFO  com.alibaba.nacos.common.remote.client - [41b6e14f-c9f3-4a7f-bbe0-ca927bf9fd8a_config-0] Register server push request handler:com.alibaba.nacos.common.remote.client.RpcClient$$Lambda/0x0000024a344dc9d0
2025-02-26 09:29:43.668 [main] INFO  com.alibaba.nacos.client.config.impl.Limiter - limitTime:5.0
2025-02-26 09:29:43.668 [main] INFO  com.alibaba.nacos.client.config.impl.Limiter - limitTime:5.0
2025-02-26 09:29:43.689 [main] WARN  c.a.cloud.nacos.client.NacosPropertySourceBuilder - Ignore the empty nacos configuration and get it based on dataId[xiaohongshu-user] & group[DEFAULT_GROUP]
2025-02-26 09:29:43.689 [main] WARN  c.a.cloud.nacos.client.NacosPropertySourceBuilder - Ignore the empty nacos configuration and get it based on dataId[xiaohongshu-user] & group[DEFAULT_GROUP]
2025-02-26 09:29:43.698 [main] WARN  c.a.cloud.nacos.client.NacosPropertySourceBuilder - Ignore the empty nacos configuration and get it based on dataId[xiaohongshu-user.properties] & group[DEFAULT_GROUP]
2025-02-26 09:29:43.698 [main] WARN  c.a.cloud.nacos.client.NacosPropertySourceBuilder - Ignore the empty nacos configuration and get it based on dataId[xiaohongshu-user.properties] & group[DEFAULT_GROUP]
2025-02-26 09:29:43.708 [main] WARN  c.a.cloud.nacos.client.NacosPropertySourceBuilder - Ignore the empty nacos configuration and get it based on dataId[xiaohongshu-user-dev.properties] & group[DEFAULT_GROUP]
2025-02-26 09:29:43.708 [main] WARN  c.a.cloud.nacos.client.NacosPropertySourceBuilder - Ignore the empty nacos configuration and get it based on dataId[xiaohongshu-user-dev.properties] & group[DEFAULT_GROUP]
2025-02-26 09:29:43.709 [main] INFO  o.s.c.b.c.PropertySourceBootstrapConfiguration - Located property source: [BootstrapPropertySource {name='bootstrapProperties-xiaohongshu-user-dev.properties,DEFAULT_GROUP'}, BootstrapPropertySource {name='bootstrapProperties-xiaohongshu-user.properties,DEFAULT_GROUP'}, BootstrapPropertySource {name='bootstrapProperties-xiaohongshu-user,DEFAULT_GROUP'}]
2025-02-26 09:29:43.709 [main] INFO  o.s.c.b.c.PropertySourceBootstrapConfiguration - Located property source: [BootstrapPropertySource {name='bootstrapProperties-xiaohongshu-user-dev.properties,DEFAULT_GROUP'}, BootstrapPropertySource {name='bootstrapProperties-xiaohongshu-user.properties,DEFAULT_GROUP'}, BootstrapPropertySource {name='bootstrapProperties-xiaohongshu-user,DEFAULT_GROUP'}]
2025-02-26 09:29:43.744 [main] WARN  com.alibaba.nacos.client.logging.NacosLogging - Load Logback Configuration of Nacos fail, message: Could not initialize Logback Nacos logging from classpath:nacos-logback.xml
2025-02-26 09:29:43.744 [main] WARN  com.alibaba.nacos.client.logging.NacosLogging - Load Logback Configuration of Nacos fail, message: Could not initialize Logback Nacos logging from classpath:nacos-logback.xml
2025-02-26 09:29:43.744 [main] INFO  c.t.x.user.biz.XiaohongshuUserBizApplication - The following 1 profile is active: "dev"
2025-02-26 09:29:43.744 [main] INFO  c.t.x.user.biz.XiaohongshuUserBizApplication - The following 1 profile is active: "dev"
2025-02-26 09:29:44.747 [main] INFO  o.s.d.r.config.RepositoryConfigurationDelegate - Multiple Spring Data modules found, entering strict repository configuration mode
2025-02-26 09:29:44.747 [main] INFO  o.s.d.r.config.RepositoryConfigurationDelegate - Multiple Spring Data modules found, entering strict repository configuration mode
2025-02-26 09:29:44.756 [main] INFO  o.s.d.r.config.RepositoryConfigurationDelegate - Bootstrapping Spring Data Redis repositories in DEFAULT mode.
2025-02-26 09:29:44.756 [main] INFO  o.s.d.r.config.RepositoryConfigurationDelegate - Bootstrapping Spring Data Redis repositories in DEFAULT mode.
2025-02-26 09:29:44.806 [main] INFO  o.s.d.r.config.RepositoryConfigurationDelegate - Finished Spring Data repository scanning in 18 ms. Found 0 Redis repository interfaces.
2025-02-26 09:29:44.806 [main] INFO  o.s.d.r.config.RepositoryConfigurationDelegate - Finished Spring Data repository scanning in 18 ms. Found 0 Redis repository interfaces.
2025-02-26 09:29:45.181 [main] INFO  o.springframework.cloud.context.scope.GenericScope - BeanFactory id=ced18db9-12cc-3ad9-b6b3-b2d68373b882
2025-02-26 09:29:45.181 [main] INFO  o.springframework.cloud.context.scope.GenericScope - BeanFactory id=ced18db9-12cc-3ad9-b6b3-b2d68373b882
2025-02-26 09:29:45.226 [main] INFO  o.s.c.s.PostProcessorRegistrationDelegate$BeanPostProcessorChecker - Bean 'com.tyc.xiaohongshu.distributed.id.generator.api.DistributedIdGeneratorFeignApi' of type [org.springframework.cloud.openfeign.FeignClientFactoryBean] is not eligible for getting processed by all BeanPostProcessors (for example: not eligible for auto-proxying)
2025-02-26 09:29:45.226 [main] INFO  o.s.c.s.PostProcessorRegistrationDelegate$BeanPostProcessorChecker - Bean 'com.tyc.xiaohongshu.distributed.id.generator.api.DistributedIdGeneratorFeignApi' of type [org.springframework.cloud.openfeign.FeignClientFactoryBean] is not eligible for getting processed by all BeanPostProcessors (for example: not eligible for auto-proxying)
2025-02-26 09:29:45.228 [main] INFO  o.s.c.s.PostProcessorRegistrationDelegate$BeanPostProcessorChecker - Bean 'com.tyc.xiaohongshu.user.api.UserFeignApi' of type [org.springframework.cloud.openfeign.FeignClientFactoryBean] is not eligible for getting processed by all BeanPostProcessors (for example: not eligible for auto-proxying)
2025-02-26 09:29:45.228 [main] INFO  o.s.c.s.PostProcessorRegistrationDelegate$BeanPostProcessorChecker - Bean 'com.tyc.xiaohongshu.user.api.UserFeignApi' of type [org.springframework.cloud.openfeign.FeignClientFactoryBean] is not eligible for getting processed by all BeanPostProcessors (for example: not eligible for auto-proxying)
2025-02-26 09:29:45.230 [main] INFO  o.s.c.s.PostProcessorRegistrationDelegate$BeanPostProcessorChecker - Bean 'com.tyc.xiaohongshu.user.oss.api.FileFeignApi' of type [org.springframework.cloud.openfeign.FeignClientFactoryBean] is not eligible for getting processed by all BeanPostProcessors (for example: not eligible for auto-proxying)
2025-02-26 09:29:45.230 [main] INFO  o.s.c.s.PostProcessorRegistrationDelegate$BeanPostProcessorChecker - Bean 'com.tyc.xiaohongshu.user.oss.api.FileFeignApi' of type [org.springframework.cloud.openfeign.FeignClientFactoryBean] is not eligible for getting processed by all BeanPostProcessors (for example: not eligible for auto-proxying)
2025-02-26 09:29:46.061 [main] INFO  o.s.boot.web.embedded.tomcat.TomcatWebServer - Tomcat initialized with port(s): 8082 (http)
2025-02-26 09:29:46.061 [main] INFO  o.s.boot.web.embedded.tomcat.TomcatWebServer - Tomcat initialized with port(s): 8082 (http)
2025-02-26 09:29:46.078 [main] INFO  org.apache.catalina.core.StandardService - Starting service [Tomcat]
2025-02-26 09:29:46.078 [main] INFO  org.apache.catalina.core.StandardService - Starting service [Tomcat]
2025-02-26 09:29:46.079 [main] INFO  org.apache.catalina.core.StandardEngine - Starting Servlet engine: [Apache Tomcat/10.1.5]
2025-02-26 09:29:46.079 [main] INFO  org.apache.catalina.core.StandardEngine - Starting Servlet engine: [Apache Tomcat/10.1.5]
2025-02-26 09:29:46.198 [main] INFO  o.a.c.core.ContainerBase.[Tomcat].[localhost].[/] - Initializing Spring embedded WebApplicationContext
2025-02-26 09:29:46.198 [main] INFO  o.a.c.core.ContainerBase.[Tomcat].[localhost].[/] - Initializing Spring embedded WebApplicationContext
2025-02-26 09:29:46.199 [main] INFO  o.s.b.w.s.c.ServletWebServerApplicationContext - Root WebApplicationContext: initialization completed in 2427 ms
2025-02-26 09:29:46.199 [main] INFO  o.s.b.w.s.c.ServletWebServerApplicationContext - Root WebApplicationContext: initialization completed in 2427 ms
2025-02-26 09:29:46.344 [main] INFO  c.a.d.s.b.a.DruidDataSourceAutoConfigure - Init DruidDataSource
2025-02-26 09:29:46.344 [main] INFO  c.a.d.s.b.a.DruidDataSourceAutoConfigure - Init DruidDataSource
2025-02-26 09:29:46.717 [main] INFO  com.alibaba.druid.pool.DruidDataSource - {dataSource-1} inited
2025-02-26 09:29:46.717 [main] INFO  com.alibaba.druid.pool.DruidDataSource - {dataSource-1} inited
2025-02-26 09:29:47.111 [main] INFO  o.s.cloud.openfeign.FeignClientFactoryBean - For 'xiaohongshu-oss' URL not provided. Will try picking an instance via load-balancing.
2025-02-26 09:29:47.111 [main] INFO  o.s.cloud.openfeign.FeignClientFactoryBean - For 'xiaohongshu-oss' URL not provided. Will try picking an instance via load-balancing.
2025-02-26 09:29:47.472 [main] INFO  o.s.cloud.openfeign.FeignClientFactoryBean - For 'xiaohongshu-distributed-id-generator' URL not provided. Will try picking an instance via load-balancing.
2025-02-26 09:29:47.472 [main] INFO  o.s.cloud.openfeign.FeignClientFactoryBean - For 'xiaohongshu-distributed-id-generator' URL not provided. Will try picking an instance via load-balancing.
2025-02-26 09:29:48.077 [main] INFO  o.s.boot.web.embedded.tomcat.TomcatWebServer - Tomcat started on port(s): 8082 (http) with context path ''
2025-02-26 09:29:48.077 [main] INFO  o.s.boot.web.embedded.tomcat.TomcatWebServer - Tomcat started on port(s): 8082 (http) with context path ''
2025-02-26 09:29:48.080 [main] INFO  com.alibaba.nacos.client.naming - initializer namespace from ans.namespace attribute : null
2025-02-26 09:29:48.080 [main] INFO  com.alibaba.nacos.client.naming - initializer namespace from ans.namespace attribute : null
2025-02-26 09:29:48.080 [main] INFO  com.alibaba.nacos.client.naming - initializer namespace from ALIBABA_ALIWARE_NAMESPACE attribute :null
2025-02-26 09:29:48.080 [main] INFO  com.alibaba.nacos.client.naming - initializer namespace from ALIBABA_ALIWARE_NAMESPACE attribute :null
2025-02-26 09:29:48.081 [main] INFO  com.alibaba.nacos.client.naming - initializer namespace from namespace attribute :null
2025-02-26 09:29:48.081 [main] INFO  com.alibaba.nacos.client.naming - initializer namespace from namespace attribute :null
2025-02-26 09:29:48.091 [main] INFO  c.a.n.p.auth.spi.client.ClientAuthPluginManager - [ClientAuthPluginManager] Load ClientAuthService com.alibaba.nacos.client.auth.impl.NacosClientAuthServiceImpl success.
2025-02-26 09:29:48.091 [main] INFO  c.a.n.p.auth.spi.client.ClientAuthPluginManager - [ClientAuthPluginManager] Load ClientAuthService com.alibaba.nacos.client.auth.impl.NacosClientAuthServiceImpl success.
2025-02-26 09:29:48.091 [main] INFO  c.a.n.p.auth.spi.client.ClientAuthPluginManager - [ClientAuthPluginManager] Load ClientAuthService com.alibaba.nacos.client.auth.ram.RamClientAuthServiceImpl success.
2025-02-26 09:29:48.091 [main] INFO  c.a.n.p.auth.spi.client.ClientAuthPluginManager - [ClientAuthPluginManager] Load ClientAuthService com.alibaba.nacos.client.auth.ram.RamClientAuthServiceImpl success.
2025-02-26 09:29:48.098 [main] INFO  com.alibaba.nacos.common.remote.client - [RpcClientFactory] create a new rpc client of bc01f90b-341b-41f0-9352-02e9e0af83f7
2025-02-26 09:29:48.098 [main] INFO  com.alibaba.nacos.common.remote.client - [RpcClientFactory] create a new rpc client of bc01f90b-341b-41f0-9352-02e9e0af83f7
2025-02-26 09:29:48.100 [main] INFO  com.alibaba.nacos.common.remote.client - [bc01f90b-341b-41f0-9352-02e9e0af83f7] RpcClient init, ServerListFactory = com.alibaba.nacos.client.naming.core.ServerListManager
2025-02-26 09:29:48.100 [main] INFO  com.alibaba.nacos.common.remote.client - [bc01f90b-341b-41f0-9352-02e9e0af83f7] RpcClient init, ServerListFactory = com.alibaba.nacos.client.naming.core.ServerListManager
2025-02-26 09:29:48.100 [main] INFO  com.alibaba.nacos.common.remote.client - [bc01f90b-341b-41f0-9352-02e9e0af83f7] Registry connection listener to current client:com.alibaba.nacos.client.naming.remote.gprc.redo.NamingGrpcRedoService
2025-02-26 09:29:48.100 [main] INFO  com.alibaba.nacos.common.remote.client - [bc01f90b-341b-41f0-9352-02e9e0af83f7] Registry connection listener to current client:com.alibaba.nacos.client.naming.remote.gprc.redo.NamingGrpcRedoService
2025-02-26 09:29:48.100 [main] INFO  com.alibaba.nacos.common.remote.client - [bc01f90b-341b-41f0-9352-02e9e0af83f7] Register server push request handler:com.alibaba.nacos.client.naming.remote.gprc.NamingPushRequestHandler
2025-02-26 09:29:48.100 [main] INFO  com.alibaba.nacos.common.remote.client - [bc01f90b-341b-41f0-9352-02e9e0af83f7] Register server push request handler:com.alibaba.nacos.client.naming.remote.gprc.NamingPushRequestHandler
2025-02-26 09:29:48.100 [main] INFO  com.alibaba.nacos.common.remote.client - [bc01f90b-341b-41f0-9352-02e9e0af83f7] Try to connect to server on start up, server: {serverIp = '127.0.0.1', server main port = 8848}
2025-02-26 09:29:48.100 [main] INFO  com.alibaba.nacos.common.remote.client - [bc01f90b-341b-41f0-9352-02e9e0af83f7] Try to connect to server on start up, server: {serverIp = '127.0.0.1', server main port = 8848}
2025-02-26 09:29:48.100 [main] INFO  c.a.nacos.common.remote.client.grpc.GrpcClient - grpc client connection server:127.0.0.1 ip,serverPort:9848,grpcTslConfig:{"sslProvider":"OPENSSL","enableTls":false,"mutualAuthEnable":false,"trustAll":false}
2025-02-26 09:29:48.100 [main] INFO  c.a.nacos.common.remote.client.grpc.GrpcClient - grpc client connection server:127.0.0.1 ip,serverPort:9848,grpcTslConfig:{"sslProvider":"OPENSSL","enableTls":false,"mutualAuthEnable":false,"trustAll":false}
2025-02-26 09:29:48.217 [main] INFO  com.alibaba.nacos.common.remote.client - [bc01f90b-341b-41f0-9352-02e9e0af83f7] Success to connect to server [127.0.0.1:8848] on start up, connectionId = 1740533388107_127.0.0.1_51581
2025-02-26 09:29:48.217 [main] INFO  com.alibaba.nacos.common.remote.client - [bc01f90b-341b-41f0-9352-02e9e0af83f7] Success to connect to server [127.0.0.1:8848] on start up, connectionId = 1740533388107_127.0.0.1_51581
2025-02-26 09:29:48.217 [main] INFO  com.alibaba.nacos.common.remote.client - [bc01f90b-341b-41f0-9352-02e9e0af83f7] Register server push request handler:com.alibaba.nacos.common.remote.client.RpcClient$ConnectResetRequestHandler
2025-02-26 09:29:48.217 [main] INFO  com.alibaba.nacos.common.remote.client - [bc01f90b-341b-41f0-9352-02e9e0af83f7] Register server push request handler:com.alibaba.nacos.common.remote.client.RpcClient$ConnectResetRequestHandler
2025-02-26 09:29:48.217 [main] INFO  com.alibaba.nacos.common.remote.client - [bc01f90b-341b-41f0-9352-02e9e0af83f7] Register server push request handler:com.alibaba.nacos.common.remote.client.RpcClient$$Lambda/0x0000024a344dc9d0
2025-02-26 09:29:48.217 [com.alibaba.nacos.client.remote.worker] INFO  com.alibaba.nacos.common.remote.client - [bc01f90b-341b-41f0-9352-02e9e0af83f7] Notify connected event to listeners.
2025-02-26 09:29:48.217 [main] INFO  com.alibaba.nacos.common.remote.client - [bc01f90b-341b-41f0-9352-02e9e0af83f7] Register server push request handler:com.alibaba.nacos.common.remote.client.RpcClient$$Lambda/0x0000024a344dc9d0
2025-02-26 09:29:48.217 [com.alibaba.nacos.client.remote.worker] INFO  com.alibaba.nacos.common.remote.client - [bc01f90b-341b-41f0-9352-02e9e0af83f7] Notify connected event to listeners.
2025-02-26 09:29:48.217 [com.alibaba.nacos.client.remote.worker] INFO  com.alibaba.nacos.client.naming - Grpc connection connect
2025-02-26 09:29:48.217 [com.alibaba.nacos.client.remote.worker] INFO  com.alibaba.nacos.client.naming - Grpc connection connect
2025-02-26 09:29:48.219 [main] INFO  com.alibaba.nacos.client.naming - [REGISTER-SERVICE] xiaohashu registering service xiaohongshu-user with instance Instance{instanceId='null', ip='172.26.64.1', port=8082, weight=1.0, healthy=true, enabled=true, ephemeral=true, clusterName='DEFAULT', serviceName='null', metadata={IPv6=null, preserved.register.source=SPRING_CLOUD}}
2025-02-26 09:29:48.219 [main] INFO  com.alibaba.nacos.client.naming - [REGISTER-SERVICE] xiaohashu registering service xiaohongshu-user with instance Instance{instanceId='null', ip='172.26.64.1', port=8082, weight=1.0, healthy=true, enabled=true, ephemeral=true, clusterName='DEFAULT', serviceName='null', metadata={IPv6=null, preserved.register.source=SPRING_CLOUD}}
2025-02-26 09:29:48.233 [main] INFO  c.a.cloud.nacos.registry.NacosServiceRegistry - nacos registry, DEFAULT_GROUP xiaohongshu-user 172.26.64.1:8082 register finished
2025-02-26 09:29:48.233 [main] INFO  c.a.cloud.nacos.registry.NacosServiceRegistry - nacos registry, DEFAULT_GROUP xiaohongshu-user 172.26.64.1:8082 register finished
2025-02-26 09:29:48.253 [main] INFO  c.t.x.user.biz.XiaohongshuUserBizApplication - Started XiaohongshuUserBizApplication in 6.938 seconds (process running for 7.822)
2025-02-26 09:29:48.253 [main] INFO  c.t.x.user.biz.XiaohongshuUserBizApplication - Started XiaohongshuUserBizApplication in 6.938 seconds (process running for 7.822)
2025-02-26 09:29:48.254 [main] INFO  c.t.x.u.biz.runner.PushRolePermissions2RedisRunner - ==> 服务启动，开始同步角色权限数据到 Redis 中...
2025-02-26 09:29:48.254 [main] INFO  c.t.x.u.biz.runner.PushRolePermissions2RedisRunner - ==> 服务启动，开始同步角色权限数据到 Redis 中...
2025-02-26 09:29:48.680 [main] DEBUG c.t.x.u.b.d.mapper.RoleDOMapper.selectEnabledList - ==>  Preparing: select id, role_key, role_name from t_role where status = 0 and is_deleted = 0
2025-02-26 09:29:48.680 [main] DEBUG c.t.x.u.b.d.mapper.RoleDOMapper.selectEnabledList - ==>  Preparing: select id, role_key, role_name from t_role where status = 0 and is_deleted = 0
2025-02-26 09:29:48.891 [main] DEBUG c.t.x.u.b.d.mapper.RoleDOMapper.selectEnabledList - ==> Parameters: 
2025-02-26 09:29:48.891 [main] DEBUG c.t.x.u.b.d.mapper.RoleDOMapper.selectEnabledList - ==> Parameters: 
2025-02-26 09:29:48.916 [main] DEBUG c.t.x.u.b.d.mapper.RoleDOMapper.selectEnabledList - <==      Total: 1
2025-02-26 09:29:48.916 [main] DEBUG c.t.x.u.b.d.mapper.RoleDOMapper.selectEnabledList - <==      Total: 1
2025-02-26 09:29:48.936 [main] DEBUG c.t.x.u.b.d.m.R.selectByRoleIds - ==>  Preparing: select role_id, permission_id from t_role_permission_rel where role_id in ( ? )
2025-02-26 09:29:48.936 [main] DEBUG c.t.x.u.b.d.m.R.selectByRoleIds - ==>  Preparing: select role_id, permission_id from t_role_permission_rel where role_id in ( ? )
2025-02-26 09:29:48.939 [main] DEBUG c.t.x.u.b.d.m.R.selectByRoleIds - ==> Parameters: 1(Long)
2025-02-26 09:29:48.939 [main] DEBUG c.t.x.u.b.d.m.R.selectByRoleIds - ==> Parameters: 1(Long)
2025-02-26 09:29:48.948 [main] DEBUG c.t.x.u.b.d.m.R.selectByRoleIds - <==      Total: 2
2025-02-26 09:29:48.948 [main] DEBUG c.t.x.u.b.d.m.R.selectByRoleIds - <==      Total: 2
2025-02-26 09:29:48.949 [main] DEBUG c.t.x.u.b.d.m.P.selectAppEnabledList - ==>  Preparing: select id, name, permission_key from t_permission where status = 0 and type = 3 and is_deleted = 0
2025-02-26 09:29:48.949 [main] DEBUG c.t.x.u.b.d.m.P.selectAppEnabledList - ==>  Preparing: select id, name, permission_key from t_permission where status = 0 and type = 3 and is_deleted = 0
2025-02-26 09:29:48.951 [main] DEBUG c.t.x.u.b.d.m.P.selectAppEnabledList - ==> Parameters: 
2025-02-26 09:29:48.951 [main] DEBUG c.t.x.u.b.d.m.P.selectAppEnabledList - ==> Parameters: 
2025-02-26 09:29:48.954 [main] DEBUG c.t.x.u.b.d.m.P.selectAppEnabledList - <==      Total: 2
2025-02-26 09:29:48.954 [main] DEBUG c.t.x.u.b.d.m.P.selectAppEnabledList - <==      Total: 2
2025-02-26 09:29:48.967 [main] INFO  c.t.x.u.biz.runner.PushRolePermissions2RedisRunner - ==> 服务启动，成功同步角色权限数据到 Redis 中...
2025-02-26 09:29:48.967 [main] INFO  c.t.x.u.biz.runner.PushRolePermissions2RedisRunner - ==> 服务启动，成功同步角色权限数据到 Redis 中...
2025-02-26 09:29:48.970 [main] INFO  com.alibaba.nacos.client.config.impl.CacheData - nacos.cache.data.init.snapshot = true 
2025-02-26 09:29:48.970 [main] INFO  com.alibaba.nacos.client.config.impl.CacheData - nacos.cache.data.init.snapshot = true 
2025-02-26 09:29:48.970 [main] INFO  com.alibaba.nacos.client.config.impl.ClientWorker - [fixed-127.0.0.1_8848] [subscribe] xiaohongshu-user+DEFAULT_GROUP
2025-02-26 09:29:48.970 [main] INFO  com.alibaba.nacos.client.config.impl.ClientWorker - [fixed-127.0.0.1_8848] [subscribe] xiaohongshu-user+DEFAULT_GROUP
2025-02-26 09:29:48.974 [main] INFO  com.alibaba.nacos.client.config.impl.CacheData - [fixed-127.0.0.1_8848] [add-listener] ok, tenant=, dataId=xiaohongshu-user, group=DEFAULT_GROUP, cnt=1
2025-02-26 09:29:48.974 [main] INFO  com.alibaba.nacos.client.config.impl.CacheData - [fixed-127.0.0.1_8848] [add-listener] ok, tenant=, dataId=xiaohongshu-user, group=DEFAULT_GROUP, cnt=1
2025-02-26 09:29:48.974 [main] INFO  c.a.cloud.nacos.refresh.NacosContextRefresher - [Nacos Config] Listening config: dataId=xiaohongshu-user, group=DEFAULT_GROUP
2025-02-26 09:29:48.974 [main] INFO  c.a.cloud.nacos.refresh.NacosContextRefresher - [Nacos Config] Listening config: dataId=xiaohongshu-user, group=DEFAULT_GROUP
2025-02-26 09:29:48.974 [main] INFO  com.alibaba.nacos.client.config.impl.ClientWorker - [fixed-127.0.0.1_8848] [subscribe] xiaohongshu-user-dev.properties+DEFAULT_GROUP
2025-02-26 09:29:48.974 [main] INFO  com.alibaba.nacos.client.config.impl.ClientWorker - [fixed-127.0.0.1_8848] [subscribe] xiaohongshu-user-dev.properties+DEFAULT_GROUP
2025-02-26 09:29:48.974 [main] INFO  com.alibaba.nacos.client.config.impl.CacheData - [fixed-127.0.0.1_8848] [add-listener] ok, tenant=, dataId=xiaohongshu-user-dev.properties, group=DEFAULT_GROUP, cnt=1
2025-02-26 09:29:48.974 [main] INFO  com.alibaba.nacos.client.config.impl.CacheData - [fixed-127.0.0.1_8848] [add-listener] ok, tenant=, dataId=xiaohongshu-user-dev.properties, group=DEFAULT_GROUP, cnt=1
2025-02-26 09:29:48.974 [main] INFO  c.a.cloud.nacos.refresh.NacosContextRefresher - [Nacos Config] Listening config: dataId=xiaohongshu-user-dev.properties, group=DEFAULT_GROUP
2025-02-26 09:29:48.974 [main] INFO  c.a.cloud.nacos.refresh.NacosContextRefresher - [Nacos Config] Listening config: dataId=xiaohongshu-user-dev.properties, group=DEFAULT_GROUP
2025-02-26 09:29:48.975 [main] INFO  com.alibaba.nacos.client.config.impl.ClientWorker - [fixed-127.0.0.1_8848] [subscribe] xiaohongshu-user.properties+DEFAULT_GROUP
2025-02-26 09:29:48.975 [main] INFO  com.alibaba.nacos.client.config.impl.ClientWorker - [fixed-127.0.0.1_8848] [subscribe] xiaohongshu-user.properties+DEFAULT_GROUP
2025-02-26 09:29:48.975 [main] INFO  com.alibaba.nacos.client.config.impl.CacheData - [fixed-127.0.0.1_8848] [add-listener] ok, tenant=, dataId=xiaohongshu-user.properties, group=DEFAULT_GROUP, cnt=1
2025-02-26 09:29:48.975 [main] INFO  com.alibaba.nacos.client.config.impl.CacheData - [fixed-127.0.0.1_8848] [add-listener] ok, tenant=, dataId=xiaohongshu-user.properties, group=DEFAULT_GROUP, cnt=1
2025-02-26 09:29:48.975 [main] INFO  c.a.cloud.nacos.refresh.NacosContextRefresher - [Nacos Config] Listening config: dataId=xiaohongshu-user.properties, group=DEFAULT_GROUP
2025-02-26 09:29:48.975 [main] INFO  c.a.cloud.nacos.refresh.NacosContextRefresher - [Nacos Config] Listening config: dataId=xiaohongshu-user.properties, group=DEFAULT_GROUP
2025-02-26 09:31:41.187 [http-nio-8082-exec-1] INFO  o.a.c.core.ContainerBase.[Tomcat].[localhost].[/] - Initializing Spring DispatcherServlet 'dispatcherServlet'
2025-02-26 09:31:41.187 [http-nio-8082-exec-1] INFO  o.a.c.core.ContainerBase.[Tomcat].[localhost].[/] - Initializing Spring DispatcherServlet 'dispatcherServlet'
2025-02-26 09:31:41.187 [http-nio-8082-exec-1] INFO  org.springframework.web.servlet.DispatcherServlet - Initializing Servlet 'dispatcherServlet'
2025-02-26 09:31:41.187 [http-nio-8082-exec-1] INFO  org.springframework.web.servlet.DispatcherServlet - Initializing Servlet 'dispatcherServlet'
2025-02-26 09:31:41.189 [http-nio-8082-exec-1] INFO  org.springframework.web.servlet.DispatcherServlet - Completed initialization in 1 ms
2025-02-26 09:31:41.189 [http-nio-8082-exec-1] INFO  org.springframework.web.servlet.DispatcherServlet - Completed initialization in 1 ms
2025-02-26 09:31:41.289 [http-nio-8082-exec-1] INFO  c.t.x.f.common.aspect.ApiOperationLogAspect - ====== 请求开始: [手机号查询用户信息], 入参: {"phone":"18387418565"}, 请求类: UserController, 请求方法: findByPhone =================================== 
2025-02-26 09:31:41.289 [http-nio-8082-exec-1] INFO  c.t.x.f.common.aspect.ApiOperationLogAspect - ====== 请求开始: [手机号查询用户信息], 入参: {"phone":"18387418565"}, 请求类: UserController, 请求方法: findByPhone =================================== 
2025-02-26 09:31:41.292 [http-nio-8082-exec-1] DEBUG c.t.x.u.b.domain.mapper.UserDOMapper.selectByPhone - ==>  Preparing: select id, password from t_user where phone = ?
2025-02-26 09:31:41.292 [http-nio-8082-exec-1] DEBUG c.t.x.u.b.domain.mapper.UserDOMapper.selectByPhone - ==>  Preparing: select id, password from t_user where phone = ?
2025-02-26 09:31:41.295 [http-nio-8082-exec-1] DEBUG c.t.x.u.b.domain.mapper.UserDOMapper.selectByPhone - ==> Parameters: 18387418565(String)
2025-02-26 09:31:41.295 [http-nio-8082-exec-1] DEBUG c.t.x.u.b.domain.mapper.UserDOMapper.selectByPhone - ==> Parameters: 18387418565(String)
2025-02-26 09:31:41.306 [http-nio-8082-exec-1] DEBUG c.t.x.u.b.domain.mapper.UserDOMapper.selectByPhone - <==      Total: 1
2025-02-26 09:31:41.306 [http-nio-8082-exec-1] DEBUG c.t.x.u.b.domain.mapper.UserDOMapper.selectByPhone - <==      Total: 1
2025-02-26 09:31:41.309 [http-nio-8082-exec-1] INFO  c.t.x.f.common.aspect.ApiOperationLogAspect - ====== 请求结束: [手机号查询用户信息], 耗时: 20ms, 出参: {"success":true,"message":null,"errorCode":null,"data":{"id":7,"password":"$2a$10$t6HGseA3ou891VV5YSGd9uKYH/J5anM4Nu6vk6TWJeLwMUJswoj0e"}} =================================== 
2025-02-26 09:31:41.309 [http-nio-8082-exec-1] INFO  c.t.x.f.common.aspect.ApiOperationLogAspect - ====== 请求结束: [手机号查询用户信息], 耗时: 20ms, 出参: {"success":true,"message":null,"errorCode":null,"data":{"id":7,"password":"$2a$10$t6HGseA3ou891VV5YSGd9uKYH/J5anM4Nu6vk6TWJeLwMUJswoj0e"}} =================================== 
2025-02-26 09:32:11.228 [http-nio-8082-exec-2] INFO  c.t.x.f.common.aspect.ApiOperationLogAspect - ====== 请求开始: [查询用户信息], 入参: {"id":7}, 请求类: UserController, 请求方法: findById =================================== 
2025-02-26 09:32:11.228 [http-nio-8082-exec-2] INFO  c.t.x.f.common.aspect.ApiOperationLogAspect - ====== 请求开始: [查询用户信息], 入参: {"id":7}, 请求类: UserController, 请求方法: findById =================================== 
2025-02-26 09:32:11.233 [http-nio-8082-exec-2] DEBUG c.t.x.u.b.d.mapper.UserDOMapper.selectByPrimaryKey - ==>  Preparing: select id, xiaohashu_id, `password`, nickname, avatar, birthday, background_img, phone, sex, `status`, introduction, create_time, update_time, is_deleted from t_user where id = ?
2025-02-26 09:32:11.233 [http-nio-8082-exec-2] DEBUG c.t.x.u.b.d.mapper.UserDOMapper.selectByPrimaryKey - ==>  Preparing: select id, xiaohashu_id, `password`, nickname, avatar, birthday, background_img, phone, sex, `status`, introduction, create_time, update_time, is_deleted from t_user where id = ?
2025-02-26 09:32:11.234 [http-nio-8082-exec-2] DEBUG c.t.x.u.b.d.mapper.UserDOMapper.selectByPrimaryKey - ==> Parameters: 7(Long)
2025-02-26 09:32:11.234 [http-nio-8082-exec-2] DEBUG c.t.x.u.b.d.mapper.UserDOMapper.selectByPrimaryKey - ==> Parameters: 7(Long)
2025-02-26 09:32:11.239 [http-nio-8082-exec-2] DEBUG c.t.x.u.b.d.mapper.UserDOMapper.selectByPrimaryKey - <==      Total: 1
2025-02-26 09:32:11.239 [http-nio-8082-exec-2] DEBUG c.t.x.u.b.d.mapper.UserDOMapper.selectByPrimaryKey - <==      Total: 1
2025-02-26 09:32:11.242 [http-nio-8082-exec-2] INFO  c.t.x.f.common.aspect.ApiOperationLogAspect - ====== 请求结束: [查询用户信息], 耗时: 13ms, 出参: {"success":true,"message":null,"errorCode":null,"data":{"id":7,"nickName":"dokidoki","avatar":"http://127.0.0.1:9000/xiaohashu/db9066bcfcff4621950f16607976df53.jpg","introduction":"a student"}} =================================== 
2025-02-26 09:32:11.242 [http-nio-8082-exec-2] INFO  c.t.x.f.common.aspect.ApiOperationLogAspect - ====== 请求结束: [查询用户信息], 耗时: 13ms, 出参: {"success":true,"message":null,"errorCode":null,"data":{"id":7,"nickName":"dokidoki","avatar":"http://127.0.0.1:9000/xiaohashu/db9066bcfcff4621950f16607976df53.jpg","introduction":"a student"}} =================================== 
