2025-02-20 10:02:08.525 [main] WARN  com.alibaba.nacos.client.logging.NacosLogging - Load Logback Configuration of Nacos fail, message: Could not initialize Logback Nacos logging from classpath:nacos-logback.xml
2025-02-20 10:02:08.525 [main] WARN  com.alibaba.nacos.client.logging.NacosLogging - Load Logback Configuration of Nacos fail, message: Could not initialize Logback Nacos logging from classpath:nacos-logback.xml
2025-02-20 10:02:08.596 [main] WARN  com.alibaba.nacos.client.logging.NacosLogging - Load Logback Configuration of Nacos fail, message: Could not initialize Logback Nacos logging from classpath:nacos-logback.xml
2025-02-20 10:02:08.596 [main] WARN  com.alibaba.nacos.client.logging.NacosLogging - Load Logback Configuration of Nacos fail, message: Could not initialize Logback Nacos logging from classpath:nacos-logback.xml
2025-02-20 10:02:08.850 [main] WARN  com.alibaba.nacos.client.logging.NacosLogging - Load Logback Configuration of Nacos fail, message: Could not initialize Logback Nacos logging from classpath:nacos-logback.xml
2025-02-20 10:02:08.850 [main] WARN  com.alibaba.nacos.client.logging.NacosLogging - Load Logback Configuration of Nacos fail, message: Could not initialize Logback Nacos logging from classpath:nacos-logback.xml
2025-02-20 10:02:08.852 [main] INFO  com.alibaba.nacos.client.utils.ParamUtil - [settings] [req-serv] nacos-server port:8848
2025-02-20 10:02:08.852 [main] INFO  com.alibaba.nacos.client.utils.ParamUtil - [settings] [req-serv] nacos-server port:8848
2025-02-20 10:02:08.852 [main] INFO  com.alibaba.nacos.client.utils.ParamUtil - [settings] [http-client] connect timeout:1000
2025-02-20 10:02:08.852 [main] INFO  com.alibaba.nacos.client.utils.ParamUtil - [settings] [http-client] connect timeout:1000
2025-02-20 10:02:08.853 [main] INFO  com.alibaba.nacos.client.utils.ParamUtil - PER_TASK_CONFIG_SIZE: 3000.0
2025-02-20 10:02:08.853 [main] INFO  com.alibaba.nacos.client.utils.ParamUtil - PER_TASK_CONFIG_SIZE: 3000.0
2025-02-20 10:02:08.886 [main] INFO  c.a.n.p.auth.spi.client.ClientAuthPluginManager - [ClientAuthPluginManager] Load ClientAuthService com.alibaba.nacos.client.auth.impl.NacosClientAuthServiceImpl success.
2025-02-20 10:02:08.886 [main] INFO  c.a.n.p.auth.spi.client.ClientAuthPluginManager - [ClientAuthPluginManager] Load ClientAuthService com.alibaba.nacos.client.auth.impl.NacosClientAuthServiceImpl success.
2025-02-20 10:02:08.887 [main] INFO  c.a.n.p.auth.spi.client.ClientAuthPluginManager - [ClientAuthPluginManager] Load ClientAuthService com.alibaba.nacos.client.auth.ram.RamClientAuthServiceImpl success.
2025-02-20 10:02:08.887 [main] INFO  c.a.n.p.auth.spi.client.ClientAuthPluginManager - [ClientAuthPluginManager] Load ClientAuthService com.alibaba.nacos.client.auth.ram.RamClientAuthServiceImpl success.
2025-02-20 10:02:08.891 [main] INFO  c.a.n.client.auth.ram.identify.CredentialWatcher - null No credential found
2025-02-20 10:02:08.891 [main] INFO  c.a.n.client.auth.ram.identify.CredentialWatcher - null No credential found
2025-02-20 10:02:09.040 [main] WARN  com.alibaba.nacos.client.logging.NacosLogging - Load Logback Configuration of Nacos fail, message: Could not initialize Logback Nacos logging from classpath:nacos-logback.xml
2025-02-20 10:02:09.040 [main] WARN  com.alibaba.nacos.client.logging.NacosLogging - Load Logback Configuration of Nacos fail, message: Could not initialize Logback Nacos logging from classpath:nacos-logback.xml
2025-02-20 10:02:09.056 [main] INFO  c.a.n.client.config.impl.LocalConfigInfoProcessor - LOCAL_SNAPSHOT_PATH:C:\Users\Administrator\nacos\config
2025-02-20 10:02:09.056 [main] INFO  c.a.n.client.config.impl.LocalConfigInfoProcessor - LOCAL_SNAPSHOT_PATH:C:\Users\Administrator\nacos\config
2025-02-20 10:02:09.062 [main] INFO  com.alibaba.nacos.common.remote.client - [RpcClientFactory] create a new rpc client of 4edbeeb6-b2de-4aa7-b688-b60e004b6e32_config-0
2025-02-20 10:02:09.062 [main] INFO  com.alibaba.nacos.common.remote.client - [RpcClientFactory] create a new rpc client of 4edbeeb6-b2de-4aa7-b688-b60e004b6e32_config-0
2025-02-20 10:02:09.083 [main] INFO  com.alibaba.nacos.common.remote.client - [4edbeeb6-b2de-4aa7-b688-b60e004b6e32_config-0] Register server push request handler:com.alibaba.nacos.client.config.impl.ClientWorker$ConfigRpcTransportClient$$Lambda/0x00000219a03967b0
2025-02-20 10:02:09.083 [main] INFO  com.alibaba.nacos.common.remote.client - [4edbeeb6-b2de-4aa7-b688-b60e004b6e32_config-0] Register server push request handler:com.alibaba.nacos.client.config.impl.ClientWorker$ConfigRpcTransportClient$$Lambda/0x00000219a03967b0
2025-02-20 10:02:09.083 [main] INFO  com.alibaba.nacos.common.remote.client - [4edbeeb6-b2de-4aa7-b688-b60e004b6e32_config-0] Register server push request handler:com.alibaba.nacos.client.config.impl.ClientWorker$ConfigRpcTransportClient$$Lambda/0x00000219a0396bc0
2025-02-20 10:02:09.083 [main] INFO  com.alibaba.nacos.common.remote.client - [4edbeeb6-b2de-4aa7-b688-b60e004b6e32_config-0] Register server push request handler:com.alibaba.nacos.client.config.impl.ClientWorker$ConfigRpcTransportClient$$Lambda/0x00000219a0396bc0
2025-02-20 10:02:09.084 [main] INFO  com.alibaba.nacos.common.remote.client - [4edbeeb6-b2de-4aa7-b688-b60e004b6e32_config-0] Registry connection listener to current client:com.alibaba.nacos.client.config.impl.ClientWorker$ConfigRpcTransportClient$1
2025-02-20 10:02:09.084 [main] INFO  com.alibaba.nacos.common.remote.client - [4edbeeb6-b2de-4aa7-b688-b60e004b6e32_config-0] Registry connection listener to current client:com.alibaba.nacos.client.config.impl.ClientWorker$ConfigRpcTransportClient$1
2025-02-20 10:02:09.084 [main] INFO  com.alibaba.nacos.common.remote.client - [4edbeeb6-b2de-4aa7-b688-b60e004b6e32_config-0] RpcClient init, ServerListFactory = com.alibaba.nacos.client.config.impl.ClientWorker$ConfigRpcTransportClient$2
2025-02-20 10:02:09.084 [main] INFO  com.alibaba.nacos.common.remote.client - [4edbeeb6-b2de-4aa7-b688-b60e004b6e32_config-0] RpcClient init, ServerListFactory = com.alibaba.nacos.client.config.impl.ClientWorker$ConfigRpcTransportClient$2
2025-02-20 10:02:09.092 [main] INFO  com.alibaba.nacos.common.remote.client - [4edbeeb6-b2de-4aa7-b688-b60e004b6e32_config-0] Try to connect to server on start up, server: {serverIp = '127.0.0.1', server main port = 8848}
2025-02-20 10:02:09.092 [main] INFO  com.alibaba.nacos.common.remote.client - [4edbeeb6-b2de-4aa7-b688-b60e004b6e32_config-0] Try to connect to server on start up, server: {serverIp = '127.0.0.1', server main port = 8848}
2025-02-20 10:02:09.128 [main] INFO  c.a.nacos.common.remote.client.grpc.GrpcClient - grpc client connection server:127.0.0.1 ip,serverPort:9848,grpcTslConfig:{"sslProvider":"OPENSSL","enableTls":false,"mutualAuthEnable":false,"trustAll":false}
2025-02-20 10:02:09.128 [main] INFO  c.a.nacos.common.remote.client.grpc.GrpcClient - grpc client connection server:127.0.0.1 ip,serverPort:9848,grpcTslConfig:{"sslProvider":"OPENSSL","enableTls":false,"mutualAuthEnable":false,"trustAll":false}
2025-02-20 10:02:09.902 [main] INFO  com.alibaba.nacos.common.remote.client - [4edbeeb6-b2de-4aa7-b688-b60e004b6e32_config-0] Success to connect to server [127.0.0.1:8848] on start up, connectionId = 1740016929704_127.0.0.1_53256
2025-02-20 10:02:09.902 [main] INFO  com.alibaba.nacos.common.remote.client - [4edbeeb6-b2de-4aa7-b688-b60e004b6e32_config-0] Success to connect to server [127.0.0.1:8848] on start up, connectionId = 1740016929704_127.0.0.1_53256
2025-02-20 10:02:09.903 [com.alibaba.nacos.client.remote.worker] INFO  com.alibaba.nacos.common.remote.client - [4edbeeb6-b2de-4aa7-b688-b60e004b6e32_config-0] Notify connected event to listeners.
2025-02-20 10:02:09.903 [com.alibaba.nacos.client.remote.worker] INFO  com.alibaba.nacos.common.remote.client - [4edbeeb6-b2de-4aa7-b688-b60e004b6e32_config-0] Notify connected event to listeners.
2025-02-20 10:02:09.904 [com.alibaba.nacos.client.remote.worker] INFO  com.alibaba.nacos.client.config.impl.ClientWorker - [4edbeeb6-b2de-4aa7-b688-b60e004b6e32_config-0] Connected,notify listen context...
2025-02-20 10:02:09.904 [com.alibaba.nacos.client.remote.worker] INFO  com.alibaba.nacos.client.config.impl.ClientWorker - [4edbeeb6-b2de-4aa7-b688-b60e004b6e32_config-0] Connected,notify listen context...
2025-02-20 10:02:09.904 [main] INFO  com.alibaba.nacos.common.remote.client - [4edbeeb6-b2de-4aa7-b688-b60e004b6e32_config-0] Register server push request handler:com.alibaba.nacos.common.remote.client.RpcClient$ConnectResetRequestHandler
2025-02-20 10:02:09.904 [main] INFO  com.alibaba.nacos.common.remote.client - [4edbeeb6-b2de-4aa7-b688-b60e004b6e32_config-0] Register server push request handler:com.alibaba.nacos.common.remote.client.RpcClient$ConnectResetRequestHandler
2025-02-20 10:02:09.904 [main] INFO  com.alibaba.nacos.common.remote.client - [4edbeeb6-b2de-4aa7-b688-b60e004b6e32_config-0] Register server push request handler:com.alibaba.nacos.common.remote.client.RpcClient$$Lambda/0x00000219a04dd5c8
2025-02-20 10:02:09.904 [main] INFO  com.alibaba.nacos.common.remote.client - [4edbeeb6-b2de-4aa7-b688-b60e004b6e32_config-0] Register server push request handler:com.alibaba.nacos.common.remote.client.RpcClient$$Lambda/0x00000219a04dd5c8
2025-02-20 10:02:09.949 [main] INFO  com.alibaba.nacos.client.config.impl.Limiter - limitTime:5.0
2025-02-20 10:02:09.949 [main] INFO  com.alibaba.nacos.client.config.impl.Limiter - limitTime:5.0
2025-02-20 10:02:09.969 [main] WARN  c.a.cloud.nacos.client.NacosPropertySourceBuilder - Ignore the empty nacos configuration and get it based on dataId[xiaohongshu-user] & group[DEFAULT_GROUP]
2025-02-20 10:02:09.969 [main] WARN  c.a.cloud.nacos.client.NacosPropertySourceBuilder - Ignore the empty nacos configuration and get it based on dataId[xiaohongshu-user] & group[DEFAULT_GROUP]
2025-02-20 10:02:09.976 [main] WARN  c.a.cloud.nacos.client.NacosPropertySourceBuilder - Ignore the empty nacos configuration and get it based on dataId[xiaohongshu-user.properties] & group[DEFAULT_GROUP]
2025-02-20 10:02:09.976 [main] WARN  c.a.cloud.nacos.client.NacosPropertySourceBuilder - Ignore the empty nacos configuration and get it based on dataId[xiaohongshu-user.properties] & group[DEFAULT_GROUP]
2025-02-20 10:02:09.984 [main] WARN  c.a.cloud.nacos.client.NacosPropertySourceBuilder - Ignore the empty nacos configuration and get it based on dataId[xiaohongshu-user-dev.properties] & group[DEFAULT_GROUP]
2025-02-20 10:02:09.984 [main] WARN  c.a.cloud.nacos.client.NacosPropertySourceBuilder - Ignore the empty nacos configuration and get it based on dataId[xiaohongshu-user-dev.properties] & group[DEFAULT_GROUP]
2025-02-20 10:02:09.985 [main] INFO  o.s.c.b.c.PropertySourceBootstrapConfiguration - Located property source: [BootstrapPropertySource {name='bootstrapProperties-xiaohongshu-user-dev.properties,DEFAULT_GROUP'}, BootstrapPropertySource {name='bootstrapProperties-xiaohongshu-user.properties,DEFAULT_GROUP'}, BootstrapPropertySource {name='bootstrapProperties-xiaohongshu-user,DEFAULT_GROUP'}]
2025-02-20 10:02:09.985 [main] INFO  o.s.c.b.c.PropertySourceBootstrapConfiguration - Located property source: [BootstrapPropertySource {name='bootstrapProperties-xiaohongshu-user-dev.properties,DEFAULT_GROUP'}, BootstrapPropertySource {name='bootstrapProperties-xiaohongshu-user.properties,DEFAULT_GROUP'}, BootstrapPropertySource {name='bootstrapProperties-xiaohongshu-user,DEFAULT_GROUP'}]
2025-02-20 10:02:10.018 [main] WARN  com.alibaba.nacos.client.logging.NacosLogging - Load Logback Configuration of Nacos fail, message: Could not initialize Logback Nacos logging from classpath:nacos-logback.xml
2025-02-20 10:02:10.018 [main] WARN  com.alibaba.nacos.client.logging.NacosLogging - Load Logback Configuration of Nacos fail, message: Could not initialize Logback Nacos logging from classpath:nacos-logback.xml
2025-02-20 10:02:10.019 [main] INFO  c.t.x.user.biz.XiaohongshuUserBizApplication - The following 1 profile is active: "dev"
2025-02-20 10:02:10.019 [main] INFO  c.t.x.user.biz.XiaohongshuUserBizApplication - The following 1 profile is active: "dev"
2025-02-20 10:02:10.778 [main] INFO  o.s.d.r.config.RepositoryConfigurationDelegate - Multiple Spring Data modules found, entering strict repository configuration mode
2025-02-20 10:02:10.778 [main] INFO  o.s.d.r.config.RepositoryConfigurationDelegate - Multiple Spring Data modules found, entering strict repository configuration mode
2025-02-20 10:02:10.781 [main] INFO  o.s.d.r.config.RepositoryConfigurationDelegate - Bootstrapping Spring Data Redis repositories in DEFAULT mode.
2025-02-20 10:02:10.781 [main] INFO  o.s.d.r.config.RepositoryConfigurationDelegate - Bootstrapping Spring Data Redis repositories in DEFAULT mode.
2025-02-20 10:02:10.803 [main] INFO  o.s.d.r.config.RepositoryConfigurationDelegate - Finished Spring Data repository scanning in 8 ms. Found 0 Redis repository interfaces.
2025-02-20 10:02:10.803 [main] INFO  o.s.d.r.config.RepositoryConfigurationDelegate - Finished Spring Data repository scanning in 8 ms. Found 0 Redis repository interfaces.
2025-02-20 10:02:11.029 [main] INFO  o.springframework.cloud.context.scope.GenericScope - BeanFactory id=ced18db9-12cc-3ad9-b6b3-b2d68373b882
2025-02-20 10:02:11.029 [main] INFO  o.springframework.cloud.context.scope.GenericScope - BeanFactory id=ced18db9-12cc-3ad9-b6b3-b2d68373b882
2025-02-20 10:02:11.057 [main] INFO  o.s.c.s.PostProcessorRegistrationDelegate$BeanPostProcessorChecker - Bean 'com.tyc.xiaohongshu.distributed.id.generator.api.DistributedIdGeneratorFeignApi' of type [org.springframework.cloud.openfeign.FeignClientFactoryBean] is not eligible for getting processed by all BeanPostProcessors (for example: not eligible for auto-proxying)
2025-02-20 10:02:11.057 [main] INFO  o.s.c.s.PostProcessorRegistrationDelegate$BeanPostProcessorChecker - Bean 'com.tyc.xiaohongshu.distributed.id.generator.api.DistributedIdGeneratorFeignApi' of type [org.springframework.cloud.openfeign.FeignClientFactoryBean] is not eligible for getting processed by all BeanPostProcessors (for example: not eligible for auto-proxying)
2025-02-20 10:02:11.059 [main] INFO  o.s.c.s.PostProcessorRegistrationDelegate$BeanPostProcessorChecker - Bean 'com.tyc.xiaohongshu.user.api.UserFeignApi' of type [org.springframework.cloud.openfeign.FeignClientFactoryBean] is not eligible for getting processed by all BeanPostProcessors (for example: not eligible for auto-proxying)
2025-02-20 10:02:11.059 [main] INFO  o.s.c.s.PostProcessorRegistrationDelegate$BeanPostProcessorChecker - Bean 'com.tyc.xiaohongshu.user.api.UserFeignApi' of type [org.springframework.cloud.openfeign.FeignClientFactoryBean] is not eligible for getting processed by all BeanPostProcessors (for example: not eligible for auto-proxying)
2025-02-20 10:02:11.060 [main] INFO  o.s.c.s.PostProcessorRegistrationDelegate$BeanPostProcessorChecker - Bean 'com.tyc.xiaohongshu.user.oss.api.FileFeignApi' of type [org.springframework.cloud.openfeign.FeignClientFactoryBean] is not eligible for getting processed by all BeanPostProcessors (for example: not eligible for auto-proxying)
2025-02-20 10:02:11.060 [main] INFO  o.s.c.s.PostProcessorRegistrationDelegate$BeanPostProcessorChecker - Bean 'com.tyc.xiaohongshu.user.oss.api.FileFeignApi' of type [org.springframework.cloud.openfeign.FeignClientFactoryBean] is not eligible for getting processed by all BeanPostProcessors (for example: not eligible for auto-proxying)
2025-02-20 10:02:11.603 [main] INFO  o.s.boot.web.embedded.tomcat.TomcatWebServer - Tomcat initialized with port(s): 8082 (http)
2025-02-20 10:02:11.603 [main] INFO  o.s.boot.web.embedded.tomcat.TomcatWebServer - Tomcat initialized with port(s): 8082 (http)
2025-02-20 10:02:11.612 [main] INFO  org.apache.catalina.core.StandardService - Starting service [Tomcat]
2025-02-20 10:02:11.612 [main] INFO  org.apache.catalina.core.StandardService - Starting service [Tomcat]
2025-02-20 10:02:11.613 [main] INFO  org.apache.catalina.core.StandardEngine - Starting Servlet engine: [Apache Tomcat/10.1.5]
2025-02-20 10:02:11.613 [main] INFO  org.apache.catalina.core.StandardEngine - Starting Servlet engine: [Apache Tomcat/10.1.5]
2025-02-20 10:02:11.687 [main] INFO  o.a.c.core.ContainerBase.[Tomcat].[localhost].[/] - Initializing Spring embedded WebApplicationContext
2025-02-20 10:02:11.687 [main] INFO  o.a.c.core.ContainerBase.[Tomcat].[localhost].[/] - Initializing Spring embedded WebApplicationContext
2025-02-20 10:02:11.688 [main] INFO  o.s.b.w.s.c.ServletWebServerApplicationContext - Root WebApplicationContext: initialization completed in 1643 ms
2025-02-20 10:02:11.688 [main] INFO  o.s.b.w.s.c.ServletWebServerApplicationContext - Root WebApplicationContext: initialization completed in 1643 ms
2025-02-20 10:02:11.817 [main] INFO  c.a.d.s.b.a.DruidDataSourceAutoConfigure - Init DruidDataSource
2025-02-20 10:02:11.817 [main] INFO  c.a.d.s.b.a.DruidDataSourceAutoConfigure - Init DruidDataSource
2025-02-20 10:02:12.155 [main] INFO  com.alibaba.druid.pool.DruidDataSource - {dataSource-1} inited
2025-02-20 10:02:12.155 [main] INFO  com.alibaba.druid.pool.DruidDataSource - {dataSource-1} inited
2025-02-20 10:02:12.499 [main] INFO  o.s.cloud.openfeign.FeignClientFactoryBean - For 'xiaohongshu-oss' URL not provided. Will try picking an instance via load-balancing.
2025-02-20 10:02:12.499 [main] INFO  o.s.cloud.openfeign.FeignClientFactoryBean - For 'xiaohongshu-oss' URL not provided. Will try picking an instance via load-balancing.
2025-02-20 10:02:12.825 [main] INFO  o.s.cloud.openfeign.FeignClientFactoryBean - For 'xiaohongshu-distributed-id-generator' URL not provided. Will try picking an instance via load-balancing.
2025-02-20 10:02:12.825 [main] INFO  o.s.cloud.openfeign.FeignClientFactoryBean - For 'xiaohongshu-distributed-id-generator' URL not provided. Will try picking an instance via load-balancing.
2025-02-20 10:02:13.373 [main] INFO  o.s.boot.web.embedded.tomcat.TomcatWebServer - Tomcat started on port(s): 8082 (http) with context path ''
2025-02-20 10:02:13.373 [main] INFO  o.s.boot.web.embedded.tomcat.TomcatWebServer - Tomcat started on port(s): 8082 (http) with context path ''
2025-02-20 10:02:13.377 [main] INFO  com.alibaba.nacos.client.naming - initializer namespace from ans.namespace attribute : null
2025-02-20 10:02:13.377 [main] INFO  com.alibaba.nacos.client.naming - initializer namespace from ans.namespace attribute : null
2025-02-20 10:02:13.377 [main] INFO  com.alibaba.nacos.client.naming - initializer namespace from ALIBABA_ALIWARE_NAMESPACE attribute :null
2025-02-20 10:02:13.377 [main] INFO  com.alibaba.nacos.client.naming - initializer namespace from ALIBABA_ALIWARE_NAMESPACE attribute :null
2025-02-20 10:02:13.377 [main] INFO  com.alibaba.nacos.client.naming - initializer namespace from namespace attribute :null
2025-02-20 10:02:13.377 [main] INFO  com.alibaba.nacos.client.naming - initializer namespace from namespace attribute :null
2025-02-20 10:02:13.384 [main] INFO  c.a.n.p.auth.spi.client.ClientAuthPluginManager - [ClientAuthPluginManager] Load ClientAuthService com.alibaba.nacos.client.auth.impl.NacosClientAuthServiceImpl success.
2025-02-20 10:02:13.384 [main] INFO  c.a.n.p.auth.spi.client.ClientAuthPluginManager - [ClientAuthPluginManager] Load ClientAuthService com.alibaba.nacos.client.auth.ram.RamClientAuthServiceImpl success.
2025-02-20 10:02:13.384 [main] INFO  c.a.n.p.auth.spi.client.ClientAuthPluginManager - [ClientAuthPluginManager] Load ClientAuthService com.alibaba.nacos.client.auth.impl.NacosClientAuthServiceImpl success.
2025-02-20 10:02:13.384 [main] INFO  c.a.n.p.auth.spi.client.ClientAuthPluginManager - [ClientAuthPluginManager] Load ClientAuthService com.alibaba.nacos.client.auth.ram.RamClientAuthServiceImpl success.
2025-02-20 10:02:13.388 [main] INFO  com.alibaba.nacos.common.remote.client - [RpcClientFactory] create a new rpc client of a75f1fa3-762b-4467-b515-cb005c1166c2
2025-02-20 10:02:13.388 [main] INFO  com.alibaba.nacos.common.remote.client - [RpcClientFactory] create a new rpc client of a75f1fa3-762b-4467-b515-cb005c1166c2
2025-02-20 10:02:13.390 [main] INFO  com.alibaba.nacos.common.remote.client - [a75f1fa3-762b-4467-b515-cb005c1166c2] RpcClient init, ServerListFactory = com.alibaba.nacos.client.naming.core.ServerListManager
2025-02-20 10:02:13.390 [main] INFO  com.alibaba.nacos.common.remote.client - [a75f1fa3-762b-4467-b515-cb005c1166c2] Registry connection listener to current client:com.alibaba.nacos.client.naming.remote.gprc.redo.NamingGrpcRedoService
2025-02-20 10:02:13.390 [main] INFO  com.alibaba.nacos.common.remote.client - [a75f1fa3-762b-4467-b515-cb005c1166c2] RpcClient init, ServerListFactory = com.alibaba.nacos.client.naming.core.ServerListManager
2025-02-20 10:02:13.390 [main] INFO  com.alibaba.nacos.common.remote.client - [a75f1fa3-762b-4467-b515-cb005c1166c2] Registry connection listener to current client:com.alibaba.nacos.client.naming.remote.gprc.redo.NamingGrpcRedoService
2025-02-20 10:02:13.391 [main] INFO  com.alibaba.nacos.common.remote.client - [a75f1fa3-762b-4467-b515-cb005c1166c2] Register server push request handler:com.alibaba.nacos.client.naming.remote.gprc.NamingPushRequestHandler
2025-02-20 10:02:13.391 [main] INFO  com.alibaba.nacos.common.remote.client - [a75f1fa3-762b-4467-b515-cb005c1166c2] Register server push request handler:com.alibaba.nacos.client.naming.remote.gprc.NamingPushRequestHandler
2025-02-20 10:02:13.391 [main] INFO  com.alibaba.nacos.common.remote.client - [a75f1fa3-762b-4467-b515-cb005c1166c2] Try to connect to server on start up, server: {serverIp = '127.0.0.1', server main port = 8848}
2025-02-20 10:02:13.391 [main] INFO  com.alibaba.nacos.common.remote.client - [a75f1fa3-762b-4467-b515-cb005c1166c2] Try to connect to server on start up, server: {serverIp = '127.0.0.1', server main port = 8848}
2025-02-20 10:02:13.391 [main] INFO  c.a.nacos.common.remote.client.grpc.GrpcClient - grpc client connection server:127.0.0.1 ip,serverPort:9848,grpcTslConfig:{"sslProvider":"OPENSSL","enableTls":false,"mutualAuthEnable":false,"trustAll":false}
2025-02-20 10:02:13.391 [main] INFO  c.a.nacos.common.remote.client.grpc.GrpcClient - grpc client connection server:127.0.0.1 ip,serverPort:9848,grpcTslConfig:{"sslProvider":"OPENSSL","enableTls":false,"mutualAuthEnable":false,"trustAll":false}
2025-02-20 10:02:13.508 [main] INFO  com.alibaba.nacos.common.remote.client - [a75f1fa3-762b-4467-b515-cb005c1166c2] Success to connect to server [127.0.0.1:8848] on start up, connectionId = 1740016933397_127.0.0.1_53275
2025-02-20 10:02:13.508 [main] INFO  com.alibaba.nacos.common.remote.client - [a75f1fa3-762b-4467-b515-cb005c1166c2] Success to connect to server [127.0.0.1:8848] on start up, connectionId = 1740016933397_127.0.0.1_53275
2025-02-20 10:02:13.508 [main] INFO  com.alibaba.nacos.common.remote.client - [a75f1fa3-762b-4467-b515-cb005c1166c2] Register server push request handler:com.alibaba.nacos.common.remote.client.RpcClient$ConnectResetRequestHandler
2025-02-20 10:02:13.508 [main] INFO  com.alibaba.nacos.common.remote.client - [a75f1fa3-762b-4467-b515-cb005c1166c2] Register server push request handler:com.alibaba.nacos.common.remote.client.RpcClient$ConnectResetRequestHandler
2025-02-20 10:02:13.508 [main] INFO  com.alibaba.nacos.common.remote.client - [a75f1fa3-762b-4467-b515-cb005c1166c2] Register server push request handler:com.alibaba.nacos.common.remote.client.RpcClient$$Lambda/0x00000219a04dd5c8
2025-02-20 10:02:13.508 [com.alibaba.nacos.client.remote.worker] INFO  com.alibaba.nacos.common.remote.client - [a75f1fa3-762b-4467-b515-cb005c1166c2] Notify connected event to listeners.
2025-02-20 10:02:13.508 [com.alibaba.nacos.client.remote.worker] INFO  com.alibaba.nacos.common.remote.client - [a75f1fa3-762b-4467-b515-cb005c1166c2] Notify connected event to listeners.
2025-02-20 10:02:13.508 [main] INFO  com.alibaba.nacos.common.remote.client - [a75f1fa3-762b-4467-b515-cb005c1166c2] Register server push request handler:com.alibaba.nacos.common.remote.client.RpcClient$$Lambda/0x00000219a04dd5c8
2025-02-20 10:02:13.508 [com.alibaba.nacos.client.remote.worker] INFO  com.alibaba.nacos.client.naming - Grpc connection connect
2025-02-20 10:02:13.508 [com.alibaba.nacos.client.remote.worker] INFO  com.alibaba.nacos.client.naming - Grpc connection connect
2025-02-20 10:02:13.510 [main] INFO  com.alibaba.nacos.client.naming - [REGISTER-SERVICE] xiaohashu registering service xiaohongshu-user with instance Instance{instanceId='null', ip='172.26.64.1', port=8082, weight=1.0, healthy=true, enabled=true, ephemeral=true, clusterName='DEFAULT', serviceName='null', metadata={IPv6=null, preserved.register.source=SPRING_CLOUD}}
2025-02-20 10:02:13.510 [main] INFO  com.alibaba.nacos.client.naming - [REGISTER-SERVICE] xiaohashu registering service xiaohongshu-user with instance Instance{instanceId='null', ip='172.26.64.1', port=8082, weight=1.0, healthy=true, enabled=true, ephemeral=true, clusterName='DEFAULT', serviceName='null', metadata={IPv6=null, preserved.register.source=SPRING_CLOUD}}
2025-02-20 10:02:13.528 [main] INFO  c.a.cloud.nacos.registry.NacosServiceRegistry - nacos registry, DEFAULT_GROUP xiaohongshu-user 172.26.64.1:8082 register finished
2025-02-20 10:02:13.528 [main] INFO  c.a.cloud.nacos.registry.NacosServiceRegistry - nacos registry, DEFAULT_GROUP xiaohongshu-user 172.26.64.1:8082 register finished
2025-02-20 10:02:13.548 [main] INFO  c.t.x.user.biz.XiaohongshuUserBizApplication - Started XiaohongshuUserBizApplication in 5.637 seconds (process running for 6.318)
2025-02-20 10:02:13.548 [main] INFO  c.t.x.user.biz.XiaohongshuUserBizApplication - Started XiaohongshuUserBizApplication in 5.637 seconds (process running for 6.318)
2025-02-20 10:02:13.550 [main] INFO  c.t.x.u.biz.runner.PushRolePermissions2RedisRunner - ==> 服务启动，开始同步角色权限数据到 Redis 中...
2025-02-20 10:02:13.550 [main] INFO  c.t.x.u.biz.runner.PushRolePermissions2RedisRunner - ==> 服务启动，开始同步角色权限数据到 Redis 中...
2025-02-20 10:02:13.920 [main] WARN  c.t.x.u.biz.runner.PushRolePermissions2RedisRunner - ==> 角色权限数据已经同步至 Redis 中，不再同步...
2025-02-20 10:02:13.920 [main] WARN  c.t.x.u.biz.runner.PushRolePermissions2RedisRunner - ==> 角色权限数据已经同步至 Redis 中，不再同步...
2025-02-20 10:02:13.923 [main] INFO  com.alibaba.nacos.client.config.impl.CacheData - nacos.cache.data.init.snapshot = true 
2025-02-20 10:02:13.923 [main] INFO  com.alibaba.nacos.client.config.impl.CacheData - nacos.cache.data.init.snapshot = true 
2025-02-20 10:02:13.923 [main] INFO  com.alibaba.nacos.client.config.impl.ClientWorker - [fixed-127.0.0.1_8848] [subscribe] xiaohongshu-user+DEFAULT_GROUP
2025-02-20 10:02:13.923 [main] INFO  com.alibaba.nacos.client.config.impl.ClientWorker - [fixed-127.0.0.1_8848] [subscribe] xiaohongshu-user+DEFAULT_GROUP
2025-02-20 10:02:13.928 [main] INFO  com.alibaba.nacos.client.config.impl.CacheData - [fixed-127.0.0.1_8848] [add-listener] ok, tenant=, dataId=xiaohongshu-user, group=DEFAULT_GROUP, cnt=1
2025-02-20 10:02:13.928 [main] INFO  com.alibaba.nacos.client.config.impl.CacheData - [fixed-127.0.0.1_8848] [add-listener] ok, tenant=, dataId=xiaohongshu-user, group=DEFAULT_GROUP, cnt=1
2025-02-20 10:02:13.928 [main] INFO  c.a.cloud.nacos.refresh.NacosContextRefresher - [Nacos Config] Listening config: dataId=xiaohongshu-user, group=DEFAULT_GROUP
2025-02-20 10:02:13.928 [main] INFO  c.a.cloud.nacos.refresh.NacosContextRefresher - [Nacos Config] Listening config: dataId=xiaohongshu-user, group=DEFAULT_GROUP
2025-02-20 10:02:13.928 [main] INFO  com.alibaba.nacos.client.config.impl.ClientWorker - [fixed-127.0.0.1_8848] [subscribe] xiaohongshu-user-dev.properties+DEFAULT_GROUP
2025-02-20 10:02:13.928 [main] INFO  com.alibaba.nacos.client.config.impl.ClientWorker - [fixed-127.0.0.1_8848] [subscribe] xiaohongshu-user-dev.properties+DEFAULT_GROUP
2025-02-20 10:02:13.928 [main] INFO  com.alibaba.nacos.client.config.impl.CacheData - [fixed-127.0.0.1_8848] [add-listener] ok, tenant=, dataId=xiaohongshu-user-dev.properties, group=DEFAULT_GROUP, cnt=1
2025-02-20 10:02:13.928 [main] INFO  com.alibaba.nacos.client.config.impl.CacheData - [fixed-127.0.0.1_8848] [add-listener] ok, tenant=, dataId=xiaohongshu-user-dev.properties, group=DEFAULT_GROUP, cnt=1
2025-02-20 10:02:13.928 [main] INFO  c.a.cloud.nacos.refresh.NacosContextRefresher - [Nacos Config] Listening config: dataId=xiaohongshu-user-dev.properties, group=DEFAULT_GROUP
2025-02-20 10:02:13.928 [main] INFO  c.a.cloud.nacos.refresh.NacosContextRefresher - [Nacos Config] Listening config: dataId=xiaohongshu-user-dev.properties, group=DEFAULT_GROUP
2025-02-20 10:02:13.928 [main] INFO  com.alibaba.nacos.client.config.impl.ClientWorker - [fixed-127.0.0.1_8848] [subscribe] xiaohongshu-user.properties+DEFAULT_GROUP
2025-02-20 10:02:13.928 [main] INFO  com.alibaba.nacos.client.config.impl.ClientWorker - [fixed-127.0.0.1_8848] [subscribe] xiaohongshu-user.properties+DEFAULT_GROUP
2025-02-20 10:02:13.929 [main] INFO  com.alibaba.nacos.client.config.impl.CacheData - [fixed-127.0.0.1_8848] [add-listener] ok, tenant=, dataId=xiaohongshu-user.properties, group=DEFAULT_GROUP, cnt=1
2025-02-20 10:02:13.929 [main] INFO  com.alibaba.nacos.client.config.impl.CacheData - [fixed-127.0.0.1_8848] [add-listener] ok, tenant=, dataId=xiaohongshu-user.properties, group=DEFAULT_GROUP, cnt=1
2025-02-20 10:02:13.929 [main] INFO  c.a.cloud.nacos.refresh.NacosContextRefresher - [Nacos Config] Listening config: dataId=xiaohongshu-user.properties, group=DEFAULT_GROUP
2025-02-20 10:02:13.929 [main] INFO  c.a.cloud.nacos.refresh.NacosContextRefresher - [Nacos Config] Listening config: dataId=xiaohongshu-user.properties, group=DEFAULT_GROUP
2025-02-20 10:05:40.970 [http-nio-8082-exec-1] INFO  o.a.c.core.ContainerBase.[Tomcat].[localhost].[/] - Initializing Spring DispatcherServlet 'dispatcherServlet'
2025-02-20 10:05:40.970 [http-nio-8082-exec-1] INFO  o.a.c.core.ContainerBase.[Tomcat].[localhost].[/] - Initializing Spring DispatcherServlet 'dispatcherServlet'
2025-02-20 10:05:40.971 [http-nio-8082-exec-1] INFO  org.springframework.web.servlet.DispatcherServlet - Initializing Servlet 'dispatcherServlet'
2025-02-20 10:05:40.971 [http-nio-8082-exec-1] INFO  org.springframework.web.servlet.DispatcherServlet - Initializing Servlet 'dispatcherServlet'
2025-02-20 10:05:40.972 [http-nio-8082-exec-1] INFO  org.springframework.web.servlet.DispatcherServlet - Completed initialization in 1 ms
2025-02-20 10:05:40.972 [http-nio-8082-exec-1] INFO  org.springframework.web.servlet.DispatcherServlet - Completed initialization in 1 ms
2025-02-20 10:05:41.098 [http-nio-8082-exec-1] INFO  c.t.x.f.common.aspect.ApiOperationLogAspect - ====== 请求开始: [查询用户信息], 入参: {"id":7}, 请求类: UserController, 请求方法: findById =================================== 
2025-02-20 10:05:41.098 [http-nio-8082-exec-1] INFO  c.t.x.f.common.aspect.ApiOperationLogAspect - ====== 请求开始: [查询用户信息], 入参: {"id":7}, 请求类: UserController, 请求方法: findById =================================== 
2025-02-20 10:05:41.113 [http-nio-8082-exec-1] INFO  c.t.x.f.common.aspect.ApiOperationLogAspect - ====== 请求结束: [查询用户信息], 耗时: 16ms, 出参: {"success":true,"message":null,"errorCode":null,"data":{"id":7,"nickName":"dokidoki","avatar":"http://127.0.0.1:9000/xiaohashu/db9066bcfcff4621950f16607976df53.jpg","introduction":"a student"}} =================================== 
2025-02-20 10:05:41.113 [http-nio-8082-exec-1] INFO  c.t.x.f.common.aspect.ApiOperationLogAspect - ====== 请求结束: [查询用户信息], 耗时: 16ms, 出参: {"success":true,"message":null,"errorCode":null,"data":{"id":7,"nickName":"dokidoki","avatar":"http://127.0.0.1:9000/xiaohashu/db9066bcfcff4621950f16607976df53.jpg","introduction":"a student"}} =================================== 
2025-02-20 10:09:41.188 [http-nio-8082-exec-3] INFO  c.t.x.f.common.aspect.ApiOperationLogAspect - ====== 请求开始: [用户注册], 入参: {"phone":"13383836955"}, 请求类: UserController, 请求方法: register =================================== 
2025-02-20 10:09:41.188 [http-nio-8082-exec-3] INFO  c.t.x.f.common.aspect.ApiOperationLogAspect - ====== 请求开始: [用户注册], 入参: {"phone":"13383836955"}, 请求类: UserController, 请求方法: register =================================== 
2025-02-20 10:09:41.220 [http-nio-8082-exec-3] DEBUG c.t.x.u.b.domain.mapper.UserDOMapper.selectByPhone - ==>  Preparing: select id, password from t_user where phone = ?
2025-02-20 10:09:41.220 [http-nio-8082-exec-3] DEBUG c.t.x.u.b.domain.mapper.UserDOMapper.selectByPhone - ==>  Preparing: select id, password from t_user where phone = ?
2025-02-20 10:09:41.387 [http-nio-8082-exec-3] DEBUG c.t.x.u.b.domain.mapper.UserDOMapper.selectByPhone - ==> Parameters: 13383836955(String)
2025-02-20 10:09:41.387 [http-nio-8082-exec-3] DEBUG c.t.x.u.b.domain.mapper.UserDOMapper.selectByPhone - ==> Parameters: 13383836955(String)
2025-02-20 10:09:41.407 [http-nio-8082-exec-3] DEBUG c.t.x.u.b.domain.mapper.UserDOMapper.selectByPhone - <==      Total: 0
2025-02-20 10:09:41.407 [http-nio-8082-exec-3] DEBUG c.t.x.u.b.domain.mapper.UserDOMapper.selectByPhone - <==      Total: 0
2025-02-20 10:09:41.409 [http-nio-8082-exec-3] INFO  c.t.x.user.biz.service.impl.UserServiceImpl - ==> 用户是否注册, phone: 13383836955, userDO: null
2025-02-20 10:09:41.409 [http-nio-8082-exec-3] INFO  c.t.x.user.biz.service.impl.UserServiceImpl - ==> 用户是否注册, phone: 13383836955, userDO: null
2025-02-20 10:09:41.462 [http-nio-8082-exec-3] INFO  com.alibaba.nacos.client.naming - [SUBSCRIBE-SERVICE] service:xiaohongshu-distributed-id-generator, group:DEFAULT_GROUP, clusters: 
2025-02-20 10:09:41.462 [http-nio-8082-exec-3] INFO  com.alibaba.nacos.client.naming - [SUBSCRIBE-SERVICE] service:xiaohongshu-distributed-id-generator, group:DEFAULT_GROUP, clusters: 
2025-02-20 10:09:41.474 [http-nio-8082-exec-3] INFO  com.alibaba.nacos.client.naming - init new ips(1) service: DEFAULT_GROUP@@xiaohongshu-distributed-id-generator -> [{"ip":"172.26.64.1","port":8085,"weight":1.0,"healthy":true,"enabled":true,"ephemeral":true,"clusterName":"DEFAULT","serviceName":"DEFAULT_GROUP@@xiaohongshu-distributed-id-generator","metadata":{"preserved.register.source":"SPRING_CLOUD"},"instanceHeartBeatInterval":5000,"ipDeleteTimeout":30000,"instanceHeartBeatTimeOut":15000}]
2025-02-20 10:09:41.474 [http-nio-8082-exec-3] INFO  com.alibaba.nacos.client.naming - init new ips(1) service: DEFAULT_GROUP@@xiaohongshu-distributed-id-generator -> [{"ip":"172.26.64.1","port":8085,"weight":1.0,"healthy":true,"enabled":true,"ephemeral":true,"clusterName":"DEFAULT","serviceName":"DEFAULT_GROUP@@xiaohongshu-distributed-id-generator","metadata":{"preserved.register.source":"SPRING_CLOUD"},"instanceHeartBeatInterval":5000,"ipDeleteTimeout":30000,"instanceHeartBeatTimeOut":15000}]
2025-02-20 10:09:41.478 [http-nio-8082-exec-3] INFO  com.alibaba.nacos.client.naming - current ips:(1) service: DEFAULT_GROUP@@xiaohongshu-distributed-id-generator -> [{"ip":"172.26.64.1","port":8085,"weight":1.0,"healthy":true,"enabled":true,"ephemeral":true,"clusterName":"DEFAULT","serviceName":"DEFAULT_GROUP@@xiaohongshu-distributed-id-generator","metadata":{"preserved.register.source":"SPRING_CLOUD"},"instanceHeartBeatInterval":5000,"ipDeleteTimeout":30000,"instanceHeartBeatTimeOut":15000}]
2025-02-20 10:09:41.478 [http-nio-8082-exec-3] INFO  com.alibaba.nacos.client.naming - current ips:(1) service: DEFAULT_GROUP@@xiaohongshu-distributed-id-generator -> [{"ip":"172.26.64.1","port":8085,"weight":1.0,"healthy":true,"enabled":true,"ephemeral":true,"clusterName":"DEFAULT","serviceName":"DEFAULT_GROUP@@xiaohongshu-distributed-id-generator","metadata":{"preserved.register.source":"SPRING_CLOUD"},"instanceHeartBeatInterval":5000,"ipDeleteTimeout":30000,"instanceHeartBeatTimeOut":15000}]
2025-02-20 10:09:41.667 [http-nio-8082-exec-3] DEBUG c.t.x.user.biz.domain.mapper.UserDOMapper.insert - ==>  Preparing: insert into t_user (id, xiaohashu_id, `password`, nickname, avatar, birthday, background_img, phone, sex, `status`, introduction, create_time, update_time, is_deleted) values (?, ?, ?, ?, ?, ?, ?, ?, ?, ?, ?, ?, ?, ?)
2025-02-20 10:09:41.667 [http-nio-8082-exec-3] DEBUG c.t.x.user.biz.domain.mapper.UserDOMapper.insert - ==>  Preparing: insert into t_user (id, xiaohashu_id, `password`, nickname, avatar, birthday, background_img, phone, sex, `status`, introduction, create_time, update_time, is_deleted) values (?, ?, ?, ?, ?, ?, ?, ?, ?, ?, ?, ?, ?, ?)
2025-02-20 10:09:41.768 [http-nio-8082-exec-3] DEBUG c.t.x.user.biz.domain.mapper.UserDOMapper.insert - ==> Parameters: 100(Long), 10100(String), null, 小红薯10100(String), null, null, null, 13383836955(String), null, 0(Integer), null, 2025-02-20T10:09:41.664673200(LocalDateTime), 2025-02-20T10:09:41.664673200(LocalDateTime), false(Boolean)
2025-02-20 10:09:41.768 [http-nio-8082-exec-3] DEBUG c.t.x.user.biz.domain.mapper.UserDOMapper.insert - ==> Parameters: 100(Long), 10100(String), null, 小红薯10100(String), null, null, null, 13383836955(String), null, 0(Integer), null, 2025-02-20T10:09:41.664673200(LocalDateTime), 2025-02-20T10:09:41.664673200(LocalDateTime), false(Boolean)
2025-02-20 10:09:41.775 [http-nio-8082-exec-3] DEBUG c.t.x.user.biz.domain.mapper.UserDOMapper.insert - <==    Updates: 1
2025-02-20 10:09:41.775 [http-nio-8082-exec-3] DEBUG c.t.x.user.biz.domain.mapper.UserDOMapper.insert - <==    Updates: 1
2025-02-20 10:09:41.778 [http-nio-8082-exec-3] DEBUG c.t.x.u.biz.domain.mapper.UserRoleDOMapper.insert - ==>  Preparing: insert into t_user_role_rel (id, user_id, role_id, create_time, update_time, is_deleted ) values (?, ?, ?, ?, ?, ? )
2025-02-20 10:09:41.778 [http-nio-8082-exec-3] DEBUG c.t.x.u.biz.domain.mapper.UserRoleDOMapper.insert - ==>  Preparing: insert into t_user_role_rel (id, user_id, role_id, create_time, update_time, is_deleted ) values (?, ?, ?, ?, ?, ? )
2025-02-20 10:09:41.779 [http-nio-8082-exec-3] DEBUG c.t.x.u.biz.domain.mapper.UserRoleDOMapper.insert - ==> Parameters: null, 100(Long), 1(Long), 2025-02-20T10:09:41.778340100(LocalDateTime), 2025-02-20T10:09:41.778340100(LocalDateTime), false(Boolean)
2025-02-20 10:09:41.779 [http-nio-8082-exec-3] DEBUG c.t.x.u.biz.domain.mapper.UserRoleDOMapper.insert - ==> Parameters: null, 100(Long), 1(Long), 2025-02-20T10:09:41.778340100(LocalDateTime), 2025-02-20T10:09:41.778340100(LocalDateTime), false(Boolean)
2025-02-20 10:09:41.786 [http-nio-8082-exec-3] DEBUG c.t.x.u.biz.domain.mapper.UserRoleDOMapper.insert - <==    Updates: 1
2025-02-20 10:09:41.786 [http-nio-8082-exec-3] DEBUG c.t.x.u.biz.domain.mapper.UserRoleDOMapper.insert - <==    Updates: 1
2025-02-20 10:09:41.786 [http-nio-8082-exec-3] DEBUG c.t.x.u.b.d.mapper.RoleDOMapper.selectByPrimaryKey - ==>  Preparing: select id, role_name, role_key, `status`, sort, remark, create_time, update_time, is_deleted from t_role where id = ?
2025-02-20 10:09:41.786 [http-nio-8082-exec-3] DEBUG c.t.x.u.b.d.mapper.RoleDOMapper.selectByPrimaryKey - ==>  Preparing: select id, role_name, role_key, `status`, sort, remark, create_time, update_time, is_deleted from t_role where id = ?
2025-02-20 10:09:41.787 [http-nio-8082-exec-3] DEBUG c.t.x.u.b.d.mapper.RoleDOMapper.selectByPrimaryKey - ==> Parameters: 1(Long)
2025-02-20 10:09:41.787 [http-nio-8082-exec-3] DEBUG c.t.x.u.b.d.mapper.RoleDOMapper.selectByPrimaryKey - ==> Parameters: 1(Long)
2025-02-20 10:09:41.794 [http-nio-8082-exec-3] DEBUG c.t.x.u.b.d.mapper.RoleDOMapper.selectByPrimaryKey - <==      Total: 1
2025-02-20 10:09:41.794 [http-nio-8082-exec-3] DEBUG c.t.x.u.b.d.mapper.RoleDOMapper.selectByPrimaryKey - <==      Total: 1
2025-02-20 10:09:41.809 [http-nio-8082-exec-3] INFO  c.t.x.f.common.aspect.ApiOperationLogAspect - ====== 请求结束: [用户注册], 耗时: 621ms, 出参: {"success":true,"message":null,"errorCode":null,"data":100} =================================== 
2025-02-20 10:09:41.809 [http-nio-8082-exec-3] INFO  c.t.x.f.common.aspect.ApiOperationLogAspect - ====== 请求结束: [用户注册], 耗时: 621ms, 出参: {"success":true,"message":null,"errorCode":null,"data":100} =================================== 
2025-02-20 10:09:42.085 [nacos-grpc-client-executor-127.0.0.1-109] INFO  com.alibaba.nacos.common.remote.client - [a75f1fa3-762b-4467-b515-cb005c1166c2] Receive server push request, request = NotifySubscriberRequest, requestId = 7
2025-02-20 10:09:42.085 [nacos-grpc-client-executor-127.0.0.1-109] INFO  com.alibaba.nacos.common.remote.client - [a75f1fa3-762b-4467-b515-cb005c1166c2] Receive server push request, request = NotifySubscriberRequest, requestId = 7
2025-02-20 10:09:42.086 [nacos-grpc-client-executor-127.0.0.1-109] INFO  com.alibaba.nacos.common.remote.client - [a75f1fa3-762b-4467-b515-cb005c1166c2] Ack server push request, request = NotifySubscriberRequest, requestId = 7
2025-02-20 10:09:42.086 [nacos-grpc-client-executor-127.0.0.1-109] INFO  com.alibaba.nacos.common.remote.client - [a75f1fa3-762b-4467-b515-cb005c1166c2] Ack server push request, request = NotifySubscriberRequest, requestId = 7
2025-02-20 10:14:53.923 [http-nio-8082-exec-5] INFO  c.t.x.f.context.filter.HeaderUserId2ContextFilter - ===== 设置 userId 到 ThreadLocal 中， 用户 ID: 100
2025-02-20 10:14:53.923 [http-nio-8082-exec-5] INFO  c.t.x.f.context.filter.HeaderUserId2ContextFilter - ===== 设置 userId 到 ThreadLocal 中， 用户 ID: 100
2025-02-20 10:14:53.925 [http-nio-8082-exec-5] INFO  c.t.x.f.common.aspect.ApiOperationLogAspect - ====== 请求开始: [查询用户信息], 入参: {"id":7}, 请求类: UserController, 请求方法: findById =================================== 
2025-02-20 10:14:53.925 [http-nio-8082-exec-5] INFO  c.t.x.f.common.aspect.ApiOperationLogAspect - ====== 请求开始: [查询用户信息], 入参: {"id":7}, 请求类: UserController, 请求方法: findById =================================== 
2025-02-20 10:14:53.925 [http-nio-8082-exec-5] INFO  c.t.x.user.biz.service.impl.UserServiceImpl - ==> 命中了本地缓存；FindUserByIdRspDTO(id=7, nickName=dokidoki, avatar=http://127.0.0.1:9000/xiaohashu/db9066bcfcff4621950f16607976df53.jpg, introduction=a student)
2025-02-20 10:14:53.925 [http-nio-8082-exec-5] INFO  c.t.x.user.biz.service.impl.UserServiceImpl - ==> 命中了本地缓存；FindUserByIdRspDTO(id=7, nickName=dokidoki, avatar=http://127.0.0.1:9000/xiaohashu/db9066bcfcff4621950f16607976df53.jpg, introduction=a student)
2025-02-20 10:14:53.927 [http-nio-8082-exec-5] INFO  c.t.x.f.common.aspect.ApiOperationLogAspect - ====== 请求结束: [查询用户信息], 耗时: 2ms, 出参: {"success":true,"message":null,"errorCode":null,"data":{"id":7,"nickName":"dokidoki","avatar":"http://127.0.0.1:9000/xiaohashu/db9066bcfcff4621950f16607976df53.jpg","introduction":"a student"}} =================================== 
2025-02-20 10:14:53.927 [http-nio-8082-exec-5] INFO  c.t.x.f.common.aspect.ApiOperationLogAspect - ====== 请求结束: [查询用户信息], 耗时: 2ms, 出参: {"success":true,"message":null,"errorCode":null,"data":{"id":7,"nickName":"dokidoki","avatar":"http://127.0.0.1:9000/xiaohashu/db9066bcfcff4621950f16607976df53.jpg","introduction":"a student"}} =================================== 
2025-02-20 10:14:53.928 [http-nio-8082-exec-5] INFO  c.t.x.f.context.filter.HeaderUserId2ContextFilter - ===== 删除 ThreadLocal， userId: 100
2025-02-20 10:14:53.928 [http-nio-8082-exec-5] INFO  c.t.x.f.context.filter.HeaderUserId2ContextFilter - ===== 删除 ThreadLocal， userId: 100
