2025-02-14 14:55:01.324 [main] WARN  com.alibaba.nacos.client.logging.NacosLogging - Load Logback Configuration of Nacos fail, message: Could not initialize Logback Nacos logging from classpath:nacos-logback.xml
2025-02-14 14:55:01.324 [main] WARN  com.alibaba.nacos.client.logging.NacosLogging - Load Logback Configuration of Nacos fail, message: Could not initialize Logback Nacos logging from classpath:nacos-logback.xml
2025-02-14 14:55:01.392 [main] WARN  com.alibaba.nacos.client.logging.NacosLogging - Load Logback Configuration of Nacos fail, message: Could not initialize Logback Nacos logging from classpath:nacos-logback.xml
2025-02-14 14:55:01.392 [main] WARN  com.alibaba.nacos.client.logging.NacosLogging - Load Logback Configuration of Nacos fail, message: Could not initialize Logback Nacos logging from classpath:nacos-logback.xml
2025-02-14 14:55:01.588 [main] WARN  com.alibaba.nacos.client.logging.NacosLogging - Load Logback Configuration of Nacos fail, message: Could not initialize Logback Nacos logging from classpath:nacos-logback.xml
2025-02-14 14:55:01.588 [main] WARN  com.alibaba.nacos.client.logging.NacosLogging - Load Logback Configuration of Nacos fail, message: Could not initialize Logback Nacos logging from classpath:nacos-logback.xml
2025-02-14 14:55:01.590 [main] INFO  com.alibaba.nacos.client.utils.ParamUtil - [settings] [req-serv] nacos-server port:8848
2025-02-14 14:55:01.590 [main] INFO  com.alibaba.nacos.client.utils.ParamUtil - [settings] [req-serv] nacos-server port:8848
2025-02-14 14:55:01.590 [main] INFO  com.alibaba.nacos.client.utils.ParamUtil - [settings] [http-client] connect timeout:1000
2025-02-14 14:55:01.590 [main] INFO  com.alibaba.nacos.client.utils.ParamUtil - [settings] [http-client] connect timeout:1000
2025-02-14 14:55:01.590 [main] INFO  com.alibaba.nacos.client.utils.ParamUtil - PER_TASK_CONFIG_SIZE: 3000.0
2025-02-14 14:55:01.590 [main] INFO  com.alibaba.nacos.client.utils.ParamUtil - PER_TASK_CONFIG_SIZE: 3000.0
2025-02-14 14:55:01.617 [main] INFO  c.a.n.p.auth.spi.client.ClientAuthPluginManager - [ClientAuthPluginManager] Load ClientAuthService com.alibaba.nacos.client.auth.impl.NacosClientAuthServiceImpl success.
2025-02-14 14:55:01.617 [main] INFO  c.a.n.p.auth.spi.client.ClientAuthPluginManager - [ClientAuthPluginManager] Load ClientAuthService com.alibaba.nacos.client.auth.impl.NacosClientAuthServiceImpl success.
2025-02-14 14:55:01.617 [main] INFO  c.a.n.p.auth.spi.client.ClientAuthPluginManager - [ClientAuthPluginManager] Load ClientAuthService com.alibaba.nacos.client.auth.ram.RamClientAuthServiceImpl success.
2025-02-14 14:55:01.617 [main] INFO  c.a.n.p.auth.spi.client.ClientAuthPluginManager - [ClientAuthPluginManager] Load ClientAuthService com.alibaba.nacos.client.auth.ram.RamClientAuthServiceImpl success.
2025-02-14 14:55:01.619 [main] INFO  c.a.n.client.auth.ram.identify.CredentialWatcher - null No credential found
2025-02-14 14:55:01.619 [main] INFO  c.a.n.client.auth.ram.identify.CredentialWatcher - null No credential found
2025-02-14 14:55:01.767 [main] WARN  com.alibaba.nacos.client.logging.NacosLogging - Load Logback Configuration of Nacos fail, message: Could not initialize Logback Nacos logging from classpath:nacos-logback.xml
2025-02-14 14:55:01.767 [main] WARN  com.alibaba.nacos.client.logging.NacosLogging - Load Logback Configuration of Nacos fail, message: Could not initialize Logback Nacos logging from classpath:nacos-logback.xml
2025-02-14 14:55:01.779 [main] INFO  c.a.n.client.config.impl.LocalConfigInfoProcessor - LOCAL_SNAPSHOT_PATH:C:\Users\Administrator\nacos\config
2025-02-14 14:55:01.779 [main] INFO  c.a.n.client.config.impl.LocalConfigInfoProcessor - LOCAL_SNAPSHOT_PATH:C:\Users\Administrator\nacos\config
2025-02-14 14:55:01.782 [main] INFO  com.alibaba.nacos.common.remote.client - [RpcClientFactory] create a new rpc client of d43f380b-056b-4e94-8eec-6435e2a45d78_config-0
2025-02-14 14:55:01.782 [main] INFO  com.alibaba.nacos.common.remote.client - [RpcClientFactory] create a new rpc client of d43f380b-056b-4e94-8eec-6435e2a45d78_config-0
2025-02-14 14:55:01.800 [main] INFO  com.alibaba.nacos.common.remote.client - [d43f380b-056b-4e94-8eec-6435e2a45d78_config-0] Register server push request handler:com.alibaba.nacos.client.config.impl.ClientWorker$ConfigRpcTransportClient$$Lambda$591/0x000001d6aa3717a8
2025-02-14 14:55:01.800 [main] INFO  com.alibaba.nacos.common.remote.client - [d43f380b-056b-4e94-8eec-6435e2a45d78_config-0] Register server push request handler:com.alibaba.nacos.client.config.impl.ClientWorker$ConfigRpcTransportClient$$Lambda$591/0x000001d6aa3717a8
2025-02-14 14:55:01.800 [main] INFO  com.alibaba.nacos.common.remote.client - [d43f380b-056b-4e94-8eec-6435e2a45d78_config-0] Register server push request handler:com.alibaba.nacos.client.config.impl.ClientWorker$ConfigRpcTransportClient$$Lambda$592/0x000001d6aa371bc8
2025-02-14 14:55:01.800 [main] INFO  com.alibaba.nacos.common.remote.client - [d43f380b-056b-4e94-8eec-6435e2a45d78_config-0] Register server push request handler:com.alibaba.nacos.client.config.impl.ClientWorker$ConfigRpcTransportClient$$Lambda$592/0x000001d6aa371bc8
2025-02-14 14:55:01.801 [main] INFO  com.alibaba.nacos.common.remote.client - [d43f380b-056b-4e94-8eec-6435e2a45d78_config-0] Registry connection listener to current client:com.alibaba.nacos.client.config.impl.ClientWorker$ConfigRpcTransportClient$1
2025-02-14 14:55:01.801 [main] INFO  com.alibaba.nacos.common.remote.client - [d43f380b-056b-4e94-8eec-6435e2a45d78_config-0] Registry connection listener to current client:com.alibaba.nacos.client.config.impl.ClientWorker$ConfigRpcTransportClient$1
2025-02-14 14:55:01.801 [main] INFO  com.alibaba.nacos.common.remote.client - [d43f380b-056b-4e94-8eec-6435e2a45d78_config-0] RpcClient init, ServerListFactory = com.alibaba.nacos.client.config.impl.ClientWorker$ConfigRpcTransportClient$2
2025-02-14 14:55:01.801 [main] INFO  com.alibaba.nacos.common.remote.client - [d43f380b-056b-4e94-8eec-6435e2a45d78_config-0] RpcClient init, ServerListFactory = com.alibaba.nacos.client.config.impl.ClientWorker$ConfigRpcTransportClient$2
2025-02-14 14:55:01.807 [main] INFO  com.alibaba.nacos.common.remote.client - [d43f380b-056b-4e94-8eec-6435e2a45d78_config-0] Try to connect to server on start up, server: {serverIp = '127.0.0.1', server main port = 8848}
2025-02-14 14:55:01.807 [main] INFO  com.alibaba.nacos.common.remote.client - [d43f380b-056b-4e94-8eec-6435e2a45d78_config-0] Try to connect to server on start up, server: {serverIp = '127.0.0.1', server main port = 8848}
2025-02-14 14:55:01.838 [main] INFO  c.a.nacos.common.remote.client.grpc.GrpcClient - grpc client connection server:127.0.0.1 ip,serverPort:9848,grpcTslConfig:{"sslProvider":"OPENSSL","enableTls":false,"mutualAuthEnable":false,"trustAll":false}
2025-02-14 14:55:01.838 [main] INFO  c.a.nacos.common.remote.client.grpc.GrpcClient - grpc client connection server:127.0.0.1 ip,serverPort:9848,grpcTslConfig:{"sslProvider":"OPENSSL","enableTls":false,"mutualAuthEnable":false,"trustAll":false}
2025-02-14 14:55:02.603 [main] INFO  com.alibaba.nacos.common.remote.client - [d43f380b-056b-4e94-8eec-6435e2a45d78_config-0] Success to connect to server [127.0.0.1:8848] on start up, connectionId = 1739516102439_127.0.0.1_52764
2025-02-14 14:55:02.603 [main] INFO  com.alibaba.nacos.common.remote.client - [d43f380b-056b-4e94-8eec-6435e2a45d78_config-0] Success to connect to server [127.0.0.1:8848] on start up, connectionId = 1739516102439_127.0.0.1_52764
2025-02-14 14:55:02.604 [com.alibaba.nacos.client.remote.worker] INFO  com.alibaba.nacos.common.remote.client - [d43f380b-056b-4e94-8eec-6435e2a45d78_config-0] Notify connected event to listeners.
2025-02-14 14:55:02.604 [com.alibaba.nacos.client.remote.worker] INFO  com.alibaba.nacos.common.remote.client - [d43f380b-056b-4e94-8eec-6435e2a45d78_config-0] Notify connected event to listeners.
2025-02-14 14:55:02.604 [com.alibaba.nacos.client.remote.worker] INFO  com.alibaba.nacos.client.config.impl.ClientWorker - [d43f380b-056b-4e94-8eec-6435e2a45d78_config-0] Connected,notify listen context...
2025-02-14 14:55:02.604 [com.alibaba.nacos.client.remote.worker] INFO  com.alibaba.nacos.client.config.impl.ClientWorker - [d43f380b-056b-4e94-8eec-6435e2a45d78_config-0] Connected,notify listen context...
2025-02-14 14:55:02.605 [main] INFO  com.alibaba.nacos.common.remote.client - [d43f380b-056b-4e94-8eec-6435e2a45d78_config-0] Register server push request handler:com.alibaba.nacos.common.remote.client.RpcClient$ConnectResetRequestHandler
2025-02-14 14:55:02.605 [main] INFO  com.alibaba.nacos.common.remote.client - [d43f380b-056b-4e94-8eec-6435e2a45d78_config-0] Register server push request handler:com.alibaba.nacos.common.remote.client.RpcClient$ConnectResetRequestHandler
2025-02-14 14:55:02.605 [main] INFO  com.alibaba.nacos.common.remote.client - [d43f380b-056b-4e94-8eec-6435e2a45d78_config-0] Register server push request handler:com.alibaba.nacos.common.remote.client.RpcClient$$Lambda$612/0x000001d6aa4fb598
2025-02-14 14:55:02.605 [main] INFO  com.alibaba.nacos.common.remote.client - [d43f380b-056b-4e94-8eec-6435e2a45d78_config-0] Register server push request handler:com.alibaba.nacos.common.remote.client.RpcClient$$Lambda$612/0x000001d6aa4fb598
2025-02-14 14:55:02.650 [main] INFO  com.alibaba.nacos.client.config.impl.Limiter - limitTime:5.0
2025-02-14 14:55:02.650 [main] INFO  com.alibaba.nacos.client.config.impl.Limiter - limitTime:5.0
2025-02-14 14:55:02.807 [main] WARN  c.a.cloud.nacos.client.NacosPropertySourceBuilder - Ignore the empty nacos configuration and get it based on dataId[xiaohongshu-user] & group[DEFAULT_GROUP]
2025-02-14 14:55:02.807 [main] WARN  c.a.cloud.nacos.client.NacosPropertySourceBuilder - Ignore the empty nacos configuration and get it based on dataId[xiaohongshu-user] & group[DEFAULT_GROUP]
2025-02-14 14:55:02.813 [main] WARN  c.a.cloud.nacos.client.NacosPropertySourceBuilder - Ignore the empty nacos configuration and get it based on dataId[xiaohongshu-user.properties] & group[DEFAULT_GROUP]
2025-02-14 14:55:02.813 [main] WARN  c.a.cloud.nacos.client.NacosPropertySourceBuilder - Ignore the empty nacos configuration and get it based on dataId[xiaohongshu-user.properties] & group[DEFAULT_GROUP]
2025-02-14 14:55:02.818 [main] WARN  c.a.cloud.nacos.client.NacosPropertySourceBuilder - Ignore the empty nacos configuration and get it based on dataId[xiaohongshu-user-dev.properties] & group[DEFAULT_GROUP]
2025-02-14 14:55:02.818 [main] WARN  c.a.cloud.nacos.client.NacosPropertySourceBuilder - Ignore the empty nacos configuration and get it based on dataId[xiaohongshu-user-dev.properties] & group[DEFAULT_GROUP]
2025-02-14 14:55:02.819 [main] INFO  o.s.c.b.c.PropertySourceBootstrapConfiguration - Located property source: [BootstrapPropertySource {name='bootstrapProperties-xiaohongshu-user-dev.properties,DEFAULT_GROUP'}, BootstrapPropertySource {name='bootstrapProperties-xiaohongshu-user.properties,DEFAULT_GROUP'}, BootstrapPropertySource {name='bootstrapProperties-xiaohongshu-user,DEFAULT_GROUP'}]
2025-02-14 14:55:02.819 [main] INFO  o.s.c.b.c.PropertySourceBootstrapConfiguration - Located property source: [BootstrapPropertySource {name='bootstrapProperties-xiaohongshu-user-dev.properties,DEFAULT_GROUP'}, BootstrapPropertySource {name='bootstrapProperties-xiaohongshu-user.properties,DEFAULT_GROUP'}, BootstrapPropertySource {name='bootstrapProperties-xiaohongshu-user,DEFAULT_GROUP'}]
2025-02-14 14:55:02.842 [main] WARN  com.alibaba.nacos.client.logging.NacosLogging - Load Logback Configuration of Nacos fail, message: Could not initialize Logback Nacos logging from classpath:nacos-logback.xml
2025-02-14 14:55:02.842 [main] WARN  com.alibaba.nacos.client.logging.NacosLogging - Load Logback Configuration of Nacos fail, message: Could not initialize Logback Nacos logging from classpath:nacos-logback.xml
2025-02-14 14:55:02.842 [main] INFO  c.t.x.user.biz.XiaohongshuUserBizApplication - The following 1 profile is active: "dev"
2025-02-14 14:55:02.842 [main] INFO  c.t.x.user.biz.XiaohongshuUserBizApplication - The following 1 profile is active: "dev"
2025-02-14 14:55:03.396 [main] INFO  o.s.d.r.config.RepositoryConfigurationDelegate - Multiple Spring Data modules found, entering strict repository configuration mode
2025-02-14 14:55:03.396 [main] INFO  o.s.d.r.config.RepositoryConfigurationDelegate - Multiple Spring Data modules found, entering strict repository configuration mode
2025-02-14 14:55:03.399 [main] INFO  o.s.d.r.config.RepositoryConfigurationDelegate - Bootstrapping Spring Data Redis repositories in DEFAULT mode.
2025-02-14 14:55:03.399 [main] INFO  o.s.d.r.config.RepositoryConfigurationDelegate - Bootstrapping Spring Data Redis repositories in DEFAULT mode.
2025-02-14 14:55:03.429 [main] INFO  o.s.d.r.config.RepositoryConfigurationDelegate - Finished Spring Data repository scanning in 10 ms. Found 0 Redis repository interfaces.
2025-02-14 14:55:03.429 [main] INFO  o.s.d.r.config.RepositoryConfigurationDelegate - Finished Spring Data repository scanning in 10 ms. Found 0 Redis repository interfaces.
2025-02-14 14:55:03.629 [main] INFO  o.springframework.cloud.context.scope.GenericScope - BeanFactory id=a8b9dbfe-4fbf-3dad-8ef2-303684609246
2025-02-14 14:55:03.629 [main] INFO  o.springframework.cloud.context.scope.GenericScope - BeanFactory id=a8b9dbfe-4fbf-3dad-8ef2-303684609246
2025-02-14 14:55:03.658 [main] INFO  o.s.c.s.PostProcessorRegistrationDelegate$BeanPostProcessorChecker - Bean 'api.generator.id.distributed.biz.user.xiaohongshu.com.tyc.xiaohongshu.auth.DistributedIdGeneratorFeignApi' of type [org.springframework.cloud.openfeign.FeignClientFactoryBean] is not eligible for getting processed by all BeanPostProcessors (for example: not eligible for auto-proxying)
2025-02-14 14:55:03.658 [main] INFO  o.s.c.s.PostProcessorRegistrationDelegate$BeanPostProcessorChecker - Bean 'api.generator.id.distributed.biz.user.xiaohongshu.com.tyc.xiaohongshu.auth.DistributedIdGeneratorFeignApi' of type [org.springframework.cloud.openfeign.FeignClientFactoryBean] is not eligible for getting processed by all BeanPostProcessors (for example: not eligible for auto-proxying)
2025-02-14 14:55:03.660 [main] INFO  o.s.c.s.PostProcessorRegistrationDelegate$BeanPostProcessorChecker - Bean 'api.user.xiaohongshu.com.tyc.xiaohongshu.auth.UserFeignApi' of type [org.springframework.cloud.openfeign.FeignClientFactoryBean] is not eligible for getting processed by all BeanPostProcessors (for example: not eligible for auto-proxying)
2025-02-14 14:55:03.660 [main] INFO  o.s.c.s.PostProcessorRegistrationDelegate$BeanPostProcessorChecker - Bean 'api.user.xiaohongshu.com.tyc.xiaohongshu.auth.UserFeignApi' of type [org.springframework.cloud.openfeign.FeignClientFactoryBean] is not eligible for getting processed by all BeanPostProcessors (for example: not eligible for auto-proxying)
2025-02-14 14:55:03.661 [main] INFO  o.s.c.s.PostProcessorRegistrationDelegate$BeanPostProcessorChecker - Bean 'api.oss.user.xiaohongshu.com.tyc.xiaohongshu.auth.FileFeignApi' of type [org.springframework.cloud.openfeign.FeignClientFactoryBean] is not eligible for getting processed by all BeanPostProcessors (for example: not eligible for auto-proxying)
2025-02-14 14:55:03.661 [main] INFO  o.s.c.s.PostProcessorRegistrationDelegate$BeanPostProcessorChecker - Bean 'api.oss.user.xiaohongshu.com.tyc.xiaohongshu.auth.FileFeignApi' of type [org.springframework.cloud.openfeign.FeignClientFactoryBean] is not eligible for getting processed by all BeanPostProcessors (for example: not eligible for auto-proxying)
2025-02-14 14:55:04.164 [main] INFO  o.s.boot.web.embedded.tomcat.TomcatWebServer - Tomcat initialized with port(s): 8082 (http)
2025-02-14 14:55:04.164 [main] INFO  o.s.boot.web.embedded.tomcat.TomcatWebServer - Tomcat initialized with port(s): 8082 (http)
2025-02-14 14:55:04.174 [main] INFO  org.apache.catalina.core.StandardService - Starting service [Tomcat]
2025-02-14 14:55:04.174 [main] INFO  org.apache.catalina.core.StandardService - Starting service [Tomcat]
2025-02-14 14:55:04.174 [main] INFO  org.apache.catalina.core.StandardEngine - Starting Servlet engine: [Apache Tomcat/10.1.5]
2025-02-14 14:55:04.174 [main] INFO  org.apache.catalina.core.StandardEngine - Starting Servlet engine: [Apache Tomcat/10.1.5]
2025-02-14 14:55:04.244 [main] INFO  o.a.c.core.ContainerBase.[Tomcat].[localhost].[/] - Initializing Spring embedded WebApplicationContext
2025-02-14 14:55:04.244 [main] INFO  o.a.c.core.ContainerBase.[Tomcat].[localhost].[/] - Initializing Spring embedded WebApplicationContext
2025-02-14 14:55:04.244 [main] INFO  o.s.b.w.s.c.ServletWebServerApplicationContext - Root WebApplicationContext: initialization completed in 1385 ms
2025-02-14 14:55:04.244 [main] INFO  o.s.b.w.s.c.ServletWebServerApplicationContext - Root WebApplicationContext: initialization completed in 1385 ms
2025-02-14 14:55:04.341 [main] INFO  c.a.d.s.b.a.DruidDataSourceAutoConfigure - Init DruidDataSource
2025-02-14 14:55:04.341 [main] INFO  c.a.d.s.b.a.DruidDataSourceAutoConfigure - Init DruidDataSource
2025-02-14 14:55:04.719 [main] INFO  com.alibaba.druid.pool.DruidDataSource - {dataSource-1} inited
2025-02-14 14:55:04.719 [main] INFO  com.alibaba.druid.pool.DruidDataSource - {dataSource-1} inited
2025-02-14 14:55:05.041 [main] INFO  o.s.cloud.openfeign.FeignClientFactoryBean - For 'xiaohongshu-oss' URL not provided. Will try picking an instance via load-balancing.
2025-02-14 14:55:05.041 [main] INFO  o.s.cloud.openfeign.FeignClientFactoryBean - For 'xiaohongshu-oss' URL not provided. Will try picking an instance via load-balancing.
2025-02-14 14:55:05.394 [main] INFO  o.s.cloud.openfeign.FeignClientFactoryBean - For 'xiaohashu-distributed-id-generator' URL not provided. Will try picking an instance via load-balancing.
2025-02-14 14:55:05.394 [main] INFO  o.s.cloud.openfeign.FeignClientFactoryBean - For 'xiaohashu-distributed-id-generator' URL not provided. Will try picking an instance via load-balancing.
2025-02-14 14:55:05.971 [main] WARN  o.s.c.l.c.LoadBalancerCacheAutoConfiguration$LoadBalancerCaffeineWarnLogger - Spring Cloud LoadBalancer is currently working with the default cache. While this cache implementation is useful for development and tests, it's recommended to use Caffeine cache in production.You can switch to using Caffeine cache, by adding it and org.springframework.cache.caffeine.CaffeineCacheManager to the classpath.
2025-02-14 14:55:05.971 [main] WARN  o.s.c.l.c.LoadBalancerCacheAutoConfiguration$LoadBalancerCaffeineWarnLogger - Spring Cloud LoadBalancer is currently working with the default cache. While this cache implementation is useful for development and tests, it's recommended to use Caffeine cache in production.You can switch to using Caffeine cache, by adding it and org.springframework.cache.caffeine.CaffeineCacheManager to the classpath.
2025-02-14 14:55:06.030 [main] INFO  o.s.boot.web.embedded.tomcat.TomcatWebServer - Tomcat started on port(s): 8082 (http) with context path ''
2025-02-14 14:55:06.030 [main] INFO  o.s.boot.web.embedded.tomcat.TomcatWebServer - Tomcat started on port(s): 8082 (http) with context path ''
2025-02-14 14:55:06.034 [main] INFO  com.alibaba.nacos.client.naming - initializer namespace from ans.namespace attribute : null
2025-02-14 14:55:06.034 [main] INFO  com.alibaba.nacos.client.naming - initializer namespace from ans.namespace attribute : null
2025-02-14 14:55:06.034 [main] INFO  com.alibaba.nacos.client.naming - initializer namespace from ALIBABA_ALIWARE_NAMESPACE attribute :null
2025-02-14 14:55:06.034 [main] INFO  com.alibaba.nacos.client.naming - initializer namespace from ALIBABA_ALIWARE_NAMESPACE attribute :null
2025-02-14 14:55:06.035 [main] INFO  com.alibaba.nacos.client.naming - initializer namespace from namespace attribute :null
2025-02-14 14:55:06.035 [main] INFO  com.alibaba.nacos.client.naming - initializer namespace from namespace attribute :null
2025-02-14 14:55:06.040 [main] INFO  c.a.n.p.auth.spi.client.ClientAuthPluginManager - [ClientAuthPluginManager] Load ClientAuthService com.alibaba.nacos.client.auth.impl.NacosClientAuthServiceImpl success.
2025-02-14 14:55:06.040 [main] INFO  c.a.n.p.auth.spi.client.ClientAuthPluginManager - [ClientAuthPluginManager] Load ClientAuthService com.alibaba.nacos.client.auth.ram.RamClientAuthServiceImpl success.
2025-02-14 14:55:06.040 [main] INFO  c.a.n.p.auth.spi.client.ClientAuthPluginManager - [ClientAuthPluginManager] Load ClientAuthService com.alibaba.nacos.client.auth.impl.NacosClientAuthServiceImpl success.
2025-02-14 14:55:06.040 [main] INFO  c.a.n.p.auth.spi.client.ClientAuthPluginManager - [ClientAuthPluginManager] Load ClientAuthService com.alibaba.nacos.client.auth.ram.RamClientAuthServiceImpl success.
2025-02-14 14:55:06.043 [main] INFO  com.alibaba.nacos.common.remote.client - [RpcClientFactory] create a new rpc client of c461f8ca-1991-4800-9069-c76e549c3046
2025-02-14 14:55:06.043 [main] INFO  com.alibaba.nacos.common.remote.client - [RpcClientFactory] create a new rpc client of c461f8ca-1991-4800-9069-c76e549c3046
2025-02-14 14:55:06.044 [main] INFO  com.alibaba.nacos.common.remote.client - [c461f8ca-1991-4800-9069-c76e549c3046] RpcClient init, ServerListFactory = com.alibaba.nacos.client.naming.core.ServerListManager
2025-02-14 14:55:06.044 [main] INFO  com.alibaba.nacos.common.remote.client - [c461f8ca-1991-4800-9069-c76e549c3046] RpcClient init, ServerListFactory = com.alibaba.nacos.client.naming.core.ServerListManager
2025-02-14 14:55:06.044 [main] INFO  com.alibaba.nacos.common.remote.client - [c461f8ca-1991-4800-9069-c76e549c3046] Registry connection listener to current client:com.alibaba.nacos.client.naming.remote.gprc.redo.NamingGrpcRedoService
2025-02-14 14:55:06.044 [main] INFO  com.alibaba.nacos.common.remote.client - [c461f8ca-1991-4800-9069-c76e549c3046] Registry connection listener to current client:com.alibaba.nacos.client.naming.remote.gprc.redo.NamingGrpcRedoService
2025-02-14 14:55:06.045 [main] INFO  com.alibaba.nacos.common.remote.client - [c461f8ca-1991-4800-9069-c76e549c3046] Register server push request handler:com.alibaba.nacos.client.naming.remote.gprc.NamingPushRequestHandler
2025-02-14 14:55:06.045 [main] INFO  com.alibaba.nacos.common.remote.client - [c461f8ca-1991-4800-9069-c76e549c3046] Register server push request handler:com.alibaba.nacos.client.naming.remote.gprc.NamingPushRequestHandler
2025-02-14 14:55:06.045 [main] INFO  com.alibaba.nacos.common.remote.client - [c461f8ca-1991-4800-9069-c76e549c3046] Try to connect to server on start up, server: {serverIp = '127.0.0.1', server main port = 8848}
2025-02-14 14:55:06.045 [main] INFO  com.alibaba.nacos.common.remote.client - [c461f8ca-1991-4800-9069-c76e549c3046] Try to connect to server on start up, server: {serverIp = '127.0.0.1', server main port = 8848}
2025-02-14 14:55:06.045 [main] INFO  c.a.nacos.common.remote.client.grpc.GrpcClient - grpc client connection server:127.0.0.1 ip,serverPort:9848,grpcTslConfig:{"sslProvider":"OPENSSL","enableTls":false,"mutualAuthEnable":false,"trustAll":false}
2025-02-14 14:55:06.045 [main] INFO  c.a.nacos.common.remote.client.grpc.GrpcClient - grpc client connection server:127.0.0.1 ip,serverPort:9848,grpcTslConfig:{"sslProvider":"OPENSSL","enableTls":false,"mutualAuthEnable":false,"trustAll":false}
2025-02-14 14:55:06.160 [main] INFO  com.alibaba.nacos.common.remote.client - [c461f8ca-1991-4800-9069-c76e549c3046] Success to connect to server [127.0.0.1:8848] on start up, connectionId = 1739516106050_127.0.0.1_52780
2025-02-14 14:55:06.160 [main] INFO  com.alibaba.nacos.common.remote.client - [c461f8ca-1991-4800-9069-c76e549c3046] Success to connect to server [127.0.0.1:8848] on start up, connectionId = 1739516106050_127.0.0.1_52780
2025-02-14 14:55:06.160 [main] INFO  com.alibaba.nacos.common.remote.client - [c461f8ca-1991-4800-9069-c76e549c3046] Register server push request handler:com.alibaba.nacos.common.remote.client.RpcClient$ConnectResetRequestHandler
2025-02-14 14:55:06.160 [main] INFO  com.alibaba.nacos.common.remote.client - [c461f8ca-1991-4800-9069-c76e549c3046] Register server push request handler:com.alibaba.nacos.common.remote.client.RpcClient$ConnectResetRequestHandler
2025-02-14 14:55:06.160 [main] INFO  com.alibaba.nacos.common.remote.client - [c461f8ca-1991-4800-9069-c76e549c3046] Register server push request handler:com.alibaba.nacos.common.remote.client.RpcClient$$Lambda$612/0x000001d6aa4fb598
2025-02-14 14:55:06.160 [com.alibaba.nacos.client.remote.worker] INFO  com.alibaba.nacos.common.remote.client - [c461f8ca-1991-4800-9069-c76e549c3046] Notify connected event to listeners.
2025-02-14 14:55:06.160 [main] INFO  com.alibaba.nacos.common.remote.client - [c461f8ca-1991-4800-9069-c76e549c3046] Register server push request handler:com.alibaba.nacos.common.remote.client.RpcClient$$Lambda$612/0x000001d6aa4fb598
2025-02-14 14:55:06.160 [com.alibaba.nacos.client.remote.worker] INFO  com.alibaba.nacos.client.naming - Grpc connection connect
2025-02-14 14:55:06.160 [com.alibaba.nacos.client.remote.worker] INFO  com.alibaba.nacos.common.remote.client - [c461f8ca-1991-4800-9069-c76e549c3046] Notify connected event to listeners.
2025-02-14 14:55:06.160 [com.alibaba.nacos.client.remote.worker] INFO  com.alibaba.nacos.client.naming - Grpc connection connect
2025-02-14 14:55:06.162 [main] INFO  com.alibaba.nacos.client.naming - [REGISTER-SERVICE] xiaohashu registering service xiaohongshu-user with instance Instance{instanceId='null', ip='192.168.0.103', port=8082, weight=1.0, healthy=true, enabled=true, ephemeral=true, clusterName='DEFAULT', serviceName='null', metadata={IPv6=null, preserved.register.source=SPRING_CLOUD}}
2025-02-14 14:55:06.162 [main] INFO  com.alibaba.nacos.client.naming - [REGISTER-SERVICE] xiaohashu registering service xiaohongshu-user with instance Instance{instanceId='null', ip='192.168.0.103', port=8082, weight=1.0, healthy=true, enabled=true, ephemeral=true, clusterName='DEFAULT', serviceName='null', metadata={IPv6=null, preserved.register.source=SPRING_CLOUD}}
2025-02-14 14:55:06.173 [main] INFO  c.a.cloud.nacos.registry.NacosServiceRegistry - nacos registry, DEFAULT_GROUP xiaohongshu-user 192.168.0.103:8082 register finished
2025-02-14 14:55:06.173 [main] INFO  c.a.cloud.nacos.registry.NacosServiceRegistry - nacos registry, DEFAULT_GROUP xiaohongshu-user 192.168.0.103:8082 register finished
2025-02-14 14:55:06.232 [main] INFO  c.t.x.user.biz.XiaohongshuUserBizApplication - Started XiaohongshuUserBizApplication in 5.502 seconds (process running for 6.236)
2025-02-14 14:55:06.232 [main] INFO  c.t.x.user.biz.XiaohongshuUserBizApplication - Started XiaohongshuUserBizApplication in 5.502 seconds (process running for 6.236)
2025-02-14 14:55:06.233 [main] INFO  c.t.x.u.biz.runner.PushRolePermissions2RedisRunner - ==> 服务启动，开始同步角色权限数据到 Redis 中...
2025-02-14 14:55:06.233 [main] INFO  c.t.x.u.biz.runner.PushRolePermissions2RedisRunner - ==> 服务启动，开始同步角色权限数据到 Redis 中...
2025-02-14 14:55:06.629 [main] WARN  c.t.x.u.biz.runner.PushRolePermissions2RedisRunner - ==> 角色权限数据已经同步至 Redis 中，不再同步...
2025-02-14 14:55:06.629 [main] WARN  c.t.x.u.biz.runner.PushRolePermissions2RedisRunner - ==> 角色权限数据已经同步至 Redis 中，不再同步...
2025-02-14 14:55:06.633 [main] INFO  com.alibaba.nacos.client.config.impl.CacheData - nacos.cache.data.init.snapshot = true 
2025-02-14 14:55:06.633 [main] INFO  com.alibaba.nacos.client.config.impl.CacheData - nacos.cache.data.init.snapshot = true 
2025-02-14 14:55:06.633 [main] INFO  com.alibaba.nacos.client.config.impl.ClientWorker - [fixed-127.0.0.1_8848] [subscribe] xiaohongshu-user+DEFAULT_GROUP
2025-02-14 14:55:06.633 [main] INFO  com.alibaba.nacos.client.config.impl.ClientWorker - [fixed-127.0.0.1_8848] [subscribe] xiaohongshu-user+DEFAULT_GROUP
2025-02-14 14:55:06.640 [main] INFO  com.alibaba.nacos.client.config.impl.CacheData - [fixed-127.0.0.1_8848] [add-listener] ok, tenant=, dataId=xiaohongshu-user, group=DEFAULT_GROUP, cnt=1
2025-02-14 14:55:06.640 [main] INFO  com.alibaba.nacos.client.config.impl.CacheData - [fixed-127.0.0.1_8848] [add-listener] ok, tenant=, dataId=xiaohongshu-user, group=DEFAULT_GROUP, cnt=1
2025-02-14 14:55:06.640 [main] INFO  c.a.cloud.nacos.refresh.NacosContextRefresher - [Nacos Config] Listening config: dataId=xiaohongshu-user, group=DEFAULT_GROUP
2025-02-14 14:55:06.640 [main] INFO  c.a.cloud.nacos.refresh.NacosContextRefresher - [Nacos Config] Listening config: dataId=xiaohongshu-user, group=DEFAULT_GROUP
2025-02-14 14:55:06.640 [main] INFO  com.alibaba.nacos.client.config.impl.ClientWorker - [fixed-127.0.0.1_8848] [subscribe] xiaohongshu-user-dev.properties+DEFAULT_GROUP
2025-02-14 14:55:06.640 [main] INFO  com.alibaba.nacos.client.config.impl.ClientWorker - [fixed-127.0.0.1_8848] [subscribe] xiaohongshu-user-dev.properties+DEFAULT_GROUP
2025-02-14 14:55:06.640 [main] INFO  com.alibaba.nacos.client.config.impl.CacheData - [fixed-127.0.0.1_8848] [add-listener] ok, tenant=, dataId=xiaohongshu-user-dev.properties, group=DEFAULT_GROUP, cnt=1
2025-02-14 14:55:06.640 [main] INFO  com.alibaba.nacos.client.config.impl.CacheData - [fixed-127.0.0.1_8848] [add-listener] ok, tenant=, dataId=xiaohongshu-user-dev.properties, group=DEFAULT_GROUP, cnt=1
2025-02-14 14:55:06.640 [main] INFO  c.a.cloud.nacos.refresh.NacosContextRefresher - [Nacos Config] Listening config: dataId=xiaohongshu-user-dev.properties, group=DEFAULT_GROUP
2025-02-14 14:55:06.640 [main] INFO  c.a.cloud.nacos.refresh.NacosContextRefresher - [Nacos Config] Listening config: dataId=xiaohongshu-user-dev.properties, group=DEFAULT_GROUP
2025-02-14 14:55:06.640 [main] INFO  com.alibaba.nacos.client.config.impl.ClientWorker - [fixed-127.0.0.1_8848] [subscribe] xiaohongshu-user.properties+DEFAULT_GROUP
2025-02-14 14:55:06.640 [main] INFO  com.alibaba.nacos.client.config.impl.ClientWorker - [fixed-127.0.0.1_8848] [subscribe] xiaohongshu-user.properties+DEFAULT_GROUP
2025-02-14 14:55:06.640 [main] INFO  com.alibaba.nacos.client.config.impl.CacheData - [fixed-127.0.0.1_8848] [add-listener] ok, tenant=, dataId=xiaohongshu-user.properties, group=DEFAULT_GROUP, cnt=1
2025-02-14 14:55:06.640 [main] INFO  com.alibaba.nacos.client.config.impl.CacheData - [fixed-127.0.0.1_8848] [add-listener] ok, tenant=, dataId=xiaohongshu-user.properties, group=DEFAULT_GROUP, cnt=1
2025-02-14 14:55:06.640 [main] INFO  c.a.cloud.nacos.refresh.NacosContextRefresher - [Nacos Config] Listening config: dataId=xiaohongshu-user.properties, group=DEFAULT_GROUP
2025-02-14 14:55:06.640 [main] INFO  c.a.cloud.nacos.refresh.NacosContextRefresher - [Nacos Config] Listening config: dataId=xiaohongshu-user.properties, group=DEFAULT_GROUP
2025-02-14 14:55:49.031 [Thread-2] WARN  c.alibaba.nacos.common.http.HttpClientBeanHolder - [HttpClientBeanHolder] Start destroying common HttpClient
2025-02-14 14:55:49.031 [Thread-2] WARN  c.alibaba.nacos.common.http.HttpClientBeanHolder - [HttpClientBeanHolder] Start destroying common HttpClient
2025-02-14 14:55:49.031 [Thread-9] WARN  com.alibaba.nacos.common.notify.NotifyCenter - [NotifyCenter] Start destroying Publisher
2025-02-14 14:55:49.031 [Thread-9] WARN  com.alibaba.nacos.common.notify.NotifyCenter - [NotifyCenter] Start destroying Publisher
2025-02-14 14:55:49.032 [Thread-9] WARN  com.alibaba.nacos.common.notify.NotifyCenter - [NotifyCenter] Destruction of the end
2025-02-14 14:55:49.032 [Thread-9] WARN  com.alibaba.nacos.common.notify.NotifyCenter - [NotifyCenter] Destruction of the end
2025-02-14 14:55:49.032 [Thread-2] WARN  c.alibaba.nacos.common.http.HttpClientBeanHolder - [HttpClientBeanHolder] Destruction of the end
2025-02-14 14:55:49.032 [Thread-2] WARN  c.alibaba.nacos.common.http.HttpClientBeanHolder - [HttpClientBeanHolder] Destruction of the end
2025-02-14 14:55:49.071 [SpringApplicationShutdownHook] INFO  c.a.cloud.nacos.registry.NacosServiceRegistry - De-registering from Nacos Server now...
2025-02-14 14:55:49.072 [SpringApplicationShutdownHook] INFO  com.alibaba.nacos.client.naming - [DEREGISTER-SERVICE] xiaohashu deregistering service xiaohongshu-user with instance: Instance{instanceId='null', ip='192.168.0.103', port=8082, weight=1.0, healthy=true, enabled=true, ephemeral=true, clusterName='DEFAULT', serviceName='null', metadata={}}
2025-02-14 14:55:49.071 [SpringApplicationShutdownHook] INFO  c.a.cloud.nacos.registry.NacosServiceRegistry - De-registering from Nacos Server now...
2025-02-14 14:55:49.072 [SpringApplicationShutdownHook] INFO  com.alibaba.nacos.client.naming - [DEREGISTER-SERVICE] xiaohashu deregistering service xiaohongshu-user with instance: Instance{instanceId='null', ip='192.168.0.103', port=8082, weight=1.0, healthy=true, enabled=true, ephemeral=true, clusterName='DEFAULT', serviceName='null', metadata={}}
2025-02-14 14:55:49.075 [SpringApplicationShutdownHook] INFO  c.a.cloud.nacos.registry.NacosServiceRegistry - De-registration finished.
2025-02-14 14:55:49.075 [SpringApplicationShutdownHook] INFO  c.a.cloud.nacos.registry.NacosServiceRegistry - De-registration finished.
2025-02-14 14:55:49.075 [SpringApplicationShutdownHook] INFO  com.alibaba.nacos.client.naming - com.alibaba.nacos.client.naming.cache.ServiceInfoHolder do shutdown begin
2025-02-14 14:55:49.075 [SpringApplicationShutdownHook] INFO  com.alibaba.nacos.client.naming - com.alibaba.nacos.client.naming.cache.ServiceInfoHolder do shutdown begin
2025-02-14 14:55:49.076 [SpringApplicationShutdownHook] INFO  com.alibaba.nacos.client.naming - com.alibaba.nacos.client.naming.backups.FailoverReactor do shutdown begin
2025-02-14 14:55:49.076 [SpringApplicationShutdownHook] INFO  com.alibaba.nacos.client.naming - com.alibaba.nacos.client.naming.backups.FailoverReactor do shutdown begin
2025-02-14 14:55:49.076 [SpringApplicationShutdownHook] INFO  com.alibaba.nacos.client.naming - com.alibaba.nacos.client.naming.backups.FailoverReactor do shutdown stop
2025-02-14 14:55:49.076 [SpringApplicationShutdownHook] INFO  com.alibaba.nacos.client.naming - com.alibaba.nacos.client.naming.backups.FailoverReactor do shutdown stop
2025-02-14 14:55:49.076 [SpringApplicationShutdownHook] INFO  com.alibaba.nacos.client.naming - com.alibaba.nacos.client.naming.cache.ServiceInfoHolder do shutdown stop
2025-02-14 14:55:49.076 [SpringApplicationShutdownHook] INFO  com.alibaba.nacos.client.naming - com.alibaba.nacos.client.naming.cache.ServiceInfoHolder do shutdown stop
2025-02-14 14:55:49.076 [SpringApplicationShutdownHook] INFO  com.alibaba.nacos.client.naming - com.alibaba.nacos.client.naming.remote.NamingClientProxyDelegate do shutdown begin
2025-02-14 14:55:49.076 [SpringApplicationShutdownHook] INFO  com.alibaba.nacos.client.naming - com.alibaba.nacos.client.naming.remote.NamingClientProxyDelegate do shutdown begin
2025-02-14 14:55:49.076 [SpringApplicationShutdownHook] INFO  com.alibaba.nacos.client.naming - com.alibaba.nacos.client.naming.core.ServiceInfoUpdateService do shutdown begin
2025-02-14 14:55:49.076 [SpringApplicationShutdownHook] INFO  com.alibaba.nacos.client.naming - com.alibaba.nacos.client.naming.core.ServiceInfoUpdateService do shutdown begin
2025-02-14 14:55:49.076 [SpringApplicationShutdownHook] INFO  com.alibaba.nacos.client.naming - com.alibaba.nacos.client.naming.core.ServiceInfoUpdateService do shutdown stop
2025-02-14 14:55:49.076 [SpringApplicationShutdownHook] INFO  com.alibaba.nacos.client.naming - com.alibaba.nacos.client.naming.core.ServiceInfoUpdateService do shutdown stop
2025-02-14 14:55:49.076 [SpringApplicationShutdownHook] INFO  com.alibaba.nacos.client.naming - com.alibaba.nacos.client.naming.core.ServerListManager do shutdown begin
2025-02-14 14:55:49.076 [SpringApplicationShutdownHook] INFO  com.alibaba.nacos.client.naming - com.alibaba.nacos.client.naming.core.ServerListManager do shutdown begin
2025-02-14 14:55:49.076 [SpringApplicationShutdownHook] WARN  com.alibaba.nacos.client.naming - [NamingHttpClientManager] Start destroying NacosRestTemplate
2025-02-14 14:55:49.076 [SpringApplicationShutdownHook] WARN  com.alibaba.nacos.client.naming - [NamingHttpClientManager] Start destroying NacosRestTemplate
2025-02-14 14:55:49.076 [SpringApplicationShutdownHook] WARN  com.alibaba.nacos.client.naming - [NamingHttpClientManager] Destruction of the end
2025-02-14 14:55:49.076 [SpringApplicationShutdownHook] WARN  com.alibaba.nacos.client.naming - [NamingHttpClientManager] Destruction of the end
2025-02-14 14:55:49.076 [SpringApplicationShutdownHook] INFO  com.alibaba.nacos.client.naming - com.alibaba.nacos.client.naming.core.ServerListManager do shutdown stop
2025-02-14 14:55:49.076 [SpringApplicationShutdownHook] INFO  com.alibaba.nacos.client.naming - com.alibaba.nacos.client.naming.core.ServerListManager do shutdown stop
2025-02-14 14:55:49.076 [SpringApplicationShutdownHook] INFO  com.alibaba.nacos.client.naming - com.alibaba.nacos.client.naming.remote.http.NamingHttpClientProxy do shutdown begin
2025-02-14 14:55:49.076 [SpringApplicationShutdownHook] INFO  com.alibaba.nacos.client.naming - com.alibaba.nacos.client.naming.remote.http.NamingHttpClientProxy do shutdown begin
2025-02-14 14:55:49.076 [SpringApplicationShutdownHook] WARN  com.alibaba.nacos.client.naming - [NamingHttpClientManager] Start destroying NacosRestTemplate
2025-02-14 14:55:49.076 [SpringApplicationShutdownHook] WARN  com.alibaba.nacos.client.naming - [NamingHttpClientManager] Start destroying NacosRestTemplate
2025-02-14 14:55:49.077 [SpringApplicationShutdownHook] WARN  com.alibaba.nacos.client.naming - [NamingHttpClientManager] Destruction of the end
2025-02-14 14:55:49.077 [SpringApplicationShutdownHook] WARN  com.alibaba.nacos.client.naming - [NamingHttpClientManager] Destruction of the end
2025-02-14 14:55:49.077 [SpringApplicationShutdownHook] INFO  com.alibaba.nacos.client.naming - com.alibaba.nacos.client.naming.remote.http.NamingHttpClientProxy do shutdown stop
2025-02-14 14:55:49.077 [SpringApplicationShutdownHook] INFO  com.alibaba.nacos.client.naming - com.alibaba.nacos.client.naming.remote.http.NamingHttpClientProxy do shutdown stop
2025-02-14 14:55:49.077 [SpringApplicationShutdownHook] INFO  com.alibaba.nacos.common.remote.client - Shutdown rpc client, set status to shutdown
2025-02-14 14:55:49.077 [SpringApplicationShutdownHook] INFO  com.alibaba.nacos.common.remote.client - Shutdown rpc client, set status to shutdown
2025-02-14 14:55:49.077 [SpringApplicationShutdownHook] INFO  com.alibaba.nacos.common.remote.client - Shutdown client event executor java.util.concurrent.ScheduledThreadPoolExecutor@1583048d[Running, pool size = 2, active threads = 2, queued tasks = 0, completed tasks = 0]
2025-02-14 14:55:49.077 [SpringApplicationShutdownHook] INFO  com.alibaba.nacos.common.remote.client - Shutdown client event executor java.util.concurrent.ScheduledThreadPoolExecutor@1583048d[Running, pool size = 2, active threads = 2, queued tasks = 0, completed tasks = 0]
2025-02-14 14:55:49.077 [SpringApplicationShutdownHook] INFO  com.alibaba.nacos.common.remote.client - Close current connection 1739516106050_127.0.0.1_52780
2025-02-14 14:55:49.077 [SpringApplicationShutdownHook] INFO  com.alibaba.nacos.common.remote.client - Close current connection 1739516106050_127.0.0.1_52780
2025-02-14 14:55:49.078 [nacos-grpc-client-executor-127.0.0.1-15] INFO  c.a.nacos.common.remote.client.grpc.GrpcClient - [1739516106050_127.0.0.1_52780]Ignore complete event,isRunning:false,isAbandon=false
2025-02-14 14:55:49.078 [nacos-grpc-client-executor-127.0.0.1-15] INFO  c.a.nacos.common.remote.client.grpc.GrpcClient - [1739516106050_127.0.0.1_52780]Ignore complete event,isRunning:false,isAbandon=false
2025-02-14 14:55:49.080 [SpringApplicationShutdownHook] INFO  c.a.nacos.common.remote.client.grpc.GrpcClient - Shutdown grpc executor java.util.concurrent.ThreadPoolExecutor@5655f5[Running, pool size = 4, active threads = 0, queued tasks = 0, completed tasks = 16]
2025-02-14 14:55:49.080 [SpringApplicationShutdownHook] INFO  c.a.nacos.common.remote.client.grpc.GrpcClient - Shutdown grpc executor java.util.concurrent.ThreadPoolExecutor@5655f5[Running, pool size = 4, active threads = 0, queued tasks = 0, completed tasks = 16]
2025-02-14 14:55:49.081 [SpringApplicationShutdownHook] INFO  com.alibaba.nacos.client.naming - Shutdown grpc redo service executor java.util.concurrent.ScheduledThreadPoolExecutor@2edb2d69[Running, pool size = 1, active threads = 0, queued tasks = 1, completed tasks = 14]
2025-02-14 14:55:49.081 [SpringApplicationShutdownHook] INFO  com.alibaba.nacos.client.naming - Shutdown grpc redo service executor java.util.concurrent.ScheduledThreadPoolExecutor@2edb2d69[Running, pool size = 1, active threads = 0, queued tasks = 1, completed tasks = 14]
2025-02-14 14:55:49.081 [SpringApplicationShutdownHook] INFO  c.a.n.client.auth.ram.identify.CredentialWatcher - [null] CredentialWatcher is stopped
2025-02-14 14:55:49.081 [SpringApplicationShutdownHook] INFO  c.a.n.client.auth.ram.identify.CredentialWatcher - [null] CredentialWatcher is stopped
2025-02-14 14:55:49.081 [SpringApplicationShutdownHook] INFO  c.a.n.client.auth.ram.identify.CredentialService - [null] CredentialService is freed
2025-02-14 14:55:49.081 [SpringApplicationShutdownHook] INFO  c.a.n.client.auth.ram.identify.CredentialService - [null] CredentialService is freed
2025-02-14 14:55:49.081 [SpringApplicationShutdownHook] INFO  com.alibaba.nacos.client.naming - com.alibaba.nacos.client.naming.remote.NamingClientProxyDelegate do shutdown stop
2025-02-14 14:55:49.081 [SpringApplicationShutdownHook] INFO  com.alibaba.nacos.client.naming - com.alibaba.nacos.client.naming.remote.NamingClientProxyDelegate do shutdown stop
2025-02-14 14:55:49.216 [SpringApplicationShutdownHook] INFO  com.alibaba.druid.pool.DruidDataSource - {dataSource-1} closing ...
2025-02-14 14:55:49.216 [SpringApplicationShutdownHook] INFO  com.alibaba.druid.pool.DruidDataSource - {dataSource-1} closing ...
2025-02-14 14:55:49.226 [SpringApplicationShutdownHook] INFO  com.alibaba.druid.pool.DruidDataSource - {dataSource-1} closed
2025-02-14 14:55:49.226 [SpringApplicationShutdownHook] INFO  com.alibaba.druid.pool.DruidDataSource - {dataSource-1} closed
2025-02-14 14:56:49.466 [main] WARN  com.alibaba.nacos.client.logging.NacosLogging - Load Logback Configuration of Nacos fail, message: Could not initialize Logback Nacos logging from classpath:nacos-logback.xml
2025-02-14 14:56:49.466 [main] WARN  com.alibaba.nacos.client.logging.NacosLogging - Load Logback Configuration of Nacos fail, message: Could not initialize Logback Nacos logging from classpath:nacos-logback.xml
2025-02-14 14:56:49.535 [main] WARN  com.alibaba.nacos.client.logging.NacosLogging - Load Logback Configuration of Nacos fail, message: Could not initialize Logback Nacos logging from classpath:nacos-logback.xml
2025-02-14 14:56:49.535 [main] WARN  com.alibaba.nacos.client.logging.NacosLogging - Load Logback Configuration of Nacos fail, message: Could not initialize Logback Nacos logging from classpath:nacos-logback.xml
2025-02-14 14:56:49.798 [main] WARN  com.alibaba.nacos.client.logging.NacosLogging - Load Logback Configuration of Nacos fail, message: Could not initialize Logback Nacos logging from classpath:nacos-logback.xml
2025-02-14 14:56:49.798 [main] WARN  com.alibaba.nacos.client.logging.NacosLogging - Load Logback Configuration of Nacos fail, message: Could not initialize Logback Nacos logging from classpath:nacos-logback.xml
2025-02-14 14:56:49.799 [main] INFO  com.alibaba.nacos.client.utils.ParamUtil - [settings] [req-serv] nacos-server port:8848
2025-02-14 14:56:49.799 [main] INFO  com.alibaba.nacos.client.utils.ParamUtil - [settings] [req-serv] nacos-server port:8848
2025-02-14 14:56:49.800 [main] INFO  com.alibaba.nacos.client.utils.ParamUtil - [settings] [http-client] connect timeout:1000
2025-02-14 14:56:49.800 [main] INFO  com.alibaba.nacos.client.utils.ParamUtil - [settings] [http-client] connect timeout:1000
2025-02-14 14:56:49.801 [main] INFO  com.alibaba.nacos.client.utils.ParamUtil - PER_TASK_CONFIG_SIZE: 3000.0
2025-02-14 14:56:49.801 [main] INFO  com.alibaba.nacos.client.utils.ParamUtil - PER_TASK_CONFIG_SIZE: 3000.0
2025-02-14 14:56:49.827 [main] INFO  c.a.n.p.auth.spi.client.ClientAuthPluginManager - [ClientAuthPluginManager] Load ClientAuthService com.alibaba.nacos.client.auth.impl.NacosClientAuthServiceImpl success.
2025-02-14 14:56:49.827 [main] INFO  c.a.n.p.auth.spi.client.ClientAuthPluginManager - [ClientAuthPluginManager] Load ClientAuthService com.alibaba.nacos.client.auth.impl.NacosClientAuthServiceImpl success.
2025-02-14 14:56:49.827 [main] INFO  c.a.n.p.auth.spi.client.ClientAuthPluginManager - [ClientAuthPluginManager] Load ClientAuthService com.alibaba.nacos.client.auth.ram.RamClientAuthServiceImpl success.
2025-02-14 14:56:49.827 [main] INFO  c.a.n.p.auth.spi.client.ClientAuthPluginManager - [ClientAuthPluginManager] Load ClientAuthService com.alibaba.nacos.client.auth.ram.RamClientAuthServiceImpl success.
2025-02-14 14:56:49.830 [main] INFO  c.a.n.client.auth.ram.identify.CredentialWatcher - null No credential found
2025-02-14 14:56:49.830 [main] INFO  c.a.n.client.auth.ram.identify.CredentialWatcher - null No credential found
2025-02-14 14:56:50.018 [main] WARN  com.alibaba.nacos.client.logging.NacosLogging - Load Logback Configuration of Nacos fail, message: Could not initialize Logback Nacos logging from classpath:nacos-logback.xml
2025-02-14 14:56:50.018 [main] WARN  com.alibaba.nacos.client.logging.NacosLogging - Load Logback Configuration of Nacos fail, message: Could not initialize Logback Nacos logging from classpath:nacos-logback.xml
2025-02-14 14:56:50.032 [main] INFO  c.a.n.client.config.impl.LocalConfigInfoProcessor - LOCAL_SNAPSHOT_PATH:C:\Users\Administrator\nacos\config
2025-02-14 14:56:50.032 [main] INFO  c.a.n.client.config.impl.LocalConfigInfoProcessor - LOCAL_SNAPSHOT_PATH:C:\Users\Administrator\nacos\config
2025-02-14 14:56:50.037 [main] INFO  com.alibaba.nacos.common.remote.client - [RpcClientFactory] create a new rpc client of 1ed9a96f-7732-41f2-8fae-99e488fe947a_config-0
2025-02-14 14:56:50.037 [main] INFO  com.alibaba.nacos.common.remote.client - [RpcClientFactory] create a new rpc client of 1ed9a96f-7732-41f2-8fae-99e488fe947a_config-0
2025-02-14 14:56:50.060 [main] INFO  com.alibaba.nacos.common.remote.client - [1ed9a96f-7732-41f2-8fae-99e488fe947a_config-0] Register server push request handler:com.alibaba.nacos.client.config.impl.ClientWorker$ConfigRpcTransportClient$$Lambda$591/0x0000023825371258
2025-02-14 14:56:50.060 [main] INFO  com.alibaba.nacos.common.remote.client - [1ed9a96f-7732-41f2-8fae-99e488fe947a_config-0] Register server push request handler:com.alibaba.nacos.client.config.impl.ClientWorker$ConfigRpcTransportClient$$Lambda$591/0x0000023825371258
2025-02-14 14:56:50.061 [main] INFO  com.alibaba.nacos.common.remote.client - [1ed9a96f-7732-41f2-8fae-99e488fe947a_config-0] Register server push request handler:com.alibaba.nacos.client.config.impl.ClientWorker$ConfigRpcTransportClient$$Lambda$592/0x0000023825371678
2025-02-14 14:56:50.061 [main] INFO  com.alibaba.nacos.common.remote.client - [1ed9a96f-7732-41f2-8fae-99e488fe947a_config-0] Register server push request handler:com.alibaba.nacos.client.config.impl.ClientWorker$ConfigRpcTransportClient$$Lambda$592/0x0000023825371678
2025-02-14 14:56:50.062 [main] INFO  com.alibaba.nacos.common.remote.client - [1ed9a96f-7732-41f2-8fae-99e488fe947a_config-0] Registry connection listener to current client:com.alibaba.nacos.client.config.impl.ClientWorker$ConfigRpcTransportClient$1
2025-02-14 14:56:50.062 [main] INFO  com.alibaba.nacos.common.remote.client - [1ed9a96f-7732-41f2-8fae-99e488fe947a_config-0] Registry connection listener to current client:com.alibaba.nacos.client.config.impl.ClientWorker$ConfigRpcTransportClient$1
2025-02-14 14:56:50.062 [main] INFO  com.alibaba.nacos.common.remote.client - [1ed9a96f-7732-41f2-8fae-99e488fe947a_config-0] RpcClient init, ServerListFactory = com.alibaba.nacos.client.config.impl.ClientWorker$ConfigRpcTransportClient$2
2025-02-14 14:56:50.062 [main] INFO  com.alibaba.nacos.common.remote.client - [1ed9a96f-7732-41f2-8fae-99e488fe947a_config-0] RpcClient init, ServerListFactory = com.alibaba.nacos.client.config.impl.ClientWorker$ConfigRpcTransportClient$2
2025-02-14 14:56:50.069 [main] INFO  com.alibaba.nacos.common.remote.client - [1ed9a96f-7732-41f2-8fae-99e488fe947a_config-0] Try to connect to server on start up, server: {serverIp = '127.0.0.1', server main port = 8848}
2025-02-14 14:56:50.069 [main] INFO  com.alibaba.nacos.common.remote.client - [1ed9a96f-7732-41f2-8fae-99e488fe947a_config-0] Try to connect to server on start up, server: {serverIp = '127.0.0.1', server main port = 8848}
2025-02-14 14:56:50.107 [main] INFO  c.a.nacos.common.remote.client.grpc.GrpcClient - grpc client connection server:127.0.0.1 ip,serverPort:9848,grpcTslConfig:{"sslProvider":"OPENSSL","enableTls":false,"mutualAuthEnable":false,"trustAll":false}
2025-02-14 14:56:50.107 [main] INFO  c.a.nacos.common.remote.client.grpc.GrpcClient - grpc client connection server:127.0.0.1 ip,serverPort:9848,grpcTslConfig:{"sslProvider":"OPENSSL","enableTls":false,"mutualAuthEnable":false,"trustAll":false}
2025-02-14 14:56:50.915 [main] INFO  com.alibaba.nacos.common.remote.client - [1ed9a96f-7732-41f2-8fae-99e488fe947a_config-0] Success to connect to server [127.0.0.1:8848] on start up, connectionId = 1739516210718_127.0.0.1_52996
2025-02-14 14:56:50.915 [main] INFO  com.alibaba.nacos.common.remote.client - [1ed9a96f-7732-41f2-8fae-99e488fe947a_config-0] Success to connect to server [127.0.0.1:8848] on start up, connectionId = 1739516210718_127.0.0.1_52996
2025-02-14 14:56:50.916 [com.alibaba.nacos.client.remote.worker] INFO  com.alibaba.nacos.common.remote.client - [1ed9a96f-7732-41f2-8fae-99e488fe947a_config-0] Notify connected event to listeners.
2025-02-14 14:56:50.916 [com.alibaba.nacos.client.remote.worker] INFO  com.alibaba.nacos.common.remote.client - [1ed9a96f-7732-41f2-8fae-99e488fe947a_config-0] Notify connected event to listeners.
2025-02-14 14:56:50.917 [main] INFO  com.alibaba.nacos.common.remote.client - [1ed9a96f-7732-41f2-8fae-99e488fe947a_config-0] Register server push request handler:com.alibaba.nacos.common.remote.client.RpcClient$ConnectResetRequestHandler
2025-02-14 14:56:50.917 [com.alibaba.nacos.client.remote.worker] INFO  com.alibaba.nacos.client.config.impl.ClientWorker - [1ed9a96f-7732-41f2-8fae-99e488fe947a_config-0] Connected,notify listen context...
2025-02-14 14:56:50.917 [com.alibaba.nacos.client.remote.worker] INFO  com.alibaba.nacos.client.config.impl.ClientWorker - [1ed9a96f-7732-41f2-8fae-99e488fe947a_config-0] Connected,notify listen context...
2025-02-14 14:56:50.917 [main] INFO  com.alibaba.nacos.common.remote.client - [1ed9a96f-7732-41f2-8fae-99e488fe947a_config-0] Register server push request handler:com.alibaba.nacos.common.remote.client.RpcClient$ConnectResetRequestHandler
2025-02-14 14:56:50.917 [main] INFO  com.alibaba.nacos.common.remote.client - [1ed9a96f-7732-41f2-8fae-99e488fe947a_config-0] Register server push request handler:com.alibaba.nacos.common.remote.client.RpcClient$$Lambda$612/0x00000238254f7068
2025-02-14 14:56:50.917 [main] INFO  com.alibaba.nacos.common.remote.client - [1ed9a96f-7732-41f2-8fae-99e488fe947a_config-0] Register server push request handler:com.alibaba.nacos.common.remote.client.RpcClient$$Lambda$612/0x00000238254f7068
2025-02-14 14:56:50.965 [main] INFO  com.alibaba.nacos.client.config.impl.Limiter - limitTime:5.0
2025-02-14 14:56:50.965 [main] INFO  com.alibaba.nacos.client.config.impl.Limiter - limitTime:5.0
2025-02-14 14:56:50.981 [main] WARN  c.a.cloud.nacos.client.NacosPropertySourceBuilder - Ignore the empty nacos configuration and get it based on dataId[xiaohongshu-user] & group[DEFAULT_GROUP]
2025-02-14 14:56:50.981 [main] WARN  c.a.cloud.nacos.client.NacosPropertySourceBuilder - Ignore the empty nacos configuration and get it based on dataId[xiaohongshu-user] & group[DEFAULT_GROUP]
2025-02-14 14:56:50.988 [main] WARN  c.a.cloud.nacos.client.NacosPropertySourceBuilder - Ignore the empty nacos configuration and get it based on dataId[xiaohongshu-user.properties] & group[DEFAULT_GROUP]
2025-02-14 14:56:50.988 [main] WARN  c.a.cloud.nacos.client.NacosPropertySourceBuilder - Ignore the empty nacos configuration and get it based on dataId[xiaohongshu-user.properties] & group[DEFAULT_GROUP]
2025-02-14 14:56:50.995 [main] WARN  c.a.cloud.nacos.client.NacosPropertySourceBuilder - Ignore the empty nacos configuration and get it based on dataId[xiaohongshu-user-dev.properties] & group[DEFAULT_GROUP]
2025-02-14 14:56:50.995 [main] WARN  c.a.cloud.nacos.client.NacosPropertySourceBuilder - Ignore the empty nacos configuration and get it based on dataId[xiaohongshu-user-dev.properties] & group[DEFAULT_GROUP]
2025-02-14 14:56:50.996 [main] INFO  o.s.c.b.c.PropertySourceBootstrapConfiguration - Located property source: [BootstrapPropertySource {name='bootstrapProperties-xiaohongshu-user-dev.properties,DEFAULT_GROUP'}, BootstrapPropertySource {name='bootstrapProperties-xiaohongshu-user.properties,DEFAULT_GROUP'}, BootstrapPropertySource {name='bootstrapProperties-xiaohongshu-user,DEFAULT_GROUP'}]
2025-02-14 14:56:50.996 [main] INFO  o.s.c.b.c.PropertySourceBootstrapConfiguration - Located property source: [BootstrapPropertySource {name='bootstrapProperties-xiaohongshu-user-dev.properties,DEFAULT_GROUP'}, BootstrapPropertySource {name='bootstrapProperties-xiaohongshu-user.properties,DEFAULT_GROUP'}, BootstrapPropertySource {name='bootstrapProperties-xiaohongshu-user,DEFAULT_GROUP'}]
2025-02-14 14:56:51.028 [main] WARN  com.alibaba.nacos.client.logging.NacosLogging - Load Logback Configuration of Nacos fail, message: Could not initialize Logback Nacos logging from classpath:nacos-logback.xml
2025-02-14 14:56:51.028 [main] WARN  com.alibaba.nacos.client.logging.NacosLogging - Load Logback Configuration of Nacos fail, message: Could not initialize Logback Nacos logging from classpath:nacos-logback.xml
2025-02-14 14:56:51.030 [main] INFO  c.t.x.user.biz.XiaohongshuUserBizApplication - The following 1 profile is active: "dev"
2025-02-14 14:56:51.030 [main] INFO  c.t.x.user.biz.XiaohongshuUserBizApplication - The following 1 profile is active: "dev"
2025-02-14 14:56:51.804 [main] INFO  o.s.d.r.config.RepositoryConfigurationDelegate - Multiple Spring Data modules found, entering strict repository configuration mode
2025-02-14 14:56:51.804 [main] INFO  o.s.d.r.config.RepositoryConfigurationDelegate - Multiple Spring Data modules found, entering strict repository configuration mode
2025-02-14 14:56:51.806 [main] INFO  o.s.d.r.config.RepositoryConfigurationDelegate - Bootstrapping Spring Data Redis repositories in DEFAULT mode.
2025-02-14 14:56:51.806 [main] INFO  o.s.d.r.config.RepositoryConfigurationDelegate - Bootstrapping Spring Data Redis repositories in DEFAULT mode.
2025-02-14 14:56:51.833 [main] INFO  o.s.d.r.config.RepositoryConfigurationDelegate - Finished Spring Data repository scanning in 11 ms. Found 0 Redis repository interfaces.
2025-02-14 14:56:51.833 [main] INFO  o.s.d.r.config.RepositoryConfigurationDelegate - Finished Spring Data repository scanning in 11 ms. Found 0 Redis repository interfaces.
2025-02-14 14:56:52.092 [main] INFO  o.springframework.cloud.context.scope.GenericScope - BeanFactory id=a8b9dbfe-4fbf-3dad-8ef2-303684609246
2025-02-14 14:56:52.092 [main] INFO  o.springframework.cloud.context.scope.GenericScope - BeanFactory id=a8b9dbfe-4fbf-3dad-8ef2-303684609246
2025-02-14 14:56:52.136 [main] INFO  o.s.c.s.PostProcessorRegistrationDelegate$BeanPostProcessorChecker - Bean 'api.generator.id.distributed.biz.user.xiaohongshu.com.tyc.xiaohongshu.auth.DistributedIdGeneratorFeignApi' of type [org.springframework.cloud.openfeign.FeignClientFactoryBean] is not eligible for getting processed by all BeanPostProcessors (for example: not eligible for auto-proxying)
2025-02-14 14:56:52.136 [main] INFO  o.s.c.s.PostProcessorRegistrationDelegate$BeanPostProcessorChecker - Bean 'api.generator.id.distributed.biz.user.xiaohongshu.com.tyc.xiaohongshu.auth.DistributedIdGeneratorFeignApi' of type [org.springframework.cloud.openfeign.FeignClientFactoryBean] is not eligible for getting processed by all BeanPostProcessors (for example: not eligible for auto-proxying)
2025-02-14 14:56:52.139 [main] INFO  o.s.c.s.PostProcessorRegistrationDelegate$BeanPostProcessorChecker - Bean 'api.user.xiaohongshu.com.tyc.xiaohongshu.auth.UserFeignApi' of type [org.springframework.cloud.openfeign.FeignClientFactoryBean] is not eligible for getting processed by all BeanPostProcessors (for example: not eligible for auto-proxying)
2025-02-14 14:56:52.139 [main] INFO  o.s.c.s.PostProcessorRegistrationDelegate$BeanPostProcessorChecker - Bean 'api.user.xiaohongshu.com.tyc.xiaohongshu.auth.UserFeignApi' of type [org.springframework.cloud.openfeign.FeignClientFactoryBean] is not eligible for getting processed by all BeanPostProcessors (for example: not eligible for auto-proxying)
2025-02-14 14:56:52.139 [main] INFO  o.s.c.s.PostProcessorRegistrationDelegate$BeanPostProcessorChecker - Bean 'api.oss.user.xiaohongshu.com.tyc.xiaohongshu.auth.FileFeignApi' of type [org.springframework.cloud.openfeign.FeignClientFactoryBean] is not eligible for getting processed by all BeanPostProcessors (for example: not eligible for auto-proxying)
2025-02-14 14:56:52.139 [main] INFO  o.s.c.s.PostProcessorRegistrationDelegate$BeanPostProcessorChecker - Bean 'api.oss.user.xiaohongshu.com.tyc.xiaohongshu.auth.FileFeignApi' of type [org.springframework.cloud.openfeign.FeignClientFactoryBean] is not eligible for getting processed by all BeanPostProcessors (for example: not eligible for auto-proxying)
2025-02-14 14:56:52.715 [main] INFO  o.s.boot.web.embedded.tomcat.TomcatWebServer - Tomcat initialized with port(s): 8082 (http)
2025-02-14 14:56:52.715 [main] INFO  o.s.boot.web.embedded.tomcat.TomcatWebServer - Tomcat initialized with port(s): 8082 (http)
2025-02-14 14:56:52.725 [main] INFO  org.apache.catalina.core.StandardService - Starting service [Tomcat]
2025-02-14 14:56:52.725 [main] INFO  org.apache.catalina.core.StandardService - Starting service [Tomcat]
2025-02-14 14:56:52.725 [main] INFO  org.apache.catalina.core.StandardEngine - Starting Servlet engine: [Apache Tomcat/10.1.5]
2025-02-14 14:56:52.725 [main] INFO  org.apache.catalina.core.StandardEngine - Starting Servlet engine: [Apache Tomcat/10.1.5]
2025-02-14 14:56:52.817 [main] INFO  o.a.c.core.ContainerBase.[Tomcat].[localhost].[/] - Initializing Spring embedded WebApplicationContext
2025-02-14 14:56:52.817 [main] INFO  o.a.c.core.ContainerBase.[Tomcat].[localhost].[/] - Initializing Spring embedded WebApplicationContext
2025-02-14 14:56:52.818 [main] INFO  o.s.b.w.s.c.ServletWebServerApplicationContext - Root WebApplicationContext: initialization completed in 1764 ms
2025-02-14 14:56:52.818 [main] INFO  o.s.b.w.s.c.ServletWebServerApplicationContext - Root WebApplicationContext: initialization completed in 1764 ms
2025-02-14 14:56:52.935 [main] INFO  c.a.d.s.b.a.DruidDataSourceAutoConfigure - Init DruidDataSource
2025-02-14 14:56:52.935 [main] INFO  c.a.d.s.b.a.DruidDataSourceAutoConfigure - Init DruidDataSource
2025-02-14 14:56:53.329 [main] INFO  com.alibaba.druid.pool.DruidDataSource - {dataSource-1} inited
2025-02-14 14:56:53.329 [main] INFO  com.alibaba.druid.pool.DruidDataSource - {dataSource-1} inited
2025-02-14 14:56:53.702 [main] INFO  o.s.cloud.openfeign.FeignClientFactoryBean - For 'xiaohongshu-oss' URL not provided. Will try picking an instance via load-balancing.
2025-02-14 14:56:53.702 [main] INFO  o.s.cloud.openfeign.FeignClientFactoryBean - For 'xiaohongshu-oss' URL not provided. Will try picking an instance via load-balancing.
2025-02-14 14:56:54.090 [main] INFO  o.s.cloud.openfeign.FeignClientFactoryBean - For 'xiaohashu-distributed-id-generator' URL not provided. Will try picking an instance via load-balancing.
2025-02-14 14:56:54.090 [main] INFO  o.s.cloud.openfeign.FeignClientFactoryBean - For 'xiaohashu-distributed-id-generator' URL not provided. Will try picking an instance via load-balancing.
2025-02-14 14:56:54.886 [main] WARN  o.s.c.l.c.LoadBalancerCacheAutoConfiguration$LoadBalancerCaffeineWarnLogger - Spring Cloud LoadBalancer is currently working with the default cache. While this cache implementation is useful for development and tests, it's recommended to use Caffeine cache in production.You can switch to using Caffeine cache, by adding it and org.springframework.cache.caffeine.CaffeineCacheManager to the classpath.
2025-02-14 14:56:54.886 [main] WARN  o.s.c.l.c.LoadBalancerCacheAutoConfiguration$LoadBalancerCaffeineWarnLogger - Spring Cloud LoadBalancer is currently working with the default cache. While this cache implementation is useful for development and tests, it's recommended to use Caffeine cache in production.You can switch to using Caffeine cache, by adding it and org.springframework.cache.caffeine.CaffeineCacheManager to the classpath.
2025-02-14 14:56:54.972 [main] INFO  o.s.boot.web.embedded.tomcat.TomcatWebServer - Tomcat started on port(s): 8082 (http) with context path ''
2025-02-14 14:56:54.972 [main] INFO  o.s.boot.web.embedded.tomcat.TomcatWebServer - Tomcat started on port(s): 8082 (http) with context path ''
2025-02-14 14:56:54.977 [main] INFO  com.alibaba.nacos.client.naming - initializer namespace from ans.namespace attribute : null
2025-02-14 14:56:54.977 [main] INFO  com.alibaba.nacos.client.naming - initializer namespace from ans.namespace attribute : null
2025-02-14 14:56:54.977 [main] INFO  com.alibaba.nacos.client.naming - initializer namespace from ALIBABA_ALIWARE_NAMESPACE attribute :null
2025-02-14 14:56:54.977 [main] INFO  com.alibaba.nacos.client.naming - initializer namespace from ALIBABA_ALIWARE_NAMESPACE attribute :null
2025-02-14 14:56:54.978 [main] INFO  com.alibaba.nacos.client.naming - initializer namespace from namespace attribute :null
2025-02-14 14:56:54.978 [main] INFO  com.alibaba.nacos.client.naming - initializer namespace from namespace attribute :null
2025-02-14 14:56:54.986 [main] INFO  c.a.n.p.auth.spi.client.ClientAuthPluginManager - [ClientAuthPluginManager] Load ClientAuthService com.alibaba.nacos.client.auth.impl.NacosClientAuthServiceImpl success.
2025-02-14 14:56:54.986 [main] INFO  c.a.n.p.auth.spi.client.ClientAuthPluginManager - [ClientAuthPluginManager] Load ClientAuthService com.alibaba.nacos.client.auth.impl.NacosClientAuthServiceImpl success.
2025-02-14 14:56:54.986 [main] INFO  c.a.n.p.auth.spi.client.ClientAuthPluginManager - [ClientAuthPluginManager] Load ClientAuthService com.alibaba.nacos.client.auth.ram.RamClientAuthServiceImpl success.
2025-02-14 14:56:54.986 [main] INFO  c.a.n.p.auth.spi.client.ClientAuthPluginManager - [ClientAuthPluginManager] Load ClientAuthService com.alibaba.nacos.client.auth.ram.RamClientAuthServiceImpl success.
2025-02-14 14:56:54.989 [main] INFO  com.alibaba.nacos.common.remote.client - [RpcClientFactory] create a new rpc client of 13ded64d-fc07-466e-bdbe-6ab8256e2876
2025-02-14 14:56:54.989 [main] INFO  com.alibaba.nacos.common.remote.client - [RpcClientFactory] create a new rpc client of 13ded64d-fc07-466e-bdbe-6ab8256e2876
2025-02-14 14:56:54.991 [main] INFO  com.alibaba.nacos.common.remote.client - [13ded64d-fc07-466e-bdbe-6ab8256e2876] RpcClient init, ServerListFactory = com.alibaba.nacos.client.naming.core.ServerListManager
2025-02-14 14:56:54.991 [main] INFO  com.alibaba.nacos.common.remote.client - [13ded64d-fc07-466e-bdbe-6ab8256e2876] RpcClient init, ServerListFactory = com.alibaba.nacos.client.naming.core.ServerListManager
2025-02-14 14:56:54.991 [main] INFO  com.alibaba.nacos.common.remote.client - [13ded64d-fc07-466e-bdbe-6ab8256e2876] Registry connection listener to current client:com.alibaba.nacos.client.naming.remote.gprc.redo.NamingGrpcRedoService
2025-02-14 14:56:54.991 [main] INFO  com.alibaba.nacos.common.remote.client - [13ded64d-fc07-466e-bdbe-6ab8256e2876] Registry connection listener to current client:com.alibaba.nacos.client.naming.remote.gprc.redo.NamingGrpcRedoService
2025-02-14 14:56:54.991 [main] INFO  com.alibaba.nacos.common.remote.client - [13ded64d-fc07-466e-bdbe-6ab8256e2876] Register server push request handler:com.alibaba.nacos.client.naming.remote.gprc.NamingPushRequestHandler
2025-02-14 14:56:54.991 [main] INFO  com.alibaba.nacos.common.remote.client - [13ded64d-fc07-466e-bdbe-6ab8256e2876] Register server push request handler:com.alibaba.nacos.client.naming.remote.gprc.NamingPushRequestHandler
2025-02-14 14:56:54.992 [main] INFO  com.alibaba.nacos.common.remote.client - [13ded64d-fc07-466e-bdbe-6ab8256e2876] Try to connect to server on start up, server: {serverIp = '127.0.0.1', server main port = 8848}
2025-02-14 14:56:54.992 [main] INFO  com.alibaba.nacos.common.remote.client - [13ded64d-fc07-466e-bdbe-6ab8256e2876] Try to connect to server on start up, server: {serverIp = '127.0.0.1', server main port = 8848}
2025-02-14 14:56:54.992 [main] INFO  c.a.nacos.common.remote.client.grpc.GrpcClient - grpc client connection server:127.0.0.1 ip,serverPort:9848,grpcTslConfig:{"sslProvider":"OPENSSL","enableTls":false,"mutualAuthEnable":false,"trustAll":false}
2025-02-14 14:56:54.992 [main] INFO  c.a.nacos.common.remote.client.grpc.GrpcClient - grpc client connection server:127.0.0.1 ip,serverPort:9848,grpcTslConfig:{"sslProvider":"OPENSSL","enableTls":false,"mutualAuthEnable":false,"trustAll":false}
2025-02-14 14:56:55.105 [main] INFO  com.alibaba.nacos.common.remote.client - [13ded64d-fc07-466e-bdbe-6ab8256e2876] Success to connect to server [127.0.0.1:8848] on start up, connectionId = 1739516214997_127.0.0.1_53008
2025-02-14 14:56:55.105 [main] INFO  com.alibaba.nacos.common.remote.client - [13ded64d-fc07-466e-bdbe-6ab8256e2876] Success to connect to server [127.0.0.1:8848] on start up, connectionId = 1739516214997_127.0.0.1_53008
2025-02-14 14:56:55.105 [main] INFO  com.alibaba.nacos.common.remote.client - [13ded64d-fc07-466e-bdbe-6ab8256e2876] Register server push request handler:com.alibaba.nacos.common.remote.client.RpcClient$ConnectResetRequestHandler
2025-02-14 14:56:55.105 [com.alibaba.nacos.client.remote.worker] INFO  com.alibaba.nacos.common.remote.client - [13ded64d-fc07-466e-bdbe-6ab8256e2876] Notify connected event to listeners.
2025-02-14 14:56:55.105 [main] INFO  com.alibaba.nacos.common.remote.client - [13ded64d-fc07-466e-bdbe-6ab8256e2876] Register server push request handler:com.alibaba.nacos.common.remote.client.RpcClient$ConnectResetRequestHandler
2025-02-14 14:56:55.105 [com.alibaba.nacos.client.remote.worker] INFO  com.alibaba.nacos.common.remote.client - [13ded64d-fc07-466e-bdbe-6ab8256e2876] Notify connected event to listeners.
2025-02-14 14:56:55.105 [main] INFO  com.alibaba.nacos.common.remote.client - [13ded64d-fc07-466e-bdbe-6ab8256e2876] Register server push request handler:com.alibaba.nacos.common.remote.client.RpcClient$$Lambda$612/0x00000238254f7068
2025-02-14 14:56:55.105 [main] INFO  com.alibaba.nacos.common.remote.client - [13ded64d-fc07-466e-bdbe-6ab8256e2876] Register server push request handler:com.alibaba.nacos.common.remote.client.RpcClient$$Lambda$612/0x00000238254f7068
2025-02-14 14:56:55.105 [com.alibaba.nacos.client.remote.worker] INFO  com.alibaba.nacos.client.naming - Grpc connection connect
2025-02-14 14:56:55.105 [com.alibaba.nacos.client.remote.worker] INFO  com.alibaba.nacos.client.naming - Grpc connection connect
2025-02-14 14:56:55.107 [main] INFO  com.alibaba.nacos.client.naming - [REGISTER-SERVICE] xiaohashu registering service xiaohongshu-user with instance Instance{instanceId='null', ip='192.168.0.103', port=8082, weight=1.0, healthy=true, enabled=true, ephemeral=true, clusterName='DEFAULT', serviceName='null', metadata={IPv6=null, preserved.register.source=SPRING_CLOUD}}
2025-02-14 14:56:55.107 [main] INFO  com.alibaba.nacos.client.naming - [REGISTER-SERVICE] xiaohashu registering service xiaohongshu-user with instance Instance{instanceId='null', ip='192.168.0.103', port=8082, weight=1.0, healthy=true, enabled=true, ephemeral=true, clusterName='DEFAULT', serviceName='null', metadata={IPv6=null, preserved.register.source=SPRING_CLOUD}}
2025-02-14 14:56:55.119 [main] INFO  c.a.cloud.nacos.registry.NacosServiceRegistry - nacos registry, DEFAULT_GROUP xiaohongshu-user 192.168.0.103:8082 register finished
2025-02-14 14:56:55.119 [main] INFO  c.a.cloud.nacos.registry.NacosServiceRegistry - nacos registry, DEFAULT_GROUP xiaohongshu-user 192.168.0.103:8082 register finished
2025-02-14 14:56:55.191 [main] INFO  c.t.x.user.biz.XiaohongshuUserBizApplication - Started XiaohongshuUserBizApplication in 6.342 seconds (process running for 6.907)
2025-02-14 14:56:55.191 [main] INFO  c.t.x.user.biz.XiaohongshuUserBizApplication - Started XiaohongshuUserBizApplication in 6.342 seconds (process running for 6.907)
2025-02-14 14:56:55.193 [main] INFO  c.t.x.u.biz.runner.PushRolePermissions2RedisRunner - ==> 服务启动，开始同步角色权限数据到 Redis 中...
2025-02-14 14:56:55.193 [main] INFO  c.t.x.u.biz.runner.PushRolePermissions2RedisRunner - ==> 服务启动，开始同步角色权限数据到 Redis 中...
2025-02-14 14:56:55.623 [main] WARN  c.t.x.u.biz.runner.PushRolePermissions2RedisRunner - ==> 角色权限数据已经同步至 Redis 中，不再同步...
2025-02-14 14:56:55.623 [main] WARN  c.t.x.u.biz.runner.PushRolePermissions2RedisRunner - ==> 角色权限数据已经同步至 Redis 中，不再同步...
2025-02-14 14:56:55.626 [main] INFO  com.alibaba.nacos.client.config.impl.CacheData - nacos.cache.data.init.snapshot = true 
2025-02-14 14:56:55.626 [main] INFO  com.alibaba.nacos.client.config.impl.CacheData - nacos.cache.data.init.snapshot = true 
2025-02-14 14:56:55.627 [main] INFO  com.alibaba.nacos.client.config.impl.ClientWorker - [fixed-127.0.0.1_8848] [subscribe] xiaohongshu-user+DEFAULT_GROUP
2025-02-14 14:56:55.627 [main] INFO  com.alibaba.nacos.client.config.impl.ClientWorker - [fixed-127.0.0.1_8848] [subscribe] xiaohongshu-user+DEFAULT_GROUP
2025-02-14 14:56:55.633 [main] INFO  com.alibaba.nacos.client.config.impl.CacheData - [fixed-127.0.0.1_8848] [add-listener] ok, tenant=, dataId=xiaohongshu-user, group=DEFAULT_GROUP, cnt=1
2025-02-14 14:56:55.633 [main] INFO  com.alibaba.nacos.client.config.impl.CacheData - [fixed-127.0.0.1_8848] [add-listener] ok, tenant=, dataId=xiaohongshu-user, group=DEFAULT_GROUP, cnt=1
2025-02-14 14:56:55.634 [main] INFO  c.a.cloud.nacos.refresh.NacosContextRefresher - [Nacos Config] Listening config: dataId=xiaohongshu-user, group=DEFAULT_GROUP
2025-02-14 14:56:55.634 [main] INFO  c.a.cloud.nacos.refresh.NacosContextRefresher - [Nacos Config] Listening config: dataId=xiaohongshu-user, group=DEFAULT_GROUP
2025-02-14 14:56:55.634 [main] INFO  com.alibaba.nacos.client.config.impl.ClientWorker - [fixed-127.0.0.1_8848] [subscribe] xiaohongshu-user-dev.properties+DEFAULT_GROUP
2025-02-14 14:56:55.634 [main] INFO  com.alibaba.nacos.client.config.impl.ClientWorker - [fixed-127.0.0.1_8848] [subscribe] xiaohongshu-user-dev.properties+DEFAULT_GROUP
2025-02-14 14:56:55.634 [main] INFO  com.alibaba.nacos.client.config.impl.CacheData - [fixed-127.0.0.1_8848] [add-listener] ok, tenant=, dataId=xiaohongshu-user-dev.properties, group=DEFAULT_GROUP, cnt=1
2025-02-14 14:56:55.634 [main] INFO  com.alibaba.nacos.client.config.impl.CacheData - [fixed-127.0.0.1_8848] [add-listener] ok, tenant=, dataId=xiaohongshu-user-dev.properties, group=DEFAULT_GROUP, cnt=1
2025-02-14 14:56:55.634 [main] INFO  c.a.cloud.nacos.refresh.NacosContextRefresher - [Nacos Config] Listening config: dataId=xiaohongshu-user-dev.properties, group=DEFAULT_GROUP
2025-02-14 14:56:55.634 [main] INFO  c.a.cloud.nacos.refresh.NacosContextRefresher - [Nacos Config] Listening config: dataId=xiaohongshu-user-dev.properties, group=DEFAULT_GROUP
2025-02-14 14:56:55.634 [main] INFO  com.alibaba.nacos.client.config.impl.ClientWorker - [fixed-127.0.0.1_8848] [subscribe] xiaohongshu-user.properties+DEFAULT_GROUP
2025-02-14 14:56:55.634 [main] INFO  com.alibaba.nacos.client.config.impl.ClientWorker - [fixed-127.0.0.1_8848] [subscribe] xiaohongshu-user.properties+DEFAULT_GROUP
2025-02-14 14:56:55.634 [main] INFO  com.alibaba.nacos.client.config.impl.CacheData - [fixed-127.0.0.1_8848] [add-listener] ok, tenant=, dataId=xiaohongshu-user.properties, group=DEFAULT_GROUP, cnt=1
2025-02-14 14:56:55.634 [main] INFO  com.alibaba.nacos.client.config.impl.CacheData - [fixed-127.0.0.1_8848] [add-listener] ok, tenant=, dataId=xiaohongshu-user.properties, group=DEFAULT_GROUP, cnt=1
2025-02-14 14:56:55.635 [main] INFO  c.a.cloud.nacos.refresh.NacosContextRefresher - [Nacos Config] Listening config: dataId=xiaohongshu-user.properties, group=DEFAULT_GROUP
2025-02-14 14:56:55.635 [main] INFO  c.a.cloud.nacos.refresh.NacosContextRefresher - [Nacos Config] Listening config: dataId=xiaohongshu-user.properties, group=DEFAULT_GROUP
2025-02-14 19:46:01.009 [Thread-2] WARN  c.alibaba.nacos.common.http.HttpClientBeanHolder - [HttpClientBeanHolder] Start destroying common HttpClient
2025-02-14 19:46:01.009 [Thread-2] WARN  c.alibaba.nacos.common.http.HttpClientBeanHolder - [HttpClientBeanHolder] Start destroying common HttpClient
2025-02-14 19:46:01.009 [Thread-9] WARN  com.alibaba.nacos.common.notify.NotifyCenter - [NotifyCenter] Start destroying Publisher
2025-02-14 19:46:01.009 [Thread-9] WARN  com.alibaba.nacos.common.notify.NotifyCenter - [NotifyCenter] Start destroying Publisher
2025-02-14 19:46:01.024 [Thread-9] WARN  com.alibaba.nacos.common.notify.NotifyCenter - [NotifyCenter] Destruction of the end
2025-02-14 19:46:01.024 [Thread-9] WARN  com.alibaba.nacos.common.notify.NotifyCenter - [NotifyCenter] Destruction of the end
2025-02-14 19:46:01.028 [Thread-2] WARN  c.alibaba.nacos.common.http.HttpClientBeanHolder - [HttpClientBeanHolder] Destruction of the end
2025-02-14 19:46:01.028 [Thread-2] WARN  c.alibaba.nacos.common.http.HttpClientBeanHolder - [HttpClientBeanHolder] Destruction of the end
2025-02-14 19:46:01.250 [SpringApplicationShutdownHook] INFO  c.a.cloud.nacos.registry.NacosServiceRegistry - De-registering from Nacos Server now...
2025-02-14 19:46:01.250 [SpringApplicationShutdownHook] INFO  c.a.cloud.nacos.registry.NacosServiceRegistry - De-registering from Nacos Server now...
2025-02-14 19:46:01.251 [SpringApplicationShutdownHook] INFO  com.alibaba.nacos.client.naming - [DEREGISTER-SERVICE] xiaohashu deregistering service xiaohongshu-user with instance: Instance{instanceId='null', ip='192.168.0.103', port=8082, weight=1.0, healthy=true, enabled=true, ephemeral=true, clusterName='DEFAULT', serviceName='null', metadata={}}
2025-02-14 19:46:01.251 [SpringApplicationShutdownHook] INFO  com.alibaba.nacos.client.naming - [DEREGISTER-SERVICE] xiaohashu deregistering service xiaohongshu-user with instance: Instance{instanceId='null', ip='192.168.0.103', port=8082, weight=1.0, healthy=true, enabled=true, ephemeral=true, clusterName='DEFAULT', serviceName='null', metadata={}}
2025-02-14 19:46:01.261 [SpringApplicationShutdownHook] INFO  c.a.cloud.nacos.registry.NacosServiceRegistry - De-registration finished.
2025-02-14 19:46:01.261 [SpringApplicationShutdownHook] INFO  c.a.cloud.nacos.registry.NacosServiceRegistry - De-registration finished.
2025-02-14 19:46:01.261 [SpringApplicationShutdownHook] INFO  com.alibaba.nacos.client.naming - com.alibaba.nacos.client.naming.cache.ServiceInfoHolder do shutdown begin
2025-02-14 19:46:01.261 [SpringApplicationShutdownHook] INFO  com.alibaba.nacos.client.naming - com.alibaba.nacos.client.naming.cache.ServiceInfoHolder do shutdown begin
2025-02-14 19:46:01.261 [SpringApplicationShutdownHook] INFO  com.alibaba.nacos.client.naming - com.alibaba.nacos.client.naming.backups.FailoverReactor do shutdown begin
2025-02-14 19:46:01.261 [SpringApplicationShutdownHook] INFO  com.alibaba.nacos.client.naming - com.alibaba.nacos.client.naming.backups.FailoverReactor do shutdown begin
2025-02-14 19:46:01.262 [SpringApplicationShutdownHook] INFO  com.alibaba.nacos.client.naming - com.alibaba.nacos.client.naming.backups.FailoverReactor do shutdown stop
2025-02-14 19:46:01.262 [SpringApplicationShutdownHook] INFO  com.alibaba.nacos.client.naming - com.alibaba.nacos.client.naming.backups.FailoverReactor do shutdown stop
2025-02-14 19:46:01.262 [SpringApplicationShutdownHook] INFO  com.alibaba.nacos.client.naming - com.alibaba.nacos.client.naming.cache.ServiceInfoHolder do shutdown stop
2025-02-14 19:46:01.262 [SpringApplicationShutdownHook] INFO  com.alibaba.nacos.client.naming - com.alibaba.nacos.client.naming.cache.ServiceInfoHolder do shutdown stop
2025-02-14 19:46:01.262 [SpringApplicationShutdownHook] INFO  com.alibaba.nacos.client.naming - com.alibaba.nacos.client.naming.remote.NamingClientProxyDelegate do shutdown begin
2025-02-14 19:46:01.262 [SpringApplicationShutdownHook] INFO  com.alibaba.nacos.client.naming - com.alibaba.nacos.client.naming.remote.NamingClientProxyDelegate do shutdown begin
2025-02-14 19:46:01.262 [SpringApplicationShutdownHook] INFO  com.alibaba.nacos.client.naming - com.alibaba.nacos.client.naming.core.ServiceInfoUpdateService do shutdown begin
2025-02-14 19:46:01.262 [SpringApplicationShutdownHook] INFO  com.alibaba.nacos.client.naming - com.alibaba.nacos.client.naming.core.ServiceInfoUpdateService do shutdown begin
2025-02-14 19:46:01.262 [SpringApplicationShutdownHook] INFO  com.alibaba.nacos.client.naming - com.alibaba.nacos.client.naming.core.ServiceInfoUpdateService do shutdown stop
2025-02-14 19:46:01.262 [SpringApplicationShutdownHook] INFO  com.alibaba.nacos.client.naming - com.alibaba.nacos.client.naming.core.ServiceInfoUpdateService do shutdown stop
2025-02-14 19:46:01.262 [SpringApplicationShutdownHook] INFO  com.alibaba.nacos.client.naming - com.alibaba.nacos.client.naming.core.ServerListManager do shutdown begin
2025-02-14 19:46:01.262 [SpringApplicationShutdownHook] INFO  com.alibaba.nacos.client.naming - com.alibaba.nacos.client.naming.core.ServerListManager do shutdown begin
2025-02-14 19:46:01.263 [SpringApplicationShutdownHook] WARN  com.alibaba.nacos.client.naming - [NamingHttpClientManager] Start destroying NacosRestTemplate
2025-02-14 19:46:01.263 [SpringApplicationShutdownHook] WARN  com.alibaba.nacos.client.naming - [NamingHttpClientManager] Start destroying NacosRestTemplate
2025-02-14 19:46:01.263 [SpringApplicationShutdownHook] WARN  com.alibaba.nacos.client.naming - [NamingHttpClientManager] Destruction of the end
2025-02-14 19:46:01.263 [SpringApplicationShutdownHook] WARN  com.alibaba.nacos.client.naming - [NamingHttpClientManager] Destruction of the end
2025-02-14 19:46:01.263 [SpringApplicationShutdownHook] INFO  com.alibaba.nacos.client.naming - com.alibaba.nacos.client.naming.core.ServerListManager do shutdown stop
2025-02-14 19:46:01.263 [SpringApplicationShutdownHook] INFO  com.alibaba.nacos.client.naming - com.alibaba.nacos.client.naming.core.ServerListManager do shutdown stop
2025-02-14 19:46:01.263 [SpringApplicationShutdownHook] INFO  com.alibaba.nacos.client.naming - com.alibaba.nacos.client.naming.remote.http.NamingHttpClientProxy do shutdown begin
2025-02-14 19:46:01.263 [SpringApplicationShutdownHook] INFO  com.alibaba.nacos.client.naming - com.alibaba.nacos.client.naming.remote.http.NamingHttpClientProxy do shutdown begin
2025-02-14 19:46:01.263 [SpringApplicationShutdownHook] WARN  com.alibaba.nacos.client.naming - [NamingHttpClientManager] Start destroying NacosRestTemplate
2025-02-14 19:46:01.263 [SpringApplicationShutdownHook] WARN  com.alibaba.nacos.client.naming - [NamingHttpClientManager] Start destroying NacosRestTemplate
2025-02-14 19:46:01.263 [SpringApplicationShutdownHook] WARN  com.alibaba.nacos.client.naming - [NamingHttpClientManager] Destruction of the end
2025-02-14 19:46:01.263 [SpringApplicationShutdownHook] WARN  com.alibaba.nacos.client.naming - [NamingHttpClientManager] Destruction of the end
2025-02-14 19:46:01.264 [SpringApplicationShutdownHook] INFO  com.alibaba.nacos.client.naming - com.alibaba.nacos.client.naming.remote.http.NamingHttpClientProxy do shutdown stop
2025-02-14 19:46:01.264 [SpringApplicationShutdownHook] INFO  com.alibaba.nacos.client.naming - com.alibaba.nacos.client.naming.remote.http.NamingHttpClientProxy do shutdown stop
2025-02-14 19:46:01.264 [SpringApplicationShutdownHook] INFO  com.alibaba.nacos.common.remote.client - Shutdown rpc client, set status to shutdown
2025-02-14 19:46:01.264 [SpringApplicationShutdownHook] INFO  com.alibaba.nacos.common.remote.client - Shutdown rpc client, set status to shutdown
2025-02-14 19:46:01.265 [SpringApplicationShutdownHook] INFO  com.alibaba.nacos.common.remote.client - Shutdown client event executor java.util.concurrent.ScheduledThreadPoolExecutor@704c957b[Running, pool size = 2, active threads = 2, queued tasks = 0, completed tasks = 0]
2025-02-14 19:46:01.265 [SpringApplicationShutdownHook] INFO  com.alibaba.nacos.common.remote.client - Shutdown client event executor java.util.concurrent.ScheduledThreadPoolExecutor@704c957b[Running, pool size = 2, active threads = 2, queued tasks = 0, completed tasks = 0]
2025-02-14 19:46:01.266 [SpringApplicationShutdownHook] INFO  com.alibaba.nacos.common.remote.client - Close current connection 1739516214997_127.0.0.1_53008
2025-02-14 19:46:01.266 [SpringApplicationShutdownHook] INFO  com.alibaba.nacos.common.remote.client - Close current connection 1739516214997_127.0.0.1_53008
2025-02-14 19:46:01.269 [nacos-grpc-client-executor-127.0.0.1-3484] INFO  c.a.nacos.common.remote.client.grpc.GrpcClient - [1739516214997_127.0.0.1_53008]Ignore complete event,isRunning:false,isAbandon=false
2025-02-14 19:46:01.269 [nacos-grpc-client-executor-127.0.0.1-3484] INFO  c.a.nacos.common.remote.client.grpc.GrpcClient - [1739516214997_127.0.0.1_53008]Ignore complete event,isRunning:false,isAbandon=false
2025-02-14 19:46:01.275 [SpringApplicationShutdownHook] INFO  c.a.nacos.common.remote.client.grpc.GrpcClient - Shutdown grpc executor java.util.concurrent.ThreadPoolExecutor@72b5d8c2[Running, pool size = 4, active threads = 0, queued tasks = 0, completed tasks = 3485]
2025-02-14 19:46:01.275 [SpringApplicationShutdownHook] INFO  c.a.nacos.common.remote.client.grpc.GrpcClient - Shutdown grpc executor java.util.concurrent.ThreadPoolExecutor@72b5d8c2[Running, pool size = 4, active threads = 0, queued tasks = 0, completed tasks = 3485]
2025-02-14 19:46:01.276 [SpringApplicationShutdownHook] INFO  com.alibaba.nacos.client.naming - Shutdown grpc redo service executor java.util.concurrent.ScheduledThreadPoolExecutor@1f22c43a[Running, pool size = 1, active threads = 0, queued tasks = 1, completed tasks = 5767]
2025-02-14 19:46:01.276 [SpringApplicationShutdownHook] INFO  com.alibaba.nacos.client.naming - Shutdown grpc redo service executor java.util.concurrent.ScheduledThreadPoolExecutor@1f22c43a[Running, pool size = 1, active threads = 0, queued tasks = 1, completed tasks = 5767]
2025-02-14 19:46:01.276 [SpringApplicationShutdownHook] INFO  c.a.n.client.auth.ram.identify.CredentialWatcher - [null] CredentialWatcher is stopped
2025-02-14 19:46:01.276 [SpringApplicationShutdownHook] INFO  c.a.n.client.auth.ram.identify.CredentialWatcher - [null] CredentialWatcher is stopped
2025-02-14 19:46:01.276 [SpringApplicationShutdownHook] INFO  c.a.n.client.auth.ram.identify.CredentialService - [null] CredentialService is freed
2025-02-14 19:46:01.276 [SpringApplicationShutdownHook] INFO  c.a.n.client.auth.ram.identify.CredentialService - [null] CredentialService is freed
2025-02-14 19:46:01.276 [SpringApplicationShutdownHook] INFO  com.alibaba.nacos.client.naming - com.alibaba.nacos.client.naming.remote.NamingClientProxyDelegate do shutdown stop
2025-02-14 19:46:01.276 [SpringApplicationShutdownHook] INFO  com.alibaba.nacos.client.naming - com.alibaba.nacos.client.naming.remote.NamingClientProxyDelegate do shutdown stop
2025-02-14 19:46:01.464 [SpringApplicationShutdownHook] INFO  com.alibaba.druid.pool.DruidDataSource - {dataSource-1} closing ...
2025-02-14 19:46:01.464 [SpringApplicationShutdownHook] INFO  com.alibaba.druid.pool.DruidDataSource - {dataSource-1} closing ...
2025-02-14 19:46:01.468 [SpringApplicationShutdownHook] INFO  com.alibaba.druid.pool.DruidDataSource - {dataSource-1} closed
2025-02-14 19:46:01.468 [SpringApplicationShutdownHook] INFO  com.alibaba.druid.pool.DruidDataSource - {dataSource-1} closed
